
                            < M A T L A B (R) >
                  Copyright 1984-2015 The MathWorks, Inc.
                   R2015a (8.5.0.197613) 64-bit (glnxa64)
                             February 12, 2015

 
To get started, type one of these: helpwin, helpdesk, or demo.
For product information, visit www.mathworks.com.
 
 
To get started, type one of these: helpwin, helpdesk, or demo.
For product information, visit www.mathworks.com.
 

initialPopulation =

  Columns 1 through 7

  300.0000  300.0000  100.0000   10.0000   10.0000   40.0000   40.0000
  300.0000  300.0000  100.0000   10.0000   10.0000   40.0000   40.0000
  300.0000  300.0000  100.0000   10.0000   10.0000   40.0000   40.0000
  300.0000  300.0000  100.0000   10.0000   10.0000   40.0000   40.0000

  Columns 8 through 14

   40.0000   40.0000    0.1000    0.1000    0.1000    3.0000    3.0000
   40.0000   40.0000    0.1000    0.1000    0.1000    3.0000    3.0000
   40.0000   40.0000    0.1000    0.1000    0.1000    3.0000    3.0000
   40.0000   40.0000    0.1000    0.1000    0.1000    3.0000    3.0000

  Columns 15 through 21

    3.0000    0.1000    0.1000    0.1000    2.0000    2.0000    2.0000
    3.0000    0.1000    0.1000    0.1000    2.0000    2.0000    2.0000
    3.0000    0.1000    0.1000    0.1000    2.0000    2.0000    2.0000
    3.0000    0.1000    0.1000    0.1000    2.0000    2.0000    2.0000


initialPopulation =

  Columns 1 through 7

  301.5000  302.0000  101.0293   11.6377   11.0117   40.0000   42.0166
  301.5000  302.0000  101.0293   11.6377   11.0117   40.0000   42.0166
  301.5000  302.0000  101.0293   11.6377   11.0117   40.0000   42.0166
  301.5000  302.0000  101.0293   11.6377   11.0117   40.0000   42.0166
  301.5000  302.0000  101.0293   11.6377   11.0117   40.0000   42.0166

  Columns 8 through 14

   41.0000   40.0244    1.1000    4.1098    2.1225    3.0000    3.0000
   41.0000   40.0244    1.1000    4.1098    2.1225    3.0000    3.0000
   41.0000   40.0244    1.1000    4.1098    2.1225    3.0000    3.0000
   41.0000   40.0244    1.1000    4.1098    2.1225    3.0000    3.0000
   41.0000   40.0244    1.1000    4.1098    2.1225    3.0000    3.0000

  Columns 15 through 21

    4.0273    0.6098    0.1002    1.1039         0    0.0176    1.0312
    4.0273    0.6098    0.1002    1.1039         0    0.0176    1.0312
    4.0273    0.6098    0.1002    1.1039         0    0.0176    1.0312
    4.0273    0.6098    0.1002    1.1039         0    0.0176    1.0312
    4.0273    0.6098    0.1002    1.1039         0    0.0176    1.0312

Starting parallel pool (parpool) using the 'ClusterPandora' profile ... connected to 80 workers.
Starting Fitness Calculation 09-Apr-2018 14:07:31
Analyzing and transferring files to the workers ...done.
Fitness Calculated 09-Apr-2018 14:30:29
Starting the algorithm

                               Best           Mean      Stall
Generation      f-count        f(x)           f(x)    Generations
Starting Fitness Calculation 09-Apr-2018 14:30:30
Fitness Calculated 09-Apr-2018 14:50:58
Iterating ...
    1          2000       1.195e+07       1.087e+08        0
Starting Fitness Calculation 09-Apr-2018 14:50:58
Fitness Calculated 09-Apr-2018 15:24:09
Iterating ...
    2          3000       1.195e+07        1.05e+08        1
Starting Fitness Calculation 09-Apr-2018 15:24:09
Fitness Calculated 09-Apr-2018 15:52:44
Iterating ...
    3          4000       1.195e+07       9.979e+07        2
Starting Fitness Calculation 09-Apr-2018 15:52:45
Fitness Calculated 09-Apr-2018 16:26:42
Iterating ...
    4          5000       1.195e+07         9.2e+07        3
Starting Fitness Calculation 09-Apr-2018 16:26:43
Fitness Calculated 09-Apr-2018 17:03:03
Iterating ...
    5          6000       1.195e+07       8.593e+07        4
Starting Fitness Calculation 09-Apr-2018 17:03:03
Fitness Calculated 09-Apr-2018 17:39:42
Iterating ...
    6          7000       1.195e+07       7.848e+07        5
Starting Fitness Calculation 09-Apr-2018 17:39:42
Fitness Calculated 09-Apr-2018 18:16:46
Iterating ...
    7          8000       1.195e+07       7.145e+07        0
Starting Fitness Calculation 09-Apr-2018 18:16:47
Fitness Calculated 09-Apr-2018 18:53:51
Iterating ...
    8          9000       1.195e+07        6.48e+07        1
Starting Fitness Calculation 09-Apr-2018 18:53:52
Fitness Calculated 09-Apr-2018 19:31:13
Iterating ...
    9         10000       1.195e+07       5.898e+07        2
Starting Fitness Calculation 09-Apr-2018 19:31:13
Fitness Calculated 09-Apr-2018 20:08:41
Iterating ...
   10         11000       1.195e+07       5.249e+07        0
Starting Fitness Calculation 09-Apr-2018 20:08:41
Fitness Calculated 09-Apr-2018 20:46:19
Iterating ...
   11         12000       1.195e+07       4.784e+07        1
Starting Fitness Calculation 09-Apr-2018 20:46:19
Fitness Calculated 09-Apr-2018 21:24:01
Iterating ...
   12         13000       1.195e+07        4.32e+07        0
Starting Fitness Calculation 09-Apr-2018 21:24:02
Fitness Calculated 09-Apr-2018 22:03:11
Iterating ...
   13         14000       1.195e+07        3.92e+07        1
Starting Fitness Calculation 09-Apr-2018 22:03:12
Fitness Calculated 09-Apr-2018 22:44:07
Iterating ...
   14         15000       1.195e+07       3.501e+07        2
Starting Fitness Calculation 09-Apr-2018 22:44:07
Fitness Calculated 09-Apr-2018 23:29:54
Iterating ...
   15         16000       1.195e+07       3.295e+07        3
Starting Fitness Calculation 09-Apr-2018 23:30:15
Fitness Calculated 10-Apr-2018 00:24:19
Iterating ...
   16         17000       1.195e+07       2.856e+07        4
Starting Fitness Calculation 10-Apr-2018 00:24:31
Fitness Calculated 10-Apr-2018 01:17:33
Iterating ...
   17         18000       1.195e+07        2.52e+07        5
Starting Fitness Calculation 10-Apr-2018 01:17:33
Fitness Calculated 10-Apr-2018 02:09:16
Iterating ...
   18         19000       1.194e+07        2.31e+07        0
Starting Fitness Calculation 10-Apr-2018 02:09:17
Fitness Calculated 10-Apr-2018 03:02:04
Iterating ...
   19         20000       1.194e+07       2.056e+07        0
Starting Fitness Calculation 10-Apr-2018 03:02:04
Fitness Calculated 10-Apr-2018 03:51:44
Iterating ...
   20         21000       1.194e+07       1.874e+07        1
Starting Fitness Calculation 10-Apr-2018 03:51:46
Fitness Calculated 10-Apr-2018 04:46:05
Iterating ...
   21         22000       1.192e+07       1.659e+07        0
Starting Fitness Calculation 10-Apr-2018 04:46:05
Fitness Calculated 10-Apr-2018 05:39:46
Iterating ...
   22         23000       1.192e+07       1.542e+07        0
Starting Fitness Calculation 10-Apr-2018 05:39:47
Fitness Calculated 10-Apr-2018 06:31:47
Iterating ...
   23         24000       1.192e+07       1.458e+07        1
Starting Fitness Calculation 10-Apr-2018 06:31:48
Fitness Calculated 10-Apr-2018 07:22:49
Iterating ...
   24         25000       1.192e+07       1.391e+07        2
Starting Fitness Calculation 10-Apr-2018 07:22:49
Fitness Calculated 10-Apr-2018 08:18:25
Iterating ...
   25         26000       1.192e+07       1.346e+07        3
Starting Fitness Calculation 10-Apr-2018 08:18:26
Fitness Calculated 10-Apr-2018 09:14:03
Iterating ...
   26         27000       1.192e+07       1.314e+07        4
Starting Fitness Calculation 10-Apr-2018 09:14:05
Fitness Calculated 10-Apr-2018 10:10:13
Iterating ...
   27         28000       1.192e+07       1.289e+07        5
Starting Fitness Calculation 10-Apr-2018 10:10:14
Fitness Calculated 10-Apr-2018 11:06:11
Iterating ...
   28         29000       1.192e+07       1.258e+07        6
Starting Fitness Calculation 10-Apr-2018 11:06:12
Fitness Calculated 10-Apr-2018 12:02:20
Iterating ...
   29         30000       1.192e+07       1.238e+07        7
Starting Fitness Calculation 10-Apr-2018 12:02:21
Fitness Calculated 10-Apr-2018 12:57:55
Iterating ...
   30         31000       1.192e+07       1.229e+07        8

                               Best           Mean      Stall
Generation      f-count        f(x)           f(x)    Generations
Starting Fitness Calculation 10-Apr-2018 12:57:56
Fitness Calculated 10-Apr-2018 13:54:23
Iterating ...
   31         32000       1.192e+07        1.22e+07        9
Starting Fitness Calculation 10-Apr-2018 13:54:24
Fitness Calculated 10-Apr-2018 14:49:30
Iterating ...
   32         33000       1.192e+07       1.216e+07       10
Starting Fitness Calculation 10-Apr-2018 14:49:31
Fitness Calculated 10-Apr-2018 15:47:14
Iterating ...
   33         34000       1.192e+07       1.214e+07       11
Starting Fitness Calculation 10-Apr-2018 15:47:15
Fitness Calculated 10-Apr-2018 16:44:13
Iterating ...
   34         35000       1.192e+07       1.212e+07       12
Starting Fitness Calculation 10-Apr-2018 16:44:14
Fitness Calculated 10-Apr-2018 17:42:06
Iterating ...
   35         36000       1.192e+07       1.211e+07        0
Starting Fitness Calculation 10-Apr-2018 17:42:07
Fitness Calculated 10-Apr-2018 18:38:37
Iterating ...
   36         37000       1.192e+07       1.214e+07        1
Starting Fitness Calculation 10-Apr-2018 18:38:38
Fitness Calculated 10-Apr-2018 19:36:55
Iterating ...
   37         38000       1.192e+07       1.211e+07        2
Starting Fitness Calculation 10-Apr-2018 19:36:56
Fitness Calculated 10-Apr-2018 20:34:17
Iterating ...
   38         39000       1.192e+07        1.21e+07        3
Starting Fitness Calculation 10-Apr-2018 20:34:18
Fitness Calculated 10-Apr-2018 21:30:51
Iterating ...
   39         40000       1.192e+07       1.209e+07        4
Starting Fitness Calculation 10-Apr-2018 21:30:52
Fitness Calculated 10-Apr-2018 22:27:22
Iterating ...
   40         41000       1.192e+07       1.208e+07        5
Starting Fitness Calculation 10-Apr-2018 22:27:24
Fitness Calculated 10-Apr-2018 23:26:46
Iterating ...
   41         42000       1.192e+07       1.208e+07        6
Starting Fitness Calculation 10-Apr-2018 23:26:48
Fitness Calculated 11-Apr-2018 00:24:19
Iterating ...
   42         43000       1.192e+07       1.208e+07        7
Starting Fitness Calculation 11-Apr-2018 00:24:20
Fitness Calculated 11-Apr-2018 01:22:01
Iterating ...
   43         44000       1.192e+07       1.208e+07        8
Starting Fitness Calculation 11-Apr-2018 01:22:02
Fitness Calculated 11-Apr-2018 02:19:09
Iterating ...
   44         45000       1.192e+07       1.208e+07        9
Starting Fitness Calculation 11-Apr-2018 02:19:10
Fitness Calculated 11-Apr-2018 03:16:45
Iterating ...
   45         46000       1.192e+07       1.208e+07       10
Starting Fitness Calculation 11-Apr-2018 03:16:46
Fitness Calculated 11-Apr-2018 04:14:09
Iterating ...
   46         47000       1.192e+07       1.208e+07       11
Starting Fitness Calculation 11-Apr-2018 04:14:11
Fitness Calculated 11-Apr-2018 05:10:54
Iterating ...
   47         48000       1.192e+07       1.208e+07       12
Starting Fitness Calculation 11-Apr-2018 05:10:55
Fitness Calculated 11-Apr-2018 06:07:32
Iterating ...
   48         49000       1.192e+07       1.207e+07       13
Starting Fitness Calculation 11-Apr-2018 06:07:34
Fitness Calculated 11-Apr-2018 07:03:51
Iterating ...
   49         50000       1.192e+07       1.208e+07       14
Starting Fitness Calculation 11-Apr-2018 07:03:53
Fitness Calculated 11-Apr-2018 08:00:37
Iterating ...
   50         51000       1.192e+07       1.208e+07       15
Starting Fitness Calculation 11-Apr-2018 08:00:39
Fitness Calculated 11-Apr-2018 08:57:52
Iterating ...
   51         52000       1.192e+07       1.207e+07       16
Starting Fitness Calculation 11-Apr-2018 08:57:53
Fitness Calculated 11-Apr-2018 09:54:36
Iterating ...
   52         53000       1.192e+07       1.207e+07       17
Starting Fitness Calculation 11-Apr-2018 09:54:38
Fitness Calculated 11-Apr-2018 10:51:20
Iterating ...
   53         54000       1.192e+07       1.208e+07       18
Starting Fitness Calculation 11-Apr-2018 10:51:21
Fitness Calculated 11-Apr-2018 11:45:36
Iterating ...
   54         55000       1.192e+07       1.207e+07       19
Starting Fitness Calculation 11-Apr-2018 11:45:38
Fitness Calculated 11-Apr-2018 12:38:30
Iterating ...
   55         56000       1.192e+07       1.208e+07       20
Starting Fitness Calculation 11-Apr-2018 12:38:32
Fitness Calculated 11-Apr-2018 13:31:03
Iterating ...
   56         57000       1.192e+07       1.209e+07       21
Starting Fitness Calculation 11-Apr-2018 13:31:05
