
                            < M A T L A B (R) >
                  Copyright 1984-2015 The MathWorks, Inc.
                   R2015a (8.5.0.197613) 64-bit (glnxa64)
                             February 12, 2015

 
To get started, type one of these: helpwin, helpdesk, or demo.
For product information, visit www.mathworks.com.
 
 
To get started, type one of these: helpwin, helpdesk, or demo.
For product information, visit www.mathworks.com.
 
Starting parallel pool (parpool) using the 'ClusterPandora' profile ... connected to 80 workers.
Starting Fitness Calculation 08-Apr-2018 18:32:46
Analyzing and transferring files to the workers ...done.
Fitness Calculated 08-Apr-2018 18:38:27
Starting the algorithm

                               Best           Mean      Stall
Generation      f-count        f(x)           f(x)    Generations
Starting Fitness Calculation 08-Apr-2018 18:38:27
Fitness Calculated 08-Apr-2018 18:43:53
Iterating ...
    1          1000       4.571e+07       1.085e+08        0
Starting Fitness Calculation 08-Apr-2018 18:43:53
Fitness Calculated 08-Apr-2018 18:50:14
Iterating ...
    2          1500       4.558e+07       1.055e+08        0
Starting Fitness Calculation 08-Apr-2018 18:50:14
Fitness Calculated 08-Apr-2018 18:56:35
Iterating ...
    3          2000        4.49e+07       9.927e+07        0
Starting Fitness Calculation 08-Apr-2018 18:56:35
Fitness Calculated 08-Apr-2018 19:03:27
Iterating ...
    4          2500       4.299e+07       9.212e+07        0
Starting Fitness Calculation 08-Apr-2018 19:03:27
Fitness Calculated 08-Apr-2018 19:10:14
Iterating ...
    5          3000       4.132e+07       8.577e+07        0
Starting Fitness Calculation 08-Apr-2018 19:10:14
Fitness Calculated 08-Apr-2018 19:17:43
Iterating ...
    6          3500        3.97e+07       7.877e+07        0
Starting Fitness Calculation 08-Apr-2018 19:17:44
Fitness Calculated 08-Apr-2018 19:25:31
Iterating ...
    7          4000       3.873e+07       7.231e+07        0
Starting Fitness Calculation 08-Apr-2018 19:25:31
Fitness Calculated 08-Apr-2018 19:33:38
Iterating ...
    8          4500       3.854e+07       6.557e+07        0
Starting Fitness Calculation 08-Apr-2018 19:33:39
Fitness Calculated 08-Apr-2018 19:42:06
Iterating ...
    9          5000        3.81e+07        5.93e+07        0
Starting Fitness Calculation 08-Apr-2018 19:42:06
Fitness Calculated 08-Apr-2018 19:50:59
Iterating ...
   10          5500       3.577e+07       5.435e+07        0
Starting Fitness Calculation 08-Apr-2018 19:51:00
Fitness Calculated 08-Apr-2018 20:01:01
Iterating ...
   11          6000       3.573e+07        4.85e+07        0
Starting Fitness Calculation 08-Apr-2018 20:01:01
Fitness Calculated 08-Apr-2018 20:10:59
Iterating ...
   12          6500       3.475e+07       4.531e+07        0
Starting Fitness Calculation 08-Apr-2018 20:10:59
Fitness Calculated 08-Apr-2018 20:21:05
Iterating ...
   13          7000       3.475e+07       4.385e+07        0
Starting Fitness Calculation 08-Apr-2018 20:21:06
Fitness Calculated 08-Apr-2018 20:30:57
Iterating ...
   14          7500       3.397e+07       4.211e+07        0
Starting Fitness Calculation 08-Apr-2018 20:30:57
Fitness Calculated 08-Apr-2018 20:40:54
Iterating ...
   15          8000       2.945e+07       4.085e+07        0
Starting Fitness Calculation 08-Apr-2018 20:40:55
Fitness Calculated 08-Apr-2018 20:51:12
Iterating ...
   16          8500       2.698e+07       3.944e+07        0
Starting Fitness Calculation 08-Apr-2018 20:51:12
Fitness Calculated 08-Apr-2018 21:02:25
Iterating ...
   17          9000       1.571e+07       3.771e+07        0
Starting Fitness Calculation 08-Apr-2018 21:02:26
Fitness Calculated 08-Apr-2018 21:15:09
Iterating ...
   18          9500        1.51e+07       3.535e+07        0
Starting Fitness Calculation 08-Apr-2018 21:15:09
Fitness Calculated 08-Apr-2018 21:32:00
Iterating ...
   19         10000       1.392e+07       3.197e+07        0
Starting Fitness Calculation 08-Apr-2018 21:32:00
Fitness Calculated 08-Apr-2018 21:50:51
Iterating ...
   20         10500       1.302e+07       2.779e+07        0
Starting Fitness Calculation 08-Apr-2018 21:50:51
Fitness Calculated 08-Apr-2018 22:10:52
Iterating ...
   21         11000       1.302e+07       2.588e+07        1
Starting Fitness Calculation 08-Apr-2018 22:10:52
Fitness Calculated 08-Apr-2018 22:31:23
Iterating ...
   22         11500       1.289e+07       2.308e+07        0
Starting Fitness Calculation 08-Apr-2018 22:31:23
Fitness Calculated 08-Apr-2018 22:52:19
Iterating ...
   23         12000       1.289e+07       2.169e+07        1
Starting Fitness Calculation 08-Apr-2018 22:52:20
Fitness Calculated 08-Apr-2018 23:14:47
Iterating ...
   24         12500        1.28e+07       2.012e+07        0
Starting Fitness Calculation 08-Apr-2018 23:14:47
Fitness Calculated 08-Apr-2018 23:36:38
Iterating ...
   25         13000        1.27e+07       1.997e+07        0
Starting Fitness Calculation 08-Apr-2018 23:36:38
Fitness Calculated 08-Apr-2018 23:59:30
Iterating ...
   26         13500        1.27e+07       1.977e+07        1
Starting Fitness Calculation 08-Apr-2018 23:59:30
Fitness Calculated 09-Apr-2018 00:22:03
Iterating ...
   27         14000        1.27e+07       1.933e+07        2
Starting Fitness Calculation 09-Apr-2018 00:22:03
Fitness Calculated 09-Apr-2018 00:44:25
Iterating ...
   28         14500       1.261e+07       1.839e+07        0
Starting Fitness Calculation 09-Apr-2018 00:44:26
Fitness Calculated 09-Apr-2018 01:06:52
Iterating ...
   29         15000       1.254e+07       1.792e+07        0
Starting Fitness Calculation 09-Apr-2018 01:06:52
Fitness Calculated 09-Apr-2018 01:29:00
Iterating ...
   30         15500       1.246e+07       1.866e+07        0

                               Best           Mean      Stall
Generation      f-count        f(x)           f(x)    Generations
Starting Fitness Calculation 09-Apr-2018 01:29:01
Fitness Calculated 09-Apr-2018 01:52:11
Iterating ...
   31         16000       1.246e+07       1.878e+07        0
Starting Fitness Calculation 09-Apr-2018 01:52:11
Fitness Calculated 09-Apr-2018 02:16:00
Iterating ...
   32         16500       1.246e+07       1.872e+07        1
Starting Fitness Calculation 09-Apr-2018 02:16:00
Fitness Calculated 09-Apr-2018 02:39:24
Iterating ...
   33         17000       1.245e+07        1.79e+07        0
Starting Fitness Calculation 09-Apr-2018 02:39:25
Fitness Calculated 09-Apr-2018 03:03:23
Iterating ...
   34         17500       1.245e+07       1.819e+07        0
Starting Fitness Calculation 09-Apr-2018 03:03:24
Fitness Calculated 09-Apr-2018 03:27:04
Iterating ...
   35         18000       1.245e+07       1.883e+07        1
Starting Fitness Calculation 09-Apr-2018 03:27:05
Fitness Calculated 09-Apr-2018 03:50:45
Iterating ...
   36         18500       1.245e+07       1.845e+07        2
Starting Fitness Calculation 09-Apr-2018 03:50:46
Fitness Calculated 09-Apr-2018 04:13:39
Iterating ...
   37         19000       1.245e+07       1.747e+07        0
Starting Fitness Calculation 09-Apr-2018 04:13:40
Fitness Calculated 09-Apr-2018 04:36:00
Iterating ...
   38         19500       1.245e+07       1.811e+07        1
Starting Fitness Calculation 09-Apr-2018 04:36:00
Fitness Calculated 09-Apr-2018 04:59:18
Iterating ...
   39         20000       1.245e+07       1.732e+07        2
Starting Fitness Calculation 09-Apr-2018 04:59:19
Fitness Calculated 09-Apr-2018 05:22:28
Iterating ...
   40         20500       1.245e+07       1.625e+07        3
Starting Fitness Calculation 09-Apr-2018 05:22:28
Fitness Calculated 09-Apr-2018 05:46:13
Iterating ...
   41         21000       1.245e+07       1.539e+07        4
Starting Fitness Calculation 09-Apr-2018 05:46:13
Fitness Calculated 09-Apr-2018 06:10:05
Iterating ...
   42         21500       1.245e+07       1.479e+07        5
Starting Fitness Calculation 09-Apr-2018 06:10:05
Fitness Calculated 09-Apr-2018 06:34:04
Iterating ...
   43         22000       1.231e+07       1.426e+07        0
Starting Fitness Calculation 09-Apr-2018 06:34:05
Fitness Calculated 09-Apr-2018 06:58:15
Iterating ...
   44         22500       1.231e+07       1.415e+07        1
Starting Fitness Calculation 09-Apr-2018 06:58:16
Fitness Calculated 09-Apr-2018 07:22:29
Iterating ...
   45         23000       1.231e+07       1.383e+07        2
Starting Fitness Calculation 09-Apr-2018 07:22:29
Fitness Calculated 09-Apr-2018 07:46:50
Iterating ...
   46         23500       1.221e+07       1.381e+07        0
Starting Fitness Calculation 09-Apr-2018 07:46:50
Fitness Calculated 09-Apr-2018 08:11:17
Iterating ...
   47         24000       1.218e+07       1.388e+07        0
Starting Fitness Calculation 09-Apr-2018 08:11:18
Fitness Calculated 09-Apr-2018 08:35:24
Iterating ...
   48         24500       1.218e+07         1.4e+07        1
Starting Fitness Calculation 09-Apr-2018 08:35:25
Fitness Calculated 09-Apr-2018 08:59:37
Iterating ...
   49         25000       1.201e+07       1.394e+07        0
Starting Fitness Calculation 09-Apr-2018 08:59:38
Fitness Calculated 09-Apr-2018 09:23:51
Iterating ...
   50         25500       1.201e+07       1.408e+07        1
Starting Fitness Calculation 09-Apr-2018 09:23:52
Fitness Calculated 09-Apr-2018 09:48:47
Iterating ...
   51         26000       1.201e+07        1.42e+07        2
Starting Fitness Calculation 09-Apr-2018 09:48:48
Fitness Calculated 09-Apr-2018 10:13:55
Iterating ...
   52         26500       1.199e+07       1.402e+07        0
Starting Fitness Calculation 09-Apr-2018 10:13:56
Fitness Calculated 09-Apr-2018 10:37:59
Iterating ...
   53         27000       1.199e+07       1.389e+07        0
Starting Fitness Calculation 09-Apr-2018 10:38:00
Fitness Calculated 09-Apr-2018 11:02:26
Iterating ...
   54         27500       1.197e+07       1.364e+07        0
Starting Fitness Calculation 09-Apr-2018 11:02:26
Fitness Calculated 09-Apr-2018 11:27:00
Iterating ...
   55         28000       1.197e+07       1.359e+07        0
Starting Fitness Calculation 09-Apr-2018 11:27:00
Fitness Calculated 09-Apr-2018 11:51:32
Iterating ...
   56         28500       1.196e+07       1.415e+07        0
Starting Fitness Calculation 09-Apr-2018 11:51:33
Fitness Calculated 09-Apr-2018 12:15:52
Iterating ...
   57         29000       1.196e+07       1.508e+07        1
Starting Fitness Calculation 09-Apr-2018 12:15:53
Fitness Calculated 09-Apr-2018 12:41:14
Iterating ...
   58         29500       1.196e+07       1.486e+07        2
Starting Fitness Calculation 09-Apr-2018 12:41:15
Fitness Calculated 09-Apr-2018 13:05:48
Iterating ...
   59         30000       1.195e+07        1.42e+07        0
Starting Fitness Calculation 09-Apr-2018 13:05:49
Fitness Calculated 09-Apr-2018 13:30:42
Iterating ...
   60         30500       1.195e+07       1.445e+07        0

                               Best           Mean      Stall
Generation      f-count        f(x)           f(x)    Generations
Starting Fitness Calculation 09-Apr-2018 13:30:43
