
                            < M A T L A B (R) >
                  Copyright 1984-2015 The MathWorks, Inc.
                   R2015a (8.5.0.197613) 64-bit (glnxa64)
                             February 12, 2015

 
To get started, type one of these: helpwin, helpdesk, or demo.
For product information, visit www.mathworks.com.
 
 
To get started, type one of these: helpwin, helpdesk, or demo.
For product information, visit www.mathworks.com.
 
Starting parallel pool (parpool) using the 'ClusterPandora' profile ... connected to 68 workers.
SOSMC Passive - Starting Fitness Calculation 15-May-2019 14:58:25
Analyzing and transferring files to the workers ...done.
Fitness Calculated 15-May-2019 15:00:34
Starting the algorithm

                               Best           Mean      Stall
Generation      f-count        f(x)           f(x)    Generations
SOSMC Passive - Starting Fitness Calculation 15-May-2019 15:00:35
Fitness Calculated 15-May-2019 15:03:22
Iterating ...
    1          6000           2.188           25.52        0
SOSMC Passive - Starting Fitness Calculation 15-May-2019 15:03:22
Fitness Calculated 15-May-2019 15:10:28
Iterating ...
    2          9000           2.176           24.05        0
SOSMC Passive - Starting Fitness Calculation 15-May-2019 15:10:29
Fitness Calculated 15-May-2019 15:29:34
Iterating ...
    3         12000           2.152           22.53        0
SOSMC Passive - Starting Fitness Calculation 15-May-2019 15:29:35
Fitness Calculated 15-May-2019 15:49:03
Iterating ...
    4         15000           2.125           20.95        0
SOSMC Passive - Starting Fitness Calculation 15-May-2019 15:49:04
Fitness Calculated 15-May-2019 16:08:39
Iterating ...
    5         18000           2.021           19.24        0
SOSMC Passive - Starting Fitness Calculation 15-May-2019 16:08:40
Fitness Calculated 15-May-2019 16:28:18
Iterating ...
    6         21000           1.938           17.95        0
SOSMC Passive - Starting Fitness Calculation 15-May-2019 16:28:19
Fitness Calculated 15-May-2019 16:48:05
Iterating ...
    7         24000           1.938           16.58        0
SOSMC Passive - Starting Fitness Calculation 15-May-2019 16:48:05
Fitness Calculated 15-May-2019 17:07:55
Iterating ...
    8         27000           1.868           15.71        0
SOSMC Passive - Starting Fitness Calculation 15-May-2019 17:07:56
Fitness Calculated 15-May-2019 17:27:52
Iterating ...
    9         30000            1.86           14.92        0
SOSMC Passive - Starting Fitness Calculation 15-May-2019 17:27:53
Fitness Calculated 15-May-2019 17:47:45
Iterating ...
   10         33000           1.849            14.3        0
SOSMC Passive - Starting Fitness Calculation 15-May-2019 17:47:46
Fitness Calculated 15-May-2019 18:08:01
Iterating ...
   11         36000           1.708           13.85        0
SOSMC Passive - Starting Fitness Calculation 15-May-2019 18:08:02
Fitness Calculated 15-May-2019 18:28:11
Iterating ...
   12         39000           1.707           13.95        0
SOSMC Passive - Starting Fitness Calculation 15-May-2019 18:28:11
Fitness Calculated 15-May-2019 18:48:47
Iterating ...
   13         42000           1.692           14.04        0
SOSMC Passive - Starting Fitness Calculation 15-May-2019 18:48:48
Fitness Calculated 15-May-2019 19:08:40
Iterating ...
   14         45000           1.666           14.12        0
SOSMC Passive - Starting Fitness Calculation 15-May-2019 19:08:41
Fitness Calculated 15-May-2019 19:28:38
Iterating ...
   15         48000           1.666           14.14        1
SOSMC Passive - Starting Fitness Calculation 15-May-2019 19:28:39
Fitness Calculated 15-May-2019 19:48:36
Iterating ...
   16         51000           1.658           14.23        0
SOSMC Passive - Starting Fitness Calculation 15-May-2019 19:48:37
Fitness Calculated 15-May-2019 20:08:31
Iterating ...
   17         54000           1.652           14.13        0
SOSMC Passive - Starting Fitness Calculation 15-May-2019 20:08:32
Fitness Calculated 15-May-2019 20:29:23
Iterating ...
   18         57000           1.631           13.97        0
SOSMC Passive - Starting Fitness Calculation 15-May-2019 20:29:24
Fitness Calculated 15-May-2019 20:49:38
Iterating ...
   19         60000           1.613           13.87        0
SOSMC Passive - Starting Fitness Calculation 15-May-2019 20:49:39
Fitness Calculated 15-May-2019 21:12:14
Iterating ...
   20         63000           1.613           13.95        1
SOSMC Passive - Starting Fitness Calculation 15-May-2019 21:12:16
Fitness Calculated 15-May-2019 21:32:49
Iterating ...
   21         66000           1.604           14.03        0
SOSMC Passive - Starting Fitness Calculation 15-May-2019 21:32:51
Fitness Calculated 15-May-2019 21:52:52
Iterating ...
   22         69000           1.603           13.87        0
SOSMC Passive - Starting Fitness Calculation 15-May-2019 21:52:54
Fitness Calculated 15-May-2019 22:12:48
Iterating ...
   23         72000             1.6           14.27        0
SOSMC Passive - Starting Fitness Calculation 15-May-2019 22:12:50
Fitness Calculated 15-May-2019 22:32:51
Iterating ...
   24         75000           1.594           14.27        0
SOSMC Passive - Starting Fitness Calculation 15-May-2019 22:32:52
Fitness Calculated 15-May-2019 22:53:00
Iterating ...
   25         78000           1.591           13.85        0
SOSMC Passive - Starting Fitness Calculation 15-May-2019 22:53:01
Fitness Calculated 15-May-2019 23:13:02
Iterating ...
   26         81000           1.586           13.42        0
SOSMC Passive - Starting Fitness Calculation 15-May-2019 23:13:03
Fitness Calculated 15-May-2019 23:34:59
Iterating ...
   27         84000           1.578           13.31        0
SOSMC Passive - Starting Fitness Calculation 15-May-2019 23:35:00
Fitness Calculated 15-May-2019 23:58:19
Iterating ...
   28         87000           1.573           13.18        0
SOSMC Passive - Starting Fitness Calculation 15-May-2019 23:58:20
Fitness Calculated 16-May-2019 00:23:36
Iterating ...
   29         90000           1.573           12.97        0
SOSMC Passive - Starting Fitness Calculation 16-May-2019 00:23:37
Fitness Calculated 16-May-2019 00:46:37
Iterating ...
   30         93000           1.572              13        0

                               Best           Mean      Stall
Generation      f-count        f(x)           f(x)    Generations
SOSMC Passive - Starting Fitness Calculation 16-May-2019 00:46:39
Fitness Calculated 16-May-2019 01:08:52
Iterating ...
   31         96000           1.572           12.93        0
SOSMC Passive - Starting Fitness Calculation 16-May-2019 01:08:53
Fitness Calculated 16-May-2019 01:30:58
Iterating ...
   32         99000           1.569           13.01        0
SOSMC Passive - Starting Fitness Calculation 16-May-2019 01:31:00
Fitness Calculated 16-May-2019 01:55:21
Iterating ...
   33         102000           1.569           12.85        0
SOSMC Passive - Starting Fitness Calculation 16-May-2019 01:55:22
Fitness Calculated 16-May-2019 02:16:51
Iterating ...
   34         105000           1.569           12.63        1
SOSMC Passive - Starting Fitness Calculation 16-May-2019 02:16:53
Fitness Calculated 16-May-2019 02:39:05
Iterating ...
   35         108000           1.568           12.57        0
SOSMC Passive - Starting Fitness Calculation 16-May-2019 02:39:07
Fitness Calculated 16-May-2019 03:01:55
Iterating ...
   36         111000           1.567           12.41        0
SOSMC Passive - Starting Fitness Calculation 16-May-2019 03:01:57
Fitness Calculated 16-May-2019 03:23:52
Iterating ...
   37         114000           1.566           12.32        0
SOSMC Passive - Starting Fitness Calculation 16-May-2019 03:23:54
Fitness Calculated 16-May-2019 03:45:48
Iterating ...
   38         117000           1.566           12.57        0
SOSMC Passive - Starting Fitness Calculation 16-May-2019 03:45:50
Fitness Calculated 16-May-2019 04:10:52
Iterating ...
   39         120000           1.566            12.6        0
SOSMC Passive - Starting Fitness Calculation 16-May-2019 04:10:54
Fitness Calculated 16-May-2019 04:37:02
Iterating ...
   40         123000           1.563           12.54        0
SOSMC Passive - Starting Fitness Calculation 16-May-2019 04:37:03
Fitness Calculated 16-May-2019 05:00:31
Iterating ...
   41         126000           1.563           12.69        0
SOSMC Passive - Starting Fitness Calculation 16-May-2019 05:00:33
Fitness Calculated 16-May-2019 05:24:01
Iterating ...
   42         129000           1.561            12.6        0
SOSMC Passive - Starting Fitness Calculation 16-May-2019 05:24:03
Fitness Calculated 16-May-2019 05:47:49
Iterating ...
   43         132000           1.561           12.48        0
SOSMC Passive - Starting Fitness Calculation 16-May-2019 05:47:51
Fitness Calculated 16-May-2019 06:12:47
Iterating ...
   44         135000           1.559           12.63        0
SOSMC Passive - Starting Fitness Calculation 16-May-2019 06:12:49
Fitness Calculated 16-May-2019 06:36:07
Iterating ...
   45         138000           1.559           12.81        0
SOSMC Passive - Starting Fitness Calculation 16-May-2019 06:36:09
Fitness Calculated 16-May-2019 06:57:28
Iterating ...
   46         141000           1.559           12.91        0
SOSMC Passive - Starting Fitness Calculation 16-May-2019 06:57:30
Fitness Calculated 16-May-2019 07:19:22
Iterating ...
   47         144000           1.558           12.75        0
SOSMC Passive - Starting Fitness Calculation 16-May-2019 07:19:24
Fitness Calculated 16-May-2019 07:43:09
Iterating ...
   48         147000           1.558           13.06        0
SOSMC Passive - Starting Fitness Calculation 16-May-2019 07:43:11
Fitness Calculated 16-May-2019 08:03:53
Iterating ...
   49         150000           1.558           13.14        0
SOSMC Passive - Starting Fitness Calculation 16-May-2019 08:03:55
Fitness Calculated 16-May-2019 08:28:30
Iterating ...
   50         153000           1.558           12.81        1
SOSMC Passive - Starting Fitness Calculation 16-May-2019 08:28:32
Fitness Calculated 16-May-2019 08:51:26
Iterating ...
   51         156000           1.557           12.64        0
SOSMC Passive - Starting Fitness Calculation 16-May-2019 08:51:29
Fitness Calculated 16-May-2019 09:16:01
Iterating ...
   52         159000           1.556           12.76        0
SOSMC Passive - Starting Fitness Calculation 16-May-2019 09:16:03
Fitness Calculated 16-May-2019 09:39:31
Iterating ...
   53         162000           1.556           12.99        0
SOSMC Passive - Starting Fitness Calculation 16-May-2019 09:39:33
Fitness Calculated 16-May-2019 10:01:37
Iterating ...
   54         165000           1.555           13.04        0
SOSMC Passive - Starting Fitness Calculation 16-May-2019 10:01:39
Fitness Calculated 16-May-2019 10:25:24
Iterating ...
   55         168000           1.554           13.05        0
SOSMC Passive - Starting Fitness Calculation 16-May-2019 10:25:26
Fitness Calculated 16-May-2019 10:47:45
Iterating ...
   56         171000           1.553            13.2        0
SOSMC Passive - Starting Fitness Calculation 16-May-2019 10:47:47
Fitness Calculated 16-May-2019 11:11:18
Iterating ...
   57         174000           1.553           12.71        1
SOSMC Passive - Starting Fitness Calculation 16-May-2019 11:11:20
Fitness Calculated 16-May-2019 11:33:15
Iterating ...
   58         177000           1.553           12.83        2
SOSMC Passive - Starting Fitness Calculation 16-May-2019 11:33:17
Fitness Calculated 16-May-2019 11:55:20
Iterating ...
   59         180000           1.552           12.61        0
SOSMC Passive - Starting Fitness Calculation 16-May-2019 11:55:23
Fitness Calculated 16-May-2019 12:17:04
Iterating ...
   60         183000           1.551           12.52        0

                               Best           Mean      Stall
Generation      f-count        f(x)           f(x)    Generations
SOSMC Passive - Starting Fitness Calculation 16-May-2019 12:17:07
Fitness Calculated 16-May-2019 12:41:52
Iterating ...
   61         186000           1.551           12.49        0
SOSMC Passive - Starting Fitness Calculation 16-May-2019 12:41:55
Fitness Calculated 16-May-2019 13:04:42
Iterating ...
   62         189000           1.551           12.63        0
SOSMC Passive - Starting Fitness Calculation 16-May-2019 13:04:44
Fitness Calculated 16-May-2019 13:26:07
Iterating ...
   63         192000           1.551            12.8        0
SOSMC Passive - Starting Fitness Calculation 16-May-2019 13:26:10
Fitness Calculated 16-May-2019 13:51:10
Iterating ...
   64         195000           1.551           12.69        0
SOSMC Passive - Starting Fitness Calculation 16-May-2019 13:51:12
Fitness Calculated 16-May-2019 14:15:00
Iterating ...
   65         198000           1.551           12.78        0
SOSMC Passive - Starting Fitness Calculation 16-May-2019 14:15:03
Fitness Calculated 16-May-2019 14:37:00
Iterating ...
   66         201000           1.551           12.74        0
SOSMC Passive - Starting Fitness Calculation 16-May-2019 14:37:03
Fitness Calculated 16-May-2019 15:02:28
Iterating ...
   67         204000            1.55           12.59        0
SOSMC Passive - Starting Fitness Calculation 16-May-2019 15:02:31
Fitness Calculated 16-May-2019 15:26:37
Iterating ...
   68         207000            1.55           12.79        0
SOSMC Passive - Starting Fitness Calculation 16-May-2019 15:26:40
Fitness Calculated 16-May-2019 15:50:04
Iterating ...
   69         210000            1.55           13.15        0
SOSMC Passive - Starting Fitness Calculation 16-May-2019 15:50:07
Fitness Calculated 16-May-2019 16:14:49
Iterating ...
   70         213000            1.55           12.98        0
SOSMC Passive - Starting Fitness Calculation 16-May-2019 16:14:52
Fitness Calculated 16-May-2019 16:39:42
Iterating ...
   71         216000            1.55           12.87        0
SOSMC Passive - Starting Fitness Calculation 16-May-2019 16:39:45
Fitness Calculated 16-May-2019 17:04:27
Iterating ...
   72         219000           1.549           13.03        0
SOSMC Passive - Starting Fitness Calculation 16-May-2019 17:04:30
Fitness Calculated 16-May-2019 17:26:55
Iterating ...
   73         222000           1.549            13.2        1
SOSMC Passive - Starting Fitness Calculation 16-May-2019 17:26:58
Fitness Calculated 16-May-2019 17:49:34
Iterating ...
   74         225000           1.549              13        0
SOSMC Passive - Starting Fitness Calculation 16-May-2019 17:49:37
Fitness Calculated 16-May-2019 18:12:58
Iterating ...
   75         228000           1.549           12.67        0
SOSMC Passive - Starting Fitness Calculation 16-May-2019 18:13:01
Fitness Calculated 16-May-2019 18:35:08
Iterating ...
   76         231000           1.549           12.67        0
SOSMC Passive - Starting Fitness Calculation 16-May-2019 18:35:11
Fitness Calculated 16-May-2019 18:58:26
Iterating ...
   77         234000           1.549           12.63        0
SOSMC Passive - Starting Fitness Calculation 16-May-2019 18:58:29
Fitness Calculated 16-May-2019 19:21:03
Iterating ...
   78         237000           1.549            12.8        0
SOSMC Passive - Starting Fitness Calculation 16-May-2019 19:21:06
Fitness Calculated 16-May-2019 19:45:15
Iterating ...
   79         240000           1.549           12.97        0
SOSMC Passive - Starting Fitness Calculation 16-May-2019 19:45:18
Fitness Calculated 16-May-2019 20:10:19
Iterating ...
   80         243000           1.548           12.84        0
SOSMC Passive - Starting Fitness Calculation 16-May-2019 20:10:22
Fitness Calculated 16-May-2019 20:34:32
Iterating ...
   81         246000           1.548           12.79        0
SOSMC Passive - Starting Fitness Calculation 16-May-2019 20:34:35
Fitness Calculated 16-May-2019 20:59:52
Iterating ...
   82         249000           1.548           12.71        1
SOSMC Passive - Starting Fitness Calculation 16-May-2019 20:59:55
Fitness Calculated 16-May-2019 21:21:37
Iterating ...
   83         252000           1.548           12.66        0
SOSMC Passive - Starting Fitness Calculation 16-May-2019 21:21:40
Fitness Calculated 16-May-2019 21:46:17
Iterating ...
   84         255000           1.548           12.54        0
SOSMC Passive - Starting Fitness Calculation 16-May-2019 21:46:20
Fitness Calculated 16-May-2019 22:09:51
Iterating ...
   85         258000           1.548           12.66        0
SOSMC Passive - Starting Fitness Calculation 16-May-2019 22:09:54
Fitness Calculated 16-May-2019 22:34:57
Iterating ...
   86         261000           1.548           12.82        0
SOSMC Passive - Starting Fitness Calculation 16-May-2019 22:35:01
Fitness Calculated 16-May-2019 22:55:11
Iterating ...
   87         264000           1.548           12.83        0
SOSMC Passive - Starting Fitness Calculation 16-May-2019 22:55:15
Fitness Calculated 16-May-2019 23:17:25
Iterating ...
   88         267000           1.548           12.82        1
SOSMC Passive - Starting Fitness Calculation 16-May-2019 23:17:28
Fitness Calculated 16-May-2019 23:39:28
Iterating ...
   89         270000           1.548           12.89        2
SOSMC Passive - Starting Fitness Calculation 16-May-2019 23:39:31
Fitness Calculated 17-May-2019 00:02:49
Iterating ...
   90         273000           1.548           13.12        0

                               Best           Mean      Stall
Generation      f-count        f(x)           f(x)    Generations
SOSMC Passive - Starting Fitness Calculation 17-May-2019 00:02:52
Fitness Calculated 17-May-2019 00:24:18
Iterating ...
   91         276000           1.548           12.57        0
SOSMC Passive - Starting Fitness Calculation 17-May-2019 00:24:21
Fitness Calculated 17-May-2019 00:46:09
Iterating ...
   92         279000           1.548           12.56        0
SOSMC Passive - Starting Fitness Calculation 17-May-2019 00:46:12
Fitness Calculated 17-May-2019 01:10:08
Iterating ...
   93         282000           1.548           12.64        1
SOSMC Passive - Starting Fitness Calculation 17-May-2019 01:10:11
Fitness Calculated 17-May-2019 01:32:24
Iterating ...
   94         285000           1.548           12.93        0
SOSMC Passive - Starting Fitness Calculation 17-May-2019 01:32:27
Fitness Calculated 17-May-2019 01:54:29
Iterating ...
   95         288000           1.548           12.98        1
SOSMC Passive - Starting Fitness Calculation 17-May-2019 01:54:33
Fitness Calculated 17-May-2019 02:18:45
Iterating ...
   96         291000           1.548           12.96        0
SOSMC Passive - Starting Fitness Calculation 17-May-2019 02:18:49
Fitness Calculated 17-May-2019 02:42:19
Iterating ...
   97         294000           1.548           12.69        1
SOSMC Passive - Starting Fitness Calculation 17-May-2019 02:42:23
Fitness Calculated 17-May-2019 03:05:47
Iterating ...
   98         297000           1.548           12.65        0
SOSMC Passive - Starting Fitness Calculation 17-May-2019 03:05:51
Fitness Calculated 17-May-2019 03:28:21
Iterating ...
   99         300000           1.548           12.85        0
SOSMC Passive - Starting Fitness Calculation 17-May-2019 03:28:25
Fitness Calculated 17-May-2019 03:52:06
Iterating ...
  100         303000           1.548           13.04        0
SOSMC Passive - Starting Fitness Calculation 17-May-2019 03:52:09
Fitness Calculated 17-May-2019 04:13:53
Iterating ...
  101         306000           1.548           12.89        1
SOSMC Passive - Starting Fitness Calculation 17-May-2019 04:13:57
Fitness Calculated 17-May-2019 04:38:51
Iterating ...
  102         309000           1.548           12.84        0
SOSMC Passive - Starting Fitness Calculation 17-May-2019 04:38:55
Fitness Calculated 17-May-2019 05:04:56
Iterating ...
  103         312000           1.548           12.66        0
SOSMC Passive - Starting Fitness Calculation 17-May-2019 05:05:00
Fitness Calculated 17-May-2019 05:29:59
Iterating ...
  104         315000           1.548           12.51        0
SOSMC Passive - Starting Fitness Calculation 17-May-2019 05:30:03
Fitness Calculated 17-May-2019 05:52:06
Iterating ...
  105         318000           1.547           12.65        0
SOSMC Passive - Starting Fitness Calculation 17-May-2019 05:52:10
Fitness Calculated 17-May-2019 06:13:46
Iterating ...
  106         321000           1.547           12.61        0
SOSMC Passive - Starting Fitness Calculation 17-May-2019 06:13:50
Fitness Calculated 17-May-2019 06:37:32
Iterating ...
  107         324000           1.547           12.73        0
SOSMC Passive - Starting Fitness Calculation 17-May-2019 06:37:36
Fitness Calculated 17-May-2019 07:01:17
Iterating ...
  108         327000           1.547           12.81        0
SOSMC Passive - Starting Fitness Calculation 17-May-2019 07:01:21
Fitness Calculated 17-May-2019 07:22:31
Iterating ...
  109         330000           1.547           12.84        0
SOSMC Passive - Starting Fitness Calculation 17-May-2019 07:22:35
Fitness Calculated 17-May-2019 07:46:03
Iterating ...
  110         333000           1.547           12.82        1
SOSMC Passive - Starting Fitness Calculation 17-May-2019 07:46:07
Fitness Calculated 17-May-2019 08:13:07
Iterating ...
  111         336000           1.547           12.76        0
SOSMC Passive - Starting Fitness Calculation 17-May-2019 08:13:11
Fitness Calculated 17-May-2019 08:33:34
Iterating ...
  112         339000           1.547           12.71        0
SOSMC Passive - Starting Fitness Calculation 17-May-2019 08:33:38
Fitness Calculated 17-May-2019 08:58:20
Iterating ...
  113         342000           1.547           12.73        0
SOSMC Passive - Starting Fitness Calculation 17-May-2019 08:58:24
Fitness Calculated 17-May-2019 09:22:23
Iterating ...
  114         345000           1.547           12.84        0
SOSMC Passive - Starting Fitness Calculation 17-May-2019 09:22:27
Fitness Calculated 17-May-2019 09:47:11
Iterating ...
  115         348000           1.547           12.78        1
SOSMC Passive - Starting Fitness Calculation 17-May-2019 09:47:15
Fitness Calculated 17-May-2019 10:12:41
Iterating ...
  116         351000           1.547           12.87        0
SOSMC Passive - Starting Fitness Calculation 17-May-2019 10:12:45
Fitness Calculated 17-May-2019 10:35:54
Iterating ...
  117         354000           1.547           12.73        0
SOSMC Passive - Starting Fitness Calculation 17-May-2019 10:35:58
Fitness Calculated 17-May-2019 10:57:51
Iterating ...
  118         357000           1.547           12.97        1
SOSMC Passive - Starting Fitness Calculation 17-May-2019 10:57:56
Fitness Calculated 17-May-2019 11:21:57
Iterating ...
  119         360000           1.547           13.04        0
SOSMC Passive - Starting Fitness Calculation 17-May-2019 11:22:01
Fitness Calculated 17-May-2019 11:43:58
Iterating ...
  120         363000           1.547           12.81        0

                               Best           Mean      Stall
Generation      f-count        f(x)           f(x)    Generations
SOSMC Passive - Starting Fitness Calculation 17-May-2019 11:44:02
Fitness Calculated 17-May-2019 12:07:39
Iterating ...
  121         366000           1.547           12.94        0
SOSMC Passive - Starting Fitness Calculation 17-May-2019 12:07:43
Fitness Calculated 17-May-2019 12:31:13
Iterating ...
  122         369000           1.547           12.81        0
SOSMC Passive - Starting Fitness Calculation 17-May-2019 12:31:17
Fitness Calculated 17-May-2019 12:54:47
Iterating ...
  123         372000           1.547           12.59        0
SOSMC Passive - Starting Fitness Calculation 17-May-2019 12:54:51
Fitness Calculated 17-May-2019 13:18:29
Iterating ...
  124         375000           1.547           12.75        0
SOSMC Passive - Starting Fitness Calculation 17-May-2019 13:18:33
Fitness Calculated 17-May-2019 13:43:16
Iterating ...
  125         378000           1.547           12.57        0
SOSMC Passive - Starting Fitness Calculation 17-May-2019 13:43:21
Fitness Calculated 17-May-2019 14:07:47
Iterating ...
  126         381000           1.547           12.83        0
SOSMC Passive - Starting Fitness Calculation 17-May-2019 14:07:52
