
                            < M A T L A B (R) >
                  Copyright 1984-2015 The MathWorks, Inc.
                   R2015a (8.5.0.197613) 64-bit (glnxa64)
                             February 12, 2015

 
To get started, type one of these: helpwin, helpdesk, or demo.
For product information, visit www.mathworks.com.
 
 
To get started, type one of these: helpwin, helpdesk, or demo.
For product information, visit www.mathworks.com.
 
Starting parallel pool (parpool) using the 'ClusterPandora' profile ... connected to 80 workers.
SOSMC Active with PIDD - Starting Fitness Calculation 28-Feb-2019 07:44:47
Analyzing and transferring files to the workers ...done.
Fitness Calculated 28-Feb-2019 07:50:10
Starting the algorithm

                               Best           Mean      Stall
Generation      f-count        f(x)           f(x)    Generations
SOSMC Active with PIDD - Starting Fitness Calculation 28-Feb-2019 07:50:11
Fitness Calculated 28-Feb-2019 07:55:30
Iterating ...
    1          6000           14.28           21.48        0
SOSMC Active with PIDD - Starting Fitness Calculation 28-Feb-2019 07:55:30
Fitness Calculated 28-Feb-2019 08:00:52
Iterating ...
    2          9000           14.37           21.06        1
SOSMC Active with PIDD - Starting Fitness Calculation 28-Feb-2019 08:00:52
Fitness Calculated 28-Feb-2019 08:06:06
Iterating ...
    3         12000           14.39           20.68        2
SOSMC Active with PIDD - Starting Fitness Calculation 28-Feb-2019 08:06:07
Fitness Calculated 28-Feb-2019 08:11:22
Iterating ...
    4         15000           14.06           20.48        0
SOSMC Active with PIDD - Starting Fitness Calculation 28-Feb-2019 08:11:23
Fitness Calculated 28-Feb-2019 08:16:34
Iterating ...
    5         18000           14.29           20.35        1
SOSMC Active with PIDD - Starting Fitness Calculation 28-Feb-2019 08:16:35
Fitness Calculated 28-Feb-2019 08:21:48
Iterating ...
    6         21000           14.06           20.27        0
SOSMC Active with PIDD - Starting Fitness Calculation 28-Feb-2019 08:21:49
Fitness Calculated 28-Feb-2019 08:27:00
Iterating ...
    7         24000           14.39           20.22        1
SOSMC Active with PIDD - Starting Fitness Calculation 28-Feb-2019 08:27:01
Fitness Calculated 28-Feb-2019 08:32:04
Iterating ...
    8         27000           14.41           20.08        2
SOSMC Active with PIDD - Starting Fitness Calculation 28-Feb-2019 08:32:04
Fitness Calculated 28-Feb-2019 08:37:12
Iterating ...
    9         30000           14.46           20.05        3
SOSMC Active with PIDD - Starting Fitness Calculation 28-Feb-2019 08:37:13
Fitness Calculated 28-Feb-2019 08:42:20
Iterating ...
   10         33000            14.1           19.86        0
SOSMC Active with PIDD - Starting Fitness Calculation 28-Feb-2019 08:42:21
Fitness Calculated 28-Feb-2019 08:47:19
Iterating ...
   11         36000           14.33           19.72        1
SOSMC Active with PIDD - Starting Fitness Calculation 28-Feb-2019 08:47:20
Fitness Calculated 28-Feb-2019 08:52:24
Iterating ...
   12         39000           14.21           19.72        0
SOSMC Active with PIDD - Starting Fitness Calculation 28-Feb-2019 08:52:25
Fitness Calculated 28-Feb-2019 08:57:33
Iterating ...
   13         42000           13.73           19.71        0
SOSMC Active with PIDD - Starting Fitness Calculation 28-Feb-2019 08:57:34
Fitness Calculated 28-Feb-2019 09:02:34
Iterating ...
   14         45000           14.25           19.77        1
SOSMC Active with PIDD - Starting Fitness Calculation 28-Feb-2019 09:02:35
Fitness Calculated 28-Feb-2019 09:07:38
Iterating ...
   15         48000           14.02           19.83        0
SOSMC Active with PIDD - Starting Fitness Calculation 28-Feb-2019 09:07:39
Fitness Calculated 28-Feb-2019 09:12:38
Iterating ...
   16         51000           13.89           19.69        0
SOSMC Active with PIDD - Starting Fitness Calculation 28-Feb-2019 09:12:40
Fitness Calculated 28-Feb-2019 09:17:38
Iterating ...
   17         54000           14.11           19.67        1
SOSMC Active with PIDD - Starting Fitness Calculation 28-Feb-2019 09:17:39
Fitness Calculated 28-Feb-2019 09:22:38
Iterating ...
   18         57000           14.26           19.58        2
SOSMC Active with PIDD - Starting Fitness Calculation 28-Feb-2019 09:22:40
Fitness Calculated 28-Feb-2019 09:27:47
Iterating ...
   19         60000              14           19.64        0
SOSMC Active with PIDD - Starting Fitness Calculation 28-Feb-2019 09:27:48
Fitness Calculated 28-Feb-2019 09:32:53
Iterating ...
   20         63000            14.3           19.62        1
SOSMC Active with PIDD - Starting Fitness Calculation 28-Feb-2019 09:32:55
Fitness Calculated 28-Feb-2019 09:37:49
Iterating ...
   21         66000           14.13           19.49        0
SOSMC Active with PIDD - Starting Fitness Calculation 28-Feb-2019 09:37:50
Fitness Calculated 28-Feb-2019 09:42:51
Iterating ...
   22         69000           14.06           19.52        0
SOSMC Active with PIDD - Starting Fitness Calculation 28-Feb-2019 09:42:52
Fitness Calculated 28-Feb-2019 09:47:50
Iterating ...
   23         72000           14.28            19.6        1
SOSMC Active with PIDD - Starting Fitness Calculation 28-Feb-2019 09:47:52
Fitness Calculated 28-Feb-2019 09:52:46
Iterating ...
   24         75000           14.31           19.55        2
SOSMC Active with PIDD - Starting Fitness Calculation 28-Feb-2019 09:52:48
Fitness Calculated 28-Feb-2019 09:57:41
Iterating ...
   25         78000           14.32           19.55        3
SOSMC Active with PIDD - Starting Fitness Calculation 28-Feb-2019 09:57:42
Fitness Calculated 28-Feb-2019 10:02:43
Iterating ...
   26         81000            14.1           19.56        0
SOSMC Active with PIDD - Starting Fitness Calculation 28-Feb-2019 10:02:45
Fitness Calculated 28-Feb-2019 10:07:46
Iterating ...
   27         84000            14.1           19.55        1
SOSMC Active with PIDD - Starting Fitness Calculation 28-Feb-2019 10:07:48
Fitness Calculated 28-Feb-2019 10:12:42
Iterating ...
   28         87000           14.22           19.57        2
SOSMC Active with PIDD - Starting Fitness Calculation 28-Feb-2019 10:12:44
Fitness Calculated 28-Feb-2019 10:17:39
Iterating ...
   29         90000           14.18           19.59        0
SOSMC Active with PIDD - Starting Fitness Calculation 28-Feb-2019 10:17:41
Fitness Calculated 28-Feb-2019 10:22:33
Iterating ...
   30         93000           14.05            19.5        0

                               Best           Mean      Stall
Generation      f-count        f(x)           f(x)    Generations
SOSMC Active with PIDD - Starting Fitness Calculation 28-Feb-2019 10:22:35
Fitness Calculated 28-Feb-2019 10:27:38
Iterating ...
   31         96000           14.18           19.43        1
SOSMC Active with PIDD - Starting Fitness Calculation 28-Feb-2019 10:27:40
Fitness Calculated 28-Feb-2019 10:32:37
Iterating ...
   32         99000            14.3           19.51        2
SOSMC Active with PIDD - Starting Fitness Calculation 28-Feb-2019 10:32:39
Fitness Calculated 28-Feb-2019 10:37:34
Iterating ...
   33         102000            14.2           19.47        0
SOSMC Active with PIDD - Starting Fitness Calculation 28-Feb-2019 10:37:36
Fitness Calculated 28-Feb-2019 10:42:26
Iterating ...
   34         105000           14.26            19.5        1
SOSMC Active with PIDD - Starting Fitness Calculation 28-Feb-2019 10:42:28
Fitness Calculated 28-Feb-2019 10:47:24
Iterating ...
   35         108000           14.25           19.39        0
SOSMC Active with PIDD - Starting Fitness Calculation 28-Feb-2019 10:47:27
Fitness Calculated 28-Feb-2019 10:52:25
Iterating ...
   36         111000           14.16           19.38        0
SOSMC Active with PIDD - Starting Fitness Calculation 28-Feb-2019 10:52:28
Fitness Calculated 28-Feb-2019 10:57:18
Iterating ...
   37         114000           14.13           19.36        0
SOSMC Active with PIDD - Starting Fitness Calculation 28-Feb-2019 10:57:20
Fitness Calculated 28-Feb-2019 11:02:19
Iterating ...
   38         117000            13.5           19.41        0
SOSMC Active with PIDD - Starting Fitness Calculation 28-Feb-2019 11:02:21
Fitness Calculated 28-Feb-2019 11:07:07
Iterating ...
   39         120000           13.93           19.35        1
SOSMC Active with PIDD - Starting Fitness Calculation 28-Feb-2019 11:07:09
Fitness Calculated 28-Feb-2019 11:11:55
Iterating ...
   40         123000            14.3           19.41        2
SOSMC Active with PIDD - Starting Fitness Calculation 28-Feb-2019 11:11:58
Fitness Calculated 28-Feb-2019 11:16:37
Iterating ...
   41         126000           14.06            19.4        0
SOSMC Active with PIDD - Starting Fitness Calculation 28-Feb-2019 11:16:39
Fitness Calculated 28-Feb-2019 11:21:26
Iterating ...
   42         129000            14.4           19.37        1
SOSMC Active with PIDD - Starting Fitness Calculation 28-Feb-2019 11:21:28
Fitness Calculated 28-Feb-2019 11:26:13
Iterating ...
   43         132000           14.27           19.37        0
SOSMC Active with PIDD - Starting Fitness Calculation 28-Feb-2019 11:26:16
Fitness Calculated 28-Feb-2019 11:31:06
Iterating ...
   44         135000           13.76           19.28        0
SOSMC Active with PIDD - Starting Fitness Calculation 28-Feb-2019 11:31:09
Fitness Calculated 28-Feb-2019 11:36:01
Iterating ...
   45         138000           13.96           19.35        1
SOSMC Active with PIDD - Starting Fitness Calculation 28-Feb-2019 11:36:04
Fitness Calculated 28-Feb-2019 11:40:54
Iterating ...
   46         141000           14.39           19.31        2
SOSMC Active with PIDD - Starting Fitness Calculation 28-Feb-2019 11:40:57
Fitness Calculated 28-Feb-2019 11:45:40
Iterating ...
   47         144000            14.1           19.33        0
SOSMC Active with PIDD - Starting Fitness Calculation 28-Feb-2019 11:45:43
Fitness Calculated 28-Feb-2019 11:50:28
Iterating ...
   48         147000           14.04           19.24        0
SOSMC Active with PIDD - Starting Fitness Calculation 28-Feb-2019 11:50:31
Fitness Calculated 28-Feb-2019 11:55:18
Iterating ...
   49         150000           14.08           19.22        1
SOSMC Active with PIDD - Starting Fitness Calculation 28-Feb-2019 11:55:21
Fitness Calculated 28-Feb-2019 12:00:14
Iterating ...
   50         153000            14.1           19.26        2
SOSMC Active with PIDD - Starting Fitness Calculation 28-Feb-2019 12:00:17
Fitness Calculated 28-Feb-2019 12:05:00
Iterating ...
   51         156000           14.16           19.28        3
SOSMC Active with PIDD - Starting Fitness Calculation 28-Feb-2019 12:05:04
Fitness Calculated 28-Feb-2019 12:09:42
Iterating ...
   52         159000            14.2           19.22        4
SOSMC Active with PIDD - Starting Fitness Calculation 28-Feb-2019 12:09:45
Fitness Calculated 28-Feb-2019 12:14:32
Iterating ...
   53         162000           14.16           19.27        0
SOSMC Active with PIDD - Starting Fitness Calculation 28-Feb-2019 12:14:35
Fitness Calculated 28-Feb-2019 12:19:32
Iterating ...
   54         165000           14.24           19.38        1
SOSMC Active with PIDD - Starting Fitness Calculation 28-Feb-2019 12:19:35
Fitness Calculated 28-Feb-2019 12:24:17
Iterating ...
   55         168000           13.88           19.22        0
SOSMC Active with PIDD - Starting Fitness Calculation 28-Feb-2019 12:24:20
Fitness Calculated 28-Feb-2019 12:29:09
Iterating ...
   56         171000              14           19.28        1
SOSMC Active with PIDD - Starting Fitness Calculation 28-Feb-2019 12:29:12
Fitness Calculated 28-Feb-2019 12:34:05
Iterating ...
   57         174000           14.27           19.21        2
SOSMC Active with PIDD - Starting Fitness Calculation 28-Feb-2019 12:34:08
Fitness Calculated 28-Feb-2019 12:38:49
Iterating ...
   58         177000           13.74           19.19        0
SOSMC Active with PIDD - Starting Fitness Calculation 28-Feb-2019 12:38:53
Fitness Calculated 28-Feb-2019 12:43:43
Iterating ...
   59         180000           14.17           19.24        1
SOSMC Active with PIDD - Starting Fitness Calculation 28-Feb-2019 12:43:46
Fitness Calculated 28-Feb-2019 12:48:32
Iterating ...
   60         183000           14.21           19.24        2

                               Best           Mean      Stall
Generation      f-count        f(x)           f(x)    Generations
SOSMC Active with PIDD - Starting Fitness Calculation 28-Feb-2019 12:48:36
Fitness Calculated 28-Feb-2019 12:53:25
Iterating ...
   61         186000            14.3           19.17        3
SOSMC Active with PIDD - Starting Fitness Calculation 28-Feb-2019 12:53:28
Fitness Calculated 28-Feb-2019 12:58:15
Iterating ...
   62         189000            14.2           19.19        0
SOSMC Active with PIDD - Starting Fitness Calculation 28-Feb-2019 12:58:19
Fitness Calculated 28-Feb-2019 13:03:12
Iterating ...
   63         192000           14.03           19.22        0
SOSMC Active with PIDD - Starting Fitness Calculation 28-Feb-2019 13:03:16
Fitness Calculated 28-Feb-2019 13:07:53
Iterating ...
   64         195000           14.36            19.2        1
SOSMC Active with PIDD - Starting Fitness Calculation 28-Feb-2019 13:07:57
Fitness Calculated 28-Feb-2019 13:12:37
Iterating ...
   65         198000            14.1           19.19        0
SOSMC Active with PIDD - Starting Fitness Calculation 28-Feb-2019 13:12:41
Fitness Calculated 28-Feb-2019 13:17:28
Iterating ...
   66         201000           14.45           19.17        1
SOSMC Active with PIDD - Starting Fitness Calculation 28-Feb-2019 13:17:32
Fitness Calculated 28-Feb-2019 13:22:25
Iterating ...
   67         204000           14.16           19.24        0
SOSMC Active with PIDD - Starting Fitness Calculation 28-Feb-2019 13:22:30
Fitness Calculated 28-Feb-2019 13:27:12
Iterating ...
   68         207000           13.78           19.18        0
SOSMC Active with PIDD - Starting Fitness Calculation 28-Feb-2019 13:27:16
Fitness Calculated 28-Feb-2019 13:32:14
Iterating ...
   69         210000           14.11           19.19        1
SOSMC Active with PIDD - Starting Fitness Calculation 28-Feb-2019 13:32:18
Fitness Calculated 28-Feb-2019 13:37:13
Iterating ...
   70         213000           14.13           19.24        2
SOSMC Active with PIDD - Starting Fitness Calculation 28-Feb-2019 13:37:17
Fitness Calculated 28-Feb-2019 13:42:06
Iterating ...
   71         216000           14.15           19.25        3
SOSMC Active with PIDD - Starting Fitness Calculation 28-Feb-2019 13:42:11
Fitness Calculated 28-Feb-2019 13:46:56
Iterating ...
   72         219000           14.04           19.25        0
SOSMC Active with PIDD - Starting Fitness Calculation 28-Feb-2019 13:47:00
Fitness Calculated 28-Feb-2019 13:51:43
Iterating ...
   73         222000           14.19            19.3        1
SOSMC Active with PIDD - Starting Fitness Calculation 28-Feb-2019 13:51:47
Fitness Calculated 28-Feb-2019 13:56:50
Iterating ...
   74         225000            14.1           19.24        0
SOSMC Active with PIDD - Starting Fitness Calculation 28-Feb-2019 13:56:54
Fitness Calculated 28-Feb-2019 14:01:41
Iterating ...
   75         228000           13.95           19.26        0
SOSMC Active with PIDD - Starting Fitness Calculation 28-Feb-2019 14:01:45
Fitness Calculated 28-Feb-2019 14:06:33
Iterating ...
   76         231000           14.05           19.22        1
SOSMC Active with PIDD - Starting Fitness Calculation 28-Feb-2019 14:06:38
Fitness Calculated 28-Feb-2019 14:11:40
Iterating ...
   77         234000           14.23           19.24        2
SOSMC Active with PIDD - Starting Fitness Calculation 28-Feb-2019 14:11:45
Fitness Calculated 28-Feb-2019 14:16:33
Iterating ...
   78         237000           13.98           19.18        0
SOSMC Active with PIDD - Starting Fitness Calculation 28-Feb-2019 14:16:38
Fitness Calculated 28-Feb-2019 14:21:42
Iterating ...
   79         240000           14.19           19.23        1
SOSMC Active with PIDD - Starting Fitness Calculation 28-Feb-2019 14:21:47
Fitness Calculated 28-Feb-2019 14:26:42
Iterating ...
   80         243000           14.19           19.21        0
SOSMC Active with PIDD - Starting Fitness Calculation 28-Feb-2019 14:26:47
Fitness Calculated 28-Feb-2019 14:31:37
Iterating ...
   81         246000           14.27           19.12        1
SOSMC Active with PIDD - Starting Fitness Calculation 28-Feb-2019 14:31:42
Fitness Calculated 28-Feb-2019 14:36:37
Iterating ...
   82         249000           14.23           19.22        0
SOSMC Active with PIDD - Starting Fitness Calculation 28-Feb-2019 14:36:42
Fitness Calculated 28-Feb-2019 14:41:36
Iterating ...
   83         252000           14.18           19.21        0
SOSMC Active with PIDD - Starting Fitness Calculation 28-Feb-2019 14:41:41
Fitness Calculated 28-Feb-2019 14:46:19
Iterating ...
   84         255000            14.1           19.15        0
SOSMC Active with PIDD - Starting Fitness Calculation 28-Feb-2019 14:46:24
Fitness Calculated 28-Feb-2019 14:51:10
Iterating ...
   85         258000           14.02            19.2        0
SOSMC Active with PIDD - Starting Fitness Calculation 28-Feb-2019 14:51:15
Fitness Calculated 28-Feb-2019 14:56:12
Iterating ...
   86         261000           13.98           19.24        0
SOSMC Active with PIDD - Starting Fitness Calculation 28-Feb-2019 14:56:17
Fitness Calculated 28-Feb-2019 15:01:15
Iterating ...
   87         264000           14.12           19.15        1
SOSMC Active with PIDD - Starting Fitness Calculation 28-Feb-2019 15:01:20
Fitness Calculated 28-Feb-2019 15:06:08
Iterating ...
   88         267000            13.9           19.21        0
SOSMC Active with PIDD - Starting Fitness Calculation 28-Feb-2019 15:06:14
Fitness Calculated 28-Feb-2019 15:11:04
Iterating ...
   89         270000           14.21           19.19        1
SOSMC Active with PIDD - Starting Fitness Calculation 28-Feb-2019 15:11:09
Fitness Calculated 28-Feb-2019 15:15:54
Iterating ...
   90         273000           13.79           19.16        0

                               Best           Mean      Stall
Generation      f-count        f(x)           f(x)    Generations
SOSMC Active with PIDD - Starting Fitness Calculation 28-Feb-2019 15:15:59
Fitness Calculated 28-Feb-2019 15:20:55
Iterating ...
   91         276000           14.06           19.13        1
SOSMC Active with PIDD - Starting Fitness Calculation 28-Feb-2019 15:21:01
Fitness Calculated 28-Feb-2019 15:25:47
Iterating ...
   92         279000           13.95           19.11        0
SOSMC Active with PIDD - Starting Fitness Calculation 28-Feb-2019 15:25:52
Fitness Calculated 28-Feb-2019 15:30:38
Iterating ...
   93         282000           13.98           19.16        1
SOSMC Active with PIDD - Starting Fitness Calculation 28-Feb-2019 15:30:43
Fitness Calculated 28-Feb-2019 15:35:32
Iterating ...
   94         285000           14.02           19.14        2
SOSMC Active with PIDD - Starting Fitness Calculation 28-Feb-2019 15:35:38
Fitness Calculated 28-Feb-2019 15:40:27
Iterating ...
   95         288000           14.06           19.12        3
SOSMC Active with PIDD - Starting Fitness Calculation 28-Feb-2019 15:40:33
Fitness Calculated 28-Feb-2019 15:45:13
Iterating ...
   96         291000           13.77           19.14        0
SOSMC Active with PIDD - Starting Fitness Calculation 28-Feb-2019 15:45:19
Fitness Calculated 28-Feb-2019 15:50:10
Iterating ...
   97         294000           14.15           19.08        1
SOSMC Active with PIDD - Starting Fitness Calculation 28-Feb-2019 15:50:16
Fitness Calculated 28-Feb-2019 15:55:08
Iterating ...
   98         297000           14.16           19.04        2
SOSMC Active with PIDD - Starting Fitness Calculation 28-Feb-2019 15:55:14
Fitness Calculated 28-Feb-2019 16:00:01
Iterating ...
   99         300000           14.16           19.09        3
SOSMC Active with PIDD - Starting Fitness Calculation 28-Feb-2019 16:00:07
Fitness Calculated 28-Feb-2019 16:04:53
Iterating ...
  100         303000           13.85           19.08        0
SOSMC Active with PIDD - Starting Fitness Calculation 28-Feb-2019 16:04:59
Fitness Calculated 28-Feb-2019 16:09:45
Iterating ...
  101         306000           14.17           19.08        1
SOSMC Active with PIDD - Starting Fitness Calculation 28-Feb-2019 16:09:51
Fitness Calculated 28-Feb-2019 16:14:28
Iterating ...
  102         309000           14.18           19.06        2
SOSMC Active with PIDD - Starting Fitness Calculation 28-Feb-2019 16:14:34
Fitness Calculated 28-Feb-2019 16:19:15
Iterating ...
  103         312000           14.36           19.08        3
SOSMC Active with PIDD - Starting Fitness Calculation 28-Feb-2019 16:19:22
Fitness Calculated 28-Feb-2019 16:24:07
Iterating ...
  104         315000           13.87              19        0
SOSMC Active with PIDD - Starting Fitness Calculation 28-Feb-2019 16:24:13
Fitness Calculated 28-Feb-2019 16:29:07
Iterating ...
  105         318000           14.32           19.01        1
SOSMC Active with PIDD - Starting Fitness Calculation 28-Feb-2019 16:29:13
Fitness Calculated 28-Feb-2019 16:33:53
Iterating ...
  106         321000           14.16           19.05        0
SOSMC Active with PIDD - Starting Fitness Calculation 28-Feb-2019 16:34:00
Fitness Calculated 28-Feb-2019 16:38:46
Iterating ...
  107         324000           13.82           19.07        0
SOSMC Active with PIDD - Starting Fitness Calculation 28-Feb-2019 16:38:52
Fitness Calculated 28-Feb-2019 16:43:37
Iterating ...
  108         327000           14.26           19.05        1
SOSMC Active with PIDD - Starting Fitness Calculation 28-Feb-2019 16:43:43
Fitness Calculated 28-Feb-2019 16:48:34
Iterating ...
  109         330000           14.11           19.06        0
SOSMC Active with PIDD - Starting Fitness Calculation 28-Feb-2019 16:48:40
Fitness Calculated 28-Feb-2019 16:53:25
Iterating ...
  110         333000           14.02           19.02        0
SOSMC Active with PIDD - Starting Fitness Calculation 28-Feb-2019 16:53:32
Fitness Calculated 28-Feb-2019 16:58:18
Iterating ...
  111         336000           14.11           19.05        1
SOSMC Active with PIDD - Starting Fitness Calculation 28-Feb-2019 16:58:25
Fitness Calculated 28-Feb-2019 17:03:03
Iterating ...
  112         339000           14.05            19.1        0
SOSMC Active with PIDD - Starting Fitness Calculation 28-Feb-2019 17:03:10
Fitness Calculated 28-Feb-2019 17:07:55
Iterating ...
  113         342000           14.14           19.16        1
SOSMC Active with PIDD - Starting Fitness Calculation 28-Feb-2019 17:08:02
Fitness Calculated 28-Feb-2019 17:12:59
Iterating ...
  114         345000           14.03           19.19        0
SOSMC Active with PIDD - Starting Fitness Calculation 28-Feb-2019 17:13:05
Fitness Calculated 28-Feb-2019 17:17:49
Iterating ...
  115         348000           14.15           19.13        1
SOSMC Active with PIDD - Starting Fitness Calculation 28-Feb-2019 17:17:56
Fitness Calculated 28-Feb-2019 17:22:45
Iterating ...
  116         351000           13.63           19.19        0
SOSMC Active with PIDD - Starting Fitness Calculation 28-Feb-2019 17:22:52
Fitness Calculated 28-Feb-2019 17:27:37
Iterating ...
  117         354000           13.91           19.15        1
SOSMC Active with PIDD - Starting Fitness Calculation 28-Feb-2019 17:27:44
Fitness Calculated 28-Feb-2019 17:32:29
Iterating ...
  118         357000           14.35           19.23        2
SOSMC Active with PIDD - Starting Fitness Calculation 28-Feb-2019 17:32:37
Fitness Calculated 28-Feb-2019 17:37:27
Iterating ...
  119         360000           13.74           19.12        0
SOSMC Active with PIDD - Starting Fitness Calculation 28-Feb-2019 17:37:35
Fitness Calculated 28-Feb-2019 17:42:19
Iterating ...
  120         363000           14.08           19.16        1

                               Best           Mean      Stall
Generation      f-count        f(x)           f(x)    Generations
SOSMC Active with PIDD - Starting Fitness Calculation 28-Feb-2019 17:42:27
Fitness Calculated 28-Feb-2019 17:47:10
Iterating ...
  121         366000           13.99            19.1        0
SOSMC Active with PIDD - Starting Fitness Calculation 28-Feb-2019 17:47:17
Fitness Calculated 28-Feb-2019 17:51:56
Iterating ...
  122         369000           14.03           19.04        1
SOSMC Active with PIDD - Starting Fitness Calculation 28-Feb-2019 17:52:03
Fitness Calculated 28-Feb-2019 17:56:42
Iterating ...
  123         372000           14.15           19.15        2
SOSMC Active with PIDD - Starting Fitness Calculation 28-Feb-2019 17:56:50
Fitness Calculated 28-Feb-2019 18:01:39
Iterating ...
  124         375000           14.14           19.16        0
SOSMC Active with PIDD - Starting Fitness Calculation 28-Feb-2019 18:01:47
Fitness Calculated 28-Feb-2019 18:06:35
Iterating ...
  125         378000           14.21           19.13        1
SOSMC Active with PIDD - Starting Fitness Calculation 28-Feb-2019 18:06:42
Fitness Calculated 28-Feb-2019 18:11:27
Iterating ...
  126         381000           14.25           19.07        2
SOSMC Active with PIDD - Starting Fitness Calculation 28-Feb-2019 18:11:35
Fitness Calculated 28-Feb-2019 18:16:25
Iterating ...
  127         384000           13.98           19.07        0
SOSMC Active with PIDD - Starting Fitness Calculation 28-Feb-2019 18:16:33
Fitness Calculated 28-Feb-2019 18:21:23
Iterating ...
  128         387000           13.79              19        0
SOSMC Active with PIDD - Starting Fitness Calculation 28-Feb-2019 18:21:31
Fitness Calculated 28-Feb-2019 18:26:20
Iterating ...
  129         390000           14.16           19.04        1
SOSMC Active with PIDD - Starting Fitness Calculation 28-Feb-2019 18:26:27
Fitness Calculated 28-Feb-2019 18:31:20
Iterating ...
  130         393000           13.97           19.05        0
SOSMC Active with PIDD - Starting Fitness Calculation 28-Feb-2019 18:31:28
Fitness Calculated 28-Feb-2019 18:36:11
Iterating ...
  131         396000           13.98           19.04        1
SOSMC Active with PIDD - Starting Fitness Calculation 28-Feb-2019 18:36:19
Fitness Calculated 28-Feb-2019 18:41:08
Iterating ...
  132         399000           13.95           19.19        0
SOSMC Active with PIDD - Starting Fitness Calculation 28-Feb-2019 18:41:16
Fitness Calculated 28-Feb-2019 18:46:05
Iterating ...
  133         402000           14.02           19.11        1
SOSMC Active with PIDD - Starting Fitness Calculation 28-Feb-2019 18:46:13
Fitness Calculated 28-Feb-2019 18:50:58
Iterating ...
  134         405000           14.23           19.04        2
SOSMC Active with PIDD - Starting Fitness Calculation 28-Feb-2019 18:51:06
Fitness Calculated 28-Feb-2019 18:55:45
Iterating ...
  135         408000           14.01           19.02        0
SOSMC Active with PIDD - Starting Fitness Calculation 28-Feb-2019 18:55:54
Fitness Calculated 28-Feb-2019 19:00:39
Iterating ...
  136         411000           13.87           19.03        0
SOSMC Active with PIDD - Starting Fitness Calculation 28-Feb-2019 19:00:47
Fitness Calculated 28-Feb-2019 19:05:32
Iterating ...
  137         414000            14.2           18.95        1
SOSMC Active with PIDD - Starting Fitness Calculation 28-Feb-2019 19:05:40
Fitness Calculated 28-Feb-2019 19:10:25
Iterating ...
  138         417000           14.02           19.01        0
SOSMC Active with PIDD - Starting Fitness Calculation 28-Feb-2019 19:10:34
Fitness Calculated 28-Feb-2019 19:15:21
Iterating ...
  139         420000           13.97           18.93        0
SOSMC Active with PIDD - Starting Fitness Calculation 28-Feb-2019 19:15:29
Fitness Calculated 28-Feb-2019 19:20:05
Iterating ...
  140         423000           13.87           18.93        0
SOSMC Active with PIDD - Starting Fitness Calculation 28-Feb-2019 19:20:13
Fitness Calculated 28-Feb-2019 19:25:08
Iterating ...
  141         426000           14.01              19        1
SOSMC Active with PIDD - Starting Fitness Calculation 28-Feb-2019 19:25:17
Fitness Calculated 28-Feb-2019 19:30:01
Iterating ...
  142         429000           13.92           18.97        0
SOSMC Active with PIDD - Starting Fitness Calculation 28-Feb-2019 19:30:10
Fitness Calculated 28-Feb-2019 19:34:58
Iterating ...
  143         432000           14.11           19.01        1
SOSMC Active with PIDD - Starting Fitness Calculation 28-Feb-2019 19:35:07
Fitness Calculated 28-Feb-2019 19:39:52
Iterating ...
  144         435000           14.32           19.06        2
SOSMC Active with PIDD - Starting Fitness Calculation 28-Feb-2019 19:40:01
Fitness Calculated 28-Feb-2019 19:44:43
Iterating ...
  145         438000           14.26            19.1        0
SOSMC Active with PIDD - Starting Fitness Calculation 28-Feb-2019 19:44:51
Fitness Calculated 28-Feb-2019 19:49:43
Iterating ...
  146         441000           14.14            19.1        0
SOSMC Active with PIDD - Starting Fitness Calculation 28-Feb-2019 19:49:52
Fitness Calculated 28-Feb-2019 19:54:39
Iterating ...
  147         444000            14.3           19.06        1
SOSMC Active with PIDD - Starting Fitness Calculation 28-Feb-2019 19:54:48
Fitness Calculated 28-Feb-2019 19:59:40
Iterating ...
  148         447000           14.36           19.06        2
SOSMC Active with PIDD - Starting Fitness Calculation 28-Feb-2019 19:59:49
Fitness Calculated 28-Feb-2019 20:04:35
Iterating ...
  149         450000           14.34           19.09        0
SOSMC Active with PIDD - Starting Fitness Calculation 28-Feb-2019 20:04:44
Fitness Calculated 28-Feb-2019 20:09:28
Iterating ...
  150         453000            14.1           18.95        0
Optimization terminated: maximum number of generations exceeded.
Performing final task
Parallel pool using the 'ClusterPandora' profile is shutting down.
Starting parallel pool (parpool) using the 'ClusterPandora' profile ... connected to 80 workers.
SOSMC Active Direct - Starting Fitness Calculation 28-Feb-2019 20:10:01
Analyzing and transferring files to the workers ...done.
Fitness Calculated 28-Feb-2019 20:14:02
Starting the algorithm

                               Best           Mean      Stall
Generation      f-count        f(x)           f(x)    Generations
SOSMC Active Direct - Starting Fitness Calculation 28-Feb-2019 20:14:02
Fitness Calculated 28-Feb-2019 20:18:07
Iterating ...
    1          6000            9.92           26.14        0
SOSMC Active Direct - Starting Fitness Calculation 28-Feb-2019 20:18:07
Fitness Calculated 28-Feb-2019 20:22:24
Iterating ...
    2          9000           8.062           25.45        0
SOSMC Active Direct - Starting Fitness Calculation 28-Feb-2019 20:22:25
Fitness Calculated 28-Feb-2019 20:28:11
Iterating ...
    3         12000            7.76           24.57        0
SOSMC Active Direct - Starting Fitness Calculation 28-Feb-2019 20:28:12
Fitness Calculated 28-Feb-2019 20:39:20
Iterating ...
    4         15000           6.337           23.62        0
SOSMC Active Direct - Starting Fitness Calculation 28-Feb-2019 20:39:21
Fitness Calculated 28-Feb-2019 20:53:25
Iterating ...
    5         18000           6.563           22.48        1
SOSMC Active Direct - Starting Fitness Calculation 28-Feb-2019 20:53:26
Fitness Calculated 28-Feb-2019 21:09:35
Iterating ...
    6         21000           5.906           21.21        0
SOSMC Active Direct - Starting Fitness Calculation 28-Feb-2019 21:09:37
Fitness Calculated 28-Feb-2019 21:27:23
Iterating ...
    7         24000           4.846           20.07        0
SOSMC Active Direct - Starting Fitness Calculation 28-Feb-2019 21:27:25
Fitness Calculated 28-Feb-2019 21:46:10
Iterating ...
    8         27000            3.96           18.91        0
SOSMC Active Direct - Starting Fitness Calculation 28-Feb-2019 21:46:12
Fitness Calculated 28-Feb-2019 22:07:42
Iterating ...
    9         30000           2.913           17.82        0
SOSMC Active Direct - Starting Fitness Calculation 28-Feb-2019 22:07:44
Fitness Calculated 28-Feb-2019 22:31:23
Iterating ...
   10         33000           2.841           16.93        0
SOSMC Active Direct - Starting Fitness Calculation 28-Feb-2019 22:31:26
Fitness Calculated 28-Feb-2019 22:57:42
Iterating ...
   11         36000           2.449            16.4        0
SOSMC Active Direct - Starting Fitness Calculation 28-Feb-2019 22:57:44
Fitness Calculated 28-Feb-2019 23:26:18
Iterating ...
   12         39000           2.291           16.04        0
SOSMC Active Direct - Starting Fitness Calculation 28-Feb-2019 23:26:20
Fitness Calculated 01-Mar-2019 00:00:05
Iterating ...
   13         42000           2.214           15.32        0
SOSMC Active Direct - Starting Fitness Calculation 01-Mar-2019 00:00:08
Fitness Calculated 01-Mar-2019 00:35:35
Iterating ...
   14         45000           2.185           14.94        0
SOSMC Active Direct - Starting Fitness Calculation 01-Mar-2019 00:35:38
Fitness Calculated 01-Mar-2019 01:12:43
Iterating ...
   15         48000           2.096           14.36        0
SOSMC Active Direct - Starting Fitness Calculation 01-Mar-2019 01:12:46
Fitness Calculated 01-Mar-2019 01:51:09
Iterating ...
   16         51000           1.994           14.04        0
SOSMC Active Direct - Starting Fitness Calculation 01-Mar-2019 01:51:12
Fitness Calculated 01-Mar-2019 02:30:23
Iterating ...
   17         54000           1.984           13.66        0
SOSMC Active Direct - Starting Fitness Calculation 01-Mar-2019 02:30:26
Fitness Calculated 01-Mar-2019 03:10:43
Iterating ...
   18         57000            1.97           13.53        0
SOSMC Active Direct - Starting Fitness Calculation 01-Mar-2019 03:10:46
Fitness Calculated 01-Mar-2019 03:52:16
Iterating ...
   19         60000           1.951           13.29        0
SOSMC Active Direct - Starting Fitness Calculation 01-Mar-2019 03:52:19
Fitness Calculated 01-Mar-2019 04:33:14
Iterating ...
   20         63000           1.947           13.16        0
SOSMC Active Direct - Starting Fitness Calculation 01-Mar-2019 04:33:18
Fitness Calculated 01-Mar-2019 05:15:05
Iterating ...
   21         66000           1.907           13.09        0
SOSMC Active Direct - Starting Fitness Calculation 01-Mar-2019 05:15:09
Fitness Calculated 01-Mar-2019 05:56:39
Iterating ...
   22         69000            1.91           13.46        1
SOSMC Active Direct - Starting Fitness Calculation 01-Mar-2019 05:56:43
Fitness Calculated 01-Mar-2019 06:38:17
Iterating ...
   23         72000           1.865           13.39        0
SOSMC Active Direct - Starting Fitness Calculation 01-Mar-2019 06:38:21
Fitness Calculated 01-Mar-2019 07:20:14
Iterating ...
   24         75000           1.881           13.25        1
SOSMC Active Direct - Starting Fitness Calculation 01-Mar-2019 07:20:18
Fitness Calculated 01-Mar-2019 08:01:57
Iterating ...
   25         78000           1.884           12.99        2
SOSMC Active Direct - Starting Fitness Calculation 01-Mar-2019 08:02:01
Fitness Calculated 01-Mar-2019 08:43:53
Iterating ...
   26         81000           1.853           12.68        0
SOSMC Active Direct - Starting Fitness Calculation 01-Mar-2019 08:43:57
Fitness Calculated 01-Mar-2019 09:26:22
Iterating ...
   27         84000           1.875           12.63        1
SOSMC Active Direct - Starting Fitness Calculation 01-Mar-2019 09:26:26
Fitness Calculated 01-Mar-2019 10:09:44
Iterating ...
   28         87000           1.857           12.77        0
SOSMC Active Direct - Starting Fitness Calculation 01-Mar-2019 10:09:49
Fitness Calculated 01-Mar-2019 10:54:38
Iterating ...
   29         90000           1.865           12.46        1
SOSMC Active Direct - Starting Fitness Calculation 01-Mar-2019 10:54:42
Fitness Calculated 01-Mar-2019 11:39:08
Iterating ...
   30         93000            1.82           12.45        0

                               Best           Mean      Stall
Generation      f-count        f(x)           f(x)    Generations
SOSMC Active Direct - Starting Fitness Calculation 01-Mar-2019 11:39:13
Fitness Calculated 01-Mar-2019 12:22:38
Iterating ...
   31         96000           1.834           12.52        1
SOSMC Active Direct - Starting Fitness Calculation 01-Mar-2019 12:22:43
Fitness Calculated 01-Mar-2019 13:05:45
Iterating ...
   32         99000           1.834           12.33        2
SOSMC Active Direct - Starting Fitness Calculation 01-Mar-2019 13:05:50
Fitness Calculated 01-Mar-2019 13:49:59
Iterating ...
   33         102000           1.844           12.32        3
SOSMC Active Direct - Starting Fitness Calculation 01-Mar-2019 13:50:04
Fitness Calculated 01-Mar-2019 14:34:44
Iterating ...
   34         105000           1.834            12.4        0
SOSMC Active Direct - Starting Fitness Calculation 01-Mar-2019 14:34:50
Fitness Calculated 01-Mar-2019 15:18:40
Iterating ...
   35         108000           1.826           12.24        0
SOSMC Active Direct - Starting Fitness Calculation 01-Mar-2019 15:18:46
Fitness Calculated 01-Mar-2019 16:03:00
Iterating ...
   36         111000           1.828           12.49        1
SOSMC Active Direct - Starting Fitness Calculation 01-Mar-2019 16:03:06
Fitness Calculated 01-Mar-2019 16:46:26
Iterating ...
   37         114000           1.812            12.4        0
SOSMC Active Direct - Starting Fitness Calculation 01-Mar-2019 16:46:32
Fitness Calculated 01-Mar-2019 17:29:02
Iterating ...
   38         117000           1.802           12.69        0
SOSMC Active Direct - Starting Fitness Calculation 01-Mar-2019 17:29:08
Fitness Calculated 01-Mar-2019 18:12:16
Iterating ...
   39         120000           1.795           12.43        0
SOSMC Active Direct - Starting Fitness Calculation 01-Mar-2019 18:12:22
Fitness Calculated 01-Mar-2019 18:55:53
Iterating ...
   40         123000           1.781           12.35        0
SOSMC Active Direct - Starting Fitness Calculation 01-Mar-2019 18:55:59
Fitness Calculated 01-Mar-2019 19:40:45
Iterating ...
   41         126000           1.781           12.45        1
SOSMC Active Direct - Starting Fitness Calculation 01-Mar-2019 19:40:52
Fitness Calculated 01-Mar-2019 20:24:20
Iterating ...
   42         129000           1.787           12.29        2
SOSMC Active Direct - Starting Fitness Calculation 01-Mar-2019 20:24:27
Fitness Calculated 01-Mar-2019 21:07:50
Iterating ...
   43         132000           1.778            12.4        0
SOSMC Active Direct - Starting Fitness Calculation 01-Mar-2019 21:07:57
Fitness Calculated 01-Mar-2019 21:51:58
Iterating ...
   44         135000           1.787           12.53        1
SOSMC Active Direct - Starting Fitness Calculation 01-Mar-2019 21:52:05
Fitness Calculated 01-Mar-2019 22:35:56
Iterating ...
   45         138000           1.785           12.54        0
SOSMC Active Direct - Starting Fitness Calculation 01-Mar-2019 22:36:03
Fitness Calculated 01-Mar-2019 23:20:41
Iterating ...
   46         141000           1.787            12.5        1
SOSMC Active Direct - Starting Fitness Calculation 01-Mar-2019 23:20:49
Fitness Calculated 02-Mar-2019 00:03:54
Iterating ...
   47         144000           1.776           12.55        0
SOSMC Active Direct - Starting Fitness Calculation 02-Mar-2019 00:04:02
Fitness Calculated 02-Mar-2019 00:48:01
Iterating ...
   48         147000           1.756           12.33        0
SOSMC Active Direct - Starting Fitness Calculation 02-Mar-2019 00:48:09
Fitness Calculated 02-Mar-2019 01:31:54
Iterating ...
   49         150000           1.758           12.65        1
SOSMC Active Direct - Starting Fitness Calculation 02-Mar-2019 01:32:02
Fitness Calculated 02-Mar-2019 02:14:42
Iterating ...
   50         153000           1.756           12.78        0
SOSMC Active Direct - Starting Fitness Calculation 02-Mar-2019 02:14:50
Fitness Calculated 02-Mar-2019 02:56:27
Iterating ...
   51         156000           1.722           12.97        0
SOSMC Active Direct - Starting Fitness Calculation 02-Mar-2019 02:56:36
Fitness Calculated 02-Mar-2019 03:39:26
Iterating ...
   52         159000           1.729           12.86        1
SOSMC Active Direct - Starting Fitness Calculation 02-Mar-2019 03:39:34
Fitness Calculated 02-Mar-2019 04:21:50
Iterating ...
   53         162000           1.727           12.57        0
SOSMC Active Direct - Starting Fitness Calculation 02-Mar-2019 04:21:58
Fitness Calculated 02-Mar-2019 05:05:41
Iterating ...
   54         165000           1.725           12.32        0
SOSMC Active Direct - Starting Fitness Calculation 02-Mar-2019 05:05:50
Fitness Calculated 02-Mar-2019 05:49:35
Iterating ...
   55         168000           1.737           12.38        1
SOSMC Active Direct - Starting Fitness Calculation 02-Mar-2019 05:49:43
Fitness Calculated 02-Mar-2019 06:32:52
Iterating ...
   56         171000           1.727           12.61        0
SOSMC Active Direct - Starting Fitness Calculation 02-Mar-2019 06:33:01
Fitness Calculated 02-Mar-2019 07:15:51
Iterating ...
   57         174000           1.723           12.52        0
SOSMC Active Direct - Starting Fitness Calculation 02-Mar-2019 07:16:00
Fitness Calculated 02-Mar-2019 07:58:51
Iterating ...
   58         177000           1.701           12.54        0
SOSMC Active Direct - Starting Fitness Calculation 02-Mar-2019 07:59:00
Fitness Calculated 02-Mar-2019 08:43:07
Iterating ...
   59         180000           1.706           12.53        1
SOSMC Active Direct - Starting Fitness Calculation 02-Mar-2019 08:43:17
Fitness Calculated 02-Mar-2019 09:25:41
Iterating ...
   60         183000           1.689           12.69        0

                               Best           Mean      Stall
Generation      f-count        f(x)           f(x)    Generations
SOSMC Active Direct - Starting Fitness Calculation 02-Mar-2019 09:25:50
Fitness Calculated 02-Mar-2019 10:07:52
Iterating ...
   61         186000            1.71            12.8        1
SOSMC Active Direct - Starting Fitness Calculation 02-Mar-2019 10:08:03
Fitness Calculated 02-Mar-2019 10:50:58
Iterating ...
   62         189000           1.706           12.74        0
SOSMC Active Direct - Starting Fitness Calculation 02-Mar-2019 10:51:08
Fitness Calculated 02-Mar-2019 11:34:29
Iterating ...
   63         192000           1.702            12.7        0
SOSMC Active Direct - Starting Fitness Calculation 02-Mar-2019 11:34:39
Fitness Calculated 02-Mar-2019 12:18:09
Iterating ...
   64         195000           1.707           12.71        1
SOSMC Active Direct - Starting Fitness Calculation 02-Mar-2019 12:18:19
Fitness Calculated 02-Mar-2019 13:01:08
Iterating ...
   65         198000           1.698           12.99        0
SOSMC Active Direct - Starting Fitness Calculation 02-Mar-2019 13:01:18
Fitness Calculated 02-Mar-2019 13:43:13
Iterating ...
   66         201000           1.685           12.77        0
SOSMC Active Direct - Starting Fitness Calculation 02-Mar-2019 13:43:24
Fitness Calculated 02-Mar-2019 14:27:29
Iterating ...
   67         204000           1.702           12.94        1
SOSMC Active Direct - Starting Fitness Calculation 02-Mar-2019 14:27:39
Fitness Calculated 02-Mar-2019 15:08:36
Iterating ...
   68         207000           1.697           13.22        0
SOSMC Active Direct - Starting Fitness Calculation 02-Mar-2019 15:08:47
Fitness Calculated 02-Mar-2019 15:51:05
Iterating ...
   69         210000           1.697           12.91        0
SOSMC Active Direct - Starting Fitness Calculation 02-Mar-2019 15:51:16
Fitness Calculated 02-Mar-2019 16:33:19
Iterating ...
   70         213000           1.685           13.04        0
SOSMC Active Direct - Starting Fitness Calculation 02-Mar-2019 16:33:30
Fitness Calculated 02-Mar-2019 17:15:10
Iterating ...
   71         216000           1.692           12.95        1
SOSMC Active Direct - Starting Fitness Calculation 02-Mar-2019 17:15:22
Fitness Calculated 02-Mar-2019 17:55:58
Iterating ...
   72         219000           1.681           13.16        0
SOSMC Active Direct - Starting Fitness Calculation 02-Mar-2019 17:56:10
Fitness Calculated 02-Mar-2019 18:38:08
Iterating ...
   73         222000           1.684            13.2        1
SOSMC Active Direct - Starting Fitness Calculation 02-Mar-2019 18:38:20
Fitness Calculated 02-Mar-2019 19:19:59
Iterating ...
   74         225000           1.677           13.11        0
SOSMC Active Direct - Starting Fitness Calculation 02-Mar-2019 19:20:11
Fitness Calculated 02-Mar-2019 20:01:48
Iterating ...
   75         228000           1.671           13.18        0
SOSMC Active Direct - Starting Fitness Calculation 02-Mar-2019 20:02:00
Fitness Calculated 02-Mar-2019 20:43:41
Iterating ...
   76         231000           1.678           13.29        1
SOSMC Active Direct - Starting Fitness Calculation 02-Mar-2019 20:43:54
Fitness Calculated 02-Mar-2019 21:26:15
Iterating ...
   77         234000           1.674           13.09        0
SOSMC Active Direct - Starting Fitness Calculation 02-Mar-2019 21:26:27
Fitness Calculated 02-Mar-2019 22:09:15
Iterating ...
   78         237000           1.671           13.14        0
SOSMC Active Direct - Starting Fitness Calculation 02-Mar-2019 22:09:28
Fitness Calculated 02-Mar-2019 22:53:43
Iterating ...
   79         240000            1.67           12.99        0
SOSMC Active Direct - Starting Fitness Calculation 02-Mar-2019 22:53:56
Fitness Calculated 02-Mar-2019 23:37:09
Iterating ...
   80         243000           1.663           13.13        0
SOSMC Active Direct - Starting Fitness Calculation 02-Mar-2019 23:37:21
Fitness Calculated 03-Mar-2019 00:19:30
Iterating ...
   81         246000           1.661           13.34        0
SOSMC Active Direct - Starting Fitness Calculation 03-Mar-2019 00:19:42
Fitness Calculated 03-Mar-2019 01:02:24
Iterating ...
   82         249000           1.655            13.2        0
SOSMC Active Direct - Starting Fitness Calculation 03-Mar-2019 01:02:37
Fitness Calculated 03-Mar-2019 01:44:55
Iterating ...
   83         252000           1.664           12.83        1
SOSMC Active Direct - Starting Fitness Calculation 03-Mar-2019 01:45:09
Fitness Calculated 03-Mar-2019 02:28:26
Iterating ...
   84         255000           1.648           13.17        0
SOSMC Active Direct - Starting Fitness Calculation 03-Mar-2019 02:28:39
Fitness Calculated 03-Mar-2019 03:11:28
Iterating ...
   85         258000           1.659           13.31        1
SOSMC Active Direct - Starting Fitness Calculation 03-Mar-2019 03:11:42
Fitness Calculated 03-Mar-2019 03:54:54
Iterating ...
   86         261000           1.653           13.41        0
SOSMC Active Direct - Starting Fitness Calculation 03-Mar-2019 03:55:07
Fitness Calculated 03-Mar-2019 04:37:43
Iterating ...
   87         264000           1.653           13.29        0
SOSMC Active Direct - Starting Fitness Calculation 03-Mar-2019 04:37:57
Fitness Calculated 03-Mar-2019 05:19:40
Iterating ...
   88         267000           1.646           13.23        0
SOSMC Active Direct - Starting Fitness Calculation 03-Mar-2019 05:19:54
Fitness Calculated 03-Mar-2019 06:02:20
Iterating ...
   89         270000           1.649           13.08        1
SOSMC Active Direct - Starting Fitness Calculation 03-Mar-2019 06:02:34
Fitness Calculated 03-Mar-2019 06:44:41
Iterating ...
   90         273000           1.647           13.23        0

                               Best           Mean      Stall
Generation      f-count        f(x)           f(x)    Generations
SOSMC Active Direct - Starting Fitness Calculation 03-Mar-2019 06:44:55
Fitness Calculated 03-Mar-2019 07:27:03
Iterating ...
   91         276000           1.645            13.2        0
SOSMC Active Direct - Starting Fitness Calculation 03-Mar-2019 07:27:17
Fitness Calculated 03-Mar-2019 08:08:51
Iterating ...
   92         279000           1.641           13.41        0
SOSMC Active Direct - Starting Fitness Calculation 03-Mar-2019 08:09:06
Fitness Calculated 03-Mar-2019 08:51:39
Iterating ...
   93         282000           1.636            13.3        0
SOSMC Active Direct - Starting Fitness Calculation 03-Mar-2019 08:51:53
Fitness Calculated 03-Mar-2019 09:35:52
Iterating ...
   94         285000           1.637            13.2        1
SOSMC Active Direct - Starting Fitness Calculation 03-Mar-2019 09:36:06
Fitness Calculated 03-Mar-2019 10:18:51
Iterating ...
   95         288000           1.632           13.21        0
SOSMC Active Direct - Starting Fitness Calculation 03-Mar-2019 10:19:06
Fitness Calculated 03-Mar-2019 11:02:09
Iterating ...
   96         291000           1.627           13.28        0
SOSMC Active Direct - Starting Fitness Calculation 03-Mar-2019 11:02:24
Fitness Calculated 03-Mar-2019 11:44:48
Iterating ...
   97         294000           1.634           13.44        1
SOSMC Active Direct - Starting Fitness Calculation 03-Mar-2019 11:45:03
Fitness Calculated 03-Mar-2019 12:27:42
Iterating ...
   98         297000           1.626           13.19        0
SOSMC Active Direct - Starting Fitness Calculation 03-Mar-2019 12:27:57
Fitness Calculated 03-Mar-2019 13:10:15
Iterating ...
   99         300000           1.629           13.02        1
SOSMC Active Direct - Starting Fitness Calculation 03-Mar-2019 13:10:31
Fitness Calculated 03-Mar-2019 13:52:42
Iterating ...
  100         303000           1.626           13.19        0
SOSMC Active Direct - Starting Fitness Calculation 03-Mar-2019 13:52:57
Fitness Calculated 03-Mar-2019 14:35:13
Iterating ...
  101         306000           1.618           13.21        0
SOSMC Active Direct - Starting Fitness Calculation 03-Mar-2019 14:35:28
Fitness Calculated 03-Mar-2019 15:19:35
Iterating ...
  102         309000           1.622           13.54        1
SOSMC Active Direct - Starting Fitness Calculation 03-Mar-2019 15:19:51
Fitness Calculated 03-Mar-2019 16:02:49
Iterating ...
  103         312000           1.621           13.45        0
SOSMC Active Direct - Starting Fitness Calculation 03-Mar-2019 16:03:05
Fitness Calculated 03-Mar-2019 16:45:47
Iterating ...
  104         315000           1.621           13.29        0
SOSMC Active Direct - Starting Fitness Calculation 03-Mar-2019 16:46:03
Fitness Calculated 03-Mar-2019 17:28:15
Iterating ...
  105         318000            1.62           13.29        0
SOSMC Active Direct - Starting Fitness Calculation 03-Mar-2019 17:28:32
Fitness Calculated 03-Mar-2019 18:10:36
Iterating ...
  106         321000           1.614            13.4        0
SOSMC Active Direct - Starting Fitness Calculation 03-Mar-2019 18:10:53
Fitness Calculated 03-Mar-2019 18:52:50
Iterating ...
  107         324000           1.617           13.46        1
SOSMC Active Direct - Starting Fitness Calculation 03-Mar-2019 18:53:07
Fitness Calculated 03-Mar-2019 19:35:56
Iterating ...
  108         327000           1.615           13.26        0
SOSMC Active Direct - Starting Fitness Calculation 03-Mar-2019 19:36:12
Fitness Calculated 03-Mar-2019 20:17:37
Iterating ...
  109         330000           1.618           13.47        1
SOSMC Active Direct - Starting Fitness Calculation 03-Mar-2019 20:17:54
Fitness Calculated 03-Mar-2019 20:59:53
Iterating ...
  110         333000           1.616           13.27        0
SOSMC Active Direct - Starting Fitness Calculation 03-Mar-2019 21:00:10
Fitness Calculated 03-Mar-2019 21:42:40
Iterating ...
  111         336000           1.613           13.34        0
SOSMC Active Direct - Starting Fitness Calculation 03-Mar-2019 21:42:58
Fitness Calculated 03-Mar-2019 22:24:57
Iterating ...
  112         339000            1.61           13.39        0
SOSMC Active Direct - Starting Fitness Calculation 03-Mar-2019 22:25:14
Fitness Calculated 03-Mar-2019 23:08:35
Iterating ...
  113         342000           1.612           13.55        1
SOSMC Active Direct - Starting Fitness Calculation 03-Mar-2019 23:08:53
Fitness Calculated 03-Mar-2019 23:51:50
Iterating ...
  114         345000            1.61           13.57        0
SOSMC Active Direct - Starting Fitness Calculation 03-Mar-2019 23:52:07
Fitness Calculated 04-Mar-2019 00:32:42
Iterating ...
  115         348000            1.61           13.64        1
SOSMC Active Direct - Starting Fitness Calculation 04-Mar-2019 00:33:00
Fitness Calculated 04-Mar-2019 01:13:24
Iterating ...
  116         351000           1.605           13.93        0
SOSMC Active Direct - Starting Fitness Calculation 04-Mar-2019 01:13:42
Fitness Calculated 04-Mar-2019 01:53:25
Iterating ...
  117         354000           1.609           13.92        1
SOSMC Active Direct - Starting Fitness Calculation 04-Mar-2019 01:53:43
Fitness Calculated 04-Mar-2019 02:37:36
Iterating ...
  118         357000           1.609           13.62        0
SOSMC Active Direct - Starting Fitness Calculation 04-Mar-2019 02:37:54
Fitness Calculated 04-Mar-2019 03:20:11
Iterating ...
  119         360000           1.608           13.52        0
SOSMC Active Direct - Starting Fitness Calculation 04-Mar-2019 03:20:30
Fitness Calculated 04-Mar-2019 04:02:22
Iterating ...
  120         363000            1.61            13.6        1

                               Best           Mean      Stall
Generation      f-count        f(x)           f(x)    Generations
SOSMC Active Direct - Starting Fitness Calculation 04-Mar-2019 04:02:40
Fitness Calculated 04-Mar-2019 04:44:40
Iterating ...
  121         366000           1.607           13.38        0
SOSMC Active Direct - Starting Fitness Calculation 04-Mar-2019 04:44:58
Fitness Calculated 04-Mar-2019 05:26:43
Iterating ...
  122         369000           1.609           13.66        1
SOSMC Active Direct - Starting Fitness Calculation 04-Mar-2019 05:27:02
Fitness Calculated 04-Mar-2019 06:08:47
Iterating ...
  123         372000           1.607           13.77        0
SOSMC Active Direct - Starting Fitness Calculation 04-Mar-2019 06:09:06
Fitness Calculated 04-Mar-2019 06:51:29
Iterating ...
  124         375000           1.608           13.47        1
SOSMC Active Direct - Starting Fitness Calculation 04-Mar-2019 06:51:48
Fitness Calculated 04-Mar-2019 07:32:10
Iterating ...
  125         378000           1.607           13.75        0
SOSMC Active Direct - Starting Fitness Calculation 04-Mar-2019 07:32:29
Fitness Calculated 04-Mar-2019 08:14:25
Iterating ...
  126         381000           1.605           13.32        0
SOSMC Active Direct - Starting Fitness Calculation 04-Mar-2019 08:14:44
Fitness Calculated 04-Mar-2019 08:56:49
Iterating ...
  127         384000           1.604           13.49        0
SOSMC Active Direct - Starting Fitness Calculation 04-Mar-2019 08:57:08
Fitness Calculated 04-Mar-2019 09:38:41
Iterating ...
  128         387000           1.605           13.39        1
SOSMC Active Direct - Starting Fitness Calculation 04-Mar-2019 09:39:01
Fitness Calculated 04-Mar-2019 10:21:12
Iterating ...
  129         390000           1.602           13.39        0
SOSMC Active Direct - Starting Fitness Calculation 04-Mar-2019 10:21:32
Fitness Calculated 04-Mar-2019 11:04:48
Iterating ...
  130         393000           1.603           13.36        1
SOSMC Active Direct - Starting Fitness Calculation 04-Mar-2019 11:05:07
Fitness Calculated 04-Mar-2019 11:47:46
Iterating ...
  131         396000             1.6            13.5        0
SOSMC Active Direct - Starting Fitness Calculation 04-Mar-2019 11:48:06
Fitness Calculated 04-Mar-2019 12:30:30
Iterating ...
  132         399000           1.601           13.54        1
SOSMC Active Direct - Starting Fitness Calculation 04-Mar-2019 12:30:51
Fitness Calculated 04-Mar-2019 13:13:00
Iterating ...
  133         402000             1.6           13.39        0
SOSMC Active Direct - Starting Fitness Calculation 04-Mar-2019 13:13:20
Fitness Calculated 04-Mar-2019 13:55:22
Iterating ...
  134         405000           1.603           13.62        1
SOSMC Active Direct - Starting Fitness Calculation 04-Mar-2019 13:55:42
Fitness Calculated 04-Mar-2019 14:37:40
Iterating ...
  135         408000           1.601           13.72        0
SOSMC Active Direct - Starting Fitness Calculation 04-Mar-2019 14:38:00
Fitness Calculated 04-Mar-2019 15:19:44
Iterating ...
  136         411000           1.601           13.81        0
SOSMC Active Direct - Starting Fitness Calculation 04-Mar-2019 15:20:04
Fitness Calculated 04-Mar-2019 16:02:32
Iterating ...
  137         414000           1.599           13.75        0
SOSMC Active Direct - Starting Fitness Calculation 04-Mar-2019 16:02:53
Fitness Calculated 04-Mar-2019 16:45:38
Iterating ...
  138         417000           1.598           13.44        0
SOSMC Active Direct - Starting Fitness Calculation 04-Mar-2019 16:45:59
Fitness Calculated 04-Mar-2019 17:28:31
Iterating ...
  139         420000             1.6           13.51        1
SOSMC Active Direct - Starting Fitness Calculation 04-Mar-2019 17:28:52
Fitness Calculated 04-Mar-2019 18:11:20
Iterating ...
  140         423000           1.599           13.58        0
SOSMC Active Direct - Starting Fitness Calculation 04-Mar-2019 18:11:41
Fitness Calculated 04-Mar-2019 18:54:20
Iterating ...
  141         426000           1.598           13.45        0
SOSMC Active Direct - Starting Fitness Calculation 04-Mar-2019 18:54:41
Fitness Calculated 04-Mar-2019 19:36:22
Iterating ...
  142         429000           1.598           13.75        0
SOSMC Active Direct - Starting Fitness Calculation 04-Mar-2019 19:36:43
Fitness Calculated 04-Mar-2019 20:16:50
Iterating ...
  143         432000           1.598           13.58        0
SOSMC Active Direct - Starting Fitness Calculation 04-Mar-2019 20:17:12
Fitness Calculated 04-Mar-2019 20:58:41
Iterating ...
  144         435000           1.598           13.83        1
SOSMC Active Direct - Starting Fitness Calculation 04-Mar-2019 20:59:03
Fitness Calculated 04-Mar-2019 21:40:33
Iterating ...
  145         438000           1.598           13.68        2
SOSMC Active Direct - Starting Fitness Calculation 04-Mar-2019 21:40:55
Fitness Calculated 04-Mar-2019 22:22:31
Iterating ...
  146         441000           1.595           13.69        0
SOSMC Active Direct - Starting Fitness Calculation 04-Mar-2019 22:22:53
Fitness Calculated 04-Mar-2019 23:03:56
Iterating ...
  147         444000           1.595           13.64        0
SOSMC Active Direct - Starting Fitness Calculation 04-Mar-2019 23:04:18
Fitness Calculated 04-Mar-2019 23:47:18
Iterating ...
  148         447000           1.596           13.47        1
SOSMC Active Direct - Starting Fitness Calculation 04-Mar-2019 23:47:41
Fitness Calculated 05-Mar-2019 00:28:48
Iterating ...
  149         450000           1.595           13.66        0
SOSMC Active Direct - Starting Fitness Calculation 05-Mar-2019 00:29:10
Fitness Calculated 05-Mar-2019 01:10:57
Iterating ...
  150         453000           1.591           13.55        0
Optimization terminated: maximum number of generations exceeded.
Performing final task
Parallel pool using the 'ClusterPandora' profile is shutting down.
Starting parallel pool (parpool) using the 'ClusterPandora' profile ... connected to 80 workers.
Markovian RLQ-R Active Modified - Starting Fitness Calculation 05-Mar-2019 01:11:57
Analyzing and transferring files to the workers ...done.
Fitness Calculated 05-Mar-2019 01:24:48
Starting the algorithm

                               Best           Mean      Stall
Generation      f-count        f(x)           f(x)    Generations
Markovian RLQ-R Active Modified - Starting Fitness Calculation 05-Mar-2019 01:24:48
Fitness Calculated 05-Mar-2019 01:37:38
Iterating ...
    1          6000           8.409           20.96        0
Markovian RLQ-R Active Modified - Starting Fitness Calculation 05-Mar-2019 01:37:39
Fitness Calculated 05-Mar-2019 01:54:24
Iterating ...
    2          9000           7.242           20.35        0
Markovian RLQ-R Active Modified - Starting Fitness Calculation 05-Mar-2019 01:54:26
Fitness Calculated 05-Mar-2019 02:19:17
Iterating ...
    3         12000           6.846           19.67        0
Markovian RLQ-R Active Modified - Starting Fitness Calculation 05-Mar-2019 02:19:19
Fitness Calculated 05-Mar-2019 02:45:43
Iterating ...
    4         15000            6.97           18.72        1
Markovian RLQ-R Active Modified - Starting Fitness Calculation 05-Mar-2019 02:45:45
Fitness Calculated 05-Mar-2019 03:16:36
Iterating ...
    5         18000           5.455            17.8        0
Markovian RLQ-R Active Modified - Starting Fitness Calculation 05-Mar-2019 03:16:38
Fitness Calculated 05-Mar-2019 03:49:19
Iterating ...
    6         21000            2.28           16.84        0
Markovian RLQ-R Active Modified - Starting Fitness Calculation 05-Mar-2019 03:49:22
Fitness Calculated 05-Mar-2019 04:25:27
Iterating ...
    7         24000           2.503           16.16        1
Markovian RLQ-R Active Modified - Starting Fitness Calculation 05-Mar-2019 04:25:30
Fitness Calculated 05-Mar-2019 05:09:20
Iterating ...
    8         27000            2.01           15.42        0
Markovian RLQ-R Active Modified - Starting Fitness Calculation 05-Mar-2019 05:09:23
Fitness Calculated 05-Mar-2019 06:01:53
Iterating ...
    9         30000           2.056           14.61        1
Markovian RLQ-R Active Modified - Starting Fitness Calculation 05-Mar-2019 06:01:56
Fitness Calculated 05-Mar-2019 07:01:16
Iterating ...
   10         33000           2.014            13.4        0
Markovian RLQ-R Active Modified - Starting Fitness Calculation 05-Mar-2019 07:01:20
Fitness Calculated 05-Mar-2019 08:06:55
Iterating ...
   11         36000           1.968           12.53        0
Markovian RLQ-R Active Modified - Starting Fitness Calculation 05-Mar-2019 08:06:59
Fitness Calculated 05-Mar-2019 09:17:04
Iterating ...
   12         39000           1.976           11.63        1
Markovian RLQ-R Active Modified - Starting Fitness Calculation 05-Mar-2019 09:17:08
Fitness Calculated 05-Mar-2019 10:32:34
Iterating ...
   13         42000           1.959           10.98        0
Markovian RLQ-R Active Modified - Starting Fitness Calculation 05-Mar-2019 10:32:39
Fitness Calculated 05-Mar-2019 11:50:13
Iterating ...
   14         45000           1.951           10.45        0
Markovian RLQ-R Active Modified - Starting Fitness Calculation 05-Mar-2019 11:50:18
Fitness Calculated 05-Mar-2019 13:12:25
Iterating ...
   15         48000           1.959           9.864        1
Markovian RLQ-R Active Modified - Starting Fitness Calculation 05-Mar-2019 13:12:30
Fitness Calculated 05-Mar-2019 14:35:27
Iterating ...
   16         51000           1.953           9.681        0
Markovian RLQ-R Active Modified - Starting Fitness Calculation 05-Mar-2019 14:35:32
Fitness Calculated 05-Mar-2019 15:59:33
Iterating ...
   17         54000           1.956           9.487        1
Markovian RLQ-R Active Modified - Starting Fitness Calculation 05-Mar-2019 15:59:39
Fitness Calculated 05-Mar-2019 17:24:18
Iterating ...
   18         57000           1.922           9.129        0
Markovian RLQ-R Active Modified - Starting Fitness Calculation 05-Mar-2019 17:24:23
Fitness Calculated 05-Mar-2019 18:49:53
Iterating ...
   19         60000           1.953           9.172        1
Markovian RLQ-R Active Modified - Starting Fitness Calculation 05-Mar-2019 18:49:58
Fitness Calculated 05-Mar-2019 20:16:49
Iterating ...
   20         63000           1.963           9.028        2
Markovian RLQ-R Active Modified - Starting Fitness Calculation 05-Mar-2019 20:16:55
Fitness Calculated 05-Mar-2019 21:45:53
Iterating ...
   21         66000           1.954           8.863        0
Markovian RLQ-R Active Modified - Starting Fitness Calculation 05-Mar-2019 21:46:00
Fitness Calculated 05-Mar-2019 23:15:59
Iterating ...
   22         69000           1.953           8.804        0
Markovian RLQ-R Active Modified - Starting Fitness Calculation 05-Mar-2019 23:16:05
Fitness Calculated 06-Mar-2019 00:44:30
Iterating ...
   23         72000           1.941           8.839        0
Markovian RLQ-R Active Modified - Starting Fitness Calculation 06-Mar-2019 00:44:37
Fitness Calculated 06-Mar-2019 02:12:22
Iterating ...
   24         75000            1.92            8.98        0
Markovian RLQ-R Active Modified - Starting Fitness Calculation 06-Mar-2019 02:12:29
Fitness Calculated 06-Mar-2019 03:41:32
Iterating ...
   25         78000           1.945           9.076        1
Markovian RLQ-R Active Modified - Starting Fitness Calculation 06-Mar-2019 03:41:39
Fitness Calculated 06-Mar-2019 05:09:28
Iterating ...
   26         81000            1.93           9.092        0
Markovian RLQ-R Active Modified - Starting Fitness Calculation 06-Mar-2019 05:09:35
Fitness Calculated 06-Mar-2019 06:40:18
Iterating ...
   27         84000           1.937           8.844        1
Markovian RLQ-R Active Modified - Starting Fitness Calculation 06-Mar-2019 06:40:25
Fitness Calculated 06-Mar-2019 08:11:30
Iterating ...
   28         87000           1.919           8.487        0
Markovian RLQ-R Active Modified - Starting Fitness Calculation 06-Mar-2019 08:11:38
Fitness Calculated 06-Mar-2019 09:40:59
Iterating ...
   29         90000           1.914           8.761        0
Markovian RLQ-R Active Modified - Starting Fitness Calculation 06-Mar-2019 09:41:07
Fitness Calculated 06-Mar-2019 11:10:48
Iterating ...
   30         93000           1.913           8.465        0

                               Best           Mean      Stall
Generation      f-count        f(x)           f(x)    Generations
Markovian RLQ-R Active Modified - Starting Fitness Calculation 06-Mar-2019 11:10:56
Fitness Calculated 06-Mar-2019 12:40:34
Iterating ...
   31         96000           1.907           8.797        0
Markovian RLQ-R Active Modified - Starting Fitness Calculation 06-Mar-2019 12:40:43
Fitness Calculated 06-Mar-2019 14:10:38
Iterating ...
   32         99000           1.898           8.735        0
Markovian RLQ-R Active Modified - Starting Fitness Calculation 06-Mar-2019 14:10:47
Fitness Calculated 06-Mar-2019 15:41:21
Iterating ...
   33         102000           1.906           8.784        1
Markovian RLQ-R Active Modified - Starting Fitness Calculation 06-Mar-2019 15:41:31
Fitness Calculated 06-Mar-2019 17:11:38
Iterating ...
   34         105000           1.889           8.621        0
Markovian RLQ-R Active Modified - Starting Fitness Calculation 06-Mar-2019 17:11:48
Fitness Calculated 06-Mar-2019 18:40:49
Iterating ...
   35         108000           1.895           8.776        1
Markovian RLQ-R Active Modified - Starting Fitness Calculation 06-Mar-2019 18:40:59
Fitness Calculated 06-Mar-2019 20:10:32
Iterating ...
   36         111000            1.89           8.669        0
Markovian RLQ-R Active Modified - Starting Fitness Calculation 06-Mar-2019 20:10:42
Fitness Calculated 06-Mar-2019 21:42:14
Iterating ...
   37         114000           1.888           8.507        0
Markovian RLQ-R Active Modified - Starting Fitness Calculation 06-Mar-2019 21:42:24
Fitness Calculated 06-Mar-2019 23:13:48
Iterating ...
   38         117000           1.887           8.476        0
Markovian RLQ-R Active Modified - Starting Fitness Calculation 06-Mar-2019 23:13:59
Fitness Calculated 07-Mar-2019 00:43:57
Iterating ...
   39         120000            1.88           8.788        0
Markovian RLQ-R Active Modified - Starting Fitness Calculation 07-Mar-2019 00:44:08
Fitness Calculated 07-Mar-2019 02:16:28
Iterating ...
   40         123000           1.873           8.713        0
Markovian RLQ-R Active Modified - Starting Fitness Calculation 07-Mar-2019 02:16:39
Fitness Calculated 07-Mar-2019 03:46:42
Iterating ...
   41         126000           1.881           8.789        1
Markovian RLQ-R Active Modified - Starting Fitness Calculation 07-Mar-2019 03:46:54
Fitness Calculated 07-Mar-2019 05:16:56
Iterating ...
   42         129000           1.876           8.773        0
Markovian RLQ-R Active Modified - Starting Fitness Calculation 07-Mar-2019 05:17:08
Fitness Calculated 07-Mar-2019 06:48:13
Iterating ...
   43         132000           1.872           8.674        0
Markovian RLQ-R Active Modified - Starting Fitness Calculation 07-Mar-2019 06:48:25
Fitness Calculated 07-Mar-2019 08:18:51
Iterating ...
   44         135000           1.875           8.619        1
Markovian RLQ-R Active Modified - Starting Fitness Calculation 07-Mar-2019 08:19:03
Fitness Calculated 07-Mar-2019 09:49:18
Iterating ...
   45         138000            1.88           8.704        2
Markovian RLQ-R Active Modified - Starting Fitness Calculation 07-Mar-2019 09:49:30
Fitness Calculated 07-Mar-2019 11:19:59
Iterating ...
   46         141000           1.877           8.439        0
Markovian RLQ-R Active Modified - Starting Fitness Calculation 07-Mar-2019 11:20:12
Fitness Calculated 07-Mar-2019 12:49:23
Iterating ...
   47         144000           1.877           8.564        0
Markovian RLQ-R Active Modified - Starting Fitness Calculation 07-Mar-2019 12:49:36
Fitness Calculated 07-Mar-2019 14:19:59
Iterating ...
   48         147000           1.869           8.773        0
Markovian RLQ-R Active Modified - Starting Fitness Calculation 07-Mar-2019 14:20:12
Fitness Calculated 07-Mar-2019 15:51:21
Iterating ...
   49         150000           1.876           8.437        1
Markovian RLQ-R Active Modified - Starting Fitness Calculation 07-Mar-2019 15:51:34
Fitness Calculated 07-Mar-2019 17:21:31
Iterating ...
   50         153000           1.869           8.684        0
Markovian RLQ-R Active Modified - Starting Fitness Calculation 07-Mar-2019 17:21:45
Fitness Calculated 07-Mar-2019 18:52:28
Iterating ...
   51         156000           1.874            8.74        1
Markovian RLQ-R Active Modified - Starting Fitness Calculation 07-Mar-2019 18:52:42
Fitness Calculated 07-Mar-2019 20:22:40
Iterating ...
   52         159000           1.863           8.817        0
Markovian RLQ-R Active Modified - Starting Fitness Calculation 07-Mar-2019 20:22:55
Fitness Calculated 07-Mar-2019 21:51:36
Iterating ...
   53         162000           1.859           8.855        0
Markovian RLQ-R Active Modified - Starting Fitness Calculation 07-Mar-2019 21:51:51
Fitness Calculated 07-Mar-2019 23:22:47
Iterating ...
   54         165000           1.869           8.703        1
Markovian RLQ-R Active Modified - Starting Fitness Calculation 07-Mar-2019 23:23:02
Fitness Calculated 08-Mar-2019 00:52:49
Iterating ...
   55         168000           1.864           8.683        0
Markovian RLQ-R Active Modified - Starting Fitness Calculation 08-Mar-2019 00:53:04
Fitness Calculated 08-Mar-2019 02:22:26
Iterating ...
   56         171000            1.86           8.686        0
Markovian RLQ-R Active Modified - Starting Fitness Calculation 08-Mar-2019 02:22:42
Fitness Calculated 08-Mar-2019 03:51:04
Iterating ...
   57         174000            1.86           9.093        1
Markovian RLQ-R Active Modified - Starting Fitness Calculation 08-Mar-2019 03:51:20
Fitness Calculated 08-Mar-2019 05:19:56
Iterating ...
   58         177000           1.862           9.039        2
Markovian RLQ-R Active Modified - Starting Fitness Calculation 08-Mar-2019 05:20:13
Fitness Calculated 08-Mar-2019 06:48:14
Iterating ...
   59         180000           1.862           8.824        0
Markovian RLQ-R Active Modified - Starting Fitness Calculation 08-Mar-2019 06:48:30
Fitness Calculated 08-Mar-2019 08:19:09
Iterating ...
   60         183000           1.854           8.776        0

                               Best           Mean      Stall
Generation      f-count        f(x)           f(x)    Generations
Markovian RLQ-R Active Modified - Starting Fitness Calculation 08-Mar-2019 08:19:26
Fitness Calculated 08-Mar-2019 09:49:23
Iterating ...
   61         186000           1.849            8.66        0
Markovian RLQ-R Active Modified - Starting Fitness Calculation 08-Mar-2019 09:49:40
Fitness Calculated 08-Mar-2019 11:18:39
Iterating ...
   62         189000            1.86           8.875        1
Markovian RLQ-R Active Modified - Starting Fitness Calculation 08-Mar-2019 11:18:56
Fitness Calculated 08-Mar-2019 12:47:47
Iterating ...
   63         192000           1.857           8.925        0
Markovian RLQ-R Active Modified - Starting Fitness Calculation 08-Mar-2019 12:48:05
Fitness Calculated 08-Mar-2019 14:17:53
Iterating ...
   64         195000           1.848            8.84        0
Markovian RLQ-R Active Modified - Starting Fitness Calculation 08-Mar-2019 14:18:12
Fitness Calculated 08-Mar-2019 15:48:12
Iterating ...
   65         198000           1.851           8.961        1
Markovian RLQ-R Active Modified - Starting Fitness Calculation 08-Mar-2019 15:48:30
Fitness Calculated 08-Mar-2019 17:18:35
Iterating ...
   66         201000           1.854           8.798        2
Markovian RLQ-R Active Modified - Starting Fitness Calculation 08-Mar-2019 17:18:53
Fitness Calculated 08-Mar-2019 18:47:51
Iterating ...
   67         204000           1.858           8.852        3
Markovian RLQ-R Active Modified - Starting Fitness Calculation 08-Mar-2019 18:48:10
Fitness Calculated 08-Mar-2019 20:17:39
Iterating ...
   68         207000           1.844           8.882        0
Markovian RLQ-R Active Modified - Starting Fitness Calculation 08-Mar-2019 20:17:58
Fitness Calculated 08-Mar-2019 21:47:55
Iterating ...
   69         210000           1.844           8.759        0
Markovian RLQ-R Active Modified - Starting Fitness Calculation 08-Mar-2019 21:48:14
Fitness Calculated 08-Mar-2019 23:18:58
Iterating ...
   70         213000           1.851           8.742        1
Markovian RLQ-R Active Modified - Starting Fitness Calculation 08-Mar-2019 23:19:18
Fitness Calculated 09-Mar-2019 00:49:29
Iterating ...
   71         216000           1.848           8.651        0
Markovian RLQ-R Active Modified - Starting Fitness Calculation 09-Mar-2019 00:49:49
Fitness Calculated 09-Mar-2019 02:19:57
Iterating ...
   72         219000           1.842           8.692        0
Markovian RLQ-R Active Modified - Starting Fitness Calculation 09-Mar-2019 02:20:18
Fitness Calculated 09-Mar-2019 03:50:43
Iterating ...
   73         222000           1.841           8.761        0
Markovian RLQ-R Active Modified - Starting Fitness Calculation 09-Mar-2019 03:51:04
Fitness Calculated 09-Mar-2019 05:19:57
Iterating ...
   74         225000           1.843           8.925        1
Markovian RLQ-R Active Modified - Starting Fitness Calculation 09-Mar-2019 05:20:18
Fitness Calculated 09-Mar-2019 06:49:15
Iterating ...
   75         228000            1.84           8.935        0
Markovian RLQ-R Active Modified - Starting Fitness Calculation 09-Mar-2019 06:49:37
Fitness Calculated 09-Mar-2019 08:17:46
Iterating ...
   76         231000           1.838           8.779        0
Markovian RLQ-R Active Modified - Starting Fitness Calculation 09-Mar-2019 08:18:08
Fitness Calculated 09-Mar-2019 09:47:08
Iterating ...
   77         234000           1.844           8.885        1
Markovian RLQ-R Active Modified - Starting Fitness Calculation 09-Mar-2019 09:47:30
Fitness Calculated 09-Mar-2019 11:15:55
Iterating ...
   78         237000           1.841           8.858        0
Markovian RLQ-R Active Modified - Starting Fitness Calculation 09-Mar-2019 11:16:18
Fitness Calculated 09-Mar-2019 12:45:10
Iterating ...
   79         240000            1.83           8.856        0
Markovian RLQ-R Active Modified - Starting Fitness Calculation 09-Mar-2019 12:45:32
Fitness Calculated 09-Mar-2019 14:16:10
Iterating ...
   80         243000           1.835             8.6        1
Markovian RLQ-R Active Modified - Starting Fitness Calculation 09-Mar-2019 14:16:33
Fitness Calculated 09-Mar-2019 15:47:10
Iterating ...
   81         246000           1.839           8.681        2
Markovian RLQ-R Active Modified - Starting Fitness Calculation 09-Mar-2019 15:47:33
Fitness Calculated 09-Mar-2019 17:16:27
Iterating ...
   82         249000           1.839           8.684        3
Markovian RLQ-R Active Modified - Starting Fitness Calculation 09-Mar-2019 17:16:50
Fitness Calculated 09-Mar-2019 18:48:14
Iterating ...
   83         252000           1.831           8.601        0
Markovian RLQ-R Active Modified - Starting Fitness Calculation 09-Mar-2019 18:48:37
Fitness Calculated 09-Mar-2019 20:19:20
Iterating ...
   84         255000           1.836           8.388        1
Markovian RLQ-R Active Modified - Starting Fitness Calculation 09-Mar-2019 20:19:44
Fitness Calculated 09-Mar-2019 21:50:47
Iterating ...
   85         258000           1.832           8.591        0
Markovian RLQ-R Active Modified - Starting Fitness Calculation 09-Mar-2019 21:51:11
Fitness Calculated 09-Mar-2019 23:21:59
Iterating ...
   86         261000           1.833           8.628        1
Markovian RLQ-R Active Modified - Starting Fitness Calculation 09-Mar-2019 23:22:24
Fitness Calculated 10-Mar-2019 00:52:27
Iterating ...
   87         264000           1.818           8.693        0
Markovian RLQ-R Active Modified - Starting Fitness Calculation 10-Mar-2019 00:52:51
Fitness Calculated 10-Mar-2019 02:22:40
Iterating ...
   88         267000           1.826           8.681        1
Markovian RLQ-R Active Modified - Starting Fitness Calculation 10-Mar-2019 02:23:05
Fitness Calculated 10-Mar-2019 03:53:52
Iterating ...
   89         270000            1.83           8.679        2
Markovian RLQ-R Active Modified - Starting Fitness Calculation 10-Mar-2019 03:54:18
Fitness Calculated 10-Mar-2019 05:24:41
Iterating ...
   90         273000           1.829            8.67        0

                               Best           Mean      Stall
Generation      f-count        f(x)           f(x)    Generations
Markovian RLQ-R Active Modified - Starting Fitness Calculation 10-Mar-2019 05:25:07
Fitness Calculated 10-Mar-2019 06:54:28
Iterating ...
   91         276000           1.832           8.759        1
Markovian RLQ-R Active Modified - Starting Fitness Calculation 10-Mar-2019 06:54:54
Fitness Calculated 10-Mar-2019 08:24:42
Iterating ...
   92         279000           1.835           8.602        2
Markovian RLQ-R Active Modified - Starting Fitness Calculation 10-Mar-2019 08:25:09
Fitness Calculated 10-Mar-2019 09:55:28
Iterating ...
   93         282000           1.834           8.722        0
Markovian RLQ-R Active Modified - Starting Fitness Calculation 10-Mar-2019 09:55:55
Fitness Calculated 10-Mar-2019 11:26:42
Iterating ...
   94         285000           1.828            8.71        0
Markovian RLQ-R Active Modified - Starting Fitness Calculation 10-Mar-2019 11:27:09
Fitness Calculated 10-Mar-2019 12:57:24
Iterating ...
   95         288000            1.82           8.775        0
Markovian RLQ-R Active Modified - Starting Fitness Calculation 10-Mar-2019 12:57:52
Fitness Calculated 10-Mar-2019 14:28:52
Iterating ...
   96         291000           1.831           8.534        1
Markovian RLQ-R Active Modified - Starting Fitness Calculation 10-Mar-2019 14:29:19
Fitness Calculated 10-Mar-2019 15:58:08
Iterating ...
   97         294000           1.814           8.789        0
Markovian RLQ-R Active Modified - Starting Fitness Calculation 10-Mar-2019 15:58:37
Fitness Calculated 10-Mar-2019 17:27:40
Iterating ...
   98         297000           1.831           8.799        1
Markovian RLQ-R Active Modified - Starting Fitness Calculation 10-Mar-2019 17:28:08
Fitness Calculated 10-Mar-2019 18:57:47
Iterating ...
   99         300000           1.831           8.826        0
Markovian RLQ-R Active Modified - Starting Fitness Calculation 10-Mar-2019 18:58:16
Fitness Calculated 10-Mar-2019 20:27:00
Iterating ...
  100         303000           1.813           9.025        0
Markovian RLQ-R Active Modified - Starting Fitness Calculation 10-Mar-2019 20:27:29
Fitness Calculated 10-Mar-2019 21:58:31
Iterating ...
  101         306000           1.825           8.473        1
Markovian RLQ-R Active Modified - Starting Fitness Calculation 10-Mar-2019 21:59:00
Fitness Calculated 10-Mar-2019 23:28:51
Iterating ...
  102         309000           1.832           8.717        2
Markovian RLQ-R Active Modified - Starting Fitness Calculation 10-Mar-2019 23:29:21
Fitness Calculated 11-Mar-2019 00:59:11
Iterating ...
  103         312000           1.829           8.838        0
Markovian RLQ-R Active Modified - Starting Fitness Calculation 11-Mar-2019 00:59:41
Fitness Calculated 11-Mar-2019 02:29:56
Iterating ...
  104         315000           1.829           8.859        0
Markovian RLQ-R Active Modified - Starting Fitness Calculation 11-Mar-2019 02:30:26
Fitness Calculated 11-Mar-2019 04:00:22
Iterating ...
  105         318000           1.828           8.571        0
Markovian RLQ-R Active Modified - Starting Fitness Calculation 11-Mar-2019 04:00:52
Fitness Calculated 11-Mar-2019 05:30:53
Iterating ...
  106         321000           1.818           8.642        0
Markovian RLQ-R Active Modified - Starting Fitness Calculation 11-Mar-2019 05:31:23
Fitness Calculated 11-Mar-2019 07:02:10
Iterating ...
  107         324000           1.831           8.647        1
Markovian RLQ-R Active Modified - Starting Fitness Calculation 11-Mar-2019 07:02:40
Fitness Calculated 11-Mar-2019 08:33:30
Iterating ...
  108         327000            1.83           8.608        0
Markovian RLQ-R Active Modified - Starting Fitness Calculation 11-Mar-2019 08:34:01
Fitness Calculated 11-Mar-2019 10:03:38
Iterating ...
  109         330000           1.826           8.681        0
Markovian RLQ-R Active Modified - Starting Fitness Calculation 11-Mar-2019 10:04:10
Fitness Calculated 11-Mar-2019 11:34:35
Iterating ...
  110         333000           1.825           8.489        0
Markovian RLQ-R Active Modified - Starting Fitness Calculation 11-Mar-2019 11:35:07
Fitness Calculated 11-Mar-2019 13:05:16
Iterating ...
  111         336000           1.832           8.582        1
Markovian RLQ-R Active Modified - Starting Fitness Calculation 11-Mar-2019 13:05:48
Fitness Calculated 11-Mar-2019 14:36:31
Iterating ...
  112         339000           1.831           8.476        0
Markovian RLQ-R Active Modified - Starting Fitness Calculation 11-Mar-2019 14:37:03
Fitness Calculated 11-Mar-2019 16:08:21
Iterating ...
  113         342000           1.821           8.455        0
Markovian RLQ-R Active Modified - Starting Fitness Calculation 11-Mar-2019 16:08:53
Fitness Calculated 11-Mar-2019 17:39:32
Iterating ...
  114         345000           1.832           8.374        1
Markovian RLQ-R Active Modified - Starting Fitness Calculation 11-Mar-2019 17:40:05
Fitness Calculated 11-Mar-2019 19:09:54
Iterating ...
  115         348000           1.826           8.683        0
Markovian RLQ-R Active Modified - Starting Fitness Calculation 11-Mar-2019 19:10:27
Fitness Calculated 11-Mar-2019 20:41:30
Iterating ...
  116         351000           1.827           8.646        1
Markovian RLQ-R Active Modified - Starting Fitness Calculation 11-Mar-2019 20:42:04
Fitness Calculated 11-Mar-2019 22:11:28
Iterating ...
  117         354000           1.822           8.754        0
Markovian RLQ-R Active Modified - Starting Fitness Calculation 11-Mar-2019 22:12:02
Fitness Calculated 11-Mar-2019 23:43:09
Iterating ...
  118         357000           1.824           8.857        1
Markovian RLQ-R Active Modified - Starting Fitness Calculation 11-Mar-2019 23:43:43
Fitness Calculated 12-Mar-2019 01:11:39
Iterating ...
  119         360000           1.825           8.996        2
Markovian RLQ-R Active Modified - Starting Fitness Calculation 12-Mar-2019 01:12:14
Fitness Calculated 12-Mar-2019 02:43:16
Iterating ...
  120         363000           1.831           8.677        3

                               Best           Mean      Stall
Generation      f-count        f(x)           f(x)    Generations
Markovian RLQ-R Active Modified - Starting Fitness Calculation 12-Mar-2019 02:43:50
Fitness Calculated 12-Mar-2019 04:15:43
Iterating ...
  121         366000           1.823           8.734        0
Markovian RLQ-R Active Modified - Starting Fitness Calculation 12-Mar-2019 04:16:18
Fitness Calculated 12-Mar-2019 05:47:01
Iterating ...
  122         369000           1.833           8.732        1
Markovian RLQ-R Active Modified - Starting Fitness Calculation 12-Mar-2019 05:47:36
Fitness Calculated 12-Mar-2019 07:17:18
Iterating ...
  123         372000           1.824           8.643        0
Markovian RLQ-R Active Modified - Starting Fitness Calculation 12-Mar-2019 07:17:54
Fitness Calculated 12-Mar-2019 08:48:09
Iterating ...
  124         375000           1.827           8.655        1
Markovian RLQ-R Active Modified - Starting Fitness Calculation 12-Mar-2019 08:48:45
Fitness Calculated 12-Mar-2019 10:18:45
Iterating ...
  125         378000           1.826           8.547        0
Markovian RLQ-R Active Modified - Starting Fitness Calculation 12-Mar-2019 10:19:21
Fitness Calculated 12-Mar-2019 11:50:49
Iterating ...
  126         381000           1.826           8.623        0
Markovian RLQ-R Active Modified - Starting Fitness Calculation 12-Mar-2019 11:51:25
Fitness Calculated 12-Mar-2019 13:19:41
Iterating ...
  127         384000           1.831           8.761        1
Markovian RLQ-R Active Modified - Starting Fitness Calculation 12-Mar-2019 13:20:17
