
                            < M A T L A B (R) >
                  Copyright 1984-2015 The MathWorks, Inc.
                   R2015a (8.5.0.197613) 64-bit (glnxa64)
                             February 12, 2015

 
To get started, type one of these: helpwin, helpdesk, or demo.
For product information, visit www.mathworks.com.
 
 
To get started, type one of these: helpwin, helpdesk, or demo.
For product information, visit www.mathworks.com.
 
Starting parallel pool (parpool) using the 'ClusterPandora' profile ... connected to 80 workers.
PID - Starting Fitness Calculation 18-Mar-2019 16:21:15
Analyzing and transferring files to the workers ...done.
Fitness Calculated 18-Mar-2019 16:24:43
Starting the algorithm

                               Best           Mean      Stall
Generation      f-count        f(x)           f(x)    Generations
PID - Starting Fitness Calculation 18-Mar-2019 16:24:44
Fitness Calculated 18-Mar-2019 16:27:57
Iterating ...
    1          6000           9.702            17.5        0
PID - Starting Fitness Calculation 18-Mar-2019 16:27:58
Fitness Calculated 18-Mar-2019 16:31:24
Iterating ...
    2          9000           8.059           17.03        0
PID - Starting Fitness Calculation 18-Mar-2019 16:31:25
Fitness Calculated 18-Mar-2019 16:37:18
Iterating ...
    3         12000           7.925           16.76        0
PID - Starting Fitness Calculation 18-Mar-2019 16:37:19
Fitness Calculated 18-Mar-2019 16:45:32
Iterating ...
    4         15000           7.239           16.68        0
PID - Starting Fitness Calculation 18-Mar-2019 16:45:32
Fitness Calculated 18-Mar-2019 16:54:47
Iterating ...
    5         18000            7.51           16.84        1
PID - Starting Fitness Calculation 18-Mar-2019 16:54:48
Fitness Calculated 18-Mar-2019 17:04:25
Iterating ...
    6         21000           7.498           16.88        0
PID - Starting Fitness Calculation 18-Mar-2019 17:04:25
Fitness Calculated 18-Mar-2019 17:14:19
Iterating ...
    7         24000           7.238           16.81        0
PID - Starting Fitness Calculation 18-Mar-2019 17:14:20
Fitness Calculated 18-Mar-2019 17:24:46
Iterating ...
    8         27000             5.6           16.68        0
PID - Starting Fitness Calculation 18-Mar-2019 17:24:47
Fitness Calculated 18-Mar-2019 17:36:59
Iterating ...
    9         30000           4.497           16.25        0
PID - Starting Fitness Calculation 18-Mar-2019 17:37:00
Fitness Calculated 18-Mar-2019 17:54:15
Iterating ...
   10         33000           4.643           15.55        1
PID - Starting Fitness Calculation 18-Mar-2019 17:54:16
Fitness Calculated 18-Mar-2019 18:12:45
Iterating ...
   11         36000           4.116           14.76        0
PID - Starting Fitness Calculation 18-Mar-2019 18:12:45
Fitness Calculated 18-Mar-2019 18:31:37
Iterating ...
   12         39000           4.386           14.14        1
PID - Starting Fitness Calculation 18-Mar-2019 18:31:38
Fitness Calculated 18-Mar-2019 18:51:00
Iterating ...
   13         42000           4.089           13.62        0
PID - Starting Fitness Calculation 18-Mar-2019 18:51:01
Fitness Calculated 18-Mar-2019 19:10:28
Iterating ...
   14         45000           3.894           13.19        0
PID - Starting Fitness Calculation 18-Mar-2019 19:10:28
Fitness Calculated 18-Mar-2019 19:31:08
Iterating ...
   15         48000           4.061           12.98        1
PID - Starting Fitness Calculation 18-Mar-2019 19:31:09
Fitness Calculated 18-Mar-2019 19:51:54
Iterating ...
   16         51000           3.645           12.66        0
PID - Starting Fitness Calculation 18-Mar-2019 19:51:55
Fitness Calculated 18-Mar-2019 20:15:17
Iterating ...
   17         54000           3.878           12.37        1
PID - Starting Fitness Calculation 18-Mar-2019 20:15:18
Fitness Calculated 18-Mar-2019 20:37:31
Iterating ...
   18         57000           3.661           12.18        0
PID - Starting Fitness Calculation 18-Mar-2019 20:37:32
Fitness Calculated 18-Mar-2019 20:59:32
Iterating ...
   19         60000           3.672           12.16        1
PID - Starting Fitness Calculation 18-Mar-2019 20:59:33
Fitness Calculated 18-Mar-2019 21:20:23
Iterating ...
   20         63000           3.793           12.08        2
PID - Starting Fitness Calculation 18-Mar-2019 21:20:24
Fitness Calculated 18-Mar-2019 21:41:42
Iterating ...
   21         66000            3.72           11.84        0
PID - Starting Fitness Calculation 18-Mar-2019 21:41:43
Fitness Calculated 18-Mar-2019 22:04:32
Iterating ...
   22         69000           3.563           11.81        0
PID - Starting Fitness Calculation 18-Mar-2019 22:04:33
Fitness Calculated 18-Mar-2019 22:31:13
Iterating ...
   23         72000           3.738           11.77        1
PID - Starting Fitness Calculation 18-Mar-2019 22:31:14
Fitness Calculated 18-Mar-2019 22:53:28
Iterating ...
   24         75000           3.482           11.86        0
PID - Starting Fitness Calculation 18-Mar-2019 22:53:29
Fitness Calculated 18-Mar-2019 23:16:36
Iterating ...
   25         78000           3.143           11.96        0
PID - Starting Fitness Calculation 18-Mar-2019 23:16:37
Fitness Calculated 18-Mar-2019 23:41:13
Iterating ...
   26         81000           3.195            11.7        1
PID - Starting Fitness Calculation 18-Mar-2019 23:41:14
Fitness Calculated 19-Mar-2019 00:02:46
Iterating ...
   27         84000           2.747           11.63        0
PID - Starting Fitness Calculation 19-Mar-2019 00:02:48
Fitness Calculated 19-Mar-2019 00:29:26
Iterating ...
   28         87000           2.581           11.38        0
PID - Starting Fitness Calculation 19-Mar-2019 00:29:28
Fitness Calculated 19-Mar-2019 00:51:37
Iterating ...
   29         90000           2.451           11.13        0
PID - Starting Fitness Calculation 19-Mar-2019 00:51:38
Fitness Calculated 19-Mar-2019 01:17:16
Iterating ...
   30         93000           2.387           10.89        0

                               Best           Mean      Stall
Generation      f-count        f(x)           f(x)    Generations
PID - Starting Fitness Calculation 19-Mar-2019 01:17:18
Fitness Calculated 19-Mar-2019 01:43:29
Iterating ...
   31         96000           2.364           10.62        0
PID - Starting Fitness Calculation 19-Mar-2019 01:43:30
Fitness Calculated 19-Mar-2019 02:09:24
Iterating ...
   32         99000           2.383            10.4        1
PID - Starting Fitness Calculation 19-Mar-2019 02:09:25
Fitness Calculated 19-Mar-2019 02:31:53
Iterating ...
   33         102000           2.285           10.39        0
PID - Starting Fitness Calculation 19-Mar-2019 02:31:54
Fitness Calculated 19-Mar-2019 02:55:41
Iterating ...
   34         105000           2.303           10.22        1
PID - Starting Fitness Calculation 19-Mar-2019 02:55:42
Fitness Calculated 19-Mar-2019 03:19:47
Iterating ...
   35         108000           2.241           10.02        0
PID - Starting Fitness Calculation 19-Mar-2019 03:19:49
Fitness Calculated 19-Mar-2019 03:47:29
Iterating ...
   36         111000           2.316           9.754        1
PID - Starting Fitness Calculation 19-Mar-2019 03:47:31
Fitness Calculated 19-Mar-2019 04:10:12
Iterating ...
   37         114000           2.229           9.711        0
PID - Starting Fitness Calculation 19-Mar-2019 04:10:14
Fitness Calculated 19-Mar-2019 04:38:56
Iterating ...
   38         117000           2.287           9.578        1
PID - Starting Fitness Calculation 19-Mar-2019 04:38:57
Fitness Calculated 19-Mar-2019 05:07:23
Iterating ...
   39         120000           2.232           9.526        0
PID - Starting Fitness Calculation 19-Mar-2019 05:07:24
Fitness Calculated 19-Mar-2019 05:34:47
Iterating ...
   40         123000           2.164           9.619        0
PID - Starting Fitness Calculation 19-Mar-2019 05:34:48
Fitness Calculated 19-Mar-2019 05:59:18
Iterating ...
   41         126000           2.134           9.803        0
PID - Starting Fitness Calculation 19-Mar-2019 05:59:20
Fitness Calculated 19-Mar-2019 06:23:53
Iterating ...
   42         129000           2.113           9.752        0
PID - Starting Fitness Calculation 19-Mar-2019 06:23:55
Fitness Calculated 19-Mar-2019 06:50:08
Iterating ...
   43         132000           2.095           9.638        0
PID - Starting Fitness Calculation 19-Mar-2019 06:50:10
Fitness Calculated 19-Mar-2019 07:11:57
Iterating ...
   44         135000           2.077           9.452        0
PID - Starting Fitness Calculation 19-Mar-2019 07:11:58
Fitness Calculated 19-Mar-2019 07:37:12
Iterating ...
   45         138000           2.038           9.702        0
PID - Starting Fitness Calculation 19-Mar-2019 07:37:14
Fitness Calculated 19-Mar-2019 08:03:47
Iterating ...
   46         141000           2.033           9.654        0
PID - Starting Fitness Calculation 19-Mar-2019 08:03:49
Fitness Calculated 19-Mar-2019 08:29:05
Iterating ...
   47         144000           2.023           9.485        0
PID - Starting Fitness Calculation 19-Mar-2019 08:29:06
Fitness Calculated 19-Mar-2019 08:57:46
Iterating ...
   48         147000           2.016           9.703        0
PID - Starting Fitness Calculation 19-Mar-2019 08:57:48
Fitness Calculated 19-Mar-2019 09:22:26
Iterating ...
   49         150000           1.975           9.636        0
PID - Starting Fitness Calculation 19-Mar-2019 09:22:28
Fitness Calculated 19-Mar-2019 09:46:26
Iterating ...
   50         153000           1.982           9.691        1
PID - Starting Fitness Calculation 19-Mar-2019 09:46:29
Fitness Calculated 19-Mar-2019 10:10:51
Iterating ...
   51         156000           1.949           9.629        0
PID - Starting Fitness Calculation 19-Mar-2019 10:10:53
Fitness Calculated 19-Mar-2019 10:38:34
Iterating ...
   52         159000           1.941           9.739        0
PID - Starting Fitness Calculation 19-Mar-2019 10:38:37
Fitness Calculated 19-Mar-2019 11:03:15
Iterating ...
   53         162000           1.915           9.593        0
PID - Starting Fitness Calculation 19-Mar-2019 11:03:18
Fitness Calculated 19-Mar-2019 11:27:14
Iterating ...
   54         165000           1.909           9.764        0
PID - Starting Fitness Calculation 19-Mar-2019 11:27:17
Fitness Calculated 19-Mar-2019 11:52:00
Iterating ...
   55         168000           1.904           9.818        0
PID - Starting Fitness Calculation 19-Mar-2019 11:52:03
Fitness Calculated 19-Mar-2019 12:17:48
Iterating ...
   56         171000           1.895           9.845        0
PID - Starting Fitness Calculation 19-Mar-2019 12:17:51
Fitness Calculated 19-Mar-2019 12:43:09
Iterating ...
   57         174000           1.885           9.546        0
PID - Starting Fitness Calculation 19-Mar-2019 12:43:12
Fitness Calculated 19-Mar-2019 13:06:20
Iterating ...
   58         177000           1.865           9.629        0
PID - Starting Fitness Calculation 19-Mar-2019 13:06:22
Fitness Calculated 19-Mar-2019 13:29:37
Iterating ...
   59         180000           1.856           9.682        0
PID - Starting Fitness Calculation 19-Mar-2019 13:29:39
Fitness Calculated 19-Mar-2019 13:56:35
Iterating ...
   60         183000           1.843           9.628        0

                               Best           Mean      Stall
Generation      f-count        f(x)           f(x)    Generations
PID - Starting Fitness Calculation 19-Mar-2019 13:56:38
Fitness Calculated 19-Mar-2019 14:22:33
Iterating ...
   61         186000           1.832           9.697        0
PID - Starting Fitness Calculation 19-Mar-2019 14:22:36
Fitness Calculated 19-Mar-2019 14:47:48
Iterating ...
   62         189000           1.849           10.07        1
PID - Starting Fitness Calculation 19-Mar-2019 14:47:51
Fitness Calculated 19-Mar-2019 15:12:41
Iterating ...
   63         192000           1.838           9.977        0
PID - Starting Fitness Calculation 19-Mar-2019 15:12:44
Fitness Calculated 19-Mar-2019 15:38:58
Iterating ...
   64         195000           1.829           9.824        0
PID - Starting Fitness Calculation 19-Mar-2019 15:39:01
Fitness Calculated 19-Mar-2019 16:03:09
Iterating ...
   65         198000           1.839           9.736        1
PID - Starting Fitness Calculation 19-Mar-2019 16:03:12
Fitness Calculated 19-Mar-2019 16:28:20
Iterating ...
   66         201000           1.832           9.768        0
PID - Starting Fitness Calculation 19-Mar-2019 16:28:24
Fitness Calculated 19-Mar-2019 16:53:39
Iterating ...
   67         204000           1.837           9.884        1
PID - Starting Fitness Calculation 19-Mar-2019 16:53:42
Fitness Calculated 19-Mar-2019 17:19:01
Iterating ...
   68         207000            1.83           9.903        0
PID - Starting Fitness Calculation 19-Mar-2019 17:19:04
Fitness Calculated 19-Mar-2019 17:44:51
Iterating ...
   69         210000           1.821           9.905        0
PID - Starting Fitness Calculation 19-Mar-2019 17:44:54
Fitness Calculated 19-Mar-2019 18:10:42
Iterating ...
   70         213000           1.816           9.874        0
PID - Starting Fitness Calculation 19-Mar-2019 18:10:46
Fitness Calculated 19-Mar-2019 18:34:06
Iterating ...
   71         216000           1.822           10.02        1
PID - Starting Fitness Calculation 19-Mar-2019 18:34:09
Fitness Calculated 19-Mar-2019 18:58:37
Iterating ...
   72         219000           1.812           9.961        0
PID - Starting Fitness Calculation 19-Mar-2019 18:58:41
Fitness Calculated 19-Mar-2019 19:23:52
Iterating ...
   73         222000           1.812            10.1        1
PID - Starting Fitness Calculation 19-Mar-2019 19:23:55
Fitness Calculated 19-Mar-2019 19:52:38
Iterating ...
   74         225000           1.812           9.928        0
PID - Starting Fitness Calculation 19-Mar-2019 19:52:41
Fitness Calculated 19-Mar-2019 20:18:04
Iterating ...
   75         228000           1.807           9.697        0
PID - Starting Fitness Calculation 19-Mar-2019 20:18:07
Fitness Calculated 19-Mar-2019 20:41:15
Iterating ...
   76         231000           1.808           9.945        1
PID - Starting Fitness Calculation 19-Mar-2019 20:41:18
Fitness Calculated 19-Mar-2019 21:03:11
Iterating ...
   77         234000           1.811           9.718        2
PID - Starting Fitness Calculation 19-Mar-2019 21:03:14
Fitness Calculated 19-Mar-2019 21:26:39
Iterating ...
   78         237000           1.807           9.873        0
PID - Starting Fitness Calculation 19-Mar-2019 21:26:42
Fitness Calculated 19-Mar-2019 21:54:36
Iterating ...
   79         240000           1.807           9.851        0
PID - Starting Fitness Calculation 19-Mar-2019 21:54:40
Fitness Calculated 19-Mar-2019 22:17:09
Iterating ...
   80         243000           1.806            9.85        0
PID - Starting Fitness Calculation 19-Mar-2019 22:17:12
Fitness Calculated 19-Mar-2019 22:39:30
Iterating ...
   81         246000           1.798            9.88        0
PID - Starting Fitness Calculation 19-Mar-2019 22:39:34
Fitness Calculated 19-Mar-2019 23:06:28
Iterating ...
   82         249000           1.808           9.866        1
PID - Starting Fitness Calculation 19-Mar-2019 23:06:32
Fitness Calculated 19-Mar-2019 23:35:29
Iterating ...
   83         252000           1.809           9.887        2
PID - Starting Fitness Calculation 19-Mar-2019 23:35:32
Fitness Calculated 20-Mar-2019 00:00:59
Iterating ...
   84         255000             1.8           9.766        0
PID - Starting Fitness Calculation 20-Mar-2019 00:01:03
Fitness Calculated 20-Mar-2019 00:26:34
Iterating ...
   85         258000           1.802           10.01        1
PID - Starting Fitness Calculation 20-Mar-2019 00:26:38
Fitness Calculated 20-Mar-2019 00:54:10
Iterating ...
   86         261000           1.789           10.19        0
PID - Starting Fitness Calculation 20-Mar-2019 00:54:13
Fitness Calculated 20-Mar-2019 01:18:07
Iterating ...
   87         264000           1.802           10.17        1
PID - Starting Fitness Calculation 20-Mar-2019 01:18:12
Fitness Calculated 20-Mar-2019 01:46:43
Iterating ...
   88         267000           1.803           9.922        2
PID - Starting Fitness Calculation 20-Mar-2019 01:46:47
Fitness Calculated 20-Mar-2019 02:12:20
Iterating ...
   89         270000           1.801           9.951        0
PID - Starting Fitness Calculation 20-Mar-2019 02:12:24
Fitness Calculated 20-Mar-2019 02:36:44
Iterating ...
   90         273000             1.8           9.884        0

                               Best           Mean      Stall
Generation      f-count        f(x)           f(x)    Generations
PID - Starting Fitness Calculation 20-Mar-2019 02:36:48
Fitness Calculated 20-Mar-2019 03:01:17
Iterating ...
   91         276000           1.801           9.901        1
PID - Starting Fitness Calculation 20-Mar-2019 03:01:20
Fitness Calculated 20-Mar-2019 03:25:05
Iterating ...
   92         279000           1.792           10.02        0
PID - Starting Fitness Calculation 20-Mar-2019 03:25:09
Fitness Calculated 20-Mar-2019 03:49:10
Iterating ...
   93         282000           1.792              10        1
PID - Starting Fitness Calculation 20-Mar-2019 03:49:14
Fitness Calculated 20-Mar-2019 04:14:32
Iterating ...
   94         285000           1.802           10.16        2
PID - Starting Fitness Calculation 20-Mar-2019 04:14:36
Fitness Calculated 20-Mar-2019 04:37:21
Iterating ...
   95         288000           1.802           10.26        3
PID - Starting Fitness Calculation 20-Mar-2019 04:37:25
Fitness Calculated 20-Mar-2019 05:03:30
Iterating ...
   96         291000           1.792           10.07        0
PID - Starting Fitness Calculation 20-Mar-2019 05:03:34
Fitness Calculated 20-Mar-2019 05:28:14
Iterating ...
   97         294000           1.793           10.05        1
PID - Starting Fitness Calculation 20-Mar-2019 05:28:18
Fitness Calculated 20-Mar-2019 05:52:38
Iterating ...
   98         297000           1.794           9.777        2
PID - Starting Fitness Calculation 20-Mar-2019 05:52:42
Fitness Calculated 20-Mar-2019 06:17:55
Iterating ...
   99         300000           1.793           9.832        0
PID - Starting Fitness Calculation 20-Mar-2019 06:17:59
Fitness Calculated 20-Mar-2019 06:43:25
Iterating ...
  100         303000           1.789            10.2        0
PID - Starting Fitness Calculation 20-Mar-2019 06:43:29
Fitness Calculated 20-Mar-2019 07:10:18
Iterating ...
  101         306000           1.795            10.1        1
PID - Starting Fitness Calculation 20-Mar-2019 07:10:22
Fitness Calculated 20-Mar-2019 07:36:59
Iterating ...
  102         309000            1.79           9.822        0
PID - Starting Fitness Calculation 20-Mar-2019 07:37:04
Fitness Calculated 20-Mar-2019 08:04:03
Iterating ...
  103         312000           1.783           9.842        0
PID - Starting Fitness Calculation 20-Mar-2019 08:04:08
Fitness Calculated 20-Mar-2019 08:28:02
Iterating ...
  104         315000           1.785            9.83        1
PID - Starting Fitness Calculation 20-Mar-2019 08:28:06
Fitness Calculated 20-Mar-2019 08:54:11
Iterating ...
  105         318000           1.781            9.86        0
PID - Starting Fitness Calculation 20-Mar-2019 08:54:16
Fitness Calculated 20-Mar-2019 09:22:03
Iterating ...
  106         321000           1.789           9.792        1
PID - Starting Fitness Calculation 20-Mar-2019 09:22:08
Fitness Calculated 20-Mar-2019 09:44:35
Iterating ...
  107         324000           1.789           9.762        0
PID - Starting Fitness Calculation 20-Mar-2019 09:44:39
Fitness Calculated 20-Mar-2019 10:09:55
Iterating ...
  108         327000           1.779           9.899        0
PID - Starting Fitness Calculation 20-Mar-2019 10:09:59
Fitness Calculated 20-Mar-2019 10:35:41
Iterating ...
  109         330000           1.786           9.899        1
PID - Starting Fitness Calculation 20-Mar-2019 10:35:46
Fitness Calculated 20-Mar-2019 10:59:30
Iterating ...
  110         333000           1.774           9.876        0
PID - Starting Fitness Calculation 20-Mar-2019 10:59:35
Fitness Calculated 20-Mar-2019 11:23:59
Iterating ...
  111         336000           1.783           9.863        1
PID - Starting Fitness Calculation 20-Mar-2019 11:24:04
Fitness Calculated 20-Mar-2019 11:48:05
Iterating ...
  112         339000           1.784           9.848        2
PID - Starting Fitness Calculation 20-Mar-2019 11:48:10
Fitness Calculated 20-Mar-2019 12:13:06
Iterating ...
  113         342000           1.784            9.98        0
PID - Starting Fitness Calculation 20-Mar-2019 12:13:11
Fitness Calculated 20-Mar-2019 12:39:10
Iterating ...
  114         345000           1.788           9.872        1
PID - Starting Fitness Calculation 20-Mar-2019 12:39:16
Fitness Calculated 20-Mar-2019 13:05:48
Iterating ...
  115         348000            1.77           9.732        0
PID - Starting Fitness Calculation 20-Mar-2019 13:05:53
Fitness Calculated 20-Mar-2019 13:30:45
Iterating ...
  116         351000           1.781            9.82        1
PID - Starting Fitness Calculation 20-Mar-2019 13:30:50
Fitness Calculated 20-Mar-2019 13:55:51
Iterating ...
  117         354000           1.777              10        0
PID - Starting Fitness Calculation 20-Mar-2019 13:55:57
Fitness Calculated 20-Mar-2019 14:23:02
Iterating ...
  118         357000           1.778           10.32        1
PID - Starting Fitness Calculation 20-Mar-2019 14:23:07
Fitness Calculated 20-Mar-2019 14:46:48
Iterating ...
  119         360000           1.776           10.31        0
PID - Starting Fitness Calculation 20-Mar-2019 14:46:53
Fitness Calculated 20-Mar-2019 15:11:09
Iterating ...
  120         363000           1.773           10.15        0

                               Best           Mean      Stall
Generation      f-count        f(x)           f(x)    Generations
PID - Starting Fitness Calculation 20-Mar-2019 15:11:14
Fitness Calculated 20-Mar-2019 15:36:03
Iterating ...
  121         366000           1.772            10.1        0
PID - Starting Fitness Calculation 20-Mar-2019 15:36:08
Fitness Calculated 20-Mar-2019 16:01:57
Iterating ...
  122         369000           1.775           9.929        1
PID - Starting Fitness Calculation 20-Mar-2019 16:02:03
Fitness Calculated 20-Mar-2019 16:28:36
Iterating ...
  123         372000           1.769           9.922        0
PID - Starting Fitness Calculation 20-Mar-2019 16:28:41
Fitness Calculated 20-Mar-2019 16:56:02
Iterating ...
  124         375000            1.77           9.897        1
PID - Starting Fitness Calculation 20-Mar-2019 16:56:06
Fitness Calculated 20-Mar-2019 17:19:41
Iterating ...
  125         378000           1.769            9.75        0
PID - Starting Fitness Calculation 20-Mar-2019 17:19:47
Fitness Calculated 20-Mar-2019 17:45:37
Iterating ...
  126         381000           1.772           9.742        1
PID - Starting Fitness Calculation 20-Mar-2019 17:45:42
Fitness Calculated 20-Mar-2019 18:10:04
Iterating ...
  127         384000           1.767           9.864        0
PID - Starting Fitness Calculation 20-Mar-2019 18:10:09
Fitness Calculated 20-Mar-2019 18:34:21
Iterating ...
  128         387000           1.768           9.825        1
PID - Starting Fitness Calculation 20-Mar-2019 18:34:27
Fitness Calculated 20-Mar-2019 19:01:53
Iterating ...
  129         390000           1.764           9.776        0
PID - Starting Fitness Calculation 20-Mar-2019 19:01:59
Fitness Calculated 20-Mar-2019 19:28:14
Iterating ...
  130         393000           1.759           9.719        0
PID - Starting Fitness Calculation 20-Mar-2019 19:28:19
Fitness Calculated 20-Mar-2019 19:52:09
Iterating ...
  131         396000           1.759           9.558        1
PID - Starting Fitness Calculation 20-Mar-2019 19:52:14
Fitness Calculated 20-Mar-2019 20:15:34
Iterating ...
  132         399000           1.753           9.703        0
PID - Starting Fitness Calculation 20-Mar-2019 20:15:39
Fitness Calculated 20-Mar-2019 20:43:40
Iterating ...
  133         402000           1.755           9.683        1
PID - Starting Fitness Calculation 20-Mar-2019 20:43:45
Fitness Calculated 20-Mar-2019 21:08:41
Iterating ...
  134         405000           1.757           9.842        2
PID - Starting Fitness Calculation 20-Mar-2019 21:08:48
Fitness Calculated 20-Mar-2019 21:31:53
Iterating ...
  135         408000           1.751           9.975        0
PID - Starting Fitness Calculation 20-Mar-2019 21:31:58
Fitness Calculated 20-Mar-2019 21:56:38
Iterating ...
  136         411000           1.758           10.03        1
PID - Starting Fitness Calculation 20-Mar-2019 21:56:43
Fitness Calculated 20-Mar-2019 22:22:15
Iterating ...
  137         414000           1.758           9.976        2
PID - Starting Fitness Calculation 20-Mar-2019 22:22:21
Fitness Calculated 20-Mar-2019 22:46:01
Iterating ...
  138         417000           1.753           9.974        0
PID - Starting Fitness Calculation 20-Mar-2019 22:46:06
Fitness Calculated 20-Mar-2019 23:11:03
Iterating ...
  139         420000           1.755           10.13        1
PID - Starting Fitness Calculation 20-Mar-2019 23:11:09
Fitness Calculated 20-Mar-2019 23:35:31
Iterating ...
  140         423000           1.755           10.29        2
PID - Starting Fitness Calculation 20-Mar-2019 23:35:37
Fitness Calculated 20-Mar-2019 23:59:22
Iterating ...
  141         426000           1.751           10.16        0
PID - Starting Fitness Calculation 20-Mar-2019 23:59:28
Fitness Calculated 21-Mar-2019 00:24:07
Iterating ...
  142         429000           1.753           10.03        1
PID - Starting Fitness Calculation 21-Mar-2019 00:24:13
Fitness Calculated 21-Mar-2019 00:49:14
Iterating ...
  143         432000           1.755           9.839        2
PID - Starting Fitness Calculation 21-Mar-2019 00:49:20
Fitness Calculated 21-Mar-2019 01:18:06
Iterating ...
  144         435000           1.749           9.838        0
PID - Starting Fitness Calculation 21-Mar-2019 01:18:11
Fitness Calculated 21-Mar-2019 01:45:14
Iterating ...
  145         438000           1.742           9.902        0
PID - Starting Fitness Calculation 21-Mar-2019 01:45:20
Fitness Calculated 21-Mar-2019 02:11:13
Iterating ...
  146         441000           1.753            9.76        1
PID - Starting Fitness Calculation 21-Mar-2019 02:11:20
Fitness Calculated 21-Mar-2019 02:35:12
Iterating ...
  147         444000           1.755           10.01        2
PID - Starting Fitness Calculation 21-Mar-2019 02:35:18
Fitness Calculated 21-Mar-2019 02:59:35
Iterating ...
  148         447000           1.748           9.748        0
PID - Starting Fitness Calculation 21-Mar-2019 02:59:42
Fitness Calculated 21-Mar-2019 03:26:08
Iterating ...
  149         450000           1.744           9.968        0
PID - Starting Fitness Calculation 21-Mar-2019 03:26:14
Fitness Calculated 21-Mar-2019 03:50:15
Iterating ...
  150         453000           1.756           10.06        1
Optimization terminated: maximum number of generations exceeded.
Performing final task
Parallel pool using the 'ClusterPandora' profile is shutting down.

