
                            < M A T L A B (R) >
                  Copyright 1984-2015 The MathWorks, Inc.
                   R2015a (8.5.0.197613) 64-bit (glnxa64)
                             February 12, 2015

 
To get started, type one of these: helpwin, helpdesk, or demo.
For product information, visit www.mathworks.com.
 
Starting parallel pool (parpool) using the 'ClusterPandora' profile ... connected to 68 workers.

foldername =

Evaluation_Adaptive Direct_None_Passive NMAC_23-Apr-2019 20:31:30_result


attitudeController =

Adaptive Direct


controlAllocator =

None


attitudeReference =

Passive NMAC

Adaptive Direct - Starting Controller evaluation 30-May-2019 01:09:14
N0 - Starting samples matrix 30-May-2019 01:09:15
Analyzing and transferring files to the workers ...done.
N0 - Finished samples matrix 30-May-2019 01:12:37
N1 - Starting samples matrix 30-May-2019 01:12:38
N1 - Finished samples matrix 30-May-2019 01:15:14
N1234567 - Starting samples matrix 30-May-2019 01:15:14
N1234567 - Finished samples matrix 30-May-2019 01:18:07
N2 - Starting samples matrix 30-May-2019 01:18:08
N2 - Finished samples matrix 30-May-2019 01:20:57
N3 - Starting samples matrix 30-May-2019 01:20:58
N3 - Finished samples matrix 30-May-2019 01:23:38
N4 - Starting samples matrix 30-May-2019 01:23:39
N4 - Finished samples matrix 30-May-2019 01:26:23
N5 - Starting samples matrix 30-May-2019 01:26:25
N5 - Finished samples matrix 30-May-2019 01:29:04
N6 - Starting samples matrix 30-May-2019 01:29:06
N6 - Finished samples matrix 30-May-2019 01:31:44
N7 - Starting samples matrix 30-May-2019 01:31:46
N7 - Finished samples matrix 30-May-2019 01:34:24

foldername =

Evaluation_Adaptive with PIDD_Passive NMAC_Passive NMAC_17-Apr-2019 23:47:55_iterations


attitudeController =

Adaptive with PIDD


controlAllocator =

Passive NMAC


attitudeReference =

Passive NMAC

Adaptive with PIDD - Starting Controller evaluation 30-May-2019 01:34:26
N0 - Starting samples matrix 30-May-2019 01:34:27
N0 - Finished samples matrix 30-May-2019 01:42:30
N1 - Starting samples matrix 30-May-2019 01:42:30
N1 - Finished samples matrix 30-May-2019 01:51:32
N1234567 - Starting samples matrix 30-May-2019 01:51:33
N1234567 - Finished samples matrix 30-May-2019 01:59:33
N2 - Starting samples matrix 30-May-2019 01:59:34
N2 - Finished samples matrix 30-May-2019 02:12:38
N3 - Starting samples matrix 30-May-2019 02:12:39
N3 - Finished samples matrix 30-May-2019 02:22:52
N4 - Starting samples matrix 30-May-2019 02:22:54
N4 - Finished samples matrix 30-May-2019 02:31:19
N5 - Starting samples matrix 30-May-2019 02:31:20
N5 - Finished samples matrix 30-May-2019 02:39:33
N6 - Starting samples matrix 30-May-2019 02:39:35
N6 - Finished samples matrix 30-May-2019 02:48:09
N7 - Starting samples matrix 30-May-2019 02:48:10
N7 - Finished samples matrix 30-May-2019 02:57:55

foldername =

Evaluation_Adaptive_Passive NMAC_Passive NMAC_15-Apr-2019 10:22:27_iterations


attitudeController =

Adaptive


controlAllocator =

Passive NMAC


attitudeReference =

Passive NMAC

Adaptive - Starting Controller evaluation 30-May-2019 02:57:58
N0 - Starting samples matrix 30-May-2019 02:57:58
N0 - Finished samples matrix 30-May-2019 03:09:25
N1 - Starting samples matrix 30-May-2019 03:09:26
N1 - Finished samples matrix 30-May-2019 03:20:04
N1234567 - Starting samples matrix 30-May-2019 03:20:05
N1234567 - Finished samples matrix 30-May-2019 03:29:28
N2 - Starting samples matrix 30-May-2019 03:29:29
N2 - Finished samples matrix 30-May-2019 03:40:30
N3 - Starting samples matrix 30-May-2019 03:40:31
N3 - Finished samples matrix 30-May-2019 03:50:51
N4 - Starting samples matrix 30-May-2019 03:50:52
N4 - Finished samples matrix 30-May-2019 04:02:51
N5 - Starting samples matrix 30-May-2019 04:02:52
N5 - Finished samples matrix 30-May-2019 04:14:18
N6 - Starting samples matrix 30-May-2019 04:14:20
N6 - Finished samples matrix 30-May-2019 04:24:16
N7 - Starting samples matrix 30-May-2019 04:24:17
N7 - Finished samples matrix 30-May-2019 04:34:25

foldername =

Evaluation_Markovian RLQ-R Active Modified_Active NMAC_Active NMAC_07-Apr-2019 14:07:06_iterations_light


attitudeController =

Markovian RLQ-R Active Modified


controlAllocator =

Active NMAC


attitudeReference =

Active NMAC

Markovian RLQ-R Active Modified - Starting Controller evaluation 30-May-2019 04:34:27
N0 - Starting samples matrix 30-May-2019 04:34:27
N0 - Finished samples matrix 30-May-2019 04:48:49
N1 - Starting samples matrix 30-May-2019 04:48:49
N1 - Finished samples matrix 30-May-2019 05:03:44
N1234567 - Starting samples matrix 30-May-2019 05:03:45
N1234567 - Finished samples matrix 30-May-2019 05:17:22
N2 - Starting samples matrix 30-May-2019 05:17:23
N2 - Finished samples matrix 30-May-2019 05:32:01
N3 - Starting samples matrix 30-May-2019 05:32:02
N3 - Finished samples matrix 30-May-2019 05:46:56
N4 - Starting samples matrix 30-May-2019 05:46:58
N4 - Finished samples matrix 30-May-2019 06:01:48
N5 - Starting samples matrix 30-May-2019 06:01:49
N5 - Finished samples matrix 30-May-2019 06:16:13
N6 - Starting samples matrix 30-May-2019 06:16:14
N6 - Finished samples matrix 30-May-2019 06:32:11
N7 - Starting samples matrix 30-May-2019 06:32:13
N7 - Finished samples matrix 30-May-2019 06:46:24

foldername =

Evaluation_Markovian RLQ-R Passive Modified_Passive NMAC_Passive NMAC_24-Apr-2019 08:00:21_iterations


attitudeController =

Markovian RLQ-R Passive Modified


controlAllocator =

Passive NMAC


attitudeReference =

Passive NMAC

Markovian RLQ-R Passive Modified - Starting Controller evaluation 30-May-2019 06:46:28
N0 - Starting samples matrix 30-May-2019 06:46:28
N0 - Finished samples matrix 30-May-2019 07:06:52
N1 - Starting samples matrix 30-May-2019 07:06:53
N1 - Finished samples matrix 30-May-2019 07:26:29
N1234567 - Starting samples matrix 30-May-2019 07:26:30
N1234567 - Finished samples matrix 30-May-2019 07:49:03
N2 - Starting samples matrix 30-May-2019 07:49:04
N2 - Finished samples matrix 30-May-2019 08:07:43
N3 - Starting samples matrix 30-May-2019 08:07:44
N3 - Finished samples matrix 30-May-2019 08:27:10
N4 - Starting samples matrix 30-May-2019 08:27:11
N4 - Finished samples matrix 30-May-2019 08:47:25
N5 - Starting samples matrix 30-May-2019 08:47:26
N5 - Finished samples matrix 30-May-2019 09:08:39
N6 - Starting samples matrix 30-May-2019 09:08:40
N6 - Finished samples matrix 30-May-2019 09:31:02
N7 - Starting samples matrix 30-May-2019 09:31:03
N7 - Finished samples matrix 30-May-2019 09:49:42

foldername =

Evaluation_PID_Active NMAC_Active NMAC_21-Mar-2019 07:23:12_iterations


attitudeController =

PID


controlAllocator =

Active NMAC


attitudeReference =

Active NMAC

PID - Starting Controller evaluation 30-May-2019 09:49:44
N0 - Starting samples matrix 30-May-2019 09:49:45
N0 - Finished samples matrix 30-May-2019 10:32:25
N1 - Starting samples matrix 30-May-2019 10:32:25
N1 - Finished samples matrix 30-May-2019 11:15:40
N1234567 - Starting samples matrix 30-May-2019 11:15:40
N1234567 - Finished samples matrix 30-May-2019 11:59:54
N2 - Starting samples matrix 30-May-2019 11:59:55
N2 - Finished samples matrix 30-May-2019 12:50:48
N3 - Starting samples matrix 30-May-2019 12:50:50
N3 - Finished samples matrix 30-May-2019 13:34:22
N4 - Starting samples matrix 30-May-2019 13:34:23
N4 - Finished samples matrix 30-May-2019 14:20:49
N5 - Starting samples matrix 30-May-2019 14:20:50
N5 - Finished samples matrix 30-May-2019 15:05:06
N6 - Starting samples matrix 30-May-2019 15:05:08
N6 - Finished samples matrix 30-May-2019 15:46:45
N7 - Starting samples matrix 30-May-2019 15:46:47
N7 - Finished samples matrix 30-May-2019 16:30:00

foldername =

Evaluation_PID_Passive NMAC_Passive NMAC_30-Sep-2018 15:23:09_result


attitudeController =

PID


controlAllocator =

Passive NMAC


attitudeReference =

Passive NMAC

PID - Starting Controller evaluation 30-May-2019 16:30:02
N0 - Starting samples matrix 30-May-2019 16:30:03
N0 - Finished samples matrix 30-May-2019 17:02:18
N1 - Starting samples matrix 30-May-2019 17:02:19
N1 - Finished samples matrix 30-May-2019 17:35:41
N1234567 - Starting samples matrix 30-May-2019 17:35:42
N1234567 - Finished samples matrix 30-May-2019 18:08:12
N2 - Starting samples matrix 30-May-2019 18:08:13
N2 - Finished samples matrix 30-May-2019 18:42:43
N3 - Starting samples matrix 30-May-2019 18:42:45
N3 - Finished samples matrix 30-May-2019 19:13:47
N4 - Starting samples matrix 30-May-2019 19:13:49
N4 - Finished samples matrix 30-May-2019 19:46:41
N5 - Starting samples matrix 30-May-2019 19:46:42
N5 - Finished samples matrix 30-May-2019 20:22:46
N6 - Starting samples matrix 30-May-2019 20:22:48
N6 - Finished samples matrix 30-May-2019 20:57:59
N7 - Starting samples matrix 30-May-2019 20:58:01
N7 - Finished samples matrix 30-May-2019 21:32:16

foldername =

Evaluation_RLQ-R Active Modified with PIDD_Active NMAC_Active NMAC_23-Mar-2019 22:23:29_result


attitudeController =

RLQ-R Active Modified with PIDD


controlAllocator =

Active NMAC


attitudeReference =

Active NMAC

RLQ-R Active Modified with PIDD - Starting Controller evaluation 30-May-2019 21:32:18
N0 - Starting samples matrix 30-May-2019 21:32:18
N0 - Finished samples matrix 30-May-2019 21:59:37
N1 - Starting samples matrix 30-May-2019 21:59:38
N1 - Finished samples matrix 30-May-2019 22:27:17
N1234567 - Starting samples matrix 30-May-2019 22:27:18
N1234567 - Finished samples matrix 30-May-2019 22:59:56
N2 - Starting samples matrix 30-May-2019 22:59:57
N2 - Finished samples matrix 30-May-2019 23:25:56
N3 - Starting samples matrix 30-May-2019 23:25:57
N3 - Finished samples matrix 30-May-2019 23:55:37
N4 - Starting samples matrix 30-May-2019 23:55:38
N4 - Finished samples matrix 31-May-2019 00:23:33
N5 - Starting samples matrix 31-May-2019 00:23:34
N5 - Finished samples matrix 31-May-2019 00:52:02
N6 - Starting samples matrix 31-May-2019 00:52:04
N6 - Finished samples matrix 31-May-2019 01:26:32
N7 - Starting samples matrix 31-May-2019 01:26:33
N7 - Finished samples matrix 31-May-2019 01:57:47

foldername =

Evaluation_RLQ-R Active Modified_Active NMAC_Active NMAC_17-Mar-2019 06:30:51_iterations


attitudeController =

RLQ-R Active Modified


controlAllocator =

Active NMAC


attitudeReference =

Active NMAC

RLQ-R Active Modified - Starting Controller evaluation 31-May-2019 01:57:49
N0 - Starting samples matrix 31-May-2019 01:57:50
N0 - Finished samples matrix 31-May-2019 02:26:46
N1 - Starting samples matrix 31-May-2019 02:26:47
N1 - Finished samples matrix 31-May-2019 02:55:45
N1234567 - Starting samples matrix 31-May-2019 02:55:45
N1234567 - Finished samples matrix 31-May-2019 03:27:24
N2 - Starting samples matrix 31-May-2019 03:27:25
N2 - Finished samples matrix 31-May-2019 03:52:46
N3 - Starting samples matrix 31-May-2019 03:52:47
N3 - Finished samples matrix 31-May-2019 04:23:27
N4 - Starting samples matrix 31-May-2019 04:23:28
N4 - Finished samples matrix 31-May-2019 04:54:06
N5 - Starting samples matrix 31-May-2019 04:54:08
N5 - Finished samples matrix 31-May-2019 05:25:42
N6 - Starting samples matrix 31-May-2019 05:25:44
N6 - Finished samples matrix 31-May-2019 05:54:53
N7 - Starting samples matrix 31-May-2019 05:54:55
N7 - Finished samples matrix 31-May-2019 06:23:50

foldername =

Evaluation_RLQ-R Active_Active NMAC_Active NMAC_16-Mar-2019 16:15:05_result


attitudeController =

RLQ-R Active


controlAllocator =

Active NMAC


attitudeReference =

Active NMAC

RLQ-R Active - Starting Controller evaluation 31-May-2019 06:23:52
N0 - Starting samples matrix 31-May-2019 06:23:53
N0 - Finished samples matrix 31-May-2019 06:33:43
N1 - Starting samples matrix 31-May-2019 06:33:44
N1 - Finished samples matrix 31-May-2019 06:43:54
N1234567 - Starting samples matrix 31-May-2019 06:43:55
N1234567 - Finished samples matrix 31-May-2019 06:53:30
N2 - Starting samples matrix 31-May-2019 06:53:31
N2 - Finished samples matrix 31-May-2019 07:02:41
N3 - Starting samples matrix 31-May-2019 07:02:42
N3 - Finished samples matrix 31-May-2019 07:12:31
N4 - Starting samples matrix 31-May-2019 07:12:32
N4 - Finished samples matrix 31-May-2019 07:22:32
N5 - Starting samples matrix 31-May-2019 07:22:34
N5 - Finished samples matrix 31-May-2019 07:32:17
N6 - Starting samples matrix 31-May-2019 07:32:18
N6 - Finished samples matrix 31-May-2019 07:42:26
N7 - Starting samples matrix 31-May-2019 07:42:27
N7 - Finished samples matrix 31-May-2019 07:52:40

foldername =

Evaluation_RLQ-R Passive Modified with PIDD_Passive NMAC_Passive NMAC_06-Oct-2018 11:57:20_result


attitudeController =

RLQ-R Passive Modified with PIDD


controlAllocator =

Passive NMAC


attitudeReference =

Passive NMAC

RLQ-R Passive Modified with PIDD - Starting Controller evaluation 31-May-2019 07:52:42
N0 - Starting samples matrix 31-May-2019 07:52:43
N0 - Finished samples matrix 31-May-2019 08:06:02
N1 - Starting samples matrix 31-May-2019 08:06:02
N1 - Finished samples matrix 31-May-2019 08:17:53
N1234567 - Starting samples matrix 31-May-2019 08:17:54
N1234567 - Finished samples matrix 31-May-2019 08:29:06
N2 - Starting samples matrix 31-May-2019 08:29:07
N2 - Finished samples matrix 31-May-2019 08:41:44
N3 - Starting samples matrix 31-May-2019 08:41:45
N3 - Finished samples matrix 31-May-2019 08:55:38
N4 - Starting samples matrix 31-May-2019 08:55:39
N4 - Finished samples matrix 31-May-2019 09:09:18
N5 - Starting samples matrix 31-May-2019 09:09:19
N5 - Finished samples matrix 31-May-2019 09:23:34
N6 - Starting samples matrix 31-May-2019 09:23:36
N6 - Finished samples matrix 31-May-2019 09:34:16
N7 - Starting samples matrix 31-May-2019 09:34:17
N7 - Finished samples matrix 31-May-2019 09:44:11

foldername =

Evaluation_RLQ-R Passive Modified_Passive NMAC_Passive NMAC_02-Oct-2018 22:33:01_result


attitudeController =

RLQ-R Passive Modified


controlAllocator =

Passive NMAC


attitudeReference =

Passive NMAC

RLQ-R Passive Modified - Starting Controller evaluation 31-May-2019 09:44:12
N0 - Starting samples matrix 31-May-2019 09:44:13
N0 - Finished samples matrix 31-May-2019 10:02:43
N1 - Starting samples matrix 31-May-2019 10:02:43
N1 - Finished samples matrix 31-May-2019 10:18:45
N1234567 - Starting samples matrix 31-May-2019 10:18:45
N1234567 - Finished samples matrix 31-May-2019 10:39:28
N2 - Starting samples matrix 31-May-2019 10:39:28
N2 - Finished samples matrix 31-May-2019 10:53:36
N3 - Starting samples matrix 31-May-2019 10:53:37
N3 - Finished samples matrix 31-May-2019 11:17:56
N4 - Starting samples matrix 31-May-2019 11:17:58
N4 - Finished samples matrix 31-May-2019 11:38:09
N5 - Starting samples matrix 31-May-2019 11:38:10
N5 - Finished samples matrix 31-May-2019 12:00:11
N6 - Starting samples matrix 31-May-2019 12:00:13
N6 - Finished samples matrix 31-May-2019 12:17:10
N7 - Starting samples matrix 31-May-2019 12:17:11
N7 - Finished samples matrix 31-May-2019 12:32:21

foldername =

Evaluation_RLQ-R Passive_Passive NMAC_Passive NMAC_01-Oct-2018 23:02:15_result


attitudeController =

RLQ-R Passive


controlAllocator =

Passive NMAC


attitudeReference =

Passive NMAC

RLQ-R Passive - Starting Controller evaluation 31-May-2019 12:32:23
N0 - Starting samples matrix 31-May-2019 12:32:24
N0 - Finished samples matrix 31-May-2019 12:41:23
N1 - Starting samples matrix 31-May-2019 12:41:24
N1 - Finished samples matrix 31-May-2019 12:50:24
N1234567 - Starting samples matrix 31-May-2019 12:50:24
N1234567 - Finished samples matrix 31-May-2019 12:59:01
N2 - Starting samples matrix 31-May-2019 12:59:02
N2 - Finished samples matrix 31-May-2019 13:07:53
N3 - Starting samples matrix 31-May-2019 13:07:54
N3 - Finished samples matrix 31-May-2019 13:16:34
N4 - Starting samples matrix 31-May-2019 13:16:36
N4 - Finished samples matrix 31-May-2019 13:25:27
N5 - Starting samples matrix 31-May-2019 13:25:29
N5 - Finished samples matrix 31-May-2019 13:34:25
N6 - Starting samples matrix 31-May-2019 13:34:27
N6 - Finished samples matrix 31-May-2019 13:42:59
N7 - Starting samples matrix 31-May-2019 13:43:00
N7 - Finished samples matrix 31-May-2019 13:51:40

foldername =

Evaluation_SOSMC Active Direct_None_Active NMAC_05-Apr-2019 10:12:16_result


attitudeController =

SOSMC Active Direct


controlAllocator =

None


attitudeReference =

Active NMAC

SOSMC Active Direct - Starting Controller evaluation 31-May-2019 13:51:42
N0 - Starting samples matrix 31-May-2019 13:51:43
N0 - Finished samples matrix 31-May-2019 14:13:38
N1 - Starting samples matrix 31-May-2019 14:13:39
N1 - Finished samples matrix 31-May-2019 14:37:22
N1234567 - Starting samples matrix 31-May-2019 14:37:23
N1234567 - Finished samples matrix 31-May-2019 15:01:11
N2 - Starting samples matrix 31-May-2019 15:01:12
N2 - Finished samples matrix 31-May-2019 15:18:54
N3 - Starting samples matrix 31-May-2019 15:18:55
N3 - Finished samples matrix 31-May-2019 15:39:04
N4 - Starting samples matrix 31-May-2019 15:39:05
N4 - Finished samples matrix 31-May-2019 15:58:33
N5 - Starting samples matrix 31-May-2019 15:58:34
N5 - Finished samples matrix 31-May-2019 16:19:05
N6 - Starting samples matrix 31-May-2019 16:19:06
N6 - Finished samples matrix 31-May-2019 16:40:25
N7 - Starting samples matrix 31-May-2019 16:40:27
N7 - Finished samples matrix 31-May-2019 17:00:17

foldername =

Evaluation_SOSMC Active with PIDD_Active NMAC_Active NMAC_28-Mar-2019 04:00:13_result


attitudeController =

SOSMC Active with PIDD


controlAllocator =

Active NMAC


attitudeReference =

Active NMAC

SOSMC Active with PIDD - Starting Controller evaluation 31-May-2019 17:00:19
N0 - Starting samples matrix 31-May-2019 17:00:20
N0 - Finished samples matrix 31-May-2019 17:41:55
N1 - Starting samples matrix 31-May-2019 17:41:55
N1 - Finished samples matrix 31-May-2019 18:19:36
N1234567 - Starting samples matrix 31-May-2019 18:19:36
N1234567 - Finished samples matrix 31-May-2019 18:59:16
N2 - Starting samples matrix 31-May-2019 18:59:17
N2 - Finished samples matrix 31-May-2019 19:44:52
N3 - Starting samples matrix 31-May-2019 19:44:53
N3 - Finished samples matrix 31-May-2019 20:24:50
N4 - Starting samples matrix 31-May-2019 20:24:51
N4 - Finished samples matrix 31-May-2019 21:08:54
N5 - Starting samples matrix 31-May-2019 21:08:55
N5 - Finished samples matrix 31-May-2019 21:54:07
N6 - Starting samples matrix 31-May-2019 21:54:09
N6 - Finished samples matrix 31-May-2019 22:35:24
N7 - Starting samples matrix 31-May-2019 22:35:26
N7 - Finished samples matrix 31-May-2019 23:16:31

foldername =

Evaluation_SOSMC Active_Active NMAC_Active NMAC_26-Mar-2019 00:04:53_result


attitudeController =

SOSMC Active


controlAllocator =

Active NMAC


attitudeReference =

Active NMAC

SOSMC Active - Starting Controller evaluation 31-May-2019 23:16:32
N0 - Starting samples matrix 31-May-2019 23:16:33
N0 - Finished samples matrix 31-May-2019 23:42:34
N1 - Starting samples matrix 31-May-2019 23:42:34
N1 - Finished samples matrix 01-Jun-2019 00:08:07
N1234567 - Starting samples matrix 01-Jun-2019 00:08:08
N1234567 - Finished samples matrix 01-Jun-2019 00:37:06
N2 - Starting samples matrix 01-Jun-2019 00:37:07
N2 - Finished samples matrix 01-Jun-2019 00:59:16
N3 - Starting samples matrix 01-Jun-2019 00:59:17
N3 - Finished samples matrix 01-Jun-2019 01:28:08
N4 - Starting samples matrix 01-Jun-2019 01:28:09
N4 - Finished samples matrix 01-Jun-2019 01:54:43
N5 - Starting samples matrix 01-Jun-2019 01:54:45
N5 - Finished samples matrix 01-Jun-2019 02:20:52
N6 - Starting samples matrix 01-Jun-2019 02:20:54
N6 - Finished samples matrix 01-Jun-2019 02:47:12
N7 - Starting samples matrix 01-Jun-2019 02:47:14
N7 - Finished samples matrix 01-Jun-2019 03:10:45

foldername =

Evaluation_SOSMC Passive Direct_None_Passive NMAC_14-Apr-2019 04:43:00_result


attitudeController =

SOSMC Passive Direct


controlAllocator =

None


attitudeReference =

Passive NMAC

SOSMC Passive Direct - Starting Controller evaluation 01-Jun-2019 03:10:47
N0 - Starting samples matrix 01-Jun-2019 03:10:48
N0 - Finished samples matrix 01-Jun-2019 03:29:31
N1 - Starting samples matrix 01-Jun-2019 03:29:32
N1 - Finished samples matrix 01-Jun-2019 03:47:24
N1234567 - Starting samples matrix 01-Jun-2019 03:47:25
N1234567 - Finished samples matrix 01-Jun-2019 04:05:43
N2 - Starting samples matrix 01-Jun-2019 04:05:44
N2 - Finished samples matrix 01-Jun-2019 04:27:18
N3 - Starting samples matrix 01-Jun-2019 04:27:19
N3 - Finished samples matrix 01-Jun-2019 04:45:55
N4 - Starting samples matrix 01-Jun-2019 04:45:56
N4 - Finished samples matrix 01-Jun-2019 05:07:02
N5 - Starting samples matrix 01-Jun-2019 05:07:04
N5 - Finished samples matrix 01-Jun-2019 05:29:46
N6 - Starting samples matrix 01-Jun-2019 05:29:47
N6 - Finished samples matrix 01-Jun-2019 05:47:40
N7 - Starting samples matrix 01-Jun-2019 05:47:41
N7 - Finished samples matrix 01-Jun-2019 06:05:47

foldername =

Evaluation_SOSMC Passive with PIDD_Passive NMAC_Passive NMAC_12-Apr-2019 17:06:23_result


attitudeController =

SOSMC Passive with PIDD


controlAllocator =

Passive NMAC


attitudeReference =

Passive NMAC

SOSMC Passive with PIDD - Starting Controller evaluation 01-Jun-2019 06:05:49
N0 - Starting samples matrix 01-Jun-2019 06:05:49
N0 - Finished samples matrix 01-Jun-2019 06:29:18
N1 - Starting samples matrix 01-Jun-2019 06:29:19
N1 - Finished samples matrix 01-Jun-2019 06:50:03
N1234567 - Starting samples matrix 01-Jun-2019 06:50:04
N1234567 - Finished samples matrix 01-Jun-2019 07:10:00
N2 - Starting samples matrix 01-Jun-2019 07:10:01
N2 - Finished samples matrix 01-Jun-2019 07:29:56
N3 - Starting samples matrix 01-Jun-2019 07:29:57
N3 - Finished samples matrix 01-Jun-2019 07:52:33
N4 - Starting samples matrix 01-Jun-2019 07:52:35
N4 - Finished samples matrix 01-Jun-2019 08:17:47
N5 - Starting samples matrix 01-Jun-2019 08:17:48
N5 - Finished samples matrix 01-Jun-2019 08:44:44
N6 - Starting samples matrix 01-Jun-2019 08:44:45
N6 - Finished samples matrix 01-Jun-2019 09:09:46
N7 - Starting samples matrix 01-Jun-2019 09:09:47
N7 - Finished samples matrix 01-Jun-2019 09:35:55

foldername =

Evaluation_SOSMC Passive_Passive NMAC_Passive NMAC_09-Apr-2019 18:43:35_result


attitudeController =

SOSMC Passive


controlAllocator =

Passive NMAC


attitudeReference =

Passive NMAC

SOSMC Passive - Starting Controller evaluation 01-Jun-2019 09:35:57
N0 - Starting samples matrix 01-Jun-2019 09:35:58
N0 - Finished samples matrix 01-Jun-2019 09:50:52
N1 - Starting samples matrix 01-Jun-2019 09:50:53
N1 - Finished samples matrix 01-Jun-2019 10:04:37
N1234567 - Starting samples matrix 01-Jun-2019 10:04:38
N1234567 - Finished samples matrix 01-Jun-2019 10:24:57
N2 - Starting samples matrix 01-Jun-2019 10:24:58
N2 - Finished samples matrix 01-Jun-2019 10:37:44
N3 - Starting samples matrix 01-Jun-2019 10:37:45
N3 - Finished samples matrix 01-Jun-2019 10:54:53
N4 - Starting samples matrix 01-Jun-2019 10:54:55
N4 - Finished samples matrix 01-Jun-2019 11:10:06
N5 - Starting samples matrix 01-Jun-2019 11:10:07
N5 - Finished samples matrix 01-Jun-2019 11:27:16
N6 - Starting samples matrix 01-Jun-2019 11:27:18
N6 - Finished samples matrix 01-Jun-2019 11:41:46
N7 - Starting samples matrix 01-Jun-2019 11:41:48
N7 - Finished samples matrix 01-Jun-2019 11:57:44
