
                            < M A T L A B (R) >
                  Copyright 1984-2015 The MathWorks, Inc.
                   R2015a (8.5.0.197613) 64-bit (glnxa64)
                             February 12, 2015

 
To get started, type one of these: helpwin, helpdesk, or demo.
For product information, visit www.mathworks.com.
 
 
To get started, type one of these: helpwin, helpdesk, or demo.
For product information, visit www.mathworks.com.
 

initialPopulation =

   1.0e+03 *

  Columns 1 through 7

    0.2200    0.2200    0.2200    0.0400    0.0400    0.0400    0.0500
    0.0900    0.0900    0.0900    0.0100    0.0100    0.0100    0.0400
    0.2200    0.2200    0.2200    0.0400    0.0400    0.0400    0.0500
    0.0900    0.0900    0.0900    0.0100    0.0100    0.0100    0.0400
    0.2200    0.2200    0.2200    0.0400    0.0400    0.0400    0.0500
    0.0900    0.0900    0.0900    0.0100    0.0100    0.0100    0.0400
    0.2200    0.2200    0.2200    0.0400    0.0400    0.0400    0.0500
    0.0900    0.0900    0.0900    0.0100    0.0100    0.0100    0.0400

  Columns 8 through 14

    0.0500    0.0500    0.0100    0.0100    0.0100    0.5000    0.5000
    0.0400    0.0400    0.0020    0.0020    0.0020    0.1300    0.1300
    0.0500    0.0500    0.0100    0.0100    0.0100    0.5000    0.5000
    0.0400    0.0400    0.0020    0.0020    0.0020    0.1300    0.1300
    0.0500    0.0500    0.0100    0.0100    0.0100    0.5000    0.5000
    0.0400    0.0400    0.0020    0.0020    0.0020    0.1300    0.1300
    0.0500    0.0500    0.0100    0.0100    0.0100    0.5000    0.5000
    0.0400    0.0400    0.0020    0.0020    0.0020    0.1300    0.1300

  Columns 15 through 21

    0.2500    1.0000    1.0000    0.6500    0.0600    0.0600    0.0050
    0.0500    0.2000    0.2000    0.2000    0.0140    0.0140    0.0020
    0.2500    1.0000    1.0000    0.6500    0.0600    0.0600    0.0050
    0.0500    0.2000    0.2000    0.2000    0.0140    0.0140    0.0020
    0.2500    1.0000    1.0000    0.6500    0.0600    0.0600    0.0050
    0.0500    0.2000    0.2000    0.2000    0.0140    0.0140    0.0020
    0.2500    1.0000    1.0000    0.6500    0.0600    0.0600    0.0050
    0.0500    0.2000    0.2000    0.2000    0.0140    0.0140    0.0020

  Columns 22 through 24

         0         0    0.0005
         0         0    0.0005
         0         0    0.0005
         0         0    0.0005
         0         0    0.0005
         0         0    0.0005
         0         0    0.0005
         0         0    0.0005

Starting parallel pool (parpool) using the 'ClusterPandora' profile ... connected to 80 workers.
Starting Fitness Calculation 13-Apr-2018 18:46:15
Analyzing and transferring files to the workers ...done.
Fitness Calculated 13-Apr-2018 19:27:37
Starting the algorithm

                               Best           Mean      Stall
Generation      f-count        f(x)           f(x)    Generations
Starting Fitness Calculation 13-Apr-2018 19:27:37
Fitness Calculated 13-Apr-2018 20:11:41
Iterating ...
    1          2000       6.517e+09       1.457e+11        0
Starting Fitness Calculation 13-Apr-2018 20:11:42
Fitness Calculated 13-Apr-2018 21:18:24
Iterating ...
    2          3000       5.311e+09       1.381e+11        0
Starting Fitness Calculation 13-Apr-2018 21:18:24
Fitness Calculated 13-Apr-2018 22:30:42
Iterating ...
    3          4000       4.838e+09       1.312e+11        0
Starting Fitness Calculation 13-Apr-2018 22:30:42
Fitness Calculated 13-Apr-2018 23:52:50
Iterating ...
    4          5000       3.966e+09       1.295e+11        0
Starting Fitness Calculation 13-Apr-2018 23:52:50
Fitness Calculated 14-Apr-2018 01:18:28
Iterating ...
    5          6000       3.923e+09       1.273e+11        0
Starting Fitness Calculation 14-Apr-2018 01:18:29
Fitness Calculated 14-Apr-2018 02:49:29
Iterating ...
    6          7000       3.896e+09       1.257e+11        0
Starting Fitness Calculation 14-Apr-2018 02:49:30
Fitness Calculated 14-Apr-2018 04:23:11
Iterating ...
    7          8000       3.821e+09       1.119e+11        0
Starting Fitness Calculation 14-Apr-2018 04:23:12
Fitness Calculated 14-Apr-2018 05:57:12
Iterating ...
    8          9000       3.757e+09       9.958e+10        0
Starting Fitness Calculation 14-Apr-2018 05:57:12
Fitness Calculated 14-Apr-2018 07:32:06
Iterating ...
    9         10000       3.736e+09       7.444e+10        0
Starting Fitness Calculation 14-Apr-2018 07:32:06
Fitness Calculated 14-Apr-2018 09:15:59
Iterating ...
   10         11000        3.64e+09       5.771e+10        0
Starting Fitness Calculation 14-Apr-2018 09:16:00
Fitness Calculated 14-Apr-2018 11:08:39
Iterating ...
   11         12000        3.57e+09       4.202e+10        0
Starting Fitness Calculation 14-Apr-2018 11:08:40
Fitness Calculated 14-Apr-2018 13:14:40
Iterating ...
   12         13000        3.44e+09       2.949e+10        0
Starting Fitness Calculation 14-Apr-2018 13:14:40
Fitness Calculated 14-Apr-2018 15:27:43
Iterating ...
   13         14000       3.381e+09       1.714e+10        0
Starting Fitness Calculation 14-Apr-2018 15:27:43
Fitness Calculated 14-Apr-2018 17:40:03
Iterating ...
   14         15000       3.288e+09       1.067e+10        0
Starting Fitness Calculation 14-Apr-2018 17:40:04
Fitness Calculated 14-Apr-2018 19:51:32
Iterating ...
   15         16000       3.018e+09       7.789e+09        0
Starting Fitness Calculation 14-Apr-2018 19:51:32
Fitness Calculated 14-Apr-2018 22:04:32
Iterating ...
   16         17000       2.927e+09       5.945e+09        0
Starting Fitness Calculation 14-Apr-2018 22:04:33
Fitness Calculated 15-Apr-2018 00:30:24
Iterating ...
   17         18000        2.66e+09        4.84e+09        0
Starting Fitness Calculation 15-Apr-2018 00:30:24
Fitness Calculated 15-Apr-2018 02:57:50
Iterating ...
   18         19000       2.521e+09       4.492e+09        0
Starting Fitness Calculation 15-Apr-2018 02:57:51
Fitness Calculated 15-Apr-2018 05:23:09
Iterating ...
   19         20000       2.416e+09       3.411e+09        0
Starting Fitness Calculation 15-Apr-2018 05:23:10
Fitness Calculated 15-Apr-2018 07:50:49
Iterating ...
   20         21000       2.323e+09       3.144e+09        0
Starting Fitness Calculation 15-Apr-2018 07:50:50
Fitness Calculated 15-Apr-2018 10:18:55
Iterating ...
   21         22000       2.213e+09       3.007e+09        0
Starting Fitness Calculation 15-Apr-2018 10:18:56
Fitness Calculated 15-Apr-2018 12:51:07
Iterating ...
   22         23000       2.213e+09       2.895e+09        1
Starting Fitness Calculation 15-Apr-2018 12:51:08
Fitness Calculated 15-Apr-2018 15:21:00
Iterating ...
   23         24000       2.191e+09       2.767e+09        0
Starting Fitness Calculation 15-Apr-2018 15:21:01
Fitness Calculated 15-Apr-2018 17:50:38
Iterating ...
   24         25000       2.166e+09       2.663e+09        0
Starting Fitness Calculation 15-Apr-2018 17:50:38
Fitness Calculated 15-Apr-2018 20:20:26
Iterating ...
   25         26000       2.166e+09       2.579e+09        0
Starting Fitness Calculation 15-Apr-2018 20:20:27
Fitness Calculated 15-Apr-2018 22:46:08
Iterating ...
   26         27000       2.136e+09       2.553e+09        0
Starting Fitness Calculation 15-Apr-2018 22:46:08
Fitness Calculated 16-Apr-2018 01:04:45
Iterating ...
   27         28000       2.136e+09       2.517e+09        1
Starting Fitness Calculation 16-Apr-2018 01:04:46
Fitness Calculated 16-Apr-2018 03:24:22
Iterating ...
   28         29000       2.111e+09       2.473e+09        0
Starting Fitness Calculation 16-Apr-2018 03:24:23
Fitness Calculated 16-Apr-2018 05:42:50
Iterating ...
   29         30000       2.111e+09       2.477e+09        0
Starting Fitness Calculation 16-Apr-2018 05:42:51
Fitness Calculated 16-Apr-2018 08:00:56
Iterating ...
   30         31000       2.111e+09       2.481e+09        1

                               Best           Mean      Stall
Generation      f-count        f(x)           f(x)    Generations
Starting Fitness Calculation 16-Apr-2018 08:00:57
Fitness Calculated 16-Apr-2018 10:18:48
Iterating ...
   31         32000       2.111e+09       2.444e+09        2
Starting Fitness Calculation 16-Apr-2018 10:18:49
Fitness Calculated 16-Apr-2018 12:39:21
Iterating ...
   32         33000       2.076e+09       2.397e+09        0
Starting Fitness Calculation 16-Apr-2018 12:39:22
Fitness Calculated 16-Apr-2018 15:00:49
Iterating ...
   33         34000       2.069e+09       2.389e+09        0
Starting Fitness Calculation 16-Apr-2018 15:00:50
Fitness Calculated 16-Apr-2018 17:22:05
Iterating ...
   34         35000       2.069e+09       2.404e+09        1
Starting Fitness Calculation 16-Apr-2018 17:22:06
Fitness Calculated 16-Apr-2018 19:44:02
Iterating ...
   35         36000       2.069e+09       2.366e+09        2
Starting Fitness Calculation 16-Apr-2018 19:44:03
Fitness Calculated 16-Apr-2018 22:02:39
Iterating ...
   36         37000       2.048e+09       2.332e+09        0
Starting Fitness Calculation 16-Apr-2018 22:02:40
Fitness Calculated 17-Apr-2018 00:21:35
Iterating ...
   37         38000       2.034e+09        2.32e+09        0
Starting Fitness Calculation 17-Apr-2018 00:21:35
Fitness Calculated 17-Apr-2018 02:39:52
Iterating ...
   38         39000       2.025e+09       2.332e+09        0
Starting Fitness Calculation 17-Apr-2018 02:39:53
Fitness Calculated 17-Apr-2018 04:57:59
Iterating ...
   39         40000       2.004e+09        2.34e+09        0
Starting Fitness Calculation 17-Apr-2018 04:58:00
Fitness Calculated 17-Apr-2018 07:16:49
Iterating ...
   40         41000       2.004e+09       2.354e+09        1
Starting Fitness Calculation 17-Apr-2018 07:16:49
Fitness Calculated 17-Apr-2018 09:34:55
Iterating ...
   41         42000       2.004e+09       2.323e+09        2
Starting Fitness Calculation 17-Apr-2018 09:34:56
Fitness Calculated 17-Apr-2018 11:54:02
Iterating ...
   42         43000       1.977e+09       2.301e+09        0
Starting Fitness Calculation 17-Apr-2018 11:54:03
Fitness Calculated 17-Apr-2018 14:12:50
Iterating ...
   43         44000       1.977e+09       2.293e+09        1
Starting Fitness Calculation 17-Apr-2018 14:12:50
Fitness Calculated 17-Apr-2018 16:31:51
Iterating ...
   44         45000       1.977e+09       2.279e+09        0
Starting Fitness Calculation 17-Apr-2018 16:31:52
Fitness Calculated 17-Apr-2018 18:50:25
Iterating ...
   45         46000       1.977e+09       2.277e+09        1
Starting Fitness Calculation 17-Apr-2018 18:50:26
Fitness Calculated 17-Apr-2018 21:09:43
Iterating ...
   46         47000       1.962e+09       2.267e+09        0
Starting Fitness Calculation 17-Apr-2018 21:09:44
Fitness Calculated 17-Apr-2018 23:28:47
Iterating ...
   47         48000       1.962e+09        2.27e+09        0
Starting Fitness Calculation 17-Apr-2018 23:28:48
Fitness Calculated 18-Apr-2018 01:47:45
Iterating ...
   48         49000       1.962e+09       2.302e+09        1
Starting Fitness Calculation 18-Apr-2018 01:47:46
Fitness Calculated 18-Apr-2018 04:06:40
Iterating ...
   49         50000       1.957e+09       2.287e+09        0
Starting Fitness Calculation 18-Apr-2018 04:06:41
Fitness Calculated 18-Apr-2018 06:25:20
Iterating ...
   50         51000       1.957e+09       2.305e+09        1
Starting Fitness Calculation 18-Apr-2018 06:25:21
Fitness Calculated 18-Apr-2018 08:43:30
Iterating ...
   51         52000       1.957e+09       2.272e+09        2
Starting Fitness Calculation 18-Apr-2018 08:43:31
Fitness Calculated 18-Apr-2018 11:02:18
Iterating ...
   52         53000       1.957e+09       2.235e+09        3
Starting Fitness Calculation 18-Apr-2018 11:02:19
Fitness Calculated 18-Apr-2018 13:21:54
Iterating ...
   53         54000       1.957e+09       2.201e+09        4
Starting Fitness Calculation 18-Apr-2018 13:21:55
Fitness Calculated 18-Apr-2018 15:41:21
Iterating ...
   54         55000       1.955e+09       2.162e+09        0
Starting Fitness Calculation 18-Apr-2018 15:41:22
Fitness Calculated 18-Apr-2018 18:01:06
Iterating ...
   55         56000       1.952e+09       2.149e+09        0
Starting Fitness Calculation 18-Apr-2018 18:01:07
Fitness Calculated 18-Apr-2018 20:20:47
Iterating ...
   56         57000       1.941e+09       2.145e+09        0
Starting Fitness Calculation 18-Apr-2018 20:20:48
Fitness Calculated 18-Apr-2018 22:40:19
Iterating ...
   57         58000       1.941e+09       2.144e+09        1
Starting Fitness Calculation 18-Apr-2018 22:40:20
Fitness Calculated 19-Apr-2018 01:00:10
Iterating ...
   58         59000       1.941e+09       2.137e+09        2
Starting Fitness Calculation 19-Apr-2018 01:00:10
Fitness Calculated 19-Apr-2018 03:20:10
Iterating ...
   59         60000       1.934e+09       2.125e+09        0
Starting Fitness Calculation 19-Apr-2018 03:20:10
Fitness Calculated 19-Apr-2018 05:39:42
Iterating ...
   60         61000       1.934e+09       2.115e+09        1

                               Best           Mean      Stall
Generation      f-count        f(x)           f(x)    Generations
Starting Fitness Calculation 19-Apr-2018 05:39:43
Fitness Calculated 19-Apr-2018 07:59:55
Iterating ...
   61         62000       1.934e+09       2.107e+09        2
Starting Fitness Calculation 19-Apr-2018 07:59:56
Fitness Calculated 19-Apr-2018 10:19:58
Iterating ...
   62         63000       1.934e+09       2.089e+09        3
Starting Fitness Calculation 19-Apr-2018 10:19:59
Fitness Calculated 19-Apr-2018 12:40:44
Iterating ...
   63         64000       1.918e+09       2.056e+09        0
Starting Fitness Calculation 19-Apr-2018 12:40:45
Fitness Calculated 19-Apr-2018 15:01:55
Iterating ...
   64         65000       1.918e+09       2.051e+09        0
Starting Fitness Calculation 19-Apr-2018 15:01:56
Fitness Calculated 19-Apr-2018 17:22:39
Iterating ...
   65         66000       1.917e+09       2.056e+09        0
Starting Fitness Calculation 19-Apr-2018 17:22:41
Fitness Calculated 19-Apr-2018 19:43:30
Iterating ...
   66         67000       1.917e+09       2.063e+09        0
Starting Fitness Calculation 19-Apr-2018 19:43:31
Fitness Calculated 19-Apr-2018 22:04:05
Iterating ...
   67         68000       1.917e+09       2.082e+09        1
Starting Fitness Calculation 19-Apr-2018 22:04:06
Fitness Calculated 20-Apr-2018 00:24:10
Iterating ...
   68         69000       1.917e+09       2.092e+09        2
Starting Fitness Calculation 20-Apr-2018 00:24:11
Fitness Calculated 20-Apr-2018 02:44:52
Iterating ...
   69         70000       1.917e+09       2.087e+09        3
Starting Fitness Calculation 20-Apr-2018 02:44:53
Fitness Calculated 20-Apr-2018 05:05:45
Iterating ...
   70         71000       1.917e+09       2.071e+09        4
Starting Fitness Calculation 20-Apr-2018 05:05:46
Fitness Calculated 20-Apr-2018 07:27:02
Iterating ...
   71         72000       1.917e+09       2.044e+09        5
Starting Fitness Calculation 20-Apr-2018 07:27:03
Fitness Calculated 20-Apr-2018 09:48:32
Iterating ...
   72         73000       1.917e+09       2.017e+09        6
Starting Fitness Calculation 20-Apr-2018 09:48:33
Fitness Calculated 20-Apr-2018 12:10:19
Iterating ...
   73         74000       1.912e+09        1.99e+09        0
Starting Fitness Calculation 20-Apr-2018 12:10:20
Fitness Calculated 20-Apr-2018 14:32:35
Iterating ...
   74         75000       1.912e+09        1.98e+09        1
Starting Fitness Calculation 20-Apr-2018 14:32:36
Fitness Calculated 20-Apr-2018 16:54:55
Iterating ...
   75         76000       1.912e+09       1.969e+09        0
Starting Fitness Calculation 20-Apr-2018 16:54:56
Fitness Calculated 20-Apr-2018 19:17:32
Iterating ...
   76         77000       1.912e+09       1.965e+09        0
Starting Fitness Calculation 20-Apr-2018 19:17:33
Fitness Calculated 20-Apr-2018 21:39:33
Iterating ...
   77         78000       1.912e+09       1.976e+09        1
Starting Fitness Calculation 20-Apr-2018 21:39:34
Fitness Calculated 21-Apr-2018 00:01:46
Iterating ...
   78         79000       1.912e+09       1.973e+09        0
Starting Fitness Calculation 21-Apr-2018 00:01:47
Fitness Calculated 21-Apr-2018 02:23:50
Iterating ...
   79         80000       1.912e+09       1.985e+09        0
Starting Fitness Calculation 21-Apr-2018 02:23:52
Fitness Calculated 21-Apr-2018 04:45:43
Iterating ...
   80         81000       1.912e+09       2.007e+09        1
Starting Fitness Calculation 21-Apr-2018 04:45:44
Fitness Calculated 21-Apr-2018 07:07:16
Iterating ...
   81         82000       1.911e+09       2.003e+09        0
Starting Fitness Calculation 21-Apr-2018 07:07:18
Fitness Calculated 21-Apr-2018 09:28:59
Iterating ...
   82         83000       1.911e+09       2.021e+09        0
Starting Fitness Calculation 21-Apr-2018 09:29:00
Fitness Calculated 21-Apr-2018 11:50:18
Iterating ...
   83         84000       1.911e+09        2.04e+09        0
Starting Fitness Calculation 21-Apr-2018 11:50:19
Fitness Calculated 21-Apr-2018 14:11:10
Iterating ...
   84         85000       1.911e+09       2.053e+09        1
Starting Fitness Calculation 21-Apr-2018 14:11:11
Fitness Calculated 21-Apr-2018 16:32:28
Iterating ...
   85         86000       1.911e+09       2.067e+09        2
Starting Fitness Calculation 21-Apr-2018 16:32:29
Fitness Calculated 21-Apr-2018 18:53:30
Iterating ...
   86         87000       1.911e+09       2.072e+09        3
Starting Fitness Calculation 21-Apr-2018 18:53:31
Fitness Calculated 21-Apr-2018 21:14:35
Iterating ...
   87         88000       1.911e+09       2.047e+09        0
Starting Fitness Calculation 21-Apr-2018 21:14:36
Fitness Calculated 21-Apr-2018 23:35:52
Iterating ...
   88         89000       1.911e+09       2.047e+09        1
Starting Fitness Calculation 21-Apr-2018 23:35:53
Fitness Calculated 22-Apr-2018 01:57:00
Iterating ...
   89         90000       1.911e+09        2.03e+09        2
Starting Fitness Calculation 22-Apr-2018 01:57:01
Fitness Calculated 22-Apr-2018 04:19:55
Iterating ...
   90         91000       1.911e+09       2.007e+09        3

                               Best           Mean      Stall
Generation      f-count        f(x)           f(x)    Generations
Starting Fitness Calculation 22-Apr-2018 04:19:56
Fitness Calculated 22-Apr-2018 06:42:00
Iterating ...
   91         92000       1.911e+09       1.984e+09        4
Starting Fitness Calculation 22-Apr-2018 06:42:01
Fitness Calculated 22-Apr-2018 09:05:07
Iterating ...
   92         93000        1.91e+09       1.968e+09        0
Starting Fitness Calculation 22-Apr-2018 09:05:08
Fitness Calculated 22-Apr-2018 11:28:13
Iterating ...
   93         94000        1.91e+09       1.963e+09        0
Starting Fitness Calculation 22-Apr-2018 11:28:14
Fitness Calculated 22-Apr-2018 13:50:54
Iterating ...
   94         95000        1.91e+09       1.967e+09        1
Starting Fitness Calculation 22-Apr-2018 13:50:55
Fitness Calculated 22-Apr-2018 16:13:37
Iterating ...
   95         96000        1.91e+09       1.964e+09        2
Starting Fitness Calculation 22-Apr-2018 16:13:38
Fitness Calculated 22-Apr-2018 18:36:17
Iterating ...
   96         97000        1.91e+09        1.96e+09        3
Starting Fitness Calculation 22-Apr-2018 18:36:19
Fitness Calculated 22-Apr-2018 20:58:46
Iterating ...
   97         98000        1.91e+09       1.954e+09        4
Starting Fitness Calculation 22-Apr-2018 20:58:47
Fitness Calculated 22-Apr-2018 23:21:27
Iterating ...
   98         99000        1.91e+09       1.949e+09        5
Starting Fitness Calculation 22-Apr-2018 23:21:28
Fitness Calculated 23-Apr-2018 01:44:20
Iterating ...
   99         100000        1.91e+09       1.944e+09        0
Starting Fitness Calculation 23-Apr-2018 01:44:21
Fitness Calculated 23-Apr-2018 04:07:05
Iterating ...
  100         101000        1.91e+09        1.94e+09        0
Starting Fitness Calculation 23-Apr-2018 04:07:06
Fitness Calculated 23-Apr-2018 06:29:59
Iterating ...
  101         102000        1.91e+09        1.94e+09        0
Starting Fitness Calculation 23-Apr-2018 06:30:01
Fitness Calculated 23-Apr-2018 08:52:28
Iterating ...
  102         103000        1.91e+09       1.942e+09        0
Starting Fitness Calculation 23-Apr-2018 08:52:30
Fitness Calculated 23-Apr-2018 11:14:51
Iterating ...
  103         104000        1.91e+09       1.948e+09        0
Starting Fitness Calculation 23-Apr-2018 11:14:52
Fitness Calculated 23-Apr-2018 13:37:01
Iterating ...
  104         105000        1.91e+09       1.963e+09        1
Starting Fitness Calculation 23-Apr-2018 13:37:02
Fitness Calculated 23-Apr-2018 15:59:21
Iterating ...
  105         106000        1.91e+09       1.961e+09        2
Starting Fitness Calculation 23-Apr-2018 15:59:23
Fitness Calculated 23-Apr-2018 18:21:59
Iterating ...
  106         107000        1.91e+09       1.955e+09        0
Starting Fitness Calculation 23-Apr-2018 18:22:01
Fitness Calculated 23-Apr-2018 20:44:11
Iterating ...
  107         108000        1.91e+09       1.957e+09        1
Starting Fitness Calculation 23-Apr-2018 20:44:12
Fitness Calculated 23-Apr-2018 23:06:37
Iterating ...
  108         109000        1.91e+09       1.952e+09        2
Starting Fitness Calculation 23-Apr-2018 23:06:38
Fitness Calculated 24-Apr-2018 01:29:06
Iterating ...
  109         110000        1.91e+09       1.946e+09        0
Starting Fitness Calculation 24-Apr-2018 01:29:07
Fitness Calculated 24-Apr-2018 03:51:38
Iterating ...
  110         111000        1.91e+09       1.944e+09        1
Starting Fitness Calculation 24-Apr-2018 03:51:39
Fitness Calculated 24-Apr-2018 06:15:06
Iterating ...
  111         112000        1.91e+09       1.941e+09        2
Starting Fitness Calculation 24-Apr-2018 06:15:08
Fitness Calculated 24-Apr-2018 08:38:01
Iterating ...
  112         113000        1.91e+09       1.937e+09        3
Starting Fitness Calculation 24-Apr-2018 08:38:03
Fitness Calculated 24-Apr-2018 11:00:36
Iterating ...
  113         114000        1.91e+09       1.933e+09        4
Starting Fitness Calculation 24-Apr-2018 11:00:37
Fitness Calculated 24-Apr-2018 13:23:33
Iterating ...
  114         115000        1.91e+09        1.93e+09        5
Starting Fitness Calculation 24-Apr-2018 13:23:34
Fitness Calculated 24-Apr-2018 15:46:57
Iterating ...
  115         116000        1.91e+09       1.926e+09        0
Starting Fitness Calculation 24-Apr-2018 15:46:59
Fitness Calculated 24-Apr-2018 18:10:16
Iterating ...
  116         117000        1.91e+09       1.924e+09        1
Starting Fitness Calculation 24-Apr-2018 18:10:18
Fitness Calculated 24-Apr-2018 20:33:12
Iterating ...
  117         118000        1.91e+09       1.922e+09        0
Starting Fitness Calculation 24-Apr-2018 20:33:13
Fitness Calculated 24-Apr-2018 22:56:49
Iterating ...
  118         119000        1.91e+09       1.923e+09        0
Starting Fitness Calculation 24-Apr-2018 22:56:50
Fitness Calculated 25-Apr-2018 01:20:17
Iterating ...
  119         120000        1.91e+09       1.923e+09        1
Starting Fitness Calculation 25-Apr-2018 01:20:18
Fitness Calculated 25-Apr-2018 03:43:17
Iterating ...
  120         121000        1.91e+09       1.924e+09        2

                               Best           Mean      Stall
Generation      f-count        f(x)           f(x)    Generations
Starting Fitness Calculation 25-Apr-2018 03:43:18
Fitness Calculated 25-Apr-2018 06:06:27
Iterating ...
  121         122000        1.91e+09       1.922e+09        3
Starting Fitness Calculation 25-Apr-2018 06:06:29
Fitness Calculated 25-Apr-2018 08:29:34
Iterating ...
  122         123000        1.91e+09       1.921e+09        4
Starting Fitness Calculation 25-Apr-2018 08:29:35
Fitness Calculated 25-Apr-2018 10:52:55
Iterating ...
  123         124000        1.91e+09        1.92e+09        5
Starting Fitness Calculation 25-Apr-2018 10:52:56
Fitness Calculated 25-Apr-2018 13:16:34
Iterating ...
  124         125000        1.91e+09        1.92e+09        6
Starting Fitness Calculation 25-Apr-2018 13:16:36
Fitness Calculated 25-Apr-2018 15:39:40
Iterating ...
  125         126000        1.91e+09       1.921e+09        7
Starting Fitness Calculation 25-Apr-2018 15:39:42
Fitness Calculated 25-Apr-2018 18:03:16
Iterating ...
  126         127000        1.91e+09       1.921e+09        8
Starting Fitness Calculation 25-Apr-2018 18:03:17
Fitness Calculated 25-Apr-2018 20:26:30
Iterating ...
  127         128000        1.91e+09       1.921e+09        9
Starting Fitness Calculation 25-Apr-2018 20:26:31
Fitness Calculated 25-Apr-2018 22:49:35
Iterating ...
  128         129000        1.91e+09       1.922e+09        0
Starting Fitness Calculation 25-Apr-2018 22:49:37
Fitness Calculated 26-Apr-2018 01:12:52
Iterating ...
  129         130000        1.91e+09       1.923e+09        0
Starting Fitness Calculation 26-Apr-2018 01:12:54
Fitness Calculated 26-Apr-2018 03:35:53
Iterating ...
  130         131000        1.91e+09       1.924e+09        1
Starting Fitness Calculation 26-Apr-2018 03:35:55
Fitness Calculated 26-Apr-2018 05:58:56
Iterating ...
  131         132000        1.91e+09       1.923e+09        2
Starting Fitness Calculation 26-Apr-2018 05:58:58
Fitness Calculated 26-Apr-2018 08:22:19
Iterating ...
  132         133000        1.91e+09       1.922e+09        3
Starting Fitness Calculation 26-Apr-2018 08:22:21
Fitness Calculated 26-Apr-2018 10:45:29
Iterating ...
  133         134000        1.91e+09       1.921e+09        4
Starting Fitness Calculation 26-Apr-2018 10:45:31
Fitness Calculated 26-Apr-2018 13:08:49
Iterating ...
  134         135000        1.91e+09        1.92e+09        5
Starting Fitness Calculation 26-Apr-2018 13:08:51
Fitness Calculated 26-Apr-2018 15:32:02
Iterating ...
  135         136000        1.91e+09        1.92e+09        6
Starting Fitness Calculation 26-Apr-2018 15:32:04
Fitness Calculated 26-Apr-2018 17:57:42
Iterating ...
  136         137000        1.91e+09        1.92e+09        7
Starting Fitness Calculation 26-Apr-2018 17:57:44
Fitness Calculated 26-Apr-2018 20:22:04
Iterating ...
  137         138000        1.91e+09       1.919e+09        8
Starting Fitness Calculation 26-Apr-2018 20:22:06
Fitness Calculated 26-Apr-2018 22:47:09
Iterating ...
  138         139000        1.91e+09       1.919e+09        9
Starting Fitness Calculation 26-Apr-2018 22:47:11
Fitness Calculated 27-Apr-2018 01:14:29
Iterating ...
  139         140000        1.91e+09       1.919e+09        0
Starting Fitness Calculation 27-Apr-2018 01:14:32
Fitness Calculated 27-Apr-2018 03:42:38
Iterating ...
  140         141000        1.91e+09        1.92e+09        1
Starting Fitness Calculation 27-Apr-2018 03:42:40
Fitness Calculated 27-Apr-2018 06:19:06
Iterating ...
  141         142000        1.91e+09       1.919e+09        2
Starting Fitness Calculation 27-Apr-2018 06:19:09
Fitness Calculated 27-Apr-2018 08:43:56
Iterating ...
  142         143000        1.91e+09       1.919e+09        3
Starting Fitness Calculation 27-Apr-2018 08:43:58
Fitness Calculated 27-Apr-2018 11:11:02
Iterating ...
  143         144000        1.91e+09       1.919e+09        4
Starting Fitness Calculation 27-Apr-2018 11:11:05
Fitness Calculated 27-Apr-2018 13:36:16
Iterating ...
  144         145000        1.91e+09       1.919e+09        5
Starting Fitness Calculation 27-Apr-2018 13:36:18
Fitness Calculated 27-Apr-2018 16:02:01
Iterating ...
  145         146000        1.91e+09       1.919e+09        0
Starting Fitness Calculation 27-Apr-2018 16:02:03
Fitness Calculated 27-Apr-2018 18:24:55
Iterating ...
  146         147000        1.91e+09        1.92e+09        1
Starting Fitness Calculation 27-Apr-2018 18:24:57
Fitness Calculated 27-Apr-2018 20:47:58
Iterating ...
  147         148000        1.91e+09        1.92e+09        2
Starting Fitness Calculation 27-Apr-2018 20:48:00
Fitness Calculated 27-Apr-2018 23:11:23
Iterating ...
  148         149000        1.91e+09        1.92e+09        3
Starting Fitness Calculation 27-Apr-2018 23:11:25
Fitness Calculated 28-Apr-2018 01:34:55
Iterating ...
  149         150000        1.91e+09        1.92e+09        4
Starting Fitness Calculation 28-Apr-2018 01:34:57
Fitness Calculated 28-Apr-2018 03:57:44
Iterating ...
  150         151000        1.91e+09        1.92e+09        0

                               Best           Mean      Stall
Generation      f-count        f(x)           f(x)    Generations
Starting Fitness Calculation 28-Apr-2018 03:57:46
Fitness Calculated 28-Apr-2018 06:20:53
Iterating ...
  151         152000        1.91e+09       1.921e+09        1
Starting Fitness Calculation 28-Apr-2018 06:20:55
Fitness Calculated 28-Apr-2018 08:44:18
Iterating ...
  152         153000        1.91e+09        1.92e+09        2
Starting Fitness Calculation 28-Apr-2018 08:44:20
Fitness Calculated 28-Apr-2018 11:07:23
Iterating ...
  153         154000        1.91e+09        1.92e+09        3
Starting Fitness Calculation 28-Apr-2018 11:07:26
Fitness Calculated 28-Apr-2018 13:30:32
Iterating ...
  154         155000        1.91e+09        1.92e+09        4
Starting Fitness Calculation 28-Apr-2018 13:30:34
Fitness Calculated 28-Apr-2018 15:53:47
Iterating ...
  155         156000        1.91e+09        1.92e+09        5
Starting Fitness Calculation 28-Apr-2018 15:53:49
Fitness Calculated 28-Apr-2018 18:17:04
Iterating ...
  156         157000        1.91e+09        1.92e+09        0
Starting Fitness Calculation 28-Apr-2018 18:17:06
Fitness Calculated 28-Apr-2018 20:40:09
Iterating ...
  157         158000        1.91e+09       1.921e+09        1
Starting Fitness Calculation 28-Apr-2018 20:40:11
Fitness Calculated 28-Apr-2018 23:03:26
Iterating ...
  158         159000        1.91e+09       1.921e+09        2
Starting Fitness Calculation 28-Apr-2018 23:03:28
Fitness Calculated 29-Apr-2018 01:26:44
Iterating ...
  159         160000        1.91e+09        1.92e+09        3
Starting Fitness Calculation 29-Apr-2018 01:26:46
Fitness Calculated 29-Apr-2018 03:49:42
Iterating ...
  160         161000        1.91e+09        1.92e+09        4
Starting Fitness Calculation 29-Apr-2018 03:49:44
Fitness Calculated 29-Apr-2018 06:12:50
Iterating ...
  161         162000        1.91e+09       1.919e+09        0
Starting Fitness Calculation 29-Apr-2018 06:12:52
Fitness Calculated 29-Apr-2018 08:35:51
Iterating ...
  162         163000        1.91e+09        1.92e+09        1
Starting Fitness Calculation 29-Apr-2018 08:35:53
Fitness Calculated 29-Apr-2018 10:59:02
Iterating ...
  163         164000        1.91e+09        1.92e+09        2
Starting Fitness Calculation 29-Apr-2018 10:59:04
Fitness Calculated 29-Apr-2018 13:22:07
Iterating ...
  164         165000        1.91e+09       1.919e+09        3
Starting Fitness Calculation 29-Apr-2018 13:22:09
Fitness Calculated 29-Apr-2018 15:45:25
Iterating ...
  165         166000        1.91e+09       1.919e+09        4
Starting Fitness Calculation 29-Apr-2018 15:45:27
Fitness Calculated 29-Apr-2018 18:08:44
Iterating ...
  166         167000        1.91e+09       1.919e+09        5
Starting Fitness Calculation 29-Apr-2018 18:08:46
Fitness Calculated 29-Apr-2018 20:32:06
Iterating ...
  167         168000        1.91e+09       1.919e+09        0
Optimization terminated: average change in the fitness value less than options.TolFun.
Performing final task
Parallel pool using the 'ClusterPandora' profile is shutting down.
