
                            < M A T L A B (R) >
                  Copyright 1984-2015 The MathWorks, Inc.
                   R2015a (8.5.0.197613) 64-bit (glnxa64)
                             February 12, 2015

 
To get started, type one of these: helpwin, helpdesk, or demo.
For product information, visit www.mathworks.com.
 
 
To get started, type one of these: helpwin, helpdesk, or demo.
For product information, visit www.mathworks.com.
 
Starting parallel pool (parpool) using the 'ClusterPandora' profile ... connected to 80 workers.
Starting Fitness Calculation 07-Oct-2018 22:51:18
Analyzing and transferring files to the workers ...done.
Fitness Calculated 07-Oct-2018 22:51:39
Starting the algorithm

                               Best           Mean      Stall
Generation      f-count        f(x)           f(x)    Generations
Starting Fitness Calculation 07-Oct-2018 22:51:39
Fitness Calculated 07-Oct-2018 22:52:22
Iterating ...
    1          3000           9.648           19.25        0
Starting Fitness Calculation 07-Oct-2018 22:52:22
Fitness Calculated 07-Oct-2018 22:53:14
Iterating ...
    2          4500           9.556           17.97        0
Starting Fitness Calculation 07-Oct-2018 22:53:14
Fitness Calculated 07-Oct-2018 22:54:14
Iterating ...
    3          6000           9.317           16.66        0
Starting Fitness Calculation 07-Oct-2018 22:54:14
Fitness Calculated 07-Oct-2018 22:55:25
Iterating ...
    4          7500           8.386           15.41        0
Starting Fitness Calculation 07-Oct-2018 22:55:25
Fitness Calculated 07-Oct-2018 22:56:38
Iterating ...
    5          9000            8.27           14.28        0
Starting Fitness Calculation 07-Oct-2018 22:56:39
Fitness Calculated 07-Oct-2018 22:57:56
Iterating ...
    6         10500            7.51           13.16        0
Starting Fitness Calculation 07-Oct-2018 22:57:56
Fitness Calculated 07-Oct-2018 22:59:15
Iterating ...
    7         12000            7.51           12.37        0
Starting Fitness Calculation 07-Oct-2018 22:59:15
Fitness Calculated 07-Oct-2018 23:00:33
Iterating ...
    8         13500           7.346           11.68        0
Starting Fitness Calculation 07-Oct-2018 23:00:34
Fitness Calculated 07-Oct-2018 23:01:55
Iterating ...
    9         15000           7.252           11.24        0
Starting Fitness Calculation 07-Oct-2018 23:01:55
Fitness Calculated 07-Oct-2018 23:03:13
Iterating ...
   10         16500           7.149           10.92        0
Starting Fitness Calculation 07-Oct-2018 23:03:14
Fitness Calculated 07-Oct-2018 23:04:33
Iterating ...
   11         18000            7.14           10.59        0
Starting Fitness Calculation 07-Oct-2018 23:04:34
Fitness Calculated 07-Oct-2018 23:05:54
Iterating ...
   12         19500           7.067           10.12        0
Starting Fitness Calculation 07-Oct-2018 23:05:54
Fitness Calculated 07-Oct-2018 23:07:13
Iterating ...
   13         21000            7.06           9.982        0
Starting Fitness Calculation 07-Oct-2018 23:07:13
Fitness Calculated 07-Oct-2018 23:08:33
Iterating ...
   14         22500           7.001           9.852        0
Starting Fitness Calculation 07-Oct-2018 23:08:33
Fitness Calculated 07-Oct-2018 23:09:54
Iterating ...
   15         24000           7.001           9.822        0
Starting Fitness Calculation 07-Oct-2018 23:09:55
Fitness Calculated 07-Oct-2018 23:11:17
Iterating ...
   16         25500           6.997           9.801        0
Starting Fitness Calculation 07-Oct-2018 23:11:17
Fitness Calculated 07-Oct-2018 23:12:39
Iterating ...
   17         27000           6.996           9.739        0
Starting Fitness Calculation 07-Oct-2018 23:12:39
Fitness Calculated 07-Oct-2018 23:14:01
Iterating ...
   18         28500           6.991           9.666        0
Starting Fitness Calculation 07-Oct-2018 23:14:01
Fitness Calculated 07-Oct-2018 23:15:25
Iterating ...
   19         30000            6.99           9.672        0
Starting Fitness Calculation 07-Oct-2018 23:15:26
Fitness Calculated 07-Oct-2018 23:16:50
Iterating ...
   20         31500           6.988           9.441        0
Starting Fitness Calculation 07-Oct-2018 23:16:51
Fitness Calculated 07-Oct-2018 23:18:14
Iterating ...
   21         33000           6.987           9.453        0
Starting Fitness Calculation 07-Oct-2018 23:18:15
Fitness Calculated 07-Oct-2018 23:19:36
Iterating ...
   22         34500           6.986           9.487        0
Starting Fitness Calculation 07-Oct-2018 23:19:37
Fitness Calculated 07-Oct-2018 23:21:02
Iterating ...
   23         36000           6.985           9.382        0
Starting Fitness Calculation 07-Oct-2018 23:21:03
Fitness Calculated 07-Oct-2018 23:22:24
Iterating ...
   24         37500           6.985           9.262        0
Starting Fitness Calculation 07-Oct-2018 23:22:25
Fitness Calculated 07-Oct-2018 23:23:46
Iterating ...
   25         39000           6.985           9.201        0
Starting Fitness Calculation 07-Oct-2018 23:23:47
Fitness Calculated 07-Oct-2018 23:25:06
Iterating ...
   26         40500           6.985           9.336        0
Starting Fitness Calculation 07-Oct-2018 23:25:07
Fitness Calculated 07-Oct-2018 23:26:27
Iterating ...
   27         42000           6.984           9.379        0
Starting Fitness Calculation 07-Oct-2018 23:26:28
Fitness Calculated 07-Oct-2018 23:27:48
Iterating ...
   28         43500           6.984           9.524        0
Starting Fitness Calculation 07-Oct-2018 23:27:49
Fitness Calculated 07-Oct-2018 23:29:11
Iterating ...
   29         45000           6.984           9.365        0
Starting Fitness Calculation 07-Oct-2018 23:29:12
Fitness Calculated 07-Oct-2018 23:30:33
Iterating ...
   30         46500           6.984           9.226        0

                               Best           Mean      Stall
Generation      f-count        f(x)           f(x)    Generations
Starting Fitness Calculation 07-Oct-2018 23:30:34
Fitness Calculated 07-Oct-2018 23:31:56
Iterating ...
   31         48000           6.984             9.2        1
Starting Fitness Calculation 07-Oct-2018 23:31:57
Fitness Calculated 07-Oct-2018 23:33:20
Iterating ...
   32         49500           6.984           9.302        0
Starting Fitness Calculation 07-Oct-2018 23:33:21
Fitness Calculated 07-Oct-2018 23:34:43
Iterating ...
   33         51000           6.984           9.314        0
Starting Fitness Calculation 07-Oct-2018 23:34:44
Fitness Calculated 07-Oct-2018 23:36:06
Iterating ...
   34         52500           6.984           9.356        0
Starting Fitness Calculation 07-Oct-2018 23:36:07
Fitness Calculated 07-Oct-2018 23:37:29
Iterating ...
   35         54000           6.984           9.343        0
Starting Fitness Calculation 07-Oct-2018 23:37:30
Fitness Calculated 07-Oct-2018 23:38:53
Iterating ...
   36         55500           6.984           9.394        0
Starting Fitness Calculation 07-Oct-2018 23:38:54
Fitness Calculated 07-Oct-2018 23:40:14
Iterating ...
   37         57000           6.983           9.421        0
Starting Fitness Calculation 07-Oct-2018 23:40:16
Fitness Calculated 07-Oct-2018 23:41:37
Iterating ...
   38         58500           6.983           9.304        0
Starting Fitness Calculation 07-Oct-2018 23:41:38
Fitness Calculated 07-Oct-2018 23:43:00
Iterating ...
   39         60000           6.983           9.295        0
Starting Fitness Calculation 07-Oct-2018 23:43:01
Fitness Calculated 07-Oct-2018 23:44:24
Iterating ...
   40         61500           6.983            9.35        0
Starting Fitness Calculation 07-Oct-2018 23:44:25
Fitness Calculated 07-Oct-2018 23:45:49
Iterating ...
   41         63000           6.983           9.329        1
Starting Fitness Calculation 07-Oct-2018 23:45:50
Fitness Calculated 07-Oct-2018 23:47:09
Iterating ...
   42         64500           6.983           9.467        0
Starting Fitness Calculation 07-Oct-2018 23:47:10
Fitness Calculated 07-Oct-2018 23:48:32
Iterating ...
   43         66000           6.983            9.36        0
Starting Fitness Calculation 07-Oct-2018 23:48:33
Fitness Calculated 07-Oct-2018 23:49:55
Iterating ...
   44         67500           6.983           9.377        0
Starting Fitness Calculation 07-Oct-2018 23:49:56
Fitness Calculated 07-Oct-2018 23:51:18
Iterating ...
   45         69000           6.983             9.3        0
Starting Fitness Calculation 07-Oct-2018 23:51:19
Fitness Calculated 07-Oct-2018 23:52:42
Iterating ...
   46         70500           6.983           9.384        0
Starting Fitness Calculation 07-Oct-2018 23:52:43
Fitness Calculated 07-Oct-2018 23:54:04
Iterating ...
   47         72000           6.983           9.511        1
Starting Fitness Calculation 07-Oct-2018 23:54:05
Fitness Calculated 07-Oct-2018 23:55:26
Iterating ...
   48         73500           6.983           9.441        0
Starting Fitness Calculation 07-Oct-2018 23:55:28
Fitness Calculated 07-Oct-2018 23:56:50
Iterating ...
   49         75000           6.983           9.475        0
Optimization terminated: average change in the fitness value less than options.TolFun.
Performing final task
Parallel pool using the 'ClusterPandora' profile is shutting down.
