
                            < M A T L A B (R) >
                  Copyright 1984-2015 The MathWorks, Inc.
                   R2015a (8.5.0.197613) 64-bit (glnxa64)
                             February 12, 2015

 
To get started, type one of these: helpwin, helpdesk, or demo.
For product information, visit www.mathworks.com.
 
 
To get started, type one of these: helpwin, helpdesk, or demo.
For product information, visit www.mathworks.com.
 
Starting parallel pool (parpool) using the 'ClusterPandora' profile ... connected to 76 workers.
Adaptive with PIDD - Starting Fitness Calculation 17-Apr-2019 23:48:13
Analyzing and transferring files to the workers ...done.
Fitness Calculated 17-Apr-2019 23:50:34
Starting the algorithm

                               Best           Mean      Stall
Generation      f-count        f(x)           f(x)    Generations
Adaptive with PIDD - Starting Fitness Calculation 17-Apr-2019 23:50:35
Fitness Calculated 17-Apr-2019 23:52:51
Iterating ...
    1          6000           7.961           33.37        0
Adaptive with PIDD - Starting Fitness Calculation 17-Apr-2019 23:52:52
Fitness Calculated 18-Apr-2019 00:03:12
Iterating ...
    2          9000           7.814           32.22        0
Adaptive with PIDD - Starting Fitness Calculation 18-Apr-2019 00:03:13
Fitness Calculated 18-Apr-2019 00:25:44
Iterating ...
    3         12000           7.719           30.17        0
Adaptive with PIDD - Starting Fitness Calculation 18-Apr-2019 00:25:45
Fitness Calculated 18-Apr-2019 00:51:51
Iterating ...
    4         15000           5.001           27.17        0
Adaptive with PIDD - Starting Fitness Calculation 18-Apr-2019 00:51:52
Fitness Calculated 18-Apr-2019 01:21:54
Iterating ...
    5         18000           3.757           23.92        0
Adaptive with PIDD - Starting Fitness Calculation 18-Apr-2019 01:21:55
Fitness Calculated 18-Apr-2019 02:05:40
Iterating ...
    6         21000            3.18           21.12        0
Adaptive with PIDD - Starting Fitness Calculation 18-Apr-2019 02:05:42
Fitness Calculated 18-Apr-2019 02:56:40
Iterating ...
    7         24000           3.051           18.42        0
Adaptive with PIDD - Starting Fitness Calculation 18-Apr-2019 02:56:41
Fitness Calculated 18-Apr-2019 04:07:57
Iterating ...
    8         27000           2.479           16.32        0
Adaptive with PIDD - Starting Fitness Calculation 18-Apr-2019 04:07:58
Fitness Calculated 18-Apr-2019 05:34:20
Iterating ...
    9         30000           2.171           14.84        0
Adaptive with PIDD - Starting Fitness Calculation 18-Apr-2019 05:34:21
Fitness Calculated 18-Apr-2019 07:00:11
Iterating ...
   10         33000           2.029           13.84        0
Adaptive with PIDD - Starting Fitness Calculation 18-Apr-2019 07:00:12
Fitness Calculated 18-Apr-2019 08:26:26
Iterating ...
   11         36000           1.812           12.75        0
Adaptive with PIDD - Starting Fitness Calculation 18-Apr-2019 08:26:27
Fitness Calculated 18-Apr-2019 09:52:37
Iterating ...
   12         39000           1.741            12.5        0
Adaptive with PIDD - Starting Fitness Calculation 18-Apr-2019 09:52:39
Fitness Calculated 18-Apr-2019 11:18:59
Iterating ...
   13         42000           1.547           12.17        0
Adaptive with PIDD - Starting Fitness Calculation 18-Apr-2019 11:19:00
Fitness Calculated 18-Apr-2019 12:45:13
Iterating ...
   14         45000           1.336           12.07        0
Adaptive with PIDD - Starting Fitness Calculation 18-Apr-2019 12:45:15
Fitness Calculated 18-Apr-2019 14:11:54
Iterating ...
   15         48000           1.316           11.81        0
Adaptive with PIDD - Starting Fitness Calculation 18-Apr-2019 14:11:56
Fitness Calculated 18-Apr-2019 15:39:02
Iterating ...
   16         51000           1.316           11.78        0
Adaptive with PIDD - Starting Fitness Calculation 18-Apr-2019 15:39:04
Fitness Calculated 18-Apr-2019 17:05:15
Iterating ...
   17         54000           1.316            11.8        0
Adaptive with PIDD - Starting Fitness Calculation 18-Apr-2019 17:05:16
Fitness Calculated 18-Apr-2019 18:31:33
Iterating ...
   18         57000           1.181           12.04        0
Adaptive with PIDD - Starting Fitness Calculation 18-Apr-2019 18:31:35
Fitness Calculated 18-Apr-2019 19:57:45
Iterating ...
   19         60000           1.109           12.22        0
Adaptive with PIDD - Starting Fitness Calculation 18-Apr-2019 19:57:47
Fitness Calculated 18-Apr-2019 21:24:07
Iterating ...
   20         63000          0.9783           12.28        0
Adaptive with PIDD - Starting Fitness Calculation 18-Apr-2019 21:24:09
Fitness Calculated 18-Apr-2019 22:50:38
Iterating ...
   21         66000          0.9672           12.47        0
Adaptive with PIDD - Starting Fitness Calculation 18-Apr-2019 22:50:40
Fitness Calculated 19-Apr-2019 00:16:56
Iterating ...
   22         69000          0.9672           12.26        0
Adaptive with PIDD - Starting Fitness Calculation 19-Apr-2019 00:16:58
Fitness Calculated 19-Apr-2019 01:43:07
Iterating ...
   23         72000          0.9507           12.24        0
Adaptive with PIDD - Starting Fitness Calculation 19-Apr-2019 01:43:09
Fitness Calculated 19-Apr-2019 03:09:24
Iterating ...
   24         75000          0.8474           11.92        0
Adaptive with PIDD - Starting Fitness Calculation 19-Apr-2019 03:09:26
Fitness Calculated 19-Apr-2019 04:35:56
Iterating ...
   25         78000          0.8474           11.94        0
Adaptive with PIDD - Starting Fitness Calculation 19-Apr-2019 04:35:58
Fitness Calculated 19-Apr-2019 06:02:13
Iterating ...
   26         81000          0.8391           11.81        0
Adaptive with PIDD - Starting Fitness Calculation 19-Apr-2019 06:02:16
Fitness Calculated 19-Apr-2019 07:28:36
Iterating ...
   27         84000          0.7989           11.75        0
Adaptive with PIDD - Starting Fitness Calculation 19-Apr-2019 07:28:38
Fitness Calculated 19-Apr-2019 08:55:33
Iterating ...
   28         87000          0.7897           11.76        0
Adaptive with PIDD - Starting Fitness Calculation 19-Apr-2019 08:55:35
Fitness Calculated 19-Apr-2019 10:21:51
Iterating ...
   29         90000          0.7886           11.77        0
Adaptive with PIDD - Starting Fitness Calculation 19-Apr-2019 10:21:54
Fitness Calculated 19-Apr-2019 11:48:10
Iterating ...
   30         93000          0.7873           11.64        0

                               Best           Mean      Stall
Generation      f-count        f(x)           f(x)    Generations
Adaptive with PIDD - Starting Fitness Calculation 19-Apr-2019 11:48:12
Fitness Calculated 19-Apr-2019 13:15:02
Iterating ...
   31         96000          0.7834           11.57        0
Adaptive with PIDD - Starting Fitness Calculation 19-Apr-2019 13:15:05
Fitness Calculated 19-Apr-2019 14:41:42
Iterating ...
   32         99000          0.7735           11.36        0
Adaptive with PIDD - Starting Fitness Calculation 19-Apr-2019 14:41:44
Fitness Calculated 19-Apr-2019 16:07:57
Iterating ...
   33         102000          0.7719           11.44        0
Adaptive with PIDD - Starting Fitness Calculation 19-Apr-2019 16:08:00
Fitness Calculated 19-Apr-2019 17:34:27
Iterating ...
   34         105000           0.771           11.51        0
Adaptive with PIDD - Starting Fitness Calculation 19-Apr-2019 17:34:30
Fitness Calculated 19-Apr-2019 19:00:52
Iterating ...
   35         108000            0.77           11.55        0
Adaptive with PIDD - Starting Fitness Calculation 19-Apr-2019 19:00:55
Fitness Calculated 19-Apr-2019 20:27:26
Iterating ...
   36         111000          0.7639           11.54        0
Adaptive with PIDD - Starting Fitness Calculation 19-Apr-2019 20:27:28
Fitness Calculated 19-Apr-2019 21:54:00
Iterating ...
   37         114000          0.7636           11.49        0
Adaptive with PIDD - Starting Fitness Calculation 19-Apr-2019 21:54:03
Fitness Calculated 19-Apr-2019 23:20:17
Iterating ...
   38         117000          0.7632           11.62        0
Adaptive with PIDD - Starting Fitness Calculation 19-Apr-2019 23:20:20
Fitness Calculated 20-Apr-2019 00:46:44
Iterating ...
   39         120000           0.763           11.53        0
Adaptive with PIDD - Starting Fitness Calculation 20-Apr-2019 00:46:47
Fitness Calculated 20-Apr-2019 02:13:15
Iterating ...
   40         123000          0.7581           11.49        0
Adaptive with PIDD - Starting Fitness Calculation 20-Apr-2019 02:13:18
Fitness Calculated 20-Apr-2019 03:39:46
Iterating ...
   41         126000          0.7581           11.68        1
Adaptive with PIDD - Starting Fitness Calculation 20-Apr-2019 03:39:50
Fitness Calculated 20-Apr-2019 05:06:13
Iterating ...
   42         129000          0.7574           11.71        0
Adaptive with PIDD - Starting Fitness Calculation 20-Apr-2019 05:06:16
Fitness Calculated 20-Apr-2019 06:32:35
Iterating ...
   43         132000          0.7572           12.03        0
Adaptive with PIDD - Starting Fitness Calculation 20-Apr-2019 06:32:38
Fitness Calculated 20-Apr-2019 07:58:52
Iterating ...
   44         135000          0.7548           12.19        0
Adaptive with PIDD - Starting Fitness Calculation 20-Apr-2019 07:58:56
Fitness Calculated 20-Apr-2019 09:25:07
Iterating ...
   45         138000          0.7539           12.23        0
Adaptive with PIDD - Starting Fitness Calculation 20-Apr-2019 09:25:11
Fitness Calculated 20-Apr-2019 10:51:15
Iterating ...
   46         141000          0.7508            12.2        0
Adaptive with PIDD - Starting Fitness Calculation 20-Apr-2019 10:51:19
Fitness Calculated 20-Apr-2019 12:17:30
Iterating ...
   47         144000          0.7502           11.72        0
Adaptive with PIDD - Starting Fitness Calculation 20-Apr-2019 12:17:34
Fitness Calculated 20-Apr-2019 13:45:00
Iterating ...
   48         147000          0.7501            11.8        0
Adaptive with PIDD - Starting Fitness Calculation 20-Apr-2019 13:45:04
Fitness Calculated 20-Apr-2019 15:11:33
Iterating ...
   49         150000          0.7498           11.75        0
Adaptive with PIDD - Starting Fitness Calculation 20-Apr-2019 15:11:37
Fitness Calculated 20-Apr-2019 16:38:04
Iterating ...
   50         153000          0.7482           11.52        0
Adaptive with PIDD - Starting Fitness Calculation 20-Apr-2019 16:38:08
Fitness Calculated 20-Apr-2019 18:04:24
Iterating ...
   51         156000          0.7467           11.73        0
Adaptive with PIDD - Starting Fitness Calculation 20-Apr-2019 18:04:28
Fitness Calculated 20-Apr-2019 19:30:44
Iterating ...
   52         159000          0.7467           11.73        0
Adaptive with PIDD - Starting Fitness Calculation 20-Apr-2019 19:30:48
Fitness Calculated 20-Apr-2019 20:57:04
Iterating ...
   53         162000          0.7463           11.73        0
Adaptive with PIDD - Starting Fitness Calculation 20-Apr-2019 20:57:08
Fitness Calculated 20-Apr-2019 22:23:32
Iterating ...
   54         165000          0.7459           11.81        0
Adaptive with PIDD - Starting Fitness Calculation 20-Apr-2019 22:23:36
Fitness Calculated 20-Apr-2019 23:50:01
Iterating ...
   55         168000          0.7448           11.77        0
Adaptive with PIDD - Starting Fitness Calculation 20-Apr-2019 23:50:06
Fitness Calculated 21-Apr-2019 01:16:39
Iterating ...
   56         171000          0.7436           11.87        0
Adaptive with PIDD - Starting Fitness Calculation 21-Apr-2019 01:16:43
Fitness Calculated 21-Apr-2019 02:43:18
Iterating ...
   57         174000          0.7433           11.76        0
Adaptive with PIDD - Starting Fitness Calculation 21-Apr-2019 02:43:23
Fitness Calculated 21-Apr-2019 04:09:54
Iterating ...
   58         177000           0.743            11.9        0
Adaptive with PIDD - Starting Fitness Calculation 21-Apr-2019 04:09:59
Fitness Calculated 21-Apr-2019 05:36:20
Iterating ...
   59         180000          0.7412           11.73        0
Adaptive with PIDD - Starting Fitness Calculation 21-Apr-2019 05:36:24
Fitness Calculated 21-Apr-2019 07:02:52
Iterating ...
   60         183000          0.7408           11.78        0

                               Best           Mean      Stall
Generation      f-count        f(x)           f(x)    Generations
Adaptive with PIDD - Starting Fitness Calculation 21-Apr-2019 07:02:57
Fitness Calculated 21-Apr-2019 08:29:25
Iterating ...
   61         186000          0.7393           12.03        0
Adaptive with PIDD - Starting Fitness Calculation 21-Apr-2019 08:29:29
Fitness Calculated 21-Apr-2019 09:55:42
Iterating ...
   62         189000          0.7389           11.98        0
Adaptive with PIDD - Starting Fitness Calculation 21-Apr-2019 09:55:47
Fitness Calculated 21-Apr-2019 11:22:09
Iterating ...
   63         192000          0.7387           11.86        0
Adaptive with PIDD - Starting Fitness Calculation 21-Apr-2019 11:22:13
Fitness Calculated 21-Apr-2019 12:48:48
Iterating ...
   64         195000          0.7364           11.84        0
Adaptive with PIDD - Starting Fitness Calculation 21-Apr-2019 12:48:53
Fitness Calculated 21-Apr-2019 14:15:23
Iterating ...
   65         198000           0.736           11.72        0
Adaptive with PIDD - Starting Fitness Calculation 21-Apr-2019 14:15:27
Fitness Calculated 21-Apr-2019 15:41:46
Iterating ...
   66         201000          0.7352            11.6        0
Adaptive with PIDD - Starting Fitness Calculation 21-Apr-2019 15:41:50
Fitness Calculated 21-Apr-2019 17:08:14
Iterating ...
   67         204000          0.7352           11.42        1
Adaptive with PIDD - Starting Fitness Calculation 21-Apr-2019 17:08:19
Fitness Calculated 21-Apr-2019 18:34:57
Iterating ...
   68         207000          0.7335           11.61        0
Adaptive with PIDD - Starting Fitness Calculation 21-Apr-2019 18:35:02
Fitness Calculated 21-Apr-2019 20:01:28
Iterating ...
   69         210000          0.7333           11.62        0
Adaptive with PIDD - Starting Fitness Calculation 21-Apr-2019 20:01:33
Fitness Calculated 21-Apr-2019 21:27:48
Iterating ...
   70         213000          0.7323           11.54        0
Adaptive with PIDD - Starting Fitness Calculation 21-Apr-2019 21:27:53
Fitness Calculated 21-Apr-2019 22:54:31
Iterating ...
   71         216000          0.7322           11.65        0
Adaptive with PIDD - Starting Fitness Calculation 21-Apr-2019 22:54:36
Fitness Calculated 22-Apr-2019 00:21:06
Iterating ...
   72         219000          0.7311           11.61        0
Adaptive with PIDD - Starting Fitness Calculation 22-Apr-2019 00:21:11
Fitness Calculated 22-Apr-2019 01:47:59
Iterating ...
   73         222000          0.7297           11.58        0
Adaptive with PIDD - Starting Fitness Calculation 22-Apr-2019 01:48:04
Fitness Calculated 22-Apr-2019 03:14:33
Iterating ...
   74         225000          0.7297           11.62        1
Adaptive with PIDD - Starting Fitness Calculation 22-Apr-2019 03:14:38
Fitness Calculated 22-Apr-2019 04:41:02
Iterating ...
   75         228000          0.7295           11.62        0
Adaptive with PIDD - Starting Fitness Calculation 22-Apr-2019 04:41:07
Fitness Calculated 22-Apr-2019 06:07:34
Iterating ...
   76         231000          0.7269           11.59        0
Adaptive with PIDD - Starting Fitness Calculation 22-Apr-2019 06:07:39
Fitness Calculated 22-Apr-2019 07:34:12
Iterating ...
   77         234000          0.7269           11.59        0
Adaptive with PIDD - Starting Fitness Calculation 22-Apr-2019 07:34:18
Fitness Calculated 22-Apr-2019 09:00:44
Iterating ...
   78         237000          0.7267           11.52        0
Adaptive with PIDD - Starting Fitness Calculation 22-Apr-2019 09:00:50
Fitness Calculated 22-Apr-2019 10:27:08
Iterating ...
   79         240000          0.7265           11.91        0
Adaptive with PIDD - Starting Fitness Calculation 22-Apr-2019 10:27:14
Fitness Calculated 22-Apr-2019 11:53:37
Iterating ...
   80         243000          0.7265           11.94        0
Adaptive with PIDD - Starting Fitness Calculation 22-Apr-2019 11:53:42
Fitness Calculated 22-Apr-2019 13:20:17
Iterating ...
   81         246000          0.7264            11.9        0
Adaptive with PIDD - Starting Fitness Calculation 22-Apr-2019 13:20:22
Fitness Calculated 22-Apr-2019 14:46:52
Iterating ...
   82         249000          0.7263           12.17        0
Adaptive with PIDD - Starting Fitness Calculation 22-Apr-2019 14:46:58
Fitness Calculated 22-Apr-2019 16:13:44
Iterating ...
   83         252000          0.7262           12.06        0
Adaptive with PIDD - Starting Fitness Calculation 22-Apr-2019 16:13:50
Fitness Calculated 22-Apr-2019 17:40:18
Iterating ...
   84         255000          0.7262           11.76        0
Adaptive with PIDD - Starting Fitness Calculation 22-Apr-2019 17:40:24
Fitness Calculated 22-Apr-2019 19:06:46
Iterating ...
   85         258000           0.726           12.05        0
Adaptive with PIDD - Starting Fitness Calculation 22-Apr-2019 19:06:52
Fitness Calculated 22-Apr-2019 20:33:26
Iterating ...
   86         261000          0.7258           12.09        0
Adaptive with PIDD - Starting Fitness Calculation 22-Apr-2019 20:33:32
Fitness Calculated 22-Apr-2019 21:59:59
Iterating ...
   87         264000          0.7258           12.34        0
Adaptive with PIDD - Starting Fitness Calculation 22-Apr-2019 22:00:04
Fitness Calculated 22-Apr-2019 23:26:35
Iterating ...
   88         267000          0.7258           12.49        1
Adaptive with PIDD - Starting Fitness Calculation 22-Apr-2019 23:26:41
Fitness Calculated 23-Apr-2019 00:53:12
Iterating ...
   89         270000          0.7257           12.73        0
Adaptive with PIDD - Starting Fitness Calculation 23-Apr-2019 00:53:17
Fitness Calculated 23-Apr-2019 02:19:43
Iterating ...
   90         273000          0.7255           12.68        0

                               Best           Mean      Stall
Generation      f-count        f(x)           f(x)    Generations
Adaptive with PIDD - Starting Fitness Calculation 23-Apr-2019 02:19:49
Fitness Calculated 23-Apr-2019 03:46:16
Iterating ...
   91         276000          0.7254           12.83        0
Adaptive with PIDD - Starting Fitness Calculation 23-Apr-2019 03:46:22
Fitness Calculated 23-Apr-2019 05:12:35
Iterating ...
   92         279000          0.7253            12.6        0
Adaptive with PIDD - Starting Fitness Calculation 23-Apr-2019 05:12:41
Fitness Calculated 23-Apr-2019 06:39:10
Iterating ...
   93         282000          0.7253           12.69        0
Adaptive with PIDD - Starting Fitness Calculation 23-Apr-2019 06:39:16
Fitness Calculated 23-Apr-2019 08:05:49
Iterating ...
   94         285000          0.7253           12.73        0
Adaptive with PIDD - Starting Fitness Calculation 23-Apr-2019 08:05:55
Fitness Calculated 23-Apr-2019 09:32:10
Iterating ...
   95         288000          0.7252           12.99        0
Adaptive with PIDD - Starting Fitness Calculation 23-Apr-2019 09:32:16
Fitness Calculated 23-Apr-2019 10:58:43
Iterating ...
   96         291000           0.725           12.94        0
Adaptive with PIDD - Starting Fitness Calculation 23-Apr-2019 10:58:49
Fitness Calculated 23-Apr-2019 12:25:17
Iterating ...
   97         294000          0.7248           13.05        0
Adaptive with PIDD - Starting Fitness Calculation 23-Apr-2019 12:25:24
Fitness Calculated 23-Apr-2019 13:51:28
Iterating ...
   98         297000          0.7248           13.17        0
Adaptive with PIDD - Starting Fitness Calculation 23-Apr-2019 13:51:35
Fitness Calculated 23-Apr-2019 15:18:00
Iterating ...
   99         300000          0.7248           13.25        0
Adaptive with PIDD - Starting Fitness Calculation 23-Apr-2019 15:18:07
Fitness Calculated 23-Apr-2019 16:44:28
Iterating ...
  100         303000          0.7247           13.32        0
Adaptive with PIDD - Starting Fitness Calculation 23-Apr-2019 16:44:35
Fitness Calculated 23-Apr-2019 18:10:59
Iterating ...
  101         306000          0.7247           13.39        1
Adaptive with PIDD - Starting Fitness Calculation 23-Apr-2019 18:11:06
Fitness Calculated 23-Apr-2019 19:37:25
Iterating ...
  102         309000          0.7247           13.38        0
Adaptive with PIDD - Starting Fitness Calculation 23-Apr-2019 19:37:31
