
                            < M A T L A B (R) >
                  Copyright 1984-2015 The MathWorks, Inc.
                   R2015a (8.5.0.197613) 64-bit (glnxa64)
                             February 12, 2015

 
To get started, type one of these: helpwin, helpdesk, or demo.
For product information, visit www.mathworks.com.
 
 
To get started, type one of these: helpwin, helpdesk, or demo.
For product information, visit www.mathworks.com.
 
Starting parallel pool (parpool) using the 'ClusterPandora' profile ... connected to 76 workers.
Adaptive Direct - Starting Fitness Calculation 23-Apr-2019 20:31:46
Analyzing and transferring files to the workers ...done.
Fitness Calculated 23-Apr-2019 20:33:04
Starting the algorithm

                               Best           Mean      Stall
Generation      f-count        f(x)           f(x)    Generations
Adaptive Direct - Starting Fitness Calculation 23-Apr-2019 20:33:04
Fitness Calculated 23-Apr-2019 20:34:08
Iterating ...
    1          6000           26.92           33.07        0
Adaptive Direct - Starting Fitness Calculation 23-Apr-2019 20:34:09
Fitness Calculated 23-Apr-2019 20:35:16
Iterating ...
    2          9000           26.92           32.64        1
Adaptive Direct - Starting Fitness Calculation 23-Apr-2019 20:35:17
Fitness Calculated 23-Apr-2019 20:36:28
Iterating ...
    3         12000           22.54           32.32        0
Adaptive Direct - Starting Fitness Calculation 23-Apr-2019 20:36:29
Fitness Calculated 23-Apr-2019 20:37:43
Iterating ...
    4         15000           22.28           31.96        0
Adaptive Direct - Starting Fitness Calculation 23-Apr-2019 20:37:44
Fitness Calculated 23-Apr-2019 20:39:19
Iterating ...
    5         18000            12.5           31.52        0
Adaptive Direct - Starting Fitness Calculation 23-Apr-2019 20:39:20
Fitness Calculated 23-Apr-2019 20:41:04
Iterating ...
    6         21000           11.97           30.83        0
Adaptive Direct - Starting Fitness Calculation 23-Apr-2019 20:41:06
Fitness Calculated 23-Apr-2019 20:43:52
Iterating ...
    7         24000            11.3           29.69        0
Adaptive Direct - Starting Fitness Calculation 23-Apr-2019 20:43:53
Fitness Calculated 23-Apr-2019 20:47:27
Iterating ...
    8         27000           10.33           28.09        0
Adaptive Direct - Starting Fitness Calculation 23-Apr-2019 20:47:29
Fitness Calculated 23-Apr-2019 20:52:22
Iterating ...
    9         30000           10.33            26.1        1
Adaptive Direct - Starting Fitness Calculation 23-Apr-2019 20:52:24
Fitness Calculated 23-Apr-2019 20:57:31
Iterating ...
   10         33000           10.33           24.32        2
Adaptive Direct - Starting Fitness Calculation 23-Apr-2019 20:57:34
Fitness Calculated 23-Apr-2019 21:02:53
Iterating ...
   11         36000           10.05           22.83        0
Adaptive Direct - Starting Fitness Calculation 23-Apr-2019 21:02:56
Fitness Calculated 23-Apr-2019 21:08:32
Iterating ...
   12         39000           10.05           21.54        1
Adaptive Direct - Starting Fitness Calculation 23-Apr-2019 21:08:35
Fitness Calculated 23-Apr-2019 21:14:20
Iterating ...
   13         42000           9.783            20.7        0
Adaptive Direct - Starting Fitness Calculation 23-Apr-2019 21:14:22
Fitness Calculated 23-Apr-2019 21:20:45
Iterating ...
   14         45000            9.42           20.04        0
Adaptive Direct - Starting Fitness Calculation 23-Apr-2019 21:20:48
Fitness Calculated 23-Apr-2019 21:26:37
Iterating ...
   15         48000           9.404            19.6        0
Adaptive Direct - Starting Fitness Calculation 23-Apr-2019 21:26:40
Fitness Calculated 23-Apr-2019 21:33:01
Iterating ...
   16         51000           8.526           19.48        0
Adaptive Direct - Starting Fitness Calculation 23-Apr-2019 21:33:04
Fitness Calculated 23-Apr-2019 21:39:29
Iterating ...
   17         54000            8.35           19.26        0
Adaptive Direct - Starting Fitness Calculation 23-Apr-2019 21:39:32
Fitness Calculated 23-Apr-2019 21:44:58
Iterating ...
   18         57000           8.133           19.18        0
Adaptive Direct - Starting Fitness Calculation 23-Apr-2019 21:45:01
Fitness Calculated 23-Apr-2019 21:50:51
Iterating ...
   19         60000           8.047           18.87        0
Adaptive Direct - Starting Fitness Calculation 23-Apr-2019 21:50:55
Fitness Calculated 23-Apr-2019 21:56:13
Iterating ...
   20         63000           7.864           18.27        0
Adaptive Direct - Starting Fitness Calculation 23-Apr-2019 21:56:17
Fitness Calculated 23-Apr-2019 22:01:37
Iterating ...
   21         66000           7.685           17.74        0
Adaptive Direct - Starting Fitness Calculation 23-Apr-2019 22:01:41
Fitness Calculated 23-Apr-2019 22:07:03
Iterating ...
   22         69000           7.525           17.35        0
Adaptive Direct - Starting Fitness Calculation 23-Apr-2019 22:07:07
Fitness Calculated 23-Apr-2019 22:12:04
Iterating ...
   23         72000            7.42           17.31        0
Adaptive Direct - Starting Fitness Calculation 23-Apr-2019 22:12:08
Fitness Calculated 23-Apr-2019 22:16:55
Iterating ...
   24         75000            7.32           17.41        0
Adaptive Direct - Starting Fitness Calculation 23-Apr-2019 22:16:59
Fitness Calculated 23-Apr-2019 22:21:49
Iterating ...
   25         78000            7.28           17.22        0
Adaptive Direct - Starting Fitness Calculation 23-Apr-2019 22:21:54
Fitness Calculated 23-Apr-2019 22:26:34
Iterating ...
   26         81000            7.11           17.22        0
Adaptive Direct - Starting Fitness Calculation 23-Apr-2019 22:26:39
Fitness Calculated 23-Apr-2019 22:31:06
Iterating ...
   27         84000           7.105           17.02        0
Adaptive Direct - Starting Fitness Calculation 23-Apr-2019 22:31:11
Fitness Calculated 23-Apr-2019 22:35:45
Iterating ...
   28         87000           7.091           16.83        0
Adaptive Direct - Starting Fitness Calculation 23-Apr-2019 22:35:50
Fitness Calculated 23-Apr-2019 22:40:14
Iterating ...
   29         90000            7.09           16.77        0
Adaptive Direct - Starting Fitness Calculation 23-Apr-2019 22:40:18
Fitness Calculated 23-Apr-2019 22:44:39
Iterating ...
   30         93000           7.061           16.27        0

                               Best           Mean      Stall
Generation      f-count        f(x)           f(x)    Generations
Adaptive Direct - Starting Fitness Calculation 23-Apr-2019 22:44:44
Fitness Calculated 23-Apr-2019 22:49:21
Iterating ...
   31         96000           7.061           16.15        1
Adaptive Direct - Starting Fitness Calculation 23-Apr-2019 22:49:27
Fitness Calculated 23-Apr-2019 22:53:49
Iterating ...
   32         99000           7.036           16.26        0
Adaptive Direct - Starting Fitness Calculation 23-Apr-2019 22:53:55
Fitness Calculated 23-Apr-2019 22:58:13
Iterating ...
   33         102000           7.022           16.21        0
Adaptive Direct - Starting Fitness Calculation 23-Apr-2019 22:58:19
Fitness Calculated 23-Apr-2019 23:02:48
Iterating ...
   34         105000           7.001           15.92        0
Adaptive Direct - Starting Fitness Calculation 23-Apr-2019 23:02:53
Fitness Calculated 23-Apr-2019 23:07:10
Iterating ...
   35         108000           7.001           15.95        1
Adaptive Direct - Starting Fitness Calculation 23-Apr-2019 23:07:16
Fitness Calculated 23-Apr-2019 23:11:37
Iterating ...
   36         111000            6.96           15.87        0
Adaptive Direct - Starting Fitness Calculation 23-Apr-2019 23:11:43
Fitness Calculated 23-Apr-2019 23:16:09
Iterating ...
   37         114000           6.938           15.66        0
Adaptive Direct - Starting Fitness Calculation 23-Apr-2019 23:16:14
Fitness Calculated 23-Apr-2019 23:20:28
Iterating ...
   38         117000           6.938            15.5        0
Adaptive Direct - Starting Fitness Calculation 23-Apr-2019 23:20:34
Fitness Calculated 23-Apr-2019 23:25:01
Iterating ...
   39         120000           6.923           15.32        0
Adaptive Direct - Starting Fitness Calculation 23-Apr-2019 23:25:07
Fitness Calculated 23-Apr-2019 23:29:40
Iterating ...
   40         123000           6.904           15.22        0
Adaptive Direct - Starting Fitness Calculation 23-Apr-2019 23:29:47
Fitness Calculated 23-Apr-2019 23:34:22
Iterating ...
   41         126000           6.904           15.04        1
Adaptive Direct - Starting Fitness Calculation 23-Apr-2019 23:34:28
Fitness Calculated 23-Apr-2019 23:38:54
Iterating ...
   42         129000           6.897           15.11        0
Adaptive Direct - Starting Fitness Calculation 23-Apr-2019 23:39:00
Fitness Calculated 23-Apr-2019 23:43:28
Iterating ...
   43         132000           6.886           15.17        0
Adaptive Direct - Starting Fitness Calculation 23-Apr-2019 23:43:34
Fitness Calculated 23-Apr-2019 23:48:02
Iterating ...
   44         135000           6.886           15.06        1
Adaptive Direct - Starting Fitness Calculation 23-Apr-2019 23:48:09
Fitness Calculated 23-Apr-2019 23:52:33
Iterating ...
   45         138000           6.878           15.17        0
Adaptive Direct - Starting Fitness Calculation 23-Apr-2019 23:52:40
Fitness Calculated 23-Apr-2019 23:57:03
Iterating ...
   46         141000           6.875           15.29        0
Adaptive Direct - Starting Fitness Calculation 23-Apr-2019 23:57:10
Fitness Calculated 24-Apr-2019 00:01:32
Iterating ...
   47         144000           6.871           15.41        0
Adaptive Direct - Starting Fitness Calculation 24-Apr-2019 00:01:39
Fitness Calculated 24-Apr-2019 00:06:13
Iterating ...
   48         147000           6.858            15.3        0
Adaptive Direct - Starting Fitness Calculation 24-Apr-2019 00:06:20
Fitness Calculated 24-Apr-2019 00:10:43
Iterating ...
   49         150000           6.852           15.31        0
Adaptive Direct - Starting Fitness Calculation 24-Apr-2019 00:10:50
Fitness Calculated 24-Apr-2019 00:15:32
Iterating ...
   50         153000           6.852           15.21        0
Adaptive Direct - Starting Fitness Calculation 24-Apr-2019 00:15:40
Fitness Calculated 24-Apr-2019 00:20:13
Iterating ...
   51         156000           6.852           15.41        1
Adaptive Direct - Starting Fitness Calculation 24-Apr-2019 00:20:21
Fitness Calculated 24-Apr-2019 00:25:05
Iterating ...
   52         159000           6.847           15.37        0
Adaptive Direct - Starting Fitness Calculation 24-Apr-2019 00:25:14
Fitness Calculated 24-Apr-2019 00:29:52
Iterating ...
   53         162000           6.847           15.19        0
Adaptive Direct - Starting Fitness Calculation 24-Apr-2019 00:30:00
Fitness Calculated 24-Apr-2019 00:34:41
Iterating ...
   54         165000           6.844           15.09        0
Adaptive Direct - Starting Fitness Calculation 24-Apr-2019 00:34:49
Fitness Calculated 24-Apr-2019 00:39:22
Iterating ...
   55         168000           6.841           15.16        0
Adaptive Direct - Starting Fitness Calculation 24-Apr-2019 00:39:30
Fitness Calculated 24-Apr-2019 00:43:52
Iterating ...
   56         171000           6.841           15.37        0
Adaptive Direct - Starting Fitness Calculation 24-Apr-2019 00:44:01
Fitness Calculated 24-Apr-2019 00:48:21
Iterating ...
   57         174000           6.834           15.34        0
Adaptive Direct - Starting Fitness Calculation 24-Apr-2019 00:48:30
Fitness Calculated 24-Apr-2019 00:52:58
Iterating ...
   58         177000           6.834           15.49        1
Adaptive Direct - Starting Fitness Calculation 24-Apr-2019 00:53:07
Fitness Calculated 24-Apr-2019 00:57:35
Iterating ...
   59         180000           6.834           15.63        2
Adaptive Direct - Starting Fitness Calculation 24-Apr-2019 00:57:44
Fitness Calculated 24-Apr-2019 01:02:08
Iterating ...
   60         183000           6.834           15.54        3

                               Best           Mean      Stall
Generation      f-count        f(x)           f(x)    Generations
Adaptive Direct - Starting Fitness Calculation 24-Apr-2019 01:02:17
Fitness Calculated 24-Apr-2019 01:06:37
Iterating ...
   61         186000           6.834           15.43        4
Adaptive Direct - Starting Fitness Calculation 24-Apr-2019 01:06:46
Fitness Calculated 24-Apr-2019 01:11:06
Iterating ...
   62         189000           6.832           15.37        0
Adaptive Direct - Starting Fitness Calculation 24-Apr-2019 01:11:15
Fitness Calculated 24-Apr-2019 01:15:37
Iterating ...
   63         192000           6.829           15.25        0
Adaptive Direct - Starting Fitness Calculation 24-Apr-2019 01:15:46
Fitness Calculated 24-Apr-2019 01:20:04
Iterating ...
   64         195000           6.829           15.17        1
Adaptive Direct - Starting Fitness Calculation 24-Apr-2019 01:20:14
Fitness Calculated 24-Apr-2019 01:24:55
Iterating ...
   65         198000           6.828           15.44        0
Adaptive Direct - Starting Fitness Calculation 24-Apr-2019 01:25:04
Fitness Calculated 24-Apr-2019 01:29:37
Iterating ...
   66         201000           6.826           15.33        0
Adaptive Direct - Starting Fitness Calculation 24-Apr-2019 01:29:47
Fitness Calculated 24-Apr-2019 01:34:14
Iterating ...
   67         204000           6.825           15.04        0
Adaptive Direct - Starting Fitness Calculation 24-Apr-2019 01:34:24
Fitness Calculated 24-Apr-2019 01:39:04
Iterating ...
   68         207000           6.812           14.94        0
Adaptive Direct - Starting Fitness Calculation 24-Apr-2019 01:39:14
Fitness Calculated 24-Apr-2019 01:43:42
Iterating ...
   69         210000            6.81           14.99        0
Adaptive Direct - Starting Fitness Calculation 24-Apr-2019 01:43:52
Fitness Calculated 24-Apr-2019 01:48:18
Iterating ...
   70         213000            6.81           14.98        0
Adaptive Direct - Starting Fitness Calculation 24-Apr-2019 01:48:28
Fitness Calculated 24-Apr-2019 01:52:48
Iterating ...
   71         216000            6.81           15.11        1
Adaptive Direct - Starting Fitness Calculation 24-Apr-2019 01:52:58
Fitness Calculated 24-Apr-2019 01:57:34
Iterating ...
   72         219000           6.803            15.2        0
Adaptive Direct - Starting Fitness Calculation 24-Apr-2019 01:57:44
Fitness Calculated 24-Apr-2019 02:02:03
Iterating ...
   73         222000           6.803           15.52        0
Adaptive Direct - Starting Fitness Calculation 24-Apr-2019 02:02:14
Fitness Calculated 24-Apr-2019 02:06:38
Iterating ...
   74         225000            6.78           15.69        0
Adaptive Direct - Starting Fitness Calculation 24-Apr-2019 02:06:49
Fitness Calculated 24-Apr-2019 02:11:10
Iterating ...
   75         228000            6.78           16.04        1
Adaptive Direct - Starting Fitness Calculation 24-Apr-2019 02:11:21
Fitness Calculated 24-Apr-2019 02:15:43
Iterating ...
   76         231000           6.777           16.45        0
Adaptive Direct - Starting Fitness Calculation 24-Apr-2019 02:15:54
Fitness Calculated 24-Apr-2019 02:20:03
Iterating ...
   77         234000           6.777           16.77        0
Adaptive Direct - Starting Fitness Calculation 24-Apr-2019 02:20:14
Fitness Calculated 24-Apr-2019 02:24:23
Iterating ...
   78         237000            6.77           17.07        0
Adaptive Direct - Starting Fitness Calculation 24-Apr-2019 02:24:34
Fitness Calculated 24-Apr-2019 02:28:47
Iterating ...
   79         240000            6.76           17.15        0
Adaptive Direct - Starting Fitness Calculation 24-Apr-2019 02:28:58
Fitness Calculated 24-Apr-2019 02:33:28
Iterating ...
   80         243000           6.743           17.54        0
Adaptive Direct - Starting Fitness Calculation 24-Apr-2019 02:33:39
Fitness Calculated 24-Apr-2019 02:37:44
Iterating ...
   81         246000           6.743           17.61        0
Adaptive Direct - Starting Fitness Calculation 24-Apr-2019 02:37:56
Fitness Calculated 24-Apr-2019 02:42:27
Iterating ...
   82         249000           6.742           17.97        0
Adaptive Direct - Starting Fitness Calculation 24-Apr-2019 02:42:38
Fitness Calculated 24-Apr-2019 02:47:04
Iterating ...
   83         252000           6.742           17.86        1
Adaptive Direct - Starting Fitness Calculation 24-Apr-2019 02:47:16
Fitness Calculated 24-Apr-2019 02:51:41
Iterating ...
   84         255000           6.741           17.99        0
Adaptive Direct - Starting Fitness Calculation 24-Apr-2019 02:51:53
Fitness Calculated 24-Apr-2019 02:56:27
Iterating ...
   85         258000           6.741           17.97        1
Adaptive Direct - Starting Fitness Calculation 24-Apr-2019 02:56:39
Fitness Calculated 24-Apr-2019 03:01:02
Iterating ...
   86         261000            6.74           17.79        0
Adaptive Direct - Starting Fitness Calculation 24-Apr-2019 03:01:14
Fitness Calculated 24-Apr-2019 03:05:46
Iterating ...
   87         264000           6.736           17.84        0
Adaptive Direct - Starting Fitness Calculation 24-Apr-2019 03:05:58
Fitness Calculated 24-Apr-2019 03:10:29
Iterating ...
   88         267000           6.736           17.81        1
Adaptive Direct - Starting Fitness Calculation 24-Apr-2019 03:10:41
Fitness Calculated 24-Apr-2019 03:14:54
Iterating ...
   89         270000           6.736           17.71        2
Adaptive Direct - Starting Fitness Calculation 24-Apr-2019 03:15:06
Fitness Calculated 24-Apr-2019 03:19:35
Iterating ...
   90         273000           6.736           17.84        3

                               Best           Mean      Stall
Generation      f-count        f(x)           f(x)    Generations
Adaptive Direct - Starting Fitness Calculation 24-Apr-2019 03:19:47
Fitness Calculated 24-Apr-2019 03:24:18
Iterating ...
   91         276000           6.736           17.93        0
Adaptive Direct - Starting Fitness Calculation 24-Apr-2019 03:24:31
Fitness Calculated 24-Apr-2019 03:28:59
Iterating ...
   92         279000           6.722           17.77        0
Adaptive Direct - Starting Fitness Calculation 24-Apr-2019 03:29:12
Fitness Calculated 24-Apr-2019 03:33:38
Iterating ...
   93         282000           6.722            17.8        1
Adaptive Direct - Starting Fitness Calculation 24-Apr-2019 03:33:51
Fitness Calculated 24-Apr-2019 03:38:16
Iterating ...
   94         285000           6.721           17.89        0
Adaptive Direct - Starting Fitness Calculation 24-Apr-2019 03:38:29
Fitness Calculated 24-Apr-2019 03:43:05
Iterating ...
   95         288000           6.719           17.81        0
Adaptive Direct - Starting Fitness Calculation 24-Apr-2019 03:43:18
Fitness Calculated 24-Apr-2019 03:47:35
Iterating ...
   96         291000           6.712           17.95        0
Adaptive Direct - Starting Fitness Calculation 24-Apr-2019 03:47:48
Fitness Calculated 24-Apr-2019 03:52:04
Iterating ...
   97         294000           6.712            17.9        1
Adaptive Direct - Starting Fitness Calculation 24-Apr-2019 03:52:17
Fitness Calculated 24-Apr-2019 03:56:44
Iterating ...
   98         297000            6.71              18        0
Adaptive Direct - Starting Fitness Calculation 24-Apr-2019 03:56:58
Fitness Calculated 24-Apr-2019 04:01:26
Iterating ...
   99         300000           6.709           17.96        0
Adaptive Direct - Starting Fitness Calculation 24-Apr-2019 04:01:39
Fitness Calculated 24-Apr-2019 04:06:03
Iterating ...
  100         303000           6.706           18.01        0
Adaptive Direct - Starting Fitness Calculation 24-Apr-2019 04:06:17
Fitness Calculated 24-Apr-2019 04:10:43
Iterating ...
  101         306000           6.694           18.04        0
Adaptive Direct - Starting Fitness Calculation 24-Apr-2019 04:10:57
Fitness Calculated 24-Apr-2019 04:15:19
Iterating ...
  102         309000           6.694           17.82        1
Adaptive Direct - Starting Fitness Calculation 24-Apr-2019 04:15:33
Fitness Calculated 24-Apr-2019 04:19:54
Iterating ...
  103         312000           6.689           17.89        0
Adaptive Direct - Starting Fitness Calculation 24-Apr-2019 04:20:07
Fitness Calculated 24-Apr-2019 04:24:42
Iterating ...
  104         315000           6.685           18.11        0
Adaptive Direct - Starting Fitness Calculation 24-Apr-2019 04:24:56
Fitness Calculated 24-Apr-2019 04:29:16
Iterating ...
  105         318000           6.684           18.04        0
Adaptive Direct - Starting Fitness Calculation 24-Apr-2019 04:29:30
Fitness Calculated 24-Apr-2019 04:33:49
Iterating ...
  106         321000           6.682           17.93        0
Adaptive Direct - Starting Fitness Calculation 24-Apr-2019 04:34:03
Fitness Calculated 24-Apr-2019 04:38:26
Iterating ...
  107         324000           6.682           17.67        1
Adaptive Direct - Starting Fitness Calculation 24-Apr-2019 04:38:41
Fitness Calculated 24-Apr-2019 04:43:08
Iterating ...
  108         327000           6.682           17.87        0
Adaptive Direct - Starting Fitness Calculation 24-Apr-2019 04:43:22
Fitness Calculated 24-Apr-2019 04:47:40
Iterating ...
  109         330000           6.682           17.84        0
Adaptive Direct - Starting Fitness Calculation 24-Apr-2019 04:47:54
Fitness Calculated 24-Apr-2019 04:52:39
Iterating ...
  110         333000           6.682           17.87        1
Adaptive Direct - Starting Fitness Calculation 24-Apr-2019 04:52:54
Fitness Calculated 24-Apr-2019 04:57:28
Iterating ...
  111         336000           6.681           17.79        0
Adaptive Direct - Starting Fitness Calculation 24-Apr-2019 04:57:43
Fitness Calculated 24-Apr-2019 05:01:49
Iterating ...
  112         339000           6.681              18        0
Adaptive Direct - Starting Fitness Calculation 24-Apr-2019 05:02:05
Fitness Calculated 24-Apr-2019 05:06:22
Iterating ...
  113         342000            6.68           17.89        0
Adaptive Direct - Starting Fitness Calculation 24-Apr-2019 05:06:37
Fitness Calculated 24-Apr-2019 05:10:56
Iterating ...
  114         345000           6.679           17.85        0
Adaptive Direct - Starting Fitness Calculation 24-Apr-2019 05:11:11
Fitness Calculated 24-Apr-2019 05:15:33
Iterating ...
  115         348000           6.679           18.04        1
Adaptive Direct - Starting Fitness Calculation 24-Apr-2019 05:15:48
Fitness Calculated 24-Apr-2019 05:20:06
Iterating ...
  116         351000           6.679           17.86        0
Adaptive Direct - Starting Fitness Calculation 24-Apr-2019 05:20:21
Fitness Calculated 24-Apr-2019 05:24:50
Iterating ...
  117         354000           6.679           17.93        0
Adaptive Direct - Starting Fitness Calculation 24-Apr-2019 05:25:05
Fitness Calculated 24-Apr-2019 05:29:31
Iterating ...
  118         357000           6.679              18        0
Adaptive Direct - Starting Fitness Calculation 24-Apr-2019 05:29:47
Fitness Calculated 24-Apr-2019 05:34:20
Iterating ...
  119         360000           6.679           17.97        0
Adaptive Direct - Starting Fitness Calculation 24-Apr-2019 05:34:35
Fitness Calculated 24-Apr-2019 05:39:10
Iterating ...
  120         363000           6.679           17.74        0

                               Best           Mean      Stall
Generation      f-count        f(x)           f(x)    Generations
Adaptive Direct - Starting Fitness Calculation 24-Apr-2019 05:39:25
Fitness Calculated 24-Apr-2019 05:43:47
Iterating ...
  121         366000           6.678              18        0
Adaptive Direct - Starting Fitness Calculation 24-Apr-2019 05:44:02
Fitness Calculated 24-Apr-2019 05:48:23
Iterating ...
  122         369000           6.678           18.03        0
Adaptive Direct - Starting Fitness Calculation 24-Apr-2019 05:48:38
Fitness Calculated 24-Apr-2019 05:53:08
Iterating ...
  123         372000           6.678           18.14        0
Adaptive Direct - Starting Fitness Calculation 24-Apr-2019 05:53:24
Fitness Calculated 24-Apr-2019 05:57:42
Iterating ...
  124         375000           6.678           18.61        0
Adaptive Direct - Starting Fitness Calculation 24-Apr-2019 05:57:59
Fitness Calculated 24-Apr-2019 06:02:30
Iterating ...
  125         378000           6.671            18.7        0
Adaptive Direct - Starting Fitness Calculation 24-Apr-2019 06:02:47
Fitness Calculated 24-Apr-2019 06:06:57
Iterating ...
  126         381000           6.671           18.77        0
Adaptive Direct - Starting Fitness Calculation 24-Apr-2019 06:07:13
Fitness Calculated 24-Apr-2019 06:11:45
Iterating ...
  127         384000           6.671           18.56        0
Adaptive Direct - Starting Fitness Calculation 24-Apr-2019 06:12:02
Fitness Calculated 24-Apr-2019 06:16:24
Iterating ...
  128         387000           6.671           18.64        1
Adaptive Direct - Starting Fitness Calculation 24-Apr-2019 06:16:41
Fitness Calculated 24-Apr-2019 06:21:17
Iterating ...
  129         390000           6.671           18.93        2
Adaptive Direct - Starting Fitness Calculation 24-Apr-2019 06:21:34
Fitness Calculated 24-Apr-2019 06:25:50
Iterating ...
  130         393000           6.671           18.86        0
Adaptive Direct - Starting Fitness Calculation 24-Apr-2019 06:26:07
Fitness Calculated 24-Apr-2019 06:30:39
Iterating ...
  131         396000           6.668           19.05        0
Adaptive Direct - Starting Fitness Calculation 24-Apr-2019 06:30:56
Fitness Calculated 24-Apr-2019 06:35:16
Iterating ...
  132         399000           6.664           18.77        0
Adaptive Direct - Starting Fitness Calculation 24-Apr-2019 06:35:33
Fitness Calculated 24-Apr-2019 06:39:49
Iterating ...
  133         402000           6.662           18.94        0
Adaptive Direct - Starting Fitness Calculation 24-Apr-2019 06:40:07
Fitness Calculated 24-Apr-2019 06:44:31
Iterating ...
  134         405000           6.662           19.12        0
Adaptive Direct - Starting Fitness Calculation 24-Apr-2019 06:44:48
Fitness Calculated 24-Apr-2019 06:49:26
Iterating ...
  135         408000            6.66           19.33        0
Adaptive Direct - Starting Fitness Calculation 24-Apr-2019 06:49:44
Fitness Calculated 24-Apr-2019 06:54:06
Iterating ...
  136         411000            6.66           19.41        0
Adaptive Direct - Starting Fitness Calculation 24-Apr-2019 06:54:23
Fitness Calculated 24-Apr-2019 06:58:35
Iterating ...
  137         414000            6.66           19.51        0
Adaptive Direct - Starting Fitness Calculation 24-Apr-2019 06:58:52
Fitness Calculated 24-Apr-2019 07:03:16
Iterating ...
  138         417000           6.659           19.86        0
Adaptive Direct - Starting Fitness Calculation 24-Apr-2019 07:03:34
Fitness Calculated 24-Apr-2019 07:08:08
Iterating ...
  139         420000           6.657           19.73        0
Adaptive Direct - Starting Fitness Calculation 24-Apr-2019 07:08:26
Fitness Calculated 24-Apr-2019 07:12:51
Iterating ...
  140         423000           6.656            19.8        0
Adaptive Direct - Starting Fitness Calculation 24-Apr-2019 07:13:08
Fitness Calculated 24-Apr-2019 07:17:44
Iterating ...
  141         426000           6.655            19.8        0
Adaptive Direct - Starting Fitness Calculation 24-Apr-2019 07:18:02
Fitness Calculated 24-Apr-2019 07:22:39
Iterating ...
  142         429000           6.655           19.86        1
Adaptive Direct - Starting Fitness Calculation 24-Apr-2019 07:22:57
Fitness Calculated 24-Apr-2019 07:27:04
Iterating ...
  143         432000           6.652           19.92        0
Adaptive Direct - Starting Fitness Calculation 24-Apr-2019 07:27:22
Fitness Calculated 24-Apr-2019 07:31:36
Iterating ...
  144         435000           6.652           19.86        1
Adaptive Direct - Starting Fitness Calculation 24-Apr-2019 07:31:54
Fitness Calculated 24-Apr-2019 07:36:12
Iterating ...
  145         438000           6.651           19.79        0
Adaptive Direct - Starting Fitness Calculation 24-Apr-2019 07:36:30
Fitness Calculated 24-Apr-2019 07:41:11
Iterating ...
  146         441000            6.65           19.84        0
Adaptive Direct - Starting Fitness Calculation 24-Apr-2019 07:41:30
Fitness Calculated 24-Apr-2019 07:45:57
Iterating ...
  147         444000           6.649           19.86        0
Adaptive Direct - Starting Fitness Calculation 24-Apr-2019 07:46:16
Fitness Calculated 24-Apr-2019 07:50:41
Iterating ...
  148         447000           6.649           19.77        1
Adaptive Direct - Starting Fitness Calculation 24-Apr-2019 07:50:59
Fitness Calculated 24-Apr-2019 07:55:11
Iterating ...
  149         450000           6.649           19.81        2
Adaptive Direct - Starting Fitness Calculation 24-Apr-2019 07:55:30
Fitness Calculated 24-Apr-2019 07:59:40
Iterating ...
  150         453000           6.649           19.97        3
Optimization terminated: maximum number of generations exceeded.
Performing final task
Parallel pool using the 'ClusterPandora' profile is shutting down.
Starting parallel pool (parpool) using the 'ClusterPandora' profile ... connected to 76 workers.
Markovian RLQ-R Passive Modified - Starting Fitness Calculation 24-Apr-2019 08:00:28
Analyzing and transferring files to the workers ...done.
Fitness Calculated 24-Apr-2019 08:06:48
Starting the algorithm

                               Best           Mean      Stall
Generation      f-count        f(x)           f(x)    Generations
Markovian RLQ-R Passive Modified - Starting Fitness Calculation 24-Apr-2019 08:06:49
Fitness Calculated 24-Apr-2019 08:12:52
Iterating ...
    1          6000           8.755              12        0
Markovian RLQ-R Passive Modified - Starting Fitness Calculation 24-Apr-2019 08:12:53
Fitness Calculated 24-Apr-2019 08:18:53
Iterating ...
    2          9000           7.884           11.69        0
Markovian RLQ-R Passive Modified - Starting Fitness Calculation 24-Apr-2019 08:18:54
Fitness Calculated 24-Apr-2019 08:26:49
Iterating ...
    3         12000           7.491           11.35        0
Markovian RLQ-R Passive Modified - Starting Fitness Calculation 24-Apr-2019 08:26:51
Fitness Calculated 24-Apr-2019 08:37:20
Iterating ...
    4         15000           5.817           10.94        0
Markovian RLQ-R Passive Modified - Starting Fitness Calculation 24-Apr-2019 08:37:22
Fitness Calculated 24-Apr-2019 08:52:10
Iterating ...
    5         18000           5.773           10.44        0
Markovian RLQ-R Passive Modified - Starting Fitness Calculation 24-Apr-2019 08:52:12
Fitness Calculated 24-Apr-2019 09:13:32
Iterating ...
    6         21000           5.235           9.967        0
Markovian RLQ-R Passive Modified - Starting Fitness Calculation 24-Apr-2019 09:13:34
Fitness Calculated 24-Apr-2019 09:38:13
Iterating ...
    7         24000           5.234           9.434        0
Markovian RLQ-R Passive Modified - Starting Fitness Calculation 24-Apr-2019 09:38:16
Fitness Calculated 24-Apr-2019 10:13:52
Iterating ...
    8         27000           5.231            8.91        0
Markovian RLQ-R Passive Modified - Starting Fitness Calculation 24-Apr-2019 10:13:55
Fitness Calculated 24-Apr-2019 10:49:30
Iterating ...
    9         30000           5.172           8.421        0
Markovian RLQ-R Passive Modified - Starting Fitness Calculation 24-Apr-2019 10:49:33
Fitness Calculated 24-Apr-2019 11:25:10
Iterating ...
   10         33000           5.165           8.058        0
Markovian RLQ-R Passive Modified - Starting Fitness Calculation 24-Apr-2019 11:25:14
Fitness Calculated 24-Apr-2019 12:00:48
Iterating ...
   11         36000           5.164           7.765        0
Markovian RLQ-R Passive Modified - Starting Fitness Calculation 24-Apr-2019 12:00:52
Fitness Calculated 24-Apr-2019 12:36:31
Iterating ...
   12         39000           5.164           7.559        1
Markovian RLQ-R Passive Modified - Starting Fitness Calculation 24-Apr-2019 12:36:36
Fitness Calculated 24-Apr-2019 13:12:15
Iterating ...
   13         42000           5.163           7.414        0
Markovian RLQ-R Passive Modified - Starting Fitness Calculation 24-Apr-2019 13:12:19
Fitness Calculated 24-Apr-2019 13:47:55
Iterating ...
   14         45000            5.15           7.325        0
Markovian RLQ-R Passive Modified - Starting Fitness Calculation 24-Apr-2019 13:48:00
Fitness Calculated 24-Apr-2019 14:23:32
Iterating ...
   15         48000           5.074           7.239        0
Markovian RLQ-R Passive Modified - Starting Fitness Calculation 24-Apr-2019 14:23:37
Fitness Calculated 24-Apr-2019 14:59:23
Iterating ...
   16         51000           5.051           7.172        0
Markovian RLQ-R Passive Modified - Starting Fitness Calculation 24-Apr-2019 14:59:28
Fitness Calculated 24-Apr-2019 15:35:19
Iterating ...
   17         54000            5.03           7.127        0
Markovian RLQ-R Passive Modified - Starting Fitness Calculation 24-Apr-2019 15:35:24
Fitness Calculated 24-Apr-2019 16:11:08
Iterating ...
   18         57000           4.995           7.146        0
Markovian RLQ-R Passive Modified - Starting Fitness Calculation 24-Apr-2019 16:11:13
Fitness Calculated 24-Apr-2019 16:46:52
Iterating ...
   19         60000           4.995           7.184        0
Markovian RLQ-R Passive Modified - Starting Fitness Calculation 24-Apr-2019 16:46:57
Fitness Calculated 24-Apr-2019 17:22:37
Iterating ...
   20         63000           4.995           7.235        0
Markovian RLQ-R Passive Modified - Starting Fitness Calculation 24-Apr-2019 17:22:43
Fitness Calculated 24-Apr-2019 17:58:33
Iterating ...
   21         66000            4.94           7.202        0
Markovian RLQ-R Passive Modified - Starting Fitness Calculation 24-Apr-2019 17:58:38
Fitness Calculated 24-Apr-2019 18:34:16
Iterating ...
   22         69000           4.939           7.083        0
Markovian RLQ-R Passive Modified - Starting Fitness Calculation 24-Apr-2019 18:34:23
Fitness Calculated 24-Apr-2019 19:10:17
Iterating ...
   23         72000           4.938           7.136        0
Markovian RLQ-R Passive Modified - Starting Fitness Calculation 24-Apr-2019 19:10:23
Fitness Calculated 24-Apr-2019 19:46:09
Iterating ...
   24         75000           4.938           7.117        0
Markovian RLQ-R Passive Modified - Starting Fitness Calculation 24-Apr-2019 19:46:15
Fitness Calculated 24-Apr-2019 20:22:01
Iterating ...
   25         78000           4.938           7.127        0
Markovian RLQ-R Passive Modified - Starting Fitness Calculation 24-Apr-2019 20:22:08
Fitness Calculated 24-Apr-2019 20:57:51
Iterating ...
   26         81000           4.937           7.171        0
Markovian RLQ-R Passive Modified - Starting Fitness Calculation 24-Apr-2019 20:57:58
Fitness Calculated 24-Apr-2019 21:33:39
Iterating ...
   27         84000           4.937           7.072        0
Markovian RLQ-R Passive Modified - Starting Fitness Calculation 24-Apr-2019 21:33:46
Fitness Calculated 24-Apr-2019 22:09:31
Iterating ...
   28         87000           4.937           7.052        0
Markovian RLQ-R Passive Modified - Starting Fitness Calculation 24-Apr-2019 22:09:38
Fitness Calculated 24-Apr-2019 22:45:22
Iterating ...
   29         90000           4.935           7.055        0
Markovian RLQ-R Passive Modified - Starting Fitness Calculation 24-Apr-2019 22:45:30
Fitness Calculated 24-Apr-2019 23:20:59
Iterating ...
   30         93000           4.926           7.065        0

                               Best           Mean      Stall
Generation      f-count        f(x)           f(x)    Generations
Markovian RLQ-R Passive Modified - Starting Fitness Calculation 24-Apr-2019 23:21:07
Fitness Calculated 24-Apr-2019 23:56:19
Iterating ...
   31         96000           4.925           7.107        0
Markovian RLQ-R Passive Modified - Starting Fitness Calculation 24-Apr-2019 23:56:27
Fitness Calculated 25-Apr-2019 00:31:39
Iterating ...
   32         99000           4.922           7.147        0
Markovian RLQ-R Passive Modified - Starting Fitness Calculation 25-Apr-2019 00:31:47
Fitness Calculated 25-Apr-2019 01:07:02
Iterating ...
   33         102000           4.921           7.136        0
Markovian RLQ-R Passive Modified - Starting Fitness Calculation 25-Apr-2019 01:07:10
Fitness Calculated 25-Apr-2019 01:42:24
Iterating ...
   34         105000           4.916            7.13        0
Markovian RLQ-R Passive Modified - Starting Fitness Calculation 25-Apr-2019 01:42:33
Fitness Calculated 25-Apr-2019 02:17:44
Iterating ...
   35         108000           4.916           7.099        0
Markovian RLQ-R Passive Modified - Starting Fitness Calculation 25-Apr-2019 02:17:53
Fitness Calculated 25-Apr-2019 02:53:13
Iterating ...
   36         111000           4.913           7.103        0
Markovian RLQ-R Passive Modified - Starting Fitness Calculation 25-Apr-2019 02:53:22
Fitness Calculated 25-Apr-2019 03:28:25
Iterating ...
   37         114000           4.913           7.097        1
Markovian RLQ-R Passive Modified - Starting Fitness Calculation 25-Apr-2019 03:28:34
Fitness Calculated 25-Apr-2019 04:03:49
Iterating ...
   38         117000           4.913           7.154        2
Markovian RLQ-R Passive Modified - Starting Fitness Calculation 25-Apr-2019 04:03:58
Fitness Calculated 25-Apr-2019 04:39:12
Iterating ...
   39         120000           4.913           7.124        3
Markovian RLQ-R Passive Modified - Starting Fitness Calculation 25-Apr-2019 04:39:21
Fitness Calculated 25-Apr-2019 05:14:38
Iterating ...
   40         123000           4.913           7.139        4
Markovian RLQ-R Passive Modified - Starting Fitness Calculation 25-Apr-2019 05:14:48
Fitness Calculated 25-Apr-2019 05:50:00
Iterating ...
   41         126000           4.912           7.137        0
Markovian RLQ-R Passive Modified - Starting Fitness Calculation 25-Apr-2019 05:50:10
Fitness Calculated 25-Apr-2019 06:25:25
Iterating ...
   42         129000           4.909           7.082        0
Markovian RLQ-R Passive Modified - Starting Fitness Calculation 25-Apr-2019 06:25:35
Fitness Calculated 25-Apr-2019 07:00:47
Iterating ...
   43         132000           4.909           7.142        1
Markovian RLQ-R Passive Modified - Starting Fitness Calculation 25-Apr-2019 07:00:57
Fitness Calculated 25-Apr-2019 07:36:09
Iterating ...
   44         135000           4.909           7.111        2
Markovian RLQ-R Passive Modified - Starting Fitness Calculation 25-Apr-2019 07:36:19
Fitness Calculated 25-Apr-2019 08:11:32
Iterating ...
   45         138000           4.909           7.143        3
Markovian RLQ-R Passive Modified - Starting Fitness Calculation 25-Apr-2019 08:11:42
Fitness Calculated 25-Apr-2019 08:46:52
Iterating ...
   46         141000           4.909           7.112        4
Markovian RLQ-R Passive Modified - Starting Fitness Calculation 25-Apr-2019 08:47:03
Fitness Calculated 25-Apr-2019 09:22:17
Iterating ...
   47         144000           4.909           7.108        5
Markovian RLQ-R Passive Modified - Starting Fitness Calculation 25-Apr-2019 09:22:28
Fitness Calculated 25-Apr-2019 09:57:42
Iterating ...
   48         147000           4.908           7.136        0
Markovian RLQ-R Passive Modified - Starting Fitness Calculation 25-Apr-2019 09:57:53
Fitness Calculated 25-Apr-2019 10:33:08
Iterating ...
   49         150000           4.908           7.131        1
Markovian RLQ-R Passive Modified - Starting Fitness Calculation 25-Apr-2019 10:33:20
Fitness Calculated 25-Apr-2019 11:08:30
Iterating ...
   50         153000           4.908           7.096        0
Markovian RLQ-R Passive Modified - Starting Fitness Calculation 25-Apr-2019 11:08:41
Fitness Calculated 25-Apr-2019 11:43:55
Iterating ...
   51         156000           4.908           7.042        0
Markovian RLQ-R Passive Modified - Starting Fitness Calculation 25-Apr-2019 11:44:07
Fitness Calculated 25-Apr-2019 12:19:14
Iterating ...
   52         159000           4.878           7.116        0
Markovian RLQ-R Passive Modified - Starting Fitness Calculation 25-Apr-2019 12:19:26
Fitness Calculated 25-Apr-2019 12:54:47
Iterating ...
   53         162000           4.745             7.1        0
Markovian RLQ-R Passive Modified - Starting Fitness Calculation 25-Apr-2019 12:54:59
Fitness Calculated 25-Apr-2019 13:30:31
Iterating ...
   54         165000            4.73           7.149        0
Markovian RLQ-R Passive Modified - Starting Fitness Calculation 25-Apr-2019 13:30:43
Fitness Calculated 25-Apr-2019 14:05:59
Iterating ...
   55         168000           4.718           7.058        0
Markovian RLQ-R Passive Modified - Starting Fitness Calculation 25-Apr-2019 14:06:11
Fitness Calculated 25-Apr-2019 14:41:33
Iterating ...
   56         171000           4.691           7.065        0
Markovian RLQ-R Passive Modified - Starting Fitness Calculation 25-Apr-2019 14:41:45
Fitness Calculated 25-Apr-2019 15:17:08
Iterating ...
   57         174000           4.691            7.11        0
Markovian RLQ-R Passive Modified - Starting Fitness Calculation 25-Apr-2019 15:17:21
Fitness Calculated 25-Apr-2019 15:52:35
Iterating ...
   58         177000           4.682           7.103        0
Markovian RLQ-R Passive Modified - Starting Fitness Calculation 25-Apr-2019 15:52:48
Fitness Calculated 25-Apr-2019 16:28:00
Iterating ...
   59         180000           4.678           7.098        0
Markovian RLQ-R Passive Modified - Starting Fitness Calculation 25-Apr-2019 16:28:13
Fitness Calculated 25-Apr-2019 17:03:31
Iterating ...
   60         183000           4.662           7.088        0

                               Best           Mean      Stall
Generation      f-count        f(x)           f(x)    Generations
Markovian RLQ-R Passive Modified - Starting Fitness Calculation 25-Apr-2019 17:03:44
Fitness Calculated 25-Apr-2019 17:39:10
Iterating ...
   61         186000           4.661           7.076        0
Markovian RLQ-R Passive Modified - Starting Fitness Calculation 25-Apr-2019 17:39:24
Fitness Calculated 25-Apr-2019 18:14:42
Iterating ...
   62         189000           4.649           7.129        0
Markovian RLQ-R Passive Modified - Starting Fitness Calculation 25-Apr-2019 18:14:55
Fitness Calculated 25-Apr-2019 18:50:16
Iterating ...
   63         192000           4.631           7.067        0
Markovian RLQ-R Passive Modified - Starting Fitness Calculation 25-Apr-2019 18:50:30
Fitness Calculated 25-Apr-2019 19:25:48
Iterating ...
   64         195000           4.624           7.042        0
Markovian RLQ-R Passive Modified - Starting Fitness Calculation 25-Apr-2019 19:26:01
Fitness Calculated 25-Apr-2019 20:01:23
Iterating ...
   65         198000            4.62           7.056        0
Markovian RLQ-R Passive Modified - Starting Fitness Calculation 25-Apr-2019 20:01:37
Fitness Calculated 25-Apr-2019 20:37:01
Iterating ...
   66         201000            4.61           7.062        0
Markovian RLQ-R Passive Modified - Starting Fitness Calculation 25-Apr-2019 20:37:15
Fitness Calculated 25-Apr-2019 21:12:36
Iterating ...
   67         204000            4.61           7.019        1
Markovian RLQ-R Passive Modified - Starting Fitness Calculation 25-Apr-2019 21:12:51
Fitness Calculated 25-Apr-2019 21:48:03
Iterating ...
   68         207000            4.61           7.012        2
Markovian RLQ-R Passive Modified - Starting Fitness Calculation 25-Apr-2019 21:48:17
Fitness Calculated 25-Apr-2019 22:23:37
Iterating ...
   69         210000           4.609           6.968        0
Markovian RLQ-R Passive Modified - Starting Fitness Calculation 25-Apr-2019 22:23:52
Fitness Calculated 25-Apr-2019 22:59:08
Iterating ...
   70         213000           4.609           6.928        0
Markovian RLQ-R Passive Modified - Starting Fitness Calculation 25-Apr-2019 22:59:24
Fitness Calculated 25-Apr-2019 23:34:41
Iterating ...
   71         216000           4.571           7.017        0
Markovian RLQ-R Passive Modified - Starting Fitness Calculation 25-Apr-2019 23:34:56
Fitness Calculated 26-Apr-2019 00:10:17
Iterating ...
   72         219000           4.571           7.041        0
Markovian RLQ-R Passive Modified - Starting Fitness Calculation 26-Apr-2019 00:10:32
Fitness Calculated 26-Apr-2019 00:45:52
Iterating ...
   73         222000            4.57           6.995        0
Markovian RLQ-R Passive Modified - Starting Fitness Calculation 26-Apr-2019 00:46:07
Fitness Calculated 26-Apr-2019 01:21:34
Iterating ...
   74         225000           4.568           7.042        0
Markovian RLQ-R Passive Modified - Starting Fitness Calculation 26-Apr-2019 01:21:50
Fitness Calculated 26-Apr-2019 01:56:59
Iterating ...
   75         228000           4.565           7.042        0
Markovian RLQ-R Passive Modified - Starting Fitness Calculation 26-Apr-2019 01:57:15
Fitness Calculated 26-Apr-2019 02:32:32
Iterating ...
   76         231000           4.565           7.002        1
Markovian RLQ-R Passive Modified - Starting Fitness Calculation 26-Apr-2019 02:32:48
Fitness Calculated 26-Apr-2019 03:08:01
Iterating ...
   77         234000           4.564           7.063        0
Markovian RLQ-R Passive Modified - Starting Fitness Calculation 26-Apr-2019 03:08:18
Fitness Calculated 26-Apr-2019 03:43:28
Iterating ...
   78         237000           4.564           7.027        1
Markovian RLQ-R Passive Modified - Starting Fitness Calculation 26-Apr-2019 03:43:45
Fitness Calculated 26-Apr-2019 04:18:57
Iterating ...
   79         240000           4.563           6.996        0
Markovian RLQ-R Passive Modified - Starting Fitness Calculation 26-Apr-2019 04:19:13
Fitness Calculated 26-Apr-2019 04:54:34
Iterating ...
   80         243000           4.561            7.02        0
Markovian RLQ-R Passive Modified - Starting Fitness Calculation 26-Apr-2019 04:54:51
Fitness Calculated 26-Apr-2019 05:30:02
Iterating ...
   81         246000           4.561           7.079        0
Markovian RLQ-R Passive Modified - Starting Fitness Calculation 26-Apr-2019 05:30:19
Fitness Calculated 26-Apr-2019 06:05:31
Iterating ...
   82         249000            4.56           7.013        0
Markovian RLQ-R Passive Modified - Starting Fitness Calculation 26-Apr-2019 06:05:48
Fitness Calculated 26-Apr-2019 06:40:53
Iterating ...
   83         252000            4.56           7.017        0
Markovian RLQ-R Passive Modified - Starting Fitness Calculation 26-Apr-2019 06:41:11
Fitness Calculated 26-Apr-2019 07:16:25
Iterating ...
   84         255000            4.56           7.036        0
Markovian RLQ-R Passive Modified - Starting Fitness Calculation 26-Apr-2019 07:16:43
Fitness Calculated 26-Apr-2019 07:51:47
Iterating ...
   85         258000           4.558           6.897        0
Markovian RLQ-R Passive Modified - Starting Fitness Calculation 26-Apr-2019 07:52:05
Fitness Calculated 26-Apr-2019 08:27:22
Iterating ...
   86         261000           4.556           6.905        0
Markovian RLQ-R Passive Modified - Starting Fitness Calculation 26-Apr-2019 08:27:40
Fitness Calculated 26-Apr-2019 09:02:51
Iterating ...
   87         264000            4.55           6.948        0
Markovian RLQ-R Passive Modified - Starting Fitness Calculation 26-Apr-2019 09:03:09
Fitness Calculated 26-Apr-2019 09:38:21
Iterating ...
   88         267000           4.549           6.988        0
Markovian RLQ-R Passive Modified - Starting Fitness Calculation 26-Apr-2019 09:38:40
Fitness Calculated 26-Apr-2019 10:13:57
Iterating ...
   89         270000           4.535           7.021        0
Markovian RLQ-R Passive Modified - Starting Fitness Calculation 26-Apr-2019 10:14:16
Fitness Calculated 26-Apr-2019 10:49:22
Iterating ...
   90         273000           4.525           7.074        0

                               Best           Mean      Stall
Generation      f-count        f(x)           f(x)    Generations
Markovian RLQ-R Passive Modified - Starting Fitness Calculation 26-Apr-2019 10:49:40
Fitness Calculated 26-Apr-2019 11:24:59
Iterating ...
   91         276000           4.522            7.01        0
Markovian RLQ-R Passive Modified - Starting Fitness Calculation 26-Apr-2019 11:25:18
Fitness Calculated 26-Apr-2019 12:00:34
Iterating ...
   92         279000           4.522           7.001        0
Markovian RLQ-R Passive Modified - Starting Fitness Calculation 26-Apr-2019 12:00:53
Fitness Calculated 26-Apr-2019 12:36:11
Iterating ...
   93         282000           4.521            6.89        0
Markovian RLQ-R Passive Modified - Starting Fitness Calculation 26-Apr-2019 12:36:31
Fitness Calculated 26-Apr-2019 13:11:44
Iterating ...
   94         285000           4.516           6.867        0
Markovian RLQ-R Passive Modified - Starting Fitness Calculation 26-Apr-2019 13:12:03
Fitness Calculated 26-Apr-2019 13:47:14
Iterating ...
   95         288000           4.516           6.914        1
Markovian RLQ-R Passive Modified - Starting Fitness Calculation 26-Apr-2019 13:47:33
Fitness Calculated 26-Apr-2019 14:22:49
Iterating ...
   96         291000           4.512           6.955        0
Markovian RLQ-R Passive Modified - Starting Fitness Calculation 26-Apr-2019 14:23:10
Fitness Calculated 26-Apr-2019 14:59:03
Iterating ...
   97         294000           4.512           6.858        1
Markovian RLQ-R Passive Modified - Starting Fitness Calculation 26-Apr-2019 14:59:23
Fitness Calculated 26-Apr-2019 15:34:53
Iterating ...
   98         297000           4.508           6.824        0
Markovian RLQ-R Passive Modified - Starting Fitness Calculation 26-Apr-2019 15:35:13
Fitness Calculated 26-Apr-2019 16:10:24
Iterating ...
   99         300000           4.508           6.924        0
Markovian RLQ-R Passive Modified - Starting Fitness Calculation 26-Apr-2019 16:10:45
Fitness Calculated 26-Apr-2019 16:46:00
Iterating ...
  100         303000           4.507           6.843        0
Markovian RLQ-R Passive Modified - Starting Fitness Calculation 26-Apr-2019 16:46:21
Fitness Calculated 26-Apr-2019 17:21:36
Iterating ...
  101         306000           4.506            6.86        0
Markovian RLQ-R Passive Modified - Starting Fitness Calculation 26-Apr-2019 17:21:58
Fitness Calculated 26-Apr-2019 17:57:11
Iterating ...
  102         309000           4.506           6.875        0
Markovian RLQ-R Passive Modified - Starting Fitness Calculation 26-Apr-2019 17:57:32
Fitness Calculated 26-Apr-2019 18:32:47
Iterating ...
  103         312000           4.504           6.914        0
Markovian RLQ-R Passive Modified - Starting Fitness Calculation 26-Apr-2019 18:33:09
Fitness Calculated 26-Apr-2019 19:08:28
Iterating ...
  104         315000           4.504           6.925        0
Markovian RLQ-R Passive Modified - Starting Fitness Calculation 26-Apr-2019 19:08:50
Fitness Calculated 26-Apr-2019 19:44:08
Iterating ...
  105         318000           4.502           6.933        0
Markovian RLQ-R Passive Modified - Starting Fitness Calculation 26-Apr-2019 19:44:30
Fitness Calculated 26-Apr-2019 20:20:05
Iterating ...
  106         321000           4.501           6.932        0
Markovian RLQ-R Passive Modified - Starting Fitness Calculation 26-Apr-2019 20:20:27
Fitness Calculated 26-Apr-2019 20:55:45
Iterating ...
  107         324000           4.499           6.921        0
Markovian RLQ-R Passive Modified - Starting Fitness Calculation 26-Apr-2019 20:56:07
Fitness Calculated 26-Apr-2019 21:31:13
Iterating ...
  108         327000           4.499           6.945        0
Markovian RLQ-R Passive Modified - Starting Fitness Calculation 26-Apr-2019 21:31:35
