
                            < M A T L A B (R) >
                  Copyright 1984-2015 The MathWorks, Inc.
                   R2015a (8.5.0.197613) 64-bit (glnxa64)
                             February 12, 2015

 
To get started, type one of these: helpwin, helpdesk, or demo.
For product information, visit www.mathworks.com.
 
 
To get started, type one of these: helpwin, helpdesk, or demo.
For product information, visit www.mathworks.com.
 
Starting parallel pool (parpool) using the 'ClusterPandora' profile ... connected to 80 workers.
Starting Fitness Calculation 11-Nov-2018 23:32:13
Analyzing and transferring files to the workers ...done.
Fitness Calculated 11-Nov-2018 23:37:50
Starting the algorithm

                               Best           Mean      Stall
Generation      f-count        f(x)           f(x)    Generations
Starting Fitness Calculation 11-Nov-2018 23:37:50
Fitness Calculated 11-Nov-2018 23:43:22
Iterating ...
    1          6000           8.148           11.91        0
Starting Fitness Calculation 11-Nov-2018 23:43:22
Fitness Calculated 11-Nov-2018 23:49:04
Iterating ...
    2          9000           6.296           11.61        0
Starting Fitness Calculation 11-Nov-2018 23:49:04
Fitness Calculated 11-Nov-2018 23:56:42
Iterating ...
    3         12000           5.103           11.26        0
Starting Fitness Calculation 11-Nov-2018 23:56:43
Fitness Calculated 12-Nov-2018 00:06:31
Iterating ...
    4         15000           4.357           10.78        0
Starting Fitness Calculation 12-Nov-2018 00:06:31
Fitness Calculated 12-Nov-2018 00:20:58
Iterating ...
    5         18000            4.12           10.19        0
Starting Fitness Calculation 12-Nov-2018 00:20:59
Fitness Calculated 12-Nov-2018 00:39:11
Iterating ...
    6         21000            4.12           9.514        0
Starting Fitness Calculation 12-Nov-2018 00:39:12
Fitness Calculated 12-Nov-2018 00:59:45
Iterating ...
    7         24000           4.119           8.812        0
Starting Fitness Calculation 12-Nov-2018 00:59:46
Fitness Calculated 12-Nov-2018 01:22:15
Iterating ...
    8         27000           3.939           8.198        0
Starting Fitness Calculation 12-Nov-2018 01:22:16
Fitness Calculated 12-Nov-2018 01:46:10
Iterating ...
    9         30000           3.939           7.662        0
Starting Fitness Calculation 12-Nov-2018 01:46:11
Fitness Calculated 12-Nov-2018 02:11:05
Iterating ...
   10         33000           3.939           7.271        0
Starting Fitness Calculation 12-Nov-2018 02:11:06
Fitness Calculated 12-Nov-2018 02:37:19
Iterating ...
   11         36000           3.939            6.97        0
Starting Fitness Calculation 12-Nov-2018 02:37:20
Fitness Calculated 12-Nov-2018 03:03:45
Iterating ...
   12         39000           3.939           6.841        0
Starting Fitness Calculation 12-Nov-2018 03:03:46
Fitness Calculated 12-Nov-2018 03:30:05
Iterating ...
   13         42000           3.939           6.746        0
Starting Fitness Calculation 12-Nov-2018 03:30:06
Fitness Calculated 12-Nov-2018 03:57:02
Iterating ...
   14         45000           3.937           6.642        0
Starting Fitness Calculation 12-Nov-2018 03:57:03
Fitness Calculated 12-Nov-2018 04:23:46
Iterating ...
   15         48000           3.937           6.626        0
Starting Fitness Calculation 12-Nov-2018 04:23:47
Fitness Calculated 12-Nov-2018 04:50:44
Iterating ...
   16         51000           3.935           6.627        0
Starting Fitness Calculation 12-Nov-2018 04:50:45
Fitness Calculated 12-Nov-2018 05:17:30
Iterating ...
   17         54000           3.933           6.607        0
Starting Fitness Calculation 12-Nov-2018 05:17:32
Fitness Calculated 12-Nov-2018 05:44:20
Iterating ...
   18         57000           3.931           6.559        0
Starting Fitness Calculation 12-Nov-2018 05:44:22
Fitness Calculated 12-Nov-2018 06:10:59
Iterating ...
   19         60000           3.931           6.527        0
Starting Fitness Calculation 12-Nov-2018 06:11:01
Fitness Calculated 12-Nov-2018 06:37:37
Iterating ...
   20         63000           3.931            6.57        0
Starting Fitness Calculation 12-Nov-2018 06:37:38
Fitness Calculated 12-Nov-2018 07:04:21
Iterating ...
   21         66000           3.931           6.498        0
Starting Fitness Calculation 12-Nov-2018 07:04:22
Fitness Calculated 12-Nov-2018 07:31:07
Iterating ...
   22         69000           3.931           6.505        0
Starting Fitness Calculation 12-Nov-2018 07:31:09
Fitness Calculated 12-Nov-2018 07:58:21
Iterating ...
   23         72000           3.931           6.522        0
Starting Fitness Calculation 12-Nov-2018 07:58:23
Fitness Calculated 12-Nov-2018 08:25:25
Iterating ...
   24         75000           3.931           6.498        0
Starting Fitness Calculation 12-Nov-2018 08:25:27
Fitness Calculated 12-Nov-2018 08:52:40
Iterating ...
   25         78000           3.931           6.462        0
Starting Fitness Calculation 12-Nov-2018 08:52:42
Fitness Calculated 12-Nov-2018 09:20:08
Iterating ...
   26         81000            3.93           6.479        0
Starting Fitness Calculation 12-Nov-2018 09:20:10
Fitness Calculated 12-Nov-2018 09:46:57
Iterating ...
   27         84000            3.93           6.506        0
Starting Fitness Calculation 12-Nov-2018 09:46:59
Fitness Calculated 12-Nov-2018 10:14:02
Iterating ...
   28         87000            3.93           6.437        0
Starting Fitness Calculation 12-Nov-2018 10:14:04
Fitness Calculated 12-Nov-2018 10:40:55
Iterating ...
   29         90000            3.93           6.521        0
Starting Fitness Calculation 12-Nov-2018 10:40:57
Fitness Calculated 12-Nov-2018 11:07:40
Iterating ...
   30         93000            3.93           6.556        0

                               Best           Mean      Stall
Generation      f-count        f(x)           f(x)    Generations
Starting Fitness Calculation 12-Nov-2018 11:07:43
Fitness Calculated 12-Nov-2018 11:34:42
Iterating ...
   31         96000            3.93           6.539        0
Starting Fitness Calculation 12-Nov-2018 11:34:44
Fitness Calculated 12-Nov-2018 12:01:34
Iterating ...
   32         99000            3.93           6.504        0
Starting Fitness Calculation 12-Nov-2018 12:01:36
Fitness Calculated 12-Nov-2018 12:28:56
Iterating ...
   33         102000            3.93           6.485        0
Starting Fitness Calculation 12-Nov-2018 12:28:59
Fitness Calculated 12-Nov-2018 12:55:39
Iterating ...
   34         105000            3.93           6.518        0
Starting Fitness Calculation 12-Nov-2018 12:55:41
Fitness Calculated 12-Nov-2018 13:22:47
Iterating ...
   35         108000           3.921           6.457        0
Starting Fitness Calculation 12-Nov-2018 13:22:50
Fitness Calculated 12-Nov-2018 13:49:47
Iterating ...
   36         111000           3.921           6.506        0
Starting Fitness Calculation 12-Nov-2018 13:49:50
Fitness Calculated 12-Nov-2018 14:16:59
Iterating ...
   37         114000           3.913           6.464        0
Starting Fitness Calculation 12-Nov-2018 14:17:02
Fitness Calculated 12-Nov-2018 14:43:40
Iterating ...
   38         117000           3.881           6.467        0
Starting Fitness Calculation 12-Nov-2018 14:43:43
Fitness Calculated 12-Nov-2018 15:10:47
Iterating ...
   39         120000           3.879           6.483        0
Starting Fitness Calculation 12-Nov-2018 15:10:50
Fitness Calculated 12-Nov-2018 15:37:46
Iterating ...
   40         123000           3.879           6.448        0
Starting Fitness Calculation 12-Nov-2018 15:37:49
Fitness Calculated 12-Nov-2018 16:04:56
Iterating ...
   41         126000           3.871            6.46        0
Starting Fitness Calculation 12-Nov-2018 16:04:58
Fitness Calculated 12-Nov-2018 16:32:10
Iterating ...
   42         129000           3.871            6.43        0
Starting Fitness Calculation 12-Nov-2018 16:32:13
Fitness Calculated 12-Nov-2018 16:59:15
Iterating ...
   43         132000           3.855           6.377        0
Starting Fitness Calculation 12-Nov-2018 16:59:17
Fitness Calculated 12-Nov-2018 17:26:49
Iterating ...
   44         135000           3.854           6.401        0
Starting Fitness Calculation 12-Nov-2018 17:26:52
Fitness Calculated 12-Nov-2018 17:54:19
Iterating ...
   45         138000           3.854           6.391        0
Starting Fitness Calculation 12-Nov-2018 17:54:22
Fitness Calculated 12-Nov-2018 18:21:38
Iterating ...
   46         141000           3.853           6.452        0
Starting Fitness Calculation 12-Nov-2018 18:21:41
Fitness Calculated 12-Nov-2018 18:48:53
Iterating ...
   47         144000           3.853           6.486        0
Starting Fitness Calculation 12-Nov-2018 18:48:56
Fitness Calculated 12-Nov-2018 19:16:09
Iterating ...
   48         147000           3.853           6.492        0
Starting Fitness Calculation 12-Nov-2018 19:16:12
Fitness Calculated 12-Nov-2018 19:42:56
Iterating ...
   49         150000           3.853           6.522        0
Starting Fitness Calculation 12-Nov-2018 19:43:00
Fitness Calculated 12-Nov-2018 20:10:05
Iterating ...
   50         153000           3.852           6.466        0
Starting Fitness Calculation 12-Nov-2018 20:10:08
Fitness Calculated 12-Nov-2018 20:37:10
Iterating ...
   51         156000           3.851           6.491        0
Starting Fitness Calculation 12-Nov-2018 20:37:14
Fitness Calculated 12-Nov-2018 21:04:40
Iterating ...
   52         159000           3.851           6.412        0
Starting Fitness Calculation 12-Nov-2018 21:04:43
Fitness Calculated 12-Nov-2018 21:32:03
Iterating ...
   53         162000           3.851           6.447        0
Starting Fitness Calculation 12-Nov-2018 21:32:06
Fitness Calculated 12-Nov-2018 21:58:55
Iterating ...
   54         165000           3.851           6.511        0
Starting Fitness Calculation 12-Nov-2018 21:58:59
Fitness Calculated 12-Nov-2018 22:25:55
Iterating ...
   55         168000           3.851           6.514        0
Starting Fitness Calculation 12-Nov-2018 22:25:59
Fitness Calculated 12-Nov-2018 22:53:06
Iterating ...
   56         171000           3.849           6.517        0
Starting Fitness Calculation 12-Nov-2018 22:53:10
Fitness Calculated 12-Nov-2018 23:20:14
Iterating ...
   57         174000           3.849           6.454        0
Starting Fitness Calculation 12-Nov-2018 23:20:17
Fitness Calculated 12-Nov-2018 23:47:34
Iterating ...
   58         177000           3.849            6.45        0
Starting Fitness Calculation 12-Nov-2018 23:47:38
Fitness Calculated 13-Nov-2018 00:15:16
Iterating ...
   59         180000           3.849           6.433        0
Starting Fitness Calculation 13-Nov-2018 00:15:20
Fitness Calculated 13-Nov-2018 00:42:50
Iterating ...
   60         183000           3.849           6.462        0

                               Best           Mean      Stall
Generation      f-count        f(x)           f(x)    Generations
Starting Fitness Calculation 13-Nov-2018 00:42:53
Fitness Calculated 13-Nov-2018 01:10:07
Iterating ...
   61         186000           3.849           6.498        1
Starting Fitness Calculation 13-Nov-2018 01:10:11
Fitness Calculated 13-Nov-2018 01:36:55
Iterating ...
   62         189000           3.849           6.523        0
Starting Fitness Calculation 13-Nov-2018 01:36:59
Fitness Calculated 13-Nov-2018 02:03:49
Iterating ...
   63         192000           3.849           6.524        0
Starting Fitness Calculation 13-Nov-2018 02:03:53
Fitness Calculated 13-Nov-2018 02:31:02
Iterating ...
   64         195000           3.849           6.473        0
Starting Fitness Calculation 13-Nov-2018 02:31:06
Fitness Calculated 13-Nov-2018 02:57:56
Iterating ...
   65         198000           3.849           6.428        0
Starting Fitness Calculation 13-Nov-2018 02:58:00
Fitness Calculated 13-Nov-2018 03:24:43
Iterating ...
   66         201000           3.849           6.549        0
Starting Fitness Calculation 13-Nov-2018 03:24:47
Fitness Calculated 13-Nov-2018 03:51:41
Iterating ...
   67         204000           3.849           6.464        0
Starting Fitness Calculation 13-Nov-2018 03:51:45
Fitness Calculated 13-Nov-2018 04:18:34
Iterating ...
   68         207000           3.849           6.512        0
Starting Fitness Calculation 13-Nov-2018 04:18:38
Fitness Calculated 13-Nov-2018 04:46:03
Iterating ...
   69         210000           3.849           6.454        0
Starting Fitness Calculation 13-Nov-2018 04:46:07
Fitness Calculated 13-Nov-2018 05:13:10
Iterating ...
   70         213000           3.847           6.499        0
Starting Fitness Calculation 13-Nov-2018 05:13:14
Fitness Calculated 13-Nov-2018 05:40:06
Iterating ...
   71         216000           3.847           6.445        0
Starting Fitness Calculation 13-Nov-2018 05:40:11
Fitness Calculated 13-Nov-2018 06:07:13
Iterating ...
   72         219000           3.847           6.428        0
Starting Fitness Calculation 13-Nov-2018 06:07:17
Fitness Calculated 13-Nov-2018 06:33:59
Iterating ...
   73         222000           3.847           6.513        0
Starting Fitness Calculation 13-Nov-2018 06:34:04
Fitness Calculated 13-Nov-2018 07:00:59
Iterating ...
   74         225000           3.847           6.506        0
Starting Fitness Calculation 13-Nov-2018 07:01:03
Fitness Calculated 13-Nov-2018 07:28:00
Iterating ...
   75         228000           3.847           6.497        0
Starting Fitness Calculation 13-Nov-2018 07:28:05
Fitness Calculated 13-Nov-2018 07:54:58
Iterating ...
   76         231000           3.847           6.468        0
Starting Fitness Calculation 13-Nov-2018 07:55:02
Fitness Calculated 13-Nov-2018 08:22:10
Iterating ...
   77         234000           3.847           6.456        0
Starting Fitness Calculation 13-Nov-2018 08:22:15
Fitness Calculated 13-Nov-2018 08:49:12
Iterating ...
   78         237000           3.847           6.553        0
Starting Fitness Calculation 13-Nov-2018 08:49:17
Fitness Calculated 13-Nov-2018 09:16:14
Iterating ...
   79         240000           3.847           6.565        1
Starting Fitness Calculation 13-Nov-2018 09:16:18
Fitness Calculated 13-Nov-2018 09:43:04
Iterating ...
   80         243000           3.847           6.535        0
Starting Fitness Calculation 13-Nov-2018 09:43:09
Fitness Calculated 13-Nov-2018 10:10:04
Iterating ...
   81         246000           3.847           6.498        0
Starting Fitness Calculation 13-Nov-2018 10:10:09
Fitness Calculated 13-Nov-2018 10:36:51
Iterating ...
   82         249000           3.847           6.514        0
Starting Fitness Calculation 13-Nov-2018 10:36:56
Fitness Calculated 13-Nov-2018 11:03:33
Iterating ...
   83         252000           3.847             6.5        0
Starting Fitness Calculation 13-Nov-2018 11:03:38
Fitness Calculated 13-Nov-2018 11:30:28
Iterating ...
   84         255000           3.847           6.409        0
Starting Fitness Calculation 13-Nov-2018 11:30:33
Fitness Calculated 13-Nov-2018 11:57:40
Iterating ...
   85         258000           3.847           6.455        0
Starting Fitness Calculation 13-Nov-2018 11:57:46
Fitness Calculated 13-Nov-2018 12:25:14
Iterating ...
   86         261000           3.847           6.492        0
Starting Fitness Calculation 13-Nov-2018 12:25:19
Fitness Calculated 13-Nov-2018 12:52:35
Iterating ...
   87         264000           3.847           6.426        0
Starting Fitness Calculation 13-Nov-2018 12:52:40
Fitness Calculated 13-Nov-2018 13:19:49
Iterating ...
   88         267000           3.847           6.454        0
Starting Fitness Calculation 13-Nov-2018 13:19:54
Fitness Calculated 13-Nov-2018 13:46:44
Iterating ...
   89         270000           3.847           6.435        0
Starting Fitness Calculation 13-Nov-2018 13:46:49
Fitness Calculated 13-Nov-2018 14:14:07
Iterating ...
   90         273000           3.847           6.295        0

                               Best           Mean      Stall
Generation      f-count        f(x)           f(x)    Generations
Starting Fitness Calculation 13-Nov-2018 14:14:13
Fitness Calculated 13-Nov-2018 14:42:14
Iterating ...
   91         276000           3.847            6.24        0
Starting Fitness Calculation 13-Nov-2018 14:42:19
Fitness Calculated 13-Nov-2018 15:09:17
Iterating ...
   92         279000           3.847           6.384        0
Starting Fitness Calculation 13-Nov-2018 15:09:22
Fitness Calculated 13-Nov-2018 15:36:28
Iterating ...
   93         282000           3.847           6.386        0
Starting Fitness Calculation 13-Nov-2018 15:36:33
Fitness Calculated 13-Nov-2018 16:03:31
Iterating ...
   94         285000           3.847           6.408        0
Starting Fitness Calculation 13-Nov-2018 16:03:37
Fitness Calculated 13-Nov-2018 16:30:40
Iterating ...
   95         288000           3.847           6.388        0
Starting Fitness Calculation 13-Nov-2018 16:30:46
Fitness Calculated 13-Nov-2018 16:58:08
Iterating ...
   96         291000           3.847           6.349        0
Starting Fitness Calculation 13-Nov-2018 16:58:14
Fitness Calculated 13-Nov-2018 17:25:26
Iterating ...
   97         294000           3.847           6.369        0
Starting Fitness Calculation 13-Nov-2018 17:25:32
Fitness Calculated 13-Nov-2018 17:52:48
Iterating ...
   98         297000           3.847           6.402        0
Starting Fitness Calculation 13-Nov-2018 17:52:54
Fitness Calculated 13-Nov-2018 18:19:58
Iterating ...
   99         300000           3.847           6.419        0
Optimization terminated: average change in the fitness value less than options.TolFun.
Performing final task
Parallel pool using the 'ClusterPandora' profile is shutting down.
