
                            < M A T L A B (R) >
                  Copyright 1984-2015 The MathWorks, Inc.
                   R2015a (8.5.0.197613) 64-bit (glnxa64)
                             February 12, 2015

 
To get started, type one of these: helpwin, helpdesk, or demo.
For product information, visit www.mathworks.com.
 
Starting parallel pool (parpool) using the 'ClusterPandora' profile ... connected to 68 workers.

foldername =

Evaluation_Adaptive Direct_None_Passive NMAC_23-Apr-2019 20:31:30_result


attitudeController =

Adaptive Direct


controlAllocator =

None


attitudeReference =

Passive NMAC

Adaptive Direct - Starting Controller evaluation 02-Jun-2019 23:24:28
N0 - Starting samples matrix 02-Jun-2019 23:24:35
Analyzing and transferring files to the workers ...done.
N0 - Finished samples matrix 02-Jun-2019 23:31:24
N1 - Starting samples matrix 02-Jun-2019 23:31:28
N1 - Finished samples matrix 02-Jun-2019 23:38:07
N1234567 - Starting samples matrix 02-Jun-2019 23:38:12
N1234567 - Finished samples matrix 02-Jun-2019 23:44:50
N2 - Starting samples matrix 02-Jun-2019 23:44:56
N2 - Finished samples matrix 02-Jun-2019 23:51:41
N3 - Starting samples matrix 02-Jun-2019 23:51:48
N3 - Finished samples matrix 02-Jun-2019 23:58:16
N4 - Starting samples matrix 02-Jun-2019 23:58:23
N4 - Finished samples matrix 03-Jun-2019 00:05:02
N5 - Starting samples matrix 03-Jun-2019 00:05:10
N5 - Finished samples matrix 03-Jun-2019 00:11:41
N6 - Starting samples matrix 03-Jun-2019 00:11:51
N6 - Finished samples matrix 03-Jun-2019 00:18:22
N7 - Starting samples matrix 03-Jun-2019 00:18:32
N7 - Finished samples matrix 03-Jun-2019 00:25:07

foldername =

Evaluation_Adaptive with PIDD_Passive NMAC_Passive NMAC_17-Apr-2019 23:47:55_iterations


attitudeController =

Adaptive with PIDD


controlAllocator =

Passive NMAC


attitudeReference =

Passive NMAC

Adaptive with PIDD - Starting Controller evaluation 03-Jun-2019 00:25:19
N0 - Starting samples matrix 03-Jun-2019 00:25:26
N0 - Finished samples matrix 03-Jun-2019 00:44:41
N1 - Starting samples matrix 03-Jun-2019 00:44:45
N1 - Finished samples matrix 03-Jun-2019 01:03:49
N1234567 - Starting samples matrix 03-Jun-2019 01:03:54
N1234567 - Finished samples matrix 03-Jun-2019 01:21:00
N2 - Starting samples matrix 03-Jun-2019 01:21:05
N2 - Finished samples matrix 03-Jun-2019 01:38:33
N3 - Starting samples matrix 03-Jun-2019 01:38:39
N3 - Finished samples matrix 03-Jun-2019 01:57:46
N4 - Starting samples matrix 03-Jun-2019 01:57:53
N4 - Finished samples matrix 03-Jun-2019 02:16:44
N5 - Starting samples matrix 03-Jun-2019 02:16:52
N5 - Finished samples matrix 03-Jun-2019 02:35:54
N6 - Starting samples matrix 03-Jun-2019 02:36:04
N6 - Finished samples matrix 03-Jun-2019 02:52:40
N7 - Starting samples matrix 03-Jun-2019 02:52:50
N7 - Finished samples matrix 03-Jun-2019 03:09:44

foldername =

Evaluation_Adaptive_Passive NMAC_Passive NMAC_15-Apr-2019 10:22:27_iterations


attitudeController =

Adaptive


controlAllocator =

Passive NMAC


attitudeReference =

Passive NMAC

Adaptive - Starting Controller evaluation 03-Jun-2019 03:09:56
N0 - Starting samples matrix 03-Jun-2019 03:10:03
N0 - Finished samples matrix 03-Jun-2019 03:33:17
N1 - Starting samples matrix 03-Jun-2019 03:33:21
N1 - Finished samples matrix 03-Jun-2019 03:56:44
N1234567 - Starting samples matrix 03-Jun-2019 03:56:49
N1234567 - Finished samples matrix 03-Jun-2019 04:22:17
N2 - Starting samples matrix 03-Jun-2019 04:22:23
N2 - Finished samples matrix 03-Jun-2019 04:47:35
N3 - Starting samples matrix 03-Jun-2019 04:47:42
N3 - Finished samples matrix 03-Jun-2019 05:11:03
N4 - Starting samples matrix 03-Jun-2019 05:11:10
N4 - Finished samples matrix 03-Jun-2019 05:34:49
N5 - Starting samples matrix 03-Jun-2019 05:34:58
N5 - Finished samples matrix 03-Jun-2019 05:58:03
N6 - Starting samples matrix 03-Jun-2019 05:58:12
N6 - Finished samples matrix 03-Jun-2019 06:21:59
N7 - Starting samples matrix 03-Jun-2019 06:22:10
N7 - Finished samples matrix 03-Jun-2019 06:46:40

foldername =

Evaluation_Markovian RLQ-R Active Modified_Active NMAC_Active NMAC_07-Apr-2019 14:07:06_iterations_light


attitudeController =

Markovian RLQ-R Active Modified


controlAllocator =

Active NMAC


attitudeReference =

Active NMAC

Markovian RLQ-R Active Modified - Starting Controller evaluation 03-Jun-2019 06:46:52
N0 - Starting samples matrix 03-Jun-2019 06:46:58
N0 - Finished samples matrix 03-Jun-2019 07:42:10
N1 - Starting samples matrix 03-Jun-2019 07:42:13
N1 - Finished samples matrix 03-Jun-2019 08:38:37
N1234567 - Starting samples matrix 03-Jun-2019 08:38:42
N1234567 - Finished samples matrix 03-Jun-2019 09:35:15
N2 - Starting samples matrix 03-Jun-2019 09:35:20
N2 - Finished samples matrix 03-Jun-2019 10:32:09
N3 - Starting samples matrix 03-Jun-2019 10:32:15
N3 - Finished samples matrix 03-Jun-2019 11:27:41
N4 - Starting samples matrix 03-Jun-2019 11:27:49
N4 - Finished samples matrix 03-Jun-2019 12:22:13
N5 - Starting samples matrix 03-Jun-2019 12:22:21
N5 - Finished samples matrix 03-Jun-2019 13:17:12
N6 - Starting samples matrix 03-Jun-2019 13:17:21
N6 - Finished samples matrix 03-Jun-2019 14:13:07
N7 - Starting samples matrix 03-Jun-2019 14:13:17
N7 - Finished samples matrix 03-Jun-2019 15:08:31

foldername =

Evaluation_Markovian RLQ-R Passive Modified_Passive NMAC_Passive NMAC_24-Apr-2019 08:00:21_iterations


attitudeController =

Markovian RLQ-R Passive Modified


controlAllocator =

Passive NMAC


attitudeReference =

Passive NMAC

Markovian RLQ-R Passive Modified - Starting Controller evaluation 03-Jun-2019 15:08:45
N0 - Starting samples matrix 03-Jun-2019 15:08:51
N0 - Finished samples matrix 03-Jun-2019 16:17:05
N1 - Starting samples matrix 03-Jun-2019 16:17:09
N1 - Finished samples matrix 03-Jun-2019 17:28:20
N1234567 - Starting samples matrix 03-Jun-2019 17:28:25
N1234567 - Finished samples matrix 03-Jun-2019 18:33:41
N2 - Starting samples matrix 03-Jun-2019 18:33:47
N2 - Finished samples matrix 03-Jun-2019 19:40:37
N3 - Starting samples matrix 03-Jun-2019 19:40:44
N3 - Finished samples matrix 03-Jun-2019 20:47:31
N4 - Starting samples matrix 03-Jun-2019 20:47:38
N4 - Finished samples matrix 03-Jun-2019 21:52:49
N5 - Starting samples matrix 03-Jun-2019 21:52:58
N5 - Finished samples matrix 03-Jun-2019 23:00:42
N6 - Starting samples matrix 03-Jun-2019 23:00:52
