
                            < M A T L A B (R) >
                  Copyright 1984-2015 The MathWorks, Inc.
                   R2015a (8.5.0.197613) 64-bit (glnxa64)
                             February 12, 2015

 
To get started, type one of these: helpwin, helpdesk, or demo.
For product information, visit www.mathworks.com.
 
 
To get started, type one of these: helpwin, helpdesk, or demo.
For product information, visit www.mathworks.com.
 
Starting parallel pool (parpool) using the 'ClusterPandora' profile ... connected to 80 workers.
Starting Fitness Calculation 08-Nov-2018 23:28:29
Analyzing and transferring files to the workers ...done.
Fitness Calculated 08-Nov-2018 23:34:18
Starting the algorithm

                               Best           Mean      Stall
Generation      f-count        f(x)           f(x)    Generations
Starting Fitness Calculation 08-Nov-2018 23:34:18
Fitness Calculated 08-Nov-2018 23:39:50
Iterating ...
    1          6000           8.258           11.93        0
Starting Fitness Calculation 08-Nov-2018 23:39:51
Fitness Calculated 08-Nov-2018 23:48:18
Iterating ...
    2          9000           7.281            11.6        0
Starting Fitness Calculation 08-Nov-2018 23:48:19
Fitness Calculated 08-Nov-2018 23:59:08
Iterating ...
    3         12000           6.731           11.21        0
Starting Fitness Calculation 08-Nov-2018 23:59:09
Fitness Calculated 09-Nov-2018 00:11:22
Iterating ...
    4         15000            6.63           10.71        0
Starting Fitness Calculation 09-Nov-2018 00:11:23
Fitness Calculated 09-Nov-2018 00:25:32
Iterating ...
    5         18000           6.153           10.15        0
Starting Fitness Calculation 09-Nov-2018 00:25:32
Fitness Calculated 09-Nov-2018 00:41:28
Iterating ...
    6         21000           5.541            9.57        0
Starting Fitness Calculation 09-Nov-2018 00:41:29
Fitness Calculated 09-Nov-2018 00:59:52
Iterating ...
    7         24000           5.274           9.065        0
Starting Fitness Calculation 09-Nov-2018 00:59:53
Fitness Calculated 09-Nov-2018 01:19:28
Iterating ...
    8         27000           4.639           8.645        0
Starting Fitness Calculation 09-Nov-2018 01:19:29
Fitness Calculated 09-Nov-2018 01:40:56
Iterating ...
    9         30000           4.482           8.319        0
Starting Fitness Calculation 09-Nov-2018 01:40:57
Fitness Calculated 09-Nov-2018 02:04:27
Iterating ...
   10         33000           4.407           7.973        0
Starting Fitness Calculation 09-Nov-2018 02:04:28
Fitness Calculated 09-Nov-2018 02:29:20
Iterating ...
   11         36000           4.326           7.654        0
Starting Fitness Calculation 09-Nov-2018 02:29:21
Fitness Calculated 09-Nov-2018 02:55:14
Iterating ...
   12         39000           4.308             7.4        0
Starting Fitness Calculation 09-Nov-2018 02:55:15
Fitness Calculated 09-Nov-2018 03:22:12
Iterating ...
   13         42000           4.301           7.232        0
Starting Fitness Calculation 09-Nov-2018 03:22:13
Fitness Calculated 09-Nov-2018 03:49:09
Iterating ...
   14         45000           4.301           7.065        0
Starting Fitness Calculation 09-Nov-2018 03:49:10
Fitness Calculated 09-Nov-2018 04:16:44
Iterating ...
   15         48000           4.301            6.96        0
Starting Fitness Calculation 09-Nov-2018 04:16:46
Fitness Calculated 09-Nov-2018 04:44:20
Iterating ...
   16         51000             4.3            6.86        0
Starting Fitness Calculation 09-Nov-2018 04:44:21
Fitness Calculated 09-Nov-2018 05:12:01
Iterating ...
   17         54000             4.3           6.754        0
Starting Fitness Calculation 09-Nov-2018 05:12:02
Fitness Calculated 09-Nov-2018 05:39:30
Iterating ...
   18         57000             4.3           6.656        0
Starting Fitness Calculation 09-Nov-2018 05:39:32
Fitness Calculated 09-Nov-2018 06:07:20
Iterating ...
   19         60000             4.3            6.61        0
Starting Fitness Calculation 09-Nov-2018 06:07:21
Fitness Calculated 09-Nov-2018 06:35:32
Iterating ...
   20         63000             4.3           6.605        0
Starting Fitness Calculation 09-Nov-2018 06:35:34
Fitness Calculated 09-Nov-2018 07:03:43
Iterating ...
   21         66000             4.3            6.58        0
Starting Fitness Calculation 09-Nov-2018 07:03:45
Fitness Calculated 09-Nov-2018 07:31:34
Iterating ...
   22         69000             4.3           6.594        0
Starting Fitness Calculation 09-Nov-2018 07:31:36
Fitness Calculated 09-Nov-2018 07:59:34
Iterating ...
   23         72000             4.3            6.61        0
Starting Fitness Calculation 09-Nov-2018 07:59:36
Fitness Calculated 09-Nov-2018 08:27:49
Iterating ...
   24         75000             4.3           6.569        0
Starting Fitness Calculation 09-Nov-2018 08:27:50
Fitness Calculated 09-Nov-2018 08:55:32
Iterating ...
   25         78000             4.3           6.556        0
Starting Fitness Calculation 09-Nov-2018 08:55:33
Fitness Calculated 09-Nov-2018 09:23:34
Iterating ...
   26         81000             4.3           6.544        0
Starting Fitness Calculation 09-Nov-2018 09:23:36
Fitness Calculated 09-Nov-2018 09:51:25
Iterating ...
   27         84000             4.3           6.572        0
Starting Fitness Calculation 09-Nov-2018 09:51:27
Fitness Calculated 09-Nov-2018 10:19:02
Iterating ...
   28         87000             4.3           6.523        0
Starting Fitness Calculation 09-Nov-2018 10:19:04
Fitness Calculated 09-Nov-2018 10:47:12
Iterating ...
   29         90000             4.3           6.588        0
Starting Fitness Calculation 09-Nov-2018 10:47:14
Fitness Calculated 09-Nov-2018 11:15:08
Iterating ...
   30         93000             4.3           6.591        0

                               Best           Mean      Stall
Generation      f-count        f(x)           f(x)    Generations
Starting Fitness Calculation 09-Nov-2018 11:15:10
Fitness Calculated 09-Nov-2018 11:43:01
Iterating ...
   31         96000             4.3           6.542        0
Starting Fitness Calculation 09-Nov-2018 11:43:03
Fitness Calculated 09-Nov-2018 12:10:59
Iterating ...
   32         99000             4.3           6.516        0
Starting Fitness Calculation 09-Nov-2018 12:11:01
Fitness Calculated 09-Nov-2018 12:39:04
Iterating ...
   33         102000             4.3           6.522        0
Starting Fitness Calculation 09-Nov-2018 12:39:07
Fitness Calculated 09-Nov-2018 13:07:41
Iterating ...
   34         105000             4.3           6.496        0
Starting Fitness Calculation 09-Nov-2018 13:07:43
Fitness Calculated 09-Nov-2018 13:35:41
Iterating ...
   35         108000           4.284           6.481        0
Starting Fitness Calculation 09-Nov-2018 13:35:44
Fitness Calculated 09-Nov-2018 14:03:50
Iterating ...
   36         111000           4.283           6.558        0
Starting Fitness Calculation 09-Nov-2018 14:03:52
Fitness Calculated 09-Nov-2018 14:31:41
Iterating ...
   37         114000           4.282           6.518        0
Starting Fitness Calculation 09-Nov-2018 14:31:44
Fitness Calculated 09-Nov-2018 14:59:29
Iterating ...
   38         117000           4.281           6.519        0
Starting Fitness Calculation 09-Nov-2018 14:59:32
Fitness Calculated 09-Nov-2018 15:27:35
Iterating ...
   39         120000           4.235           6.585        0
Starting Fitness Calculation 09-Nov-2018 15:27:38
Fitness Calculated 09-Nov-2018 15:55:43
Iterating ...
   40         123000           4.187           6.581        0
Starting Fitness Calculation 09-Nov-2018 15:55:46
Fitness Calculated 09-Nov-2018 16:23:45
Iterating ...
   41         126000           4.176           6.733        0
Starting Fitness Calculation 09-Nov-2018 16:23:47
Fitness Calculated 09-Nov-2018 16:51:01
Iterating ...
   42         129000           4.174           6.729        0
Starting Fitness Calculation 09-Nov-2018 16:51:04
Fitness Calculated 09-Nov-2018 17:18:05
Iterating ...
   43         132000           4.068            6.69        0
Starting Fitness Calculation 09-Nov-2018 17:18:08
Fitness Calculated 09-Nov-2018 17:45:42
Iterating ...
   44         135000           4.029           6.649        0
Starting Fitness Calculation 09-Nov-2018 17:45:45
Fitness Calculated 09-Nov-2018 18:13:04
Iterating ...
   45         138000           4.029           6.661        0
Starting Fitness Calculation 09-Nov-2018 18:13:07
Fitness Calculated 09-Nov-2018 18:40:21
Iterating ...
   46         141000           4.029           6.655        0
Starting Fitness Calculation 09-Nov-2018 18:40:24
Fitness Calculated 09-Nov-2018 19:07:43
Iterating ...
   47         144000           4.028           6.677        0
Starting Fitness Calculation 09-Nov-2018 19:07:46
Fitness Calculated 09-Nov-2018 19:35:09
Iterating ...
   48         147000           4.028           6.677        0
Starting Fitness Calculation 09-Nov-2018 19:35:12
Fitness Calculated 09-Nov-2018 20:02:16
Iterating ...
   49         150000           4.006           6.672        0
Starting Fitness Calculation 09-Nov-2018 20:02:19
Fitness Calculated 09-Nov-2018 20:29:42
Iterating ...
   50         153000           3.994           6.647        0
Starting Fitness Calculation 09-Nov-2018 20:29:45
Fitness Calculated 09-Nov-2018 20:56:58
Iterating ...
   51         156000           3.992           6.646        0
Starting Fitness Calculation 09-Nov-2018 20:57:02
Fitness Calculated 09-Nov-2018 21:24:09
Iterating ...
   52         159000           3.992           6.574        0
Starting Fitness Calculation 09-Nov-2018 21:24:12
Fitness Calculated 09-Nov-2018 21:52:02
Iterating ...
   53         162000           3.992           6.577        0
Starting Fitness Calculation 09-Nov-2018 21:52:05
Fitness Calculated 09-Nov-2018 22:19:31
Iterating ...
   54         165000           3.979           6.587        0
Starting Fitness Calculation 09-Nov-2018 22:19:34
Fitness Calculated 09-Nov-2018 22:47:39
Iterating ...
   55         168000           3.979           6.582        0
Starting Fitness Calculation 09-Nov-2018 22:47:42
Fitness Calculated 09-Nov-2018 23:15:16
Iterating ...
   56         171000           3.941           6.599        0
Starting Fitness Calculation 09-Nov-2018 23:15:20
Fitness Calculated 09-Nov-2018 23:42:49
Iterating ...
   57         174000            3.94           6.532        0
Starting Fitness Calculation 09-Nov-2018 23:42:53
Fitness Calculated 10-Nov-2018 00:10:41
Iterating ...
   58         177000           3.939           6.523        0
Starting Fitness Calculation 10-Nov-2018 00:10:45
Fitness Calculated 10-Nov-2018 00:38:32
Iterating ...
   59         180000           3.937           6.541        0
Starting Fitness Calculation 10-Nov-2018 00:38:36
Fitness Calculated 10-Nov-2018 01:05:39
Iterating ...
   60         183000           3.936           6.607        0

                               Best           Mean      Stall
Generation      f-count        f(x)           f(x)    Generations
Starting Fitness Calculation 10-Nov-2018 01:05:43
Fitness Calculated 10-Nov-2018 01:33:25
Iterating ...
   61         186000           3.931           6.574        0
Starting Fitness Calculation 10-Nov-2018 01:33:29
Fitness Calculated 10-Nov-2018 02:00:24
Iterating ...
   62         189000           3.926           6.566        0
Starting Fitness Calculation 10-Nov-2018 02:00:28
Fitness Calculated 10-Nov-2018 02:27:53
Iterating ...
   63         192000           3.925           6.481        0
Starting Fitness Calculation 10-Nov-2018 02:27:57
Fitness Calculated 10-Nov-2018 02:54:58
Iterating ...
   64         195000           3.921           6.541        0
Starting Fitness Calculation 10-Nov-2018 02:55:02
Fitness Calculated 10-Nov-2018 03:22:11
Iterating ...
   65         198000           3.921           6.504        0
Starting Fitness Calculation 10-Nov-2018 03:22:15
Fitness Calculated 10-Nov-2018 03:49:28
Iterating ...
   66         201000           3.921           6.553        0
Starting Fitness Calculation 10-Nov-2018 03:49:32
Fitness Calculated 10-Nov-2018 04:16:47
Iterating ...
   67         204000           3.921           6.494        0
Starting Fitness Calculation 10-Nov-2018 04:16:51
Fitness Calculated 10-Nov-2018 04:44:31
Iterating ...
   68         207000           3.921           6.457        0
Starting Fitness Calculation 10-Nov-2018 04:44:36
Fitness Calculated 10-Nov-2018 05:11:59
Iterating ...
   69         210000           3.919           6.406        0
Starting Fitness Calculation 10-Nov-2018 05:12:03
Fitness Calculated 10-Nov-2018 05:39:45
Iterating ...
   70         213000           3.919            6.46        0
Starting Fitness Calculation 10-Nov-2018 05:39:50
Fitness Calculated 10-Nov-2018 06:07:08
Iterating ...
   71         216000           3.919           6.428        0
Starting Fitness Calculation 10-Nov-2018 06:07:12
Fitness Calculated 10-Nov-2018 06:34:54
Iterating ...
   72         219000           3.918           6.469        0
Starting Fitness Calculation 10-Nov-2018 06:34:58
Fitness Calculated 10-Nov-2018 07:01:51
Iterating ...
   73         222000           3.918           6.538        0
Starting Fitness Calculation 10-Nov-2018 07:01:57
Fitness Calculated 10-Nov-2018 07:29:31
Iterating ...
   74         225000           3.918           6.507        0
Starting Fitness Calculation 10-Nov-2018 07:29:36
Fitness Calculated 10-Nov-2018 07:57:41
Iterating ...
   75         228000           3.918           6.477        0
Starting Fitness Calculation 10-Nov-2018 07:57:46
Fitness Calculated 10-Nov-2018 08:25:22
Iterating ...
   76         231000           3.918           6.481        0
Starting Fitness Calculation 10-Nov-2018 08:25:27
Fitness Calculated 10-Nov-2018 08:53:03
Iterating ...
   77         234000           3.918           6.494        1
Starting Fitness Calculation 10-Nov-2018 08:53:08
Fitness Calculated 10-Nov-2018 09:20:26
Iterating ...
   78         237000           3.912           6.636        0
Starting Fitness Calculation 10-Nov-2018 09:20:31
Fitness Calculated 10-Nov-2018 09:47:10
Iterating ...
   79         240000           3.912           6.715        0
Starting Fitness Calculation 10-Nov-2018 09:47:15
Fitness Calculated 10-Nov-2018 10:13:44
Iterating ...
   80         243000           3.912           6.703        0
Starting Fitness Calculation 10-Nov-2018 10:13:49
Fitness Calculated 10-Nov-2018 10:40:50
Iterating ...
   81         246000           3.912           6.566        0
Starting Fitness Calculation 10-Nov-2018 10:40:55
Fitness Calculated 10-Nov-2018 11:08:12
Iterating ...
   82         249000           3.911           6.553        0
Starting Fitness Calculation 10-Nov-2018 11:08:17
Fitness Calculated 10-Nov-2018 11:35:38
Iterating ...
   83         252000            3.91           6.545        0
Starting Fitness Calculation 10-Nov-2018 11:35:43
Fitness Calculated 10-Nov-2018 12:02:45
Iterating ...
   84         255000            3.91           6.526        0
Starting Fitness Calculation 10-Nov-2018 12:02:50
Fitness Calculated 10-Nov-2018 12:30:09
Iterating ...
   85         258000            3.91           6.509        0
Starting Fitness Calculation 10-Nov-2018 12:30:14
Fitness Calculated 10-Nov-2018 12:57:45
Iterating ...
   86         261000            3.91           6.572        0
Starting Fitness Calculation 10-Nov-2018 12:57:50
Fitness Calculated 10-Nov-2018 13:25:25
Iterating ...
   87         264000            3.91           6.437        0
Starting Fitness Calculation 10-Nov-2018 13:25:30
Fitness Calculated 10-Nov-2018 13:53:13
Iterating ...
   88         267000            3.91           6.461        0
Starting Fitness Calculation 10-Nov-2018 13:53:18
Fitness Calculated 10-Nov-2018 14:20:37
Iterating ...
   89         270000            3.91           6.478        0
Starting Fitness Calculation 10-Nov-2018 14:20:42
Fitness Calculated 10-Nov-2018 14:48:11
Iterating ...
   90         273000            3.91           6.388        0

                               Best           Mean      Stall
Generation      f-count        f(x)           f(x)    Generations
Starting Fitness Calculation 10-Nov-2018 14:48:16
Fitness Calculated 10-Nov-2018 15:15:34
Iterating ...
   91         276000            3.91           6.385        0
Starting Fitness Calculation 10-Nov-2018 15:15:39
Fitness Calculated 10-Nov-2018 15:43:08
Iterating ...
   92         279000            3.91           6.459        0
Starting Fitness Calculation 10-Nov-2018 15:43:14
Fitness Calculated 10-Nov-2018 16:10:31
Iterating ...
   93         282000            3.91           6.549        0
Starting Fitness Calculation 10-Nov-2018 16:10:36
Fitness Calculated 10-Nov-2018 16:37:45
Iterating ...
   94         285000            3.91           6.528        0
Starting Fitness Calculation 10-Nov-2018 16:37:51
Fitness Calculated 10-Nov-2018 17:04:44
Iterating ...
   95         288000            3.91           6.476        0
Starting Fitness Calculation 10-Nov-2018 17:04:50
Fitness Calculated 10-Nov-2018 17:32:05
Iterating ...
   96         291000            3.91           6.513        0
Starting Fitness Calculation 10-Nov-2018 17:32:10
Fitness Calculated 10-Nov-2018 17:59:13
Iterating ...
   97         294000            3.91           6.458        0
Starting Fitness Calculation 10-Nov-2018 17:59:19
Fitness Calculated 10-Nov-2018 18:26:30
Iterating ...
   98         297000            3.91           6.504        0
Starting Fitness Calculation 10-Nov-2018 18:26:36
Fitness Calculated 10-Nov-2018 18:53:36
Iterating ...
   99         300000            3.91           6.517        0
Starting Fitness Calculation 10-Nov-2018 18:53:42
Fitness Calculated 10-Nov-2018 19:20:34
Iterating ...
  100         303000            3.91           6.537        0
Starting Fitness Calculation 10-Nov-2018 19:20:40
Fitness Calculated 10-Nov-2018 19:47:45
Iterating ...
  101         306000            3.91           6.572        0
Starting Fitness Calculation 10-Nov-2018 19:47:51
Fitness Calculated 10-Nov-2018 20:15:08
Iterating ...
  102         309000            3.91            6.51        0
Starting Fitness Calculation 10-Nov-2018 20:15:14
Fitness Calculated 10-Nov-2018 20:42:27
Iterating ...
  103         312000            3.91           6.476        0
Starting Fitness Calculation 10-Nov-2018 20:42:34
Fitness Calculated 10-Nov-2018 21:09:26
Iterating ...
  104         315000            3.91           6.509        0
Starting Fitness Calculation 10-Nov-2018 21:09:32
Fitness Calculated 10-Nov-2018 21:36:34
Iterating ...
  105         318000            3.91           6.524        0
Starting Fitness Calculation 10-Nov-2018 21:36:41
Fitness Calculated 10-Nov-2018 22:03:56
Iterating ...
  106         321000            3.91           6.514        1
Starting Fitness Calculation 10-Nov-2018 22:04:03
Fitness Calculated 10-Nov-2018 22:31:13
Iterating ...
  107         324000            3.91           6.564        0
Starting Fitness Calculation 10-Nov-2018 22:31:20
Fitness Calculated 10-Nov-2018 22:58:44
Iterating ...
  108         327000            3.91           6.511        0
Starting Fitness Calculation 10-Nov-2018 22:58:50
Fitness Calculated 10-Nov-2018 23:26:17
Iterating ...
  109         330000            3.91           6.538        0
Optimization terminated: average change in the fitness value less than options.TolFun.
Performing final task
Parallel pool using the 'ClusterPandora' profile is shutting down.
