
                            < M A T L A B (R) >
                  Copyright 1984-2015 The MathWorks, Inc.
                   R2015a (8.5.0.197613) 64-bit (glnxa64)
                             February 12, 2015

 
To get started, type one of these: helpwin, helpdesk, or demo.
For product information, visit www.mathworks.com.
 
 
To get started, type one of these: helpwin, helpdesk, or demo.
For product information, visit www.mathworks.com.
 
Starting parallel pool (parpool) using the 'ClusterPandora' profile ... connected to 80 workers.
Starting Fitness Calculation 16-Mar-2019 16:15:21
Analyzing and transferring files to the workers ...done.
Fitness Calculated 16-Mar-2019 16:18:51
Starting the algorithm

                               Best           Mean      Stall
Generation      f-count        f(x)           f(x)    Generations
Starting Fitness Calculation 16-Mar-2019 16:18:51
Fitness Calculated 16-Mar-2019 16:22:18
Iterating ...
    1          6000           10.35           12.51        0
Starting Fitness Calculation 16-Mar-2019 16:22:19
Fitness Calculated 16-Mar-2019 16:25:38
Iterating ...
    2          9000           9.959           12.42        0
Starting Fitness Calculation 16-Mar-2019 16:25:38
Fitness Calculated 16-Mar-2019 16:29:13
Iterating ...
    3         12000           9.801           12.33        0
Starting Fitness Calculation 16-Mar-2019 16:29:14
Fitness Calculated 16-Mar-2019 16:32:33
Iterating ...
    4         15000           9.761           12.24        0
Starting Fitness Calculation 16-Mar-2019 16:32:33
Fitness Calculated 16-Mar-2019 16:36:12
Iterating ...
    5         18000            9.53            12.1        0
Starting Fitness Calculation 16-Mar-2019 16:36:13
Fitness Calculated 16-Mar-2019 16:39:48
Iterating ...
    6         21000           9.212           11.98        0
Starting Fitness Calculation 16-Mar-2019 16:39:49
Fitness Calculated 16-Mar-2019 16:43:22
Iterating ...
    7         24000           9.287           11.87        1
Starting Fitness Calculation 16-Mar-2019 16:43:23
Fitness Calculated 16-Mar-2019 16:46:50
Iterating ...
    8         27000           8.987           11.74        0
Starting Fitness Calculation 16-Mar-2019 16:46:50
Fitness Calculated 16-Mar-2019 16:50:14
Iterating ...
    9         30000           8.993           11.66        1
Starting Fitness Calculation 16-Mar-2019 16:50:15
Fitness Calculated 16-Mar-2019 16:53:42
Iterating ...
   10         33000           8.994           11.55        2
Starting Fitness Calculation 16-Mar-2019 16:53:43
Fitness Calculated 16-Mar-2019 16:57:00
Iterating ...
   11         36000           8.616           11.47        0
Starting Fitness Calculation 16-Mar-2019 16:57:01
Fitness Calculated 16-Mar-2019 17:00:27
Iterating ...
   12         39000           8.749            11.4        1
Starting Fitness Calculation 16-Mar-2019 17:00:28
Fitness Calculated 16-Mar-2019 17:03:54
Iterating ...
   13         42000           7.997           11.38        0
Starting Fitness Calculation 16-Mar-2019 17:03:56
Fitness Calculated 16-Mar-2019 17:07:32
Iterating ...
   14         45000           7.819           11.29        0
Starting Fitness Calculation 16-Mar-2019 17:07:34
Fitness Calculated 16-Mar-2019 17:11:16
Iterating ...
   15         48000           7.914           11.16        1
Starting Fitness Calculation 16-Mar-2019 17:11:18
Fitness Calculated 16-Mar-2019 17:15:28
Iterating ...
   16         51000           7.686           11.02        0
Starting Fitness Calculation 16-Mar-2019 17:15:29
Fitness Calculated 16-Mar-2019 17:19:47
Iterating ...
   17         54000            7.53           10.77        0
Starting Fitness Calculation 16-Mar-2019 17:19:49
Fitness Calculated 16-Mar-2019 17:24:05
Iterating ...
   18         57000           7.402           10.48        0
Starting Fitness Calculation 16-Mar-2019 17:24:06
Fitness Calculated 16-Mar-2019 17:28:33
Iterating ...
   19         60000           7.492           10.24        1
Starting Fitness Calculation 16-Mar-2019 17:28:35
Fitness Calculated 16-Mar-2019 17:33:06
Iterating ...
   20         63000           7.342           10.02        0
Starting Fitness Calculation 16-Mar-2019 17:33:08
Fitness Calculated 16-Mar-2019 17:37:31
Iterating ...
   21         66000           7.385           9.858        1
Starting Fitness Calculation 16-Mar-2019 17:37:33
Fitness Calculated 16-Mar-2019 17:42:00
Iterating ...
   22         69000           7.176           9.742        0
Starting Fitness Calculation 16-Mar-2019 17:42:02
Fitness Calculated 16-Mar-2019 17:46:30
Iterating ...
   23         72000           7.354            9.67        1
Starting Fitness Calculation 16-Mar-2019 17:46:32
Fitness Calculated 16-Mar-2019 17:51:00
Iterating ...
   24         75000           7.137           9.596        0
Starting Fitness Calculation 16-Mar-2019 17:51:02
Fitness Calculated 16-Mar-2019 17:55:38
Iterating ...
   25         78000           7.204           9.545        1
Starting Fitness Calculation 16-Mar-2019 17:55:40
Fitness Calculated 16-Mar-2019 18:00:15
Iterating ...
   26         81000           7.267           9.512        2
Starting Fitness Calculation 16-Mar-2019 18:00:17
Fitness Calculated 16-Mar-2019 18:04:47
Iterating ...
   27         84000           7.203           9.515        0
Starting Fitness Calculation 16-Mar-2019 18:04:49
Fitness Calculated 16-Mar-2019 18:09:29
Iterating ...
   28         87000           7.212           9.451        1
Starting Fitness Calculation 16-Mar-2019 18:09:31
Fitness Calculated 16-Mar-2019 18:14:05
Iterating ...
   29         90000           7.154            9.37        0
Starting Fitness Calculation 16-Mar-2019 18:14:08
Fitness Calculated 16-Mar-2019 18:18:40
Iterating ...
   30         93000           7.061           9.242        0

                               Best           Mean      Stall
Generation      f-count        f(x)           f(x)    Generations
Starting Fitness Calculation 16-Mar-2019 18:18:42
Fitness Calculated 16-Mar-2019 18:23:19
Iterating ...
   31         96000           6.911           9.155        0
Starting Fitness Calculation 16-Mar-2019 18:23:22
Fitness Calculated 16-Mar-2019 18:27:55
Iterating ...
   32         99000           6.946           9.086        1
Starting Fitness Calculation 16-Mar-2019 18:27:58
Fitness Calculated 16-Mar-2019 18:32:34
Iterating ...
   33         102000           6.818           9.012        0
Starting Fitness Calculation 16-Mar-2019 18:32:37
Fitness Calculated 16-Mar-2019 18:37:21
Iterating ...
   34         105000           6.552           8.913        0
Starting Fitness Calculation 16-Mar-2019 18:37:24
Fitness Calculated 16-Mar-2019 18:42:12
Iterating ...
   35         108000           6.488           8.845        0
Starting Fitness Calculation 16-Mar-2019 18:42:15
Fitness Calculated 16-Mar-2019 18:47:07
Iterating ...
   36         111000            6.45           8.797        0
Starting Fitness Calculation 16-Mar-2019 18:47:10
Fitness Calculated 16-Mar-2019 18:52:17
Iterating ...
   37         114000           6.545           8.745        1
Starting Fitness Calculation 16-Mar-2019 18:52:20
Fitness Calculated 16-Mar-2019 18:57:50
Iterating ...
   38         117000           6.358             8.7        0
Starting Fitness Calculation 16-Mar-2019 18:57:53
Fitness Calculated 16-Mar-2019 19:03:31
Iterating ...
   39         120000           6.335           8.622        0
Starting Fitness Calculation 16-Mar-2019 19:03:34
Fitness Calculated 16-Mar-2019 19:09:09
Iterating ...
   40         123000           6.283           8.561        0
Starting Fitness Calculation 16-Mar-2019 19:09:13
Fitness Calculated 16-Mar-2019 19:14:45
Iterating ...
   41         126000           6.304           8.571        1
Starting Fitness Calculation 16-Mar-2019 19:14:48
Fitness Calculated 16-Mar-2019 19:20:30
Iterating ...
   42         129000            6.34           8.552        2
Starting Fitness Calculation 16-Mar-2019 19:20:33
Fitness Calculated 16-Mar-2019 19:26:12
Iterating ...
   43         132000           6.262           8.489        0
Starting Fitness Calculation 16-Mar-2019 19:26:15
Fitness Calculated 16-Mar-2019 19:31:58
Iterating ...
   44         135000           6.266           8.474        1
Starting Fitness Calculation 16-Mar-2019 19:32:02
Fitness Calculated 16-Mar-2019 19:37:45
Iterating ...
   45         138000           6.165           8.433        0
Starting Fitness Calculation 16-Mar-2019 19:37:49
Fitness Calculated 16-Mar-2019 19:43:36
Iterating ...
   46         141000           6.258           8.465        1
Starting Fitness Calculation 16-Mar-2019 19:43:40
Fitness Calculated 16-Mar-2019 19:49:30
Iterating ...
   47         144000           6.127           8.456        0
Starting Fitness Calculation 16-Mar-2019 19:49:34
Fitness Calculated 16-Mar-2019 19:55:25
Iterating ...
   48         147000           6.151           8.432        1
Starting Fitness Calculation 16-Mar-2019 19:55:28
Fitness Calculated 16-Mar-2019 20:01:24
Iterating ...
   49         150000           6.157           8.426        2
Starting Fitness Calculation 16-Mar-2019 20:01:28
Fitness Calculated 16-Mar-2019 20:07:11
Iterating ...
   50         153000           6.175           8.362        3
Starting Fitness Calculation 16-Mar-2019 20:07:14
Fitness Calculated 16-Mar-2019 20:12:52
Iterating ...
   51         156000           6.138            8.37        0
Starting Fitness Calculation 16-Mar-2019 20:12:56
Fitness Calculated 16-Mar-2019 20:18:35
Iterating ...
   52         159000           6.169           8.306        1
Starting Fitness Calculation 16-Mar-2019 20:18:39
Fitness Calculated 16-Mar-2019 20:24:13
Iterating ...
   53         162000           6.131           8.342        0
Starting Fitness Calculation 16-Mar-2019 20:24:17
Fitness Calculated 16-Mar-2019 20:29:53
Iterating ...
   54         165000           6.154           8.315        1
Starting Fitness Calculation 16-Mar-2019 20:29:57
Fitness Calculated 16-Mar-2019 20:35:38
Iterating ...
   55         168000           6.138           8.341        0
Starting Fitness Calculation 16-Mar-2019 20:35:42
Fitness Calculated 16-Mar-2019 20:41:19
Iterating ...
   56         171000           6.109           8.353        0
Starting Fitness Calculation 16-Mar-2019 20:41:24
Fitness Calculated 16-Mar-2019 20:47:00
Iterating ...
   57         174000           6.083           8.306        0
Starting Fitness Calculation 16-Mar-2019 20:47:04
Fitness Calculated 16-Mar-2019 20:52:48
Iterating ...
   58         177000           6.079           8.262        0
Starting Fitness Calculation 16-Mar-2019 20:52:53
Fitness Calculated 16-Mar-2019 20:58:35
Iterating ...
   59         180000           6.049           8.256        0
Starting Fitness Calculation 16-Mar-2019 20:58:39
Fitness Calculated 16-Mar-2019 21:04:07
Iterating ...
   60         183000           6.102           8.298        1

                               Best           Mean      Stall
Generation      f-count        f(x)           f(x)    Generations
Starting Fitness Calculation 16-Mar-2019 21:04:12
Fitness Calculated 16-Mar-2019 21:09:45
Iterating ...
   61         186000           6.064           8.312        0
Starting Fitness Calculation 16-Mar-2019 21:09:50
Fitness Calculated 16-Mar-2019 21:15:20
Iterating ...
   62         189000           5.976           8.348        0
Starting Fitness Calculation 16-Mar-2019 21:15:25
Fitness Calculated 16-Mar-2019 21:20:51
Iterating ...
   63         192000            6.05           8.305        1
Starting Fitness Calculation 16-Mar-2019 21:20:56
Fitness Calculated 16-Mar-2019 21:26:38
Iterating ...
   64         195000           6.042            8.29        0
Starting Fitness Calculation 16-Mar-2019 21:26:43
Fitness Calculated 16-Mar-2019 21:32:26
Iterating ...
   65         198000           6.029           8.226        0
Starting Fitness Calculation 16-Mar-2019 21:32:31
Fitness Calculated 16-Mar-2019 21:38:07
Iterating ...
   66         201000           5.988           8.314        0
Starting Fitness Calculation 16-Mar-2019 21:38:11
Fitness Calculated 16-Mar-2019 21:43:48
Iterating ...
   67         204000           6.012           8.258        1
Starting Fitness Calculation 16-Mar-2019 21:43:52
Fitness Calculated 16-Mar-2019 21:49:26
Iterating ...
   68         207000           6.057           8.253        2
Starting Fitness Calculation 16-Mar-2019 21:49:31
Fitness Calculated 16-Mar-2019 21:55:02
Iterating ...
   69         210000           5.963           8.212        0
Starting Fitness Calculation 16-Mar-2019 21:55:07
Fitness Calculated 16-Mar-2019 22:00:42
Iterating ...
   70         213000            5.96           8.291        0
Starting Fitness Calculation 16-Mar-2019 22:00:47
Fitness Calculated 16-Mar-2019 22:06:15
Iterating ...
   71         216000           6.002           8.269        1
Starting Fitness Calculation 16-Mar-2019 22:06:21
Fitness Calculated 16-Mar-2019 22:11:57
Iterating ...
   72         219000               6           8.249        0
Starting Fitness Calculation 16-Mar-2019 22:12:02
Fitness Calculated 16-Mar-2019 22:17:31
Iterating ...
   73         222000           5.963           8.312        0
Starting Fitness Calculation 16-Mar-2019 22:17:36
Fitness Calculated 16-Mar-2019 22:23:13
Iterating ...
   74         225000           5.965           8.241        1
Starting Fitness Calculation 16-Mar-2019 22:23:19
Fitness Calculated 16-Mar-2019 22:28:50
Iterating ...
   75         228000           5.812           8.278        0
Starting Fitness Calculation 16-Mar-2019 22:28:55
Fitness Calculated 16-Mar-2019 22:34:30
Iterating ...
   76         231000           5.864            8.25        1
Starting Fitness Calculation 16-Mar-2019 22:34:35
Fitness Calculated 16-Mar-2019 22:40:10
Iterating ...
   77         234000           5.882           8.209        2
Starting Fitness Calculation 16-Mar-2019 22:40:16
Fitness Calculated 16-Mar-2019 22:46:00
Iterating ...
   78         237000           5.893           8.244        3
Starting Fitness Calculation 16-Mar-2019 22:46:05
Fitness Calculated 16-Mar-2019 22:51:45
Iterating ...
   79         240000           5.804           8.261        0
Starting Fitness Calculation 16-Mar-2019 22:51:51
Fitness Calculated 16-Mar-2019 22:57:28
Iterating ...
   80         243000           5.762           8.237        0
Starting Fitness Calculation 16-Mar-2019 22:57:34
Fitness Calculated 16-Mar-2019 23:03:30
Iterating ...
   81         246000           5.783           8.169        1
Starting Fitness Calculation 16-Mar-2019 23:03:36
Fitness Calculated 16-Mar-2019 23:09:30
Iterating ...
   82         249000           5.791           8.197        2
Starting Fitness Calculation 16-Mar-2019 23:09:36
Fitness Calculated 16-Mar-2019 23:15:36
Iterating ...
   83         252000           5.778           8.186        0
Starting Fitness Calculation 16-Mar-2019 23:15:42
Fitness Calculated 16-Mar-2019 23:21:47
Iterating ...
   84         255000           5.694           8.172        0
Starting Fitness Calculation 16-Mar-2019 23:21:53
Fitness Calculated 16-Mar-2019 23:28:26
Iterating ...
   85         258000           5.758           8.206        1
Starting Fitness Calculation 16-Mar-2019 23:28:32
Fitness Calculated 16-Mar-2019 23:34:57
Iterating ...
   86         261000           5.763           8.217        2
Starting Fitness Calculation 16-Mar-2019 23:35:03
Fitness Calculated 16-Mar-2019 23:41:19
Iterating ...
   87         264000           5.731           8.209        0
Starting Fitness Calculation 16-Mar-2019 23:41:25
Fitness Calculated 16-Mar-2019 23:47:50
Iterating ...
   88         267000           5.733           8.261        1
Starting Fitness Calculation 16-Mar-2019 23:47:56
Fitness Calculated 16-Mar-2019 23:54:18
Iterating ...
   89         270000           5.761           8.261        2
Starting Fitness Calculation 16-Mar-2019 23:54:24
Fitness Calculated 17-Mar-2019 00:00:50
Iterating ...
   90         273000           5.764           8.216        3

                               Best           Mean      Stall
Generation      f-count        f(x)           f(x)    Generations
Starting Fitness Calculation 17-Mar-2019 00:00:56
Fitness Calculated 17-Mar-2019 00:07:33
Iterating ...
   91         276000           5.738           8.201        0
Starting Fitness Calculation 17-Mar-2019 00:07:39
Fitness Calculated 17-Mar-2019 00:14:11
Iterating ...
   92         279000           5.725            8.22        0
Starting Fitness Calculation 17-Mar-2019 00:14:18
Fitness Calculated 17-Mar-2019 00:20:57
Iterating ...
   93         282000           5.751           8.188        1
Starting Fitness Calculation 17-Mar-2019 00:21:03
Fitness Calculated 17-Mar-2019 00:27:31
Iterating ...
   94         285000           5.694           8.204        0
Starting Fitness Calculation 17-Mar-2019 00:27:38
Fitness Calculated 17-Mar-2019 00:34:14
Iterating ...
   95         288000           5.723           8.177        1
Starting Fitness Calculation 17-Mar-2019 00:34:20
Fitness Calculated 17-Mar-2019 00:40:45
Iterating ...
   96         291000           5.712           8.201        0
Starting Fitness Calculation 17-Mar-2019 00:40:52
Fitness Calculated 17-Mar-2019 00:47:16
Iterating ...
   97         294000           5.739           8.167        1
Starting Fitness Calculation 17-Mar-2019 00:47:23
Fitness Calculated 17-Mar-2019 00:53:55
Iterating ...
   98         297000           5.696           8.272        0
Starting Fitness Calculation 17-Mar-2019 00:54:02
Fitness Calculated 17-Mar-2019 01:00:24
Iterating ...
   99         300000           5.728           8.268        1
Starting Fitness Calculation 17-Mar-2019 01:00:31
Fitness Calculated 17-Mar-2019 01:07:04
Iterating ...
  100         303000           5.729           8.231        2
Starting Fitness Calculation 17-Mar-2019 01:07:11
Fitness Calculated 17-Mar-2019 01:13:33
Iterating ...
  101         306000           5.711           8.193        0
Starting Fitness Calculation 17-Mar-2019 01:13:40
Fitness Calculated 17-Mar-2019 01:20:19
Iterating ...
  102         309000           5.741           8.212        1
Starting Fitness Calculation 17-Mar-2019 01:20:26
Fitness Calculated 17-Mar-2019 01:26:55
Iterating ...
  103         312000           5.724           8.212        0
Starting Fitness Calculation 17-Mar-2019 01:27:02
Fitness Calculated 17-Mar-2019 01:33:29
Iterating ...
  104         315000            5.74           8.178        1
Starting Fitness Calculation 17-Mar-2019 01:33:36
Fitness Calculated 17-Mar-2019 01:40:07
Iterating ...
  105         318000            5.71           8.202        0
Starting Fitness Calculation 17-Mar-2019 01:40:14
Fitness Calculated 17-Mar-2019 01:46:42
Iterating ...
  106         321000           5.763           8.183        1
Starting Fitness Calculation 17-Mar-2019 01:46:50
Fitness Calculated 17-Mar-2019 01:53:17
Iterating ...
  107         324000            5.75           8.261        0
Starting Fitness Calculation 17-Mar-2019 01:53:25
Fitness Calculated 17-Mar-2019 01:59:54
Iterating ...
  108         327000           5.707           8.259        0
Starting Fitness Calculation 17-Mar-2019 02:00:02
Fitness Calculated 17-Mar-2019 02:06:27
Iterating ...
  109         330000           5.763           8.211        1
Starting Fitness Calculation 17-Mar-2019 02:06:35
Fitness Calculated 17-Mar-2019 02:13:06
Iterating ...
  110         333000            5.72           8.241        0
Starting Fitness Calculation 17-Mar-2019 02:13:14
Fitness Calculated 17-Mar-2019 02:19:47
Iterating ...
  111         336000           5.669           8.181        0
Starting Fitness Calculation 17-Mar-2019 02:19:54
Fitness Calculated 17-Mar-2019 02:26:21
Iterating ...
  112         339000           5.699           8.214        1
Starting Fitness Calculation 17-Mar-2019 02:26:29
Fitness Calculated 17-Mar-2019 02:33:02
Iterating ...
  113         342000           5.703           8.279        2
Starting Fitness Calculation 17-Mar-2019 02:33:10
Fitness Calculated 17-Mar-2019 02:39:32
Iterating ...
  114         345000           5.717           8.231        3
Starting Fitness Calculation 17-Mar-2019 02:39:40
Fitness Calculated 17-Mar-2019 02:46:08
Iterating ...
  115         348000           5.685           8.225        0
Starting Fitness Calculation 17-Mar-2019 02:46:16
Fitness Calculated 17-Mar-2019 02:52:43
Iterating ...
  116         351000           5.718           8.175        1
Starting Fitness Calculation 17-Mar-2019 02:52:51
Fitness Calculated 17-Mar-2019 02:59:14
Iterating ...
  117         354000           5.673           8.226        0
Starting Fitness Calculation 17-Mar-2019 02:59:22
Fitness Calculated 17-Mar-2019 03:05:44
Iterating ...
  118         357000           5.708           8.287        1
Starting Fitness Calculation 17-Mar-2019 03:05:52
Fitness Calculated 17-Mar-2019 03:12:19
Iterating ...
  119         360000           5.671           8.284        0
Starting Fitness Calculation 17-Mar-2019 03:12:28
Fitness Calculated 17-Mar-2019 03:18:46
Iterating ...
  120         363000           5.715           8.154        1

                               Best           Mean      Stall
Generation      f-count        f(x)           f(x)    Generations
Starting Fitness Calculation 17-Mar-2019 03:18:54
Fitness Calculated 17-Mar-2019 03:25:03
Iterating ...
  121         366000           5.745           8.215        2
Starting Fitness Calculation 17-Mar-2019 03:25:12
Fitness Calculated 17-Mar-2019 03:31:27
Iterating ...
  122         369000           5.716           8.175        0
Starting Fitness Calculation 17-Mar-2019 03:31:35
Fitness Calculated 17-Mar-2019 03:37:57
Iterating ...
  123         372000           5.698           8.197        0
Starting Fitness Calculation 17-Mar-2019 03:38:05
Fitness Calculated 17-Mar-2019 03:44:23
Iterating ...
  124         375000           5.703           8.179        1
Starting Fitness Calculation 17-Mar-2019 03:44:32
Fitness Calculated 17-Mar-2019 03:50:52
Iterating ...
  125         378000           5.708           8.184        2
Starting Fitness Calculation 17-Mar-2019 03:51:00
Fitness Calculated 17-Mar-2019 03:57:15
Iterating ...
  126         381000           5.692           8.206        0
Starting Fitness Calculation 17-Mar-2019 03:57:24
Fitness Calculated 17-Mar-2019 04:03:42
Iterating ...
  127         384000           5.685           8.159        0
Starting Fitness Calculation 17-Mar-2019 04:03:51
Fitness Calculated 17-Mar-2019 04:10:09
Iterating ...
  128         387000           5.682           8.208        0
Starting Fitness Calculation 17-Mar-2019 04:10:18
Fitness Calculated 17-Mar-2019 04:16:33
Iterating ...
  129         390000           5.711           8.163        1
Starting Fitness Calculation 17-Mar-2019 04:16:42
Fitness Calculated 17-Mar-2019 04:22:50
Iterating ...
  130         393000           5.688           8.181        0
Starting Fitness Calculation 17-Mar-2019 04:22:59
Fitness Calculated 17-Mar-2019 04:29:12
Iterating ...
  131         396000           5.657           8.187        0
Starting Fitness Calculation 17-Mar-2019 04:29:22
Fitness Calculated 17-Mar-2019 04:35:34
Iterating ...
  132         399000           5.696           8.132        1
Starting Fitness Calculation 17-Mar-2019 04:35:44
Fitness Calculated 17-Mar-2019 04:42:04
Iterating ...
  133         402000           5.713           8.128        2
Starting Fitness Calculation 17-Mar-2019 04:42:13
Fitness Calculated 17-Mar-2019 04:48:24
Iterating ...
  134         405000           5.672           8.161        0
Starting Fitness Calculation 17-Mar-2019 04:48:33
Fitness Calculated 17-Mar-2019 04:54:46
Iterating ...
  135         408000           5.717           8.175        1
Starting Fitness Calculation 17-Mar-2019 04:54:55
Fitness Calculated 17-Mar-2019 05:01:08
Iterating ...
  136         411000           5.694           8.202        0
Starting Fitness Calculation 17-Mar-2019 05:01:17
Fitness Calculated 17-Mar-2019 05:07:25
Iterating ...
  137         414000           5.666           8.168        0
Starting Fitness Calculation 17-Mar-2019 05:07:34
Fitness Calculated 17-Mar-2019 05:13:44
Iterating ...
  138         417000           5.637           8.195        0
Starting Fitness Calculation 17-Mar-2019 05:13:54
Fitness Calculated 17-Mar-2019 05:20:07
Iterating ...
  139         420000           5.682           8.142        1
Starting Fitness Calculation 17-Mar-2019 05:20:17
Fitness Calculated 17-Mar-2019 05:26:30
Iterating ...
  140         423000           5.693           8.166        2
Starting Fitness Calculation 17-Mar-2019 05:26:40
Fitness Calculated 17-Mar-2019 05:32:54
Iterating ...
  141         426000           5.665           8.208        0
Starting Fitness Calculation 17-Mar-2019 05:33:04
Fitness Calculated 17-Mar-2019 05:39:15
Iterating ...
  142         429000           5.666           8.195        1
Starting Fitness Calculation 17-Mar-2019 05:39:25
Fitness Calculated 17-Mar-2019 05:45:36
Iterating ...
  143         432000            5.67           8.194        2
Starting Fitness Calculation 17-Mar-2019 05:45:46
Fitness Calculated 17-Mar-2019 05:52:00
Iterating ...
  144         435000           5.687           8.109        3
Starting Fitness Calculation 17-Mar-2019 05:52:10
Fitness Calculated 17-Mar-2019 05:58:23
Iterating ...
  145         438000           5.691             8.1        4
Starting Fitness Calculation 17-Mar-2019 05:58:33
Fitness Calculated 17-Mar-2019 06:04:48
Iterating ...
  146         441000           5.708           8.137        5
Starting Fitness Calculation 17-Mar-2019 06:04:59
Fitness Calculated 17-Mar-2019 06:11:14
Iterating ...
  147         444000           5.689           8.211        0
Starting Fitness Calculation 17-Mar-2019 06:11:24
Fitness Calculated 17-Mar-2019 06:17:39
Iterating ...
  148         447000           5.671           8.195        0
Starting Fitness Calculation 17-Mar-2019 06:17:49
Fitness Calculated 17-Mar-2019 06:24:03
Iterating ...
  149         450000           5.685            8.14        1
Starting Fitness Calculation 17-Mar-2019 06:24:14
Fitness Calculated 17-Mar-2019 06:30:27
Iterating ...
  150         453000           5.687           8.186        2
Optimization terminated: maximum number of generations exceeded.
Performing final task
Parallel pool using the 'ClusterPandora' profile is shutting down.
Starting parallel pool (parpool) using the 'ClusterPandora' profile ... connected to 80 workers.
Starting Fitness Calculation 17-Mar-2019 06:30:58
Analyzing and transferring files to the workers ...done.
Fitness Calculated 17-Mar-2019 06:34:23
Starting the algorithm

                               Best           Mean      Stall
Generation      f-count        f(x)           f(x)    Generations
Starting Fitness Calculation 17-Mar-2019 06:34:23
Fitness Calculated 17-Mar-2019 06:37:41
Iterating ...
    1          6000           9.764           17.86        0
Starting Fitness Calculation 17-Mar-2019 06:37:42
Fitness Calculated 17-Mar-2019 06:41:00
Iterating ...
    2          9000           9.143            16.5        0
Starting Fitness Calculation 17-Mar-2019 06:41:00
Fitness Calculated 17-Mar-2019 06:44:10
Iterating ...
    3         12000           8.951           17.15        0
Starting Fitness Calculation 17-Mar-2019 06:44:10
Fitness Calculated 17-Mar-2019 06:47:22
Iterating ...
    4         15000           8.542           17.38        0
Starting Fitness Calculation 17-Mar-2019 06:47:23
Fitness Calculated 17-Mar-2019 06:51:05
Iterating ...
    5         18000            8.34           16.88        0
Starting Fitness Calculation 17-Mar-2019 06:51:06
Fitness Calculated 17-Mar-2019 06:54:42
Iterating ...
    6         21000           6.437           15.55        0
Starting Fitness Calculation 17-Mar-2019 06:54:43
Fitness Calculated 17-Mar-2019 06:58:50
Iterating ...
    7         24000           6.397           13.87        0
Starting Fitness Calculation 17-Mar-2019 06:58:51
Fitness Calculated 17-Mar-2019 07:04:09
Iterating ...
    8         27000           5.826           12.66        0
Starting Fitness Calculation 17-Mar-2019 07:04:10
Fitness Calculated 17-Mar-2019 07:10:34
Iterating ...
    9         30000           5.139           12.01        0
Starting Fitness Calculation 17-Mar-2019 07:10:35
Fitness Calculated 17-Mar-2019 07:17:48
Iterating ...
   10         33000            4.91           11.31        0
Starting Fitness Calculation 17-Mar-2019 07:17:50
Fitness Calculated 17-Mar-2019 07:27:33
Iterating ...
   11         36000           4.304           10.57        0
Starting Fitness Calculation 17-Mar-2019 07:27:35
Fitness Calculated 17-Mar-2019 07:38:21
Iterating ...
   12         39000           3.247           10.14        0
Starting Fitness Calculation 17-Mar-2019 07:38:22
Fitness Calculated 17-Mar-2019 07:52:36
Iterating ...
   13         42000           2.825            9.72        0
Starting Fitness Calculation 17-Mar-2019 07:52:37
Fitness Calculated 17-Mar-2019 08:09:02
Iterating ...
   14         45000            2.79           9.553        0
Starting Fitness Calculation 17-Mar-2019 08:09:04
Fitness Calculated 17-Mar-2019 08:26:53
Iterating ...
   15         48000           2.785           9.322        0
Starting Fitness Calculation 17-Mar-2019 08:26:54
Fitness Calculated 17-Mar-2019 08:44:47
Iterating ...
   16         51000           2.668           9.144        0
Starting Fitness Calculation 17-Mar-2019 08:44:48
Fitness Calculated 17-Mar-2019 09:04:45
Iterating ...
   17         54000           2.569           8.893        0
Starting Fitness Calculation 17-Mar-2019 09:04:46
Fitness Calculated 17-Mar-2019 09:24:16
Iterating ...
   18         57000           2.686           8.828        1
Starting Fitness Calculation 17-Mar-2019 09:24:18
Fitness Calculated 17-Mar-2019 09:44:46
Iterating ...
   19         60000            2.69           8.703        2
Starting Fitness Calculation 17-Mar-2019 09:44:48
Fitness Calculated 17-Mar-2019 10:06:14
Iterating ...
   20         63000           2.537           8.447        0
Starting Fitness Calculation 17-Mar-2019 10:06:16
Fitness Calculated 17-Mar-2019 10:28:18
Iterating ...
   21         66000           2.473           8.318        0
Starting Fitness Calculation 17-Mar-2019 10:28:20
Fitness Calculated 17-Mar-2019 10:50:32
Iterating ...
   22         69000           2.435           8.328        0
Starting Fitness Calculation 17-Mar-2019 10:50:34
Fitness Calculated 17-Mar-2019 11:12:40
Iterating ...
   23         72000           2.439           8.271        1
Starting Fitness Calculation 17-Mar-2019 11:12:42
Fitness Calculated 17-Mar-2019 11:34:44
Iterating ...
   24         75000           2.454           8.212        2
Starting Fitness Calculation 17-Mar-2019 11:34:46
Fitness Calculated 17-Mar-2019 11:58:06
Iterating ...
   25         78000            2.46           8.041        3
Starting Fitness Calculation 17-Mar-2019 11:58:08
Fitness Calculated 17-Mar-2019 12:20:37
Iterating ...
   26         81000           2.454           8.129        0
Starting Fitness Calculation 17-Mar-2019 12:20:39
Fitness Calculated 17-Mar-2019 12:43:30
Iterating ...
   27         84000           2.398           7.988        0
Starting Fitness Calculation 17-Mar-2019 12:43:33
Fitness Calculated 17-Mar-2019 13:05:54
Iterating ...
   28         87000           2.445           8.025        1
Starting Fitness Calculation 17-Mar-2019 13:05:56
Fitness Calculated 17-Mar-2019 13:28:48
Iterating ...
   29         90000           2.398           8.022        0
Starting Fitness Calculation 17-Mar-2019 13:28:51
Fitness Calculated 17-Mar-2019 13:51:59
Iterating ...
   30         93000           2.397           8.009        0

                               Best           Mean      Stall
Generation      f-count        f(x)           f(x)    Generations
Starting Fitness Calculation 17-Mar-2019 13:52:01
Fitness Calculated 17-Mar-2019 14:15:32
Iterating ...
   31         96000           2.462           8.016        1
Starting Fitness Calculation 17-Mar-2019 14:15:34
Fitness Calculated 17-Mar-2019 14:38:07
Iterating ...
   32         99000           2.462           7.932        0
Starting Fitness Calculation 17-Mar-2019 14:38:10
Fitness Calculated 17-Mar-2019 15:00:46
Iterating ...
   33         102000           2.433           7.905        0
Starting Fitness Calculation 17-Mar-2019 15:00:48
Fitness Calculated 17-Mar-2019 15:23:25
Iterating ...
   34         105000            2.43            8.05        0
Starting Fitness Calculation 17-Mar-2019 15:23:28
Fitness Calculated 17-Mar-2019 15:47:25
Iterating ...
   35         108000           2.406           7.979        0
Starting Fitness Calculation 17-Mar-2019 15:47:28
Fitness Calculated 17-Mar-2019 16:10:19
Iterating ...
   36         111000           2.407           7.863        1
Starting Fitness Calculation 17-Mar-2019 16:10:21
Fitness Calculated 17-Mar-2019 16:34:09
Iterating ...
   37         114000           2.473           7.909        2
Starting Fitness Calculation 17-Mar-2019 16:34:12
Fitness Calculated 17-Mar-2019 16:56:34
Iterating ...
   38         117000           2.428            7.89        0
Starting Fitness Calculation 17-Mar-2019 16:56:37
Fitness Calculated 17-Mar-2019 17:21:22
Iterating ...
   39         120000           2.425           7.944        0
Starting Fitness Calculation 17-Mar-2019 17:21:25
Fitness Calculated 17-Mar-2019 17:45:01
Iterating ...
   40         123000           2.412           7.885        0
Starting Fitness Calculation 17-Mar-2019 17:45:04
Fitness Calculated 17-Mar-2019 18:09:58
Iterating ...
   41         126000            2.46           7.748        1
Starting Fitness Calculation 17-Mar-2019 18:10:01
Fitness Calculated 17-Mar-2019 18:32:39
Iterating ...
   42         129000            2.42           7.805        0
Starting Fitness Calculation 17-Mar-2019 18:32:43
Fitness Calculated 17-Mar-2019 18:55:17
Iterating ...
   43         132000           2.404           8.007        0
Starting Fitness Calculation 17-Mar-2019 18:55:20
Fitness Calculated 17-Mar-2019 19:18:53
Iterating ...
   44         135000           2.422           7.896        1
Starting Fitness Calculation 17-Mar-2019 19:18:56
Fitness Calculated 17-Mar-2019 19:43:58
Iterating ...
   45         138000           2.433           7.865        2
Starting Fitness Calculation 17-Mar-2019 19:44:01
Fitness Calculated 17-Mar-2019 20:09:40
Iterating ...
   46         141000           2.439           7.869        3
Starting Fitness Calculation 17-Mar-2019 20:09:44
Fitness Calculated 17-Mar-2019 20:32:34
Iterating ...
   47         144000           2.409           7.872        0
Starting Fitness Calculation 17-Mar-2019 20:32:38
Fitness Calculated 17-Mar-2019 20:55:23
Iterating ...
   48         147000           2.449           7.811        1
Starting Fitness Calculation 17-Mar-2019 20:55:27
Fitness Calculated 17-Mar-2019 21:21:40
Iterating ...
   49         150000            2.42           7.897        0
Starting Fitness Calculation 17-Mar-2019 21:21:44
Fitness Calculated 17-Mar-2019 21:44:47
Iterating ...
   50         153000           2.452           7.768        1
Starting Fitness Calculation 17-Mar-2019 21:44:51
Fitness Calculated 17-Mar-2019 22:08:36
Iterating ...
   51         156000            2.43           7.759        0
Starting Fitness Calculation 17-Mar-2019 22:08:40
Fitness Calculated 17-Mar-2019 22:31:33
Iterating ...
   52         159000           2.413           7.787        0
Starting Fitness Calculation 17-Mar-2019 22:31:37
Fitness Calculated 17-Mar-2019 22:54:56
Iterating ...
   53         162000           2.405           7.776        0
Starting Fitness Calculation 17-Mar-2019 22:55:00
Fitness Calculated 17-Mar-2019 23:17:44
Iterating ...
   54         165000           2.385           7.769        0
Starting Fitness Calculation 17-Mar-2019 23:17:49
Fitness Calculated 17-Mar-2019 23:40:47
Iterating ...
   55         168000           2.428           7.739        1
Starting Fitness Calculation 17-Mar-2019 23:40:51
Fitness Calculated 18-Mar-2019 00:07:01
Iterating ...
   56         171000           2.385           7.782        0
Starting Fitness Calculation 18-Mar-2019 00:07:05
Fitness Calculated 18-Mar-2019 00:31:04
Iterating ...
   57         174000           2.378           7.757        0
Starting Fitness Calculation 18-Mar-2019 00:31:08
Fitness Calculated 18-Mar-2019 00:54:59
Iterating ...
   58         177000           2.399           7.836        1
Starting Fitness Calculation 18-Mar-2019 00:55:04
Fitness Calculated 18-Mar-2019 01:19:01
Iterating ...
   59         180000           2.416           7.813        2
Starting Fitness Calculation 18-Mar-2019 01:19:06
Fitness Calculated 18-Mar-2019 01:42:10
Iterating ...
   60         183000           2.446           7.702        3

                               Best           Mean      Stall
Generation      f-count        f(x)           f(x)    Generations
Starting Fitness Calculation 18-Mar-2019 01:42:15
Fitness Calculated 18-Mar-2019 02:05:07
Iterating ...
   61         186000           2.377           7.706        0
Starting Fitness Calculation 18-Mar-2019 02:05:11
Fitness Calculated 18-Mar-2019 02:29:07
Iterating ...
   62         189000           2.412           7.823        1
Starting Fitness Calculation 18-Mar-2019 02:29:12
Fitness Calculated 18-Mar-2019 02:57:40
Iterating ...
   63         192000           2.436           7.691        2
Starting Fitness Calculation 18-Mar-2019 02:57:44
Fitness Calculated 18-Mar-2019 03:20:33
Iterating ...
   64         195000             2.4           7.702        0
Starting Fitness Calculation 18-Mar-2019 03:20:37
Fitness Calculated 18-Mar-2019 03:44:31
Iterating ...
   65         198000           2.419           7.759        1
Starting Fitness Calculation 18-Mar-2019 03:44:35
Fitness Calculated 18-Mar-2019 04:08:09
Iterating ...
   66         201000           2.423           7.866        2
Starting Fitness Calculation 18-Mar-2019 04:08:14
Fitness Calculated 18-Mar-2019 04:33:14
Iterating ...
   67         204000           2.398           7.765        0
Starting Fitness Calculation 18-Mar-2019 04:33:19
Fitness Calculated 18-Mar-2019 04:55:44
Iterating ...
   68         207000           2.381            7.74        0
Starting Fitness Calculation 18-Mar-2019 04:55:49
Fitness Calculated 18-Mar-2019 05:19:47
Iterating ...
   69         210000           2.398           7.676        1
Starting Fitness Calculation 18-Mar-2019 05:19:52
Fitness Calculated 18-Mar-2019 05:44:29
Iterating ...
   70         213000            2.41           7.635        2
Starting Fitness Calculation 18-Mar-2019 05:44:34
Fitness Calculated 18-Mar-2019 06:09:12
Iterating ...
   71         216000           2.414           7.785        3
Starting Fitness Calculation 18-Mar-2019 06:09:17
Fitness Calculated 18-Mar-2019 06:32:11
Iterating ...
   72         219000           2.373           7.674        0
Starting Fitness Calculation 18-Mar-2019 06:32:17
Fitness Calculated 18-Mar-2019 06:54:52
Iterating ...
   73         222000           2.371           7.759        0
Starting Fitness Calculation 18-Mar-2019 06:54:58
Fitness Calculated 18-Mar-2019 07:17:41
Iterating ...
   74         225000           2.378           7.726        1
Starting Fitness Calculation 18-Mar-2019 07:17:46
Fitness Calculated 18-Mar-2019 07:40:40
Iterating ...
   75         228000           2.403           7.743        2
Starting Fitness Calculation 18-Mar-2019 07:40:46
Fitness Calculated 18-Mar-2019 08:06:28
Iterating ...
   76         231000           2.392           7.785        0
Starting Fitness Calculation 18-Mar-2019 08:06:33
Fitness Calculated 18-Mar-2019 08:30:15
Iterating ...
   77         234000           2.392           7.798        1
Starting Fitness Calculation 18-Mar-2019 08:30:20
Fitness Calculated 18-Mar-2019 08:54:52
Iterating ...
   78         237000           2.389           7.782        0
Starting Fitness Calculation 18-Mar-2019 08:54:57
Fitness Calculated 18-Mar-2019 09:17:39
Iterating ...
   79         240000           2.397           7.682        1
Starting Fitness Calculation 18-Mar-2019 09:17:45
Fitness Calculated 18-Mar-2019 09:43:18
Iterating ...
   80         243000           2.405             7.6        2
Starting Fitness Calculation 18-Mar-2019 09:43:24
Fitness Calculated 18-Mar-2019 10:13:57
Iterating ...
   81         246000           2.414           7.624        3
Starting Fitness Calculation 18-Mar-2019 10:14:03
Fitness Calculated 18-Mar-2019 10:38:48
Iterating ...
   82         249000           2.372           7.647        0
Starting Fitness Calculation 18-Mar-2019 10:38:53
Fitness Calculated 18-Mar-2019 11:03:52
Iterating ...
   83         252000           2.433           7.695        1
Starting Fitness Calculation 18-Mar-2019 11:03:58
Fitness Calculated 18-Mar-2019 11:29:27
Iterating ...
   84         255000           2.412            7.69        0
Starting Fitness Calculation 18-Mar-2019 11:29:33
Fitness Calculated 18-Mar-2019 11:53:34
Iterating ...
   85         258000           2.338           7.692        0
Starting Fitness Calculation 18-Mar-2019 11:53:40
Fitness Calculated 18-Mar-2019 12:16:24
Iterating ...
   86         261000           2.386           7.623        1
Starting Fitness Calculation 18-Mar-2019 12:16:30
Fitness Calculated 18-Mar-2019 12:39:51
Iterating ...
   87         264000           2.416           7.677        2
Starting Fitness Calculation 18-Mar-2019 12:39:57
Fitness Calculated 18-Mar-2019 13:02:38
Iterating ...
   88         267000           2.394           7.586        0
Starting Fitness Calculation 18-Mar-2019 13:02:44
Fitness Calculated 18-Mar-2019 13:31:20
Iterating ...
   89         270000           2.374           7.519        0
Starting Fitness Calculation 18-Mar-2019 13:31:26
Fitness Calculated 18-Mar-2019 13:56:09
Iterating ...
   90         273000           2.398           7.594        1

                               Best           Mean      Stall
Generation      f-count        f(x)           f(x)    Generations
Starting Fitness Calculation 18-Mar-2019 13:56:16
Fitness Calculated 18-Mar-2019 14:19:29
Iterating ...
   91         276000           2.379           7.584        0
Starting Fitness Calculation 18-Mar-2019 14:19:35
Fitness Calculated 18-Mar-2019 14:42:58
Iterating ...
   92         279000           2.409           7.756        1
Starting Fitness Calculation 18-Mar-2019 14:43:05
Fitness Calculated 18-Mar-2019 15:09:39
Iterating ...
   93         282000           2.416           7.787        2
Starting Fitness Calculation 18-Mar-2019 15:09:46
Fitness Calculated 18-Mar-2019 15:33:54
Iterating ...
   94         285000           2.393           7.695        0
Starting Fitness Calculation 18-Mar-2019 15:34:00
Fitness Calculated 18-Mar-2019 15:57:58
Iterating ...
   95         288000           2.402           7.713        1
Starting Fitness Calculation 18-Mar-2019 15:58:05
