
                            < M A T L A B (R) >
                  Copyright 1984-2015 The MathWorks, Inc.
                   R2015a (8.5.0.197613) 64-bit (glnxa64)
                             February 12, 2015

 
To get started, type one of these: helpwin, helpdesk, or demo.
For product information, visit www.mathworks.com.
 
 
To get started, type one of these: helpwin, helpdesk, or demo.
For product information, visit www.mathworks.com.
 
Starting parallel pool (parpool) using the 'ClusterPandora' profile ... connected to 40 workers.
Starting Fitness Calculation 05-Apr-2019 10:12:33
Analyzing and transferring files to the workers ...done.
Fitness Calculated 05-Apr-2019 10:16:50
Starting the algorithm

                               Best           Mean      Stall
Generation      f-count        f(x)           f(x)    Generations
Starting Fitness Calculation 05-Apr-2019 10:16:50
Fitness Calculated 05-Apr-2019 10:21:01
Iterating ...
    1          6000            9.52           12.94        0
Starting Fitness Calculation 05-Apr-2019 10:21:02
Fitness Calculated 05-Apr-2019 10:25:21
Iterating ...
    2          9000             8.9            12.7        0
Starting Fitness Calculation 05-Apr-2019 10:25:22
Fitness Calculated 05-Apr-2019 10:29:49
Iterating ...
    3         12000           8.551           12.43        0
Starting Fitness Calculation 05-Apr-2019 10:29:50
Fitness Calculated 05-Apr-2019 10:34:49
Iterating ...
    4         15000           8.008           12.17        0
Starting Fitness Calculation 05-Apr-2019 10:34:51
Fitness Calculated 05-Apr-2019 10:40:45
Iterating ...
    5         18000           6.708           11.94        0
Starting Fitness Calculation 05-Apr-2019 10:40:47
Fitness Calculated 05-Apr-2019 10:47:05
Iterating ...
    6         21000           6.667           11.68        0
Starting Fitness Calculation 05-Apr-2019 10:47:07
Fitness Calculated 05-Apr-2019 10:56:05
Iterating ...
    7         24000           6.077           11.37        0
Starting Fitness Calculation 05-Apr-2019 10:56:07
Fitness Calculated 05-Apr-2019 11:06:02
Iterating ...
    8         27000           6.495           11.12        1
Starting Fitness Calculation 05-Apr-2019 11:06:04
Fitness Calculated 05-Apr-2019 11:18:45
Iterating ...
    9         30000           6.587           10.85        2
Starting Fitness Calculation 05-Apr-2019 11:18:47
Fitness Calculated 05-Apr-2019 11:31:42
Iterating ...
   10         33000           6.306           10.61        0
Starting Fitness Calculation 05-Apr-2019 11:31:45
Fitness Calculated 05-Apr-2019 11:44:22
Iterating ...
   11         36000            6.12           10.42        0
Starting Fitness Calculation 05-Apr-2019 11:44:25
Fitness Calculated 05-Apr-2019 11:57:45
Iterating ...
   12         39000            6.19           10.29        1
Starting Fitness Calculation 05-Apr-2019 11:57:48
Fitness Calculated 05-Apr-2019 12:12:07
Iterating ...
   13         42000           6.162            10.2        0
Starting Fitness Calculation 05-Apr-2019 12:12:11
Fitness Calculated 05-Apr-2019 12:28:07
Iterating ...
   14         45000           6.014           10.22        0
Starting Fitness Calculation 05-Apr-2019 12:28:11
Fitness Calculated 05-Apr-2019 12:42:48
Iterating ...
   15         48000           5.961           10.12        0
Starting Fitness Calculation 05-Apr-2019 12:42:51
Fitness Calculated 05-Apr-2019 12:57:54
Iterating ...
   16         51000           6.226           10.08        1
Starting Fitness Calculation 05-Apr-2019 12:57:57
Fitness Calculated 05-Apr-2019 13:12:52
Iterating ...
   17         54000           5.991           10.03        0
Starting Fitness Calculation 05-Apr-2019 13:12:56
Fitness Calculated 05-Apr-2019 13:27:22
Iterating ...
   18         57000           5.663           10.04        0
Starting Fitness Calculation 05-Apr-2019 13:27:26
Fitness Calculated 05-Apr-2019 13:42:57
Iterating ...
   19         60000           5.519           10.06        0
Starting Fitness Calculation 05-Apr-2019 13:43:01
Fitness Calculated 05-Apr-2019 13:56:58
Iterating ...
   20         63000           6.093           10.02        1
Starting Fitness Calculation 05-Apr-2019 13:57:02
Fitness Calculated 05-Apr-2019 14:11:05
Iterating ...
   21         66000           6.188           10.01        2
Starting Fitness Calculation 05-Apr-2019 14:11:10
Fitness Calculated 05-Apr-2019 14:26:27
Iterating ...
   22         69000           5.863           10.01        0
Starting Fitness Calculation 05-Apr-2019 14:26:31
Fitness Calculated 05-Apr-2019 14:40:15
Iterating ...
   23         72000            5.84              10        0
Starting Fitness Calculation 05-Apr-2019 14:40:19
Fitness Calculated 05-Apr-2019 14:55:26
Iterating ...
   24         75000           5.883              10        1
Starting Fitness Calculation 05-Apr-2019 14:55:30
Fitness Calculated 05-Apr-2019 15:10:08
Iterating ...
   25         78000           6.334              10        2
Starting Fitness Calculation 05-Apr-2019 15:10:13
Fitness Calculated 05-Apr-2019 15:24:28
Iterating ...
   26         81000           5.997           10.02        0
Starting Fitness Calculation 05-Apr-2019 15:24:32
Fitness Calculated 05-Apr-2019 15:39:36
Iterating ...
   27         84000           5.654           9.979        0
Starting Fitness Calculation 05-Apr-2019 15:39:41
Fitness Calculated 05-Apr-2019 15:56:23
Iterating ...
   28         87000           5.652           9.954        0
Starting Fitness Calculation 05-Apr-2019 15:56:28
Fitness Calculated 05-Apr-2019 16:11:07
Iterating ...
   29         90000           5.833           9.956        1
Starting Fitness Calculation 05-Apr-2019 16:11:12
Fitness Calculated 05-Apr-2019 16:25:37
Iterating ...
   30         93000           5.587           9.925        0

                               Best           Mean      Stall
Generation      f-count        f(x)           f(x)    Generations
Starting Fitness Calculation 05-Apr-2019 16:25:42
Fitness Calculated 05-Apr-2019 16:41:25
Iterating ...
   31         96000           5.168           9.923        0
Starting Fitness Calculation 05-Apr-2019 16:41:30
Fitness Calculated 05-Apr-2019 16:57:13
Iterating ...
   32         99000           5.619           9.911        1
Starting Fitness Calculation 05-Apr-2019 16:57:19
Fitness Calculated 05-Apr-2019 17:13:03
Iterating ...
   33         102000           5.638           9.904        2
Starting Fitness Calculation 05-Apr-2019 17:13:09
Fitness Calculated 05-Apr-2019 17:28:27
Iterating ...
   34         105000           5.674           9.901        3
Starting Fitness Calculation 05-Apr-2019 17:28:33
Fitness Calculated 05-Apr-2019 17:44:25
Iterating ...
   35         108000           5.763           9.889        4
Starting Fitness Calculation 05-Apr-2019 17:44:31
Fitness Calculated 05-Apr-2019 17:59:00
Iterating ...
   36         111000           5.784           9.868        5
Starting Fitness Calculation 05-Apr-2019 17:59:07
Fitness Calculated 05-Apr-2019 18:15:03
Iterating ...
   37         114000            5.62           9.839        0
Starting Fitness Calculation 05-Apr-2019 18:15:10
Fitness Calculated 05-Apr-2019 18:30:07
Iterating ...
   38         117000           5.368           9.764        0
Starting Fitness Calculation 05-Apr-2019 18:30:13
Fitness Calculated 05-Apr-2019 18:44:57
Iterating ...
   39         120000            5.74           9.774        1
Starting Fitness Calculation 05-Apr-2019 18:45:04
Fitness Calculated 05-Apr-2019 19:00:24
Iterating ...
   40         123000           5.391           9.772        0
Starting Fitness Calculation 05-Apr-2019 19:00:31
Fitness Calculated 05-Apr-2019 19:16:13
Iterating ...
   41         126000           5.609           9.781        1
Starting Fitness Calculation 05-Apr-2019 19:16:21
Fitness Calculated 05-Apr-2019 19:31:38
Iterating ...
   42         129000           5.467            9.72        0
Starting Fitness Calculation 05-Apr-2019 19:31:46
Fitness Calculated 05-Apr-2019 19:47:43
Iterating ...
   43         132000           5.656           9.717        1
Starting Fitness Calculation 05-Apr-2019 19:47:51
Fitness Calculated 05-Apr-2019 20:03:00
Iterating ...
   44         135000           5.553           9.695        0
Starting Fitness Calculation 05-Apr-2019 20:03:08
Fitness Calculated 05-Apr-2019 20:20:02
Iterating ...
   45         138000           5.606           9.696        1
Starting Fitness Calculation 05-Apr-2019 20:20:10
Fitness Calculated 05-Apr-2019 20:35:51
Iterating ...
   46         141000           5.301            9.68        0
Starting Fitness Calculation 05-Apr-2019 20:35:59
Fitness Calculated 05-Apr-2019 20:53:04
Iterating ...
   47         144000           5.542           9.604        1
Starting Fitness Calculation 05-Apr-2019 20:53:12
Fitness Calculated 05-Apr-2019 21:09:14
Iterating ...
   48         147000           5.449           9.664        0
Starting Fitness Calculation 05-Apr-2019 21:09:23
Fitness Calculated 05-Apr-2019 21:25:30
Iterating ...
   49         150000           5.443           9.639        0
Starting Fitness Calculation 05-Apr-2019 21:25:38
Fitness Calculated 05-Apr-2019 21:42:14
Iterating ...
   50         153000           5.171           9.601        0
Starting Fitness Calculation 05-Apr-2019 21:42:23
Fitness Calculated 05-Apr-2019 21:58:22
Iterating ...
   51         156000           5.361           9.606        1
Starting Fitness Calculation 05-Apr-2019 21:58:31
Fitness Calculated 05-Apr-2019 22:16:37
Iterating ...
   52         159000           5.304           9.583        0
Starting Fitness Calculation 05-Apr-2019 22:16:46
Fitness Calculated 05-Apr-2019 22:34:40
Iterating ...
   53         162000           5.015           9.575        0
Starting Fitness Calculation 05-Apr-2019 22:34:49
Fitness Calculated 05-Apr-2019 22:51:33
Iterating ...
   54         165000           5.276            9.53        1
Starting Fitness Calculation 05-Apr-2019 22:51:42
Fitness Calculated 05-Apr-2019 23:08:12
Iterating ...
   55         168000           5.134           9.496        0
Starting Fitness Calculation 05-Apr-2019 23:08:21
Fitness Calculated 05-Apr-2019 23:25:35
Iterating ...
   56         171000           5.345           9.528        1
Starting Fitness Calculation 05-Apr-2019 23:25:44
Fitness Calculated 05-Apr-2019 23:44:36
Iterating ...
   57         174000           5.231           9.522        0
Starting Fitness Calculation 05-Apr-2019 23:44:45
Fitness Calculated 06-Apr-2019 00:02:27
Iterating ...
   58         177000            5.25           9.483        1
Starting Fitness Calculation 06-Apr-2019 00:02:37
Fitness Calculated 06-Apr-2019 00:21:08
Iterating ...
   59         180000           5.396           9.444        2
Starting Fitness Calculation 06-Apr-2019 00:21:18
Fitness Calculated 06-Apr-2019 00:39:27
Iterating ...
   60         183000           4.565           9.408        0

                               Best           Mean      Stall
Generation      f-count        f(x)           f(x)    Generations
Starting Fitness Calculation 06-Apr-2019 00:39:37
Fitness Calculated 06-Apr-2019 00:57:43
Iterating ...
   61         186000           5.154           9.438        1
Starting Fitness Calculation 06-Apr-2019 00:57:53
Fitness Calculated 06-Apr-2019 01:17:48
Iterating ...
   62         189000           5.208           9.385        2
Starting Fitness Calculation 06-Apr-2019 01:17:58
Fitness Calculated 06-Apr-2019 01:36:40
Iterating ...
   63         192000           5.254           9.309        3
Starting Fitness Calculation 06-Apr-2019 01:36:50
Fitness Calculated 06-Apr-2019 01:55:10
Iterating ...
   64         195000           5.236           9.305        0
Starting Fitness Calculation 06-Apr-2019 01:55:21
Fitness Calculated 06-Apr-2019 02:13:44
Iterating ...
   65         198000           5.131           9.307        0
Starting Fitness Calculation 06-Apr-2019 02:13:54
Fitness Calculated 06-Apr-2019 02:33:09
Iterating ...
   66         201000           5.049           9.322        0
Starting Fitness Calculation 06-Apr-2019 02:33:20
Fitness Calculated 06-Apr-2019 02:53:47
Iterating ...
   67         204000             5.1           9.303        1
Starting Fitness Calculation 06-Apr-2019 02:53:58
Fitness Calculated 06-Apr-2019 03:13:11
Iterating ...
   68         207000           5.159           9.286        2
Starting Fitness Calculation 06-Apr-2019 03:13:23
Fitness Calculated 06-Apr-2019 03:32:01
Iterating ...
   69         210000           5.216           9.307        3
Starting Fitness Calculation 06-Apr-2019 03:32:12
Fitness Calculated 06-Apr-2019 03:51:25
Iterating ...
   70         213000           5.083           9.265        0
Starting Fitness Calculation 06-Apr-2019 03:51:36
Fitness Calculated 06-Apr-2019 04:10:07
Iterating ...
   71         216000           5.071            9.24        0
Starting Fitness Calculation 06-Apr-2019 04:10:18
Fitness Calculated 06-Apr-2019 04:29:46
Iterating ...
   72         219000           5.141           9.246        1
Starting Fitness Calculation 06-Apr-2019 04:29:57
Fitness Calculated 06-Apr-2019 04:49:56
Iterating ...
   73         222000           5.015           9.267        0
Starting Fitness Calculation 06-Apr-2019 04:50:08
Fitness Calculated 06-Apr-2019 05:09:17
Iterating ...
   74         225000           4.343           9.221        0
Starting Fitness Calculation 06-Apr-2019 05:09:29
Fitness Calculated 06-Apr-2019 05:28:46
Iterating ...
   75         228000           5.126           9.233        1
Starting Fitness Calculation 06-Apr-2019 05:28:58
Fitness Calculated 06-Apr-2019 05:48:54
Iterating ...
   76         231000            4.83           9.248        0
Starting Fitness Calculation 06-Apr-2019 05:49:07
Fitness Calculated 06-Apr-2019 06:09:53
Iterating ...
   77         234000           4.695           9.248        0
Starting Fitness Calculation 06-Apr-2019 06:10:05
Fitness Calculated 06-Apr-2019 06:29:23
Iterating ...
   78         237000           4.899           9.261        1
Starting Fitness Calculation 06-Apr-2019 06:29:36
Fitness Calculated 06-Apr-2019 06:49:12
Iterating ...
   79         240000           5.097           9.199        2
Starting Fitness Calculation 06-Apr-2019 06:49:24
Fitness Calculated 06-Apr-2019 07:09:21
Iterating ...
   80         243000           5.113           9.238        3
Starting Fitness Calculation 06-Apr-2019 07:09:34
Fitness Calculated 06-Apr-2019 07:29:45
Iterating ...
   81         246000           5.055           9.231        0
Starting Fitness Calculation 06-Apr-2019 07:29:59
Fitness Calculated 06-Apr-2019 07:49:14
Iterating ...
   82         249000            4.94           9.227        0
Starting Fitness Calculation 06-Apr-2019 07:49:27
Fitness Calculated 06-Apr-2019 08:09:06
Iterating ...
   83         252000           5.102           9.212        1
Starting Fitness Calculation 06-Apr-2019 08:09:19
Fitness Calculated 06-Apr-2019 08:28:03
Iterating ...
   84         255000           4.809           9.204        0
Starting Fitness Calculation 06-Apr-2019 08:28:17
Fitness Calculated 06-Apr-2019 08:48:43
Iterating ...
   85         258000            4.78           9.206        0
Starting Fitness Calculation 06-Apr-2019 08:48:57
Fitness Calculated 06-Apr-2019 09:09:59
Iterating ...
   86         261000           4.541           9.166        0
Starting Fitness Calculation 06-Apr-2019 09:10:12
Fitness Calculated 06-Apr-2019 09:29:44
Iterating ...
   87         264000           4.863            9.21        1
Starting Fitness Calculation 06-Apr-2019 09:29:59
Fitness Calculated 06-Apr-2019 09:48:48
Iterating ...
   88         267000           4.276           9.208        0
Starting Fitness Calculation 06-Apr-2019 09:49:03
Fitness Calculated 06-Apr-2019 10:08:48
Iterating ...
   89         270000             4.5           9.233        1
Starting Fitness Calculation 06-Apr-2019 10:09:02
Fitness Calculated 06-Apr-2019 10:28:11
Iterating ...
   90         273000           4.706            9.21        2

                               Best           Mean      Stall
Generation      f-count        f(x)           f(x)    Generations
Starting Fitness Calculation 06-Apr-2019 10:28:25
Fitness Calculated 06-Apr-2019 10:48:30
Iterating ...
   91         276000           4.405           9.178        0
Starting Fitness Calculation 06-Apr-2019 10:48:45
Fitness Calculated 06-Apr-2019 11:10:13
Iterating ...
   92         279000           4.332           9.189        0
Starting Fitness Calculation 06-Apr-2019 11:10:28
Fitness Calculated 06-Apr-2019 11:31:01
Iterating ...
   93         282000            4.25           9.185        0
Starting Fitness Calculation 06-Apr-2019 11:31:16
Fitness Calculated 06-Apr-2019 11:53:54
Iterating ...
   94         285000           4.954            9.21        1
Starting Fitness Calculation 06-Apr-2019 11:54:09
Fitness Calculated 06-Apr-2019 12:16:36
Iterating ...
   95         288000           4.362           9.162        0
Starting Fitness Calculation 06-Apr-2019 12:16:52
Fitness Calculated 06-Apr-2019 12:38:34
Iterating ...
   96         291000           4.355           9.172        0
Starting Fitness Calculation 06-Apr-2019 12:38:49
Fitness Calculated 06-Apr-2019 12:58:53
Iterating ...
   97         294000           4.822           9.172        1
Starting Fitness Calculation 06-Apr-2019 12:59:08
Fitness Calculated 06-Apr-2019 13:20:13
Iterating ...
   98         297000           4.494           9.121        0
Starting Fitness Calculation 06-Apr-2019 13:20:29
Fitness Calculated 06-Apr-2019 13:42:18
Iterating ...
   99         300000           4.425           9.169        0
Starting Fitness Calculation 06-Apr-2019 13:42:34
Fitness Calculated 06-Apr-2019 14:04:40
Iterating ...
  100         303000           4.272           9.115        0
Starting Fitness Calculation 06-Apr-2019 14:04:56
Fitness Calculated 06-Apr-2019 14:26:52
Iterating ...
  101         306000           4.099           9.023        0
Starting Fitness Calculation 06-Apr-2019 14:27:08
Fitness Calculated 06-Apr-2019 14:47:48
Iterating ...
  102         309000           4.316           9.023        1
Starting Fitness Calculation 06-Apr-2019 14:48:04
Fitness Calculated 06-Apr-2019 15:08:55
Iterating ...
  103         312000           4.491           9.085        2
Starting Fitness Calculation 06-Apr-2019 15:09:11
Fitness Calculated 06-Apr-2019 15:30:40
Iterating ...
  104         315000           4.162           9.082        0
Starting Fitness Calculation 06-Apr-2019 15:30:57
Fitness Calculated 06-Apr-2019 15:54:31
Iterating ...
  105         318000           4.245           9.042        1
Starting Fitness Calculation 06-Apr-2019 15:54:48
Fitness Calculated 06-Apr-2019 16:16:21
Iterating ...
  106         321000           4.386           9.064        2
Starting Fitness Calculation 06-Apr-2019 16:16:38
Fitness Calculated 06-Apr-2019 16:38:17
Iterating ...
  107         324000           4.169           9.052        0
Starting Fitness Calculation 06-Apr-2019 16:38:34
Fitness Calculated 06-Apr-2019 17:00:26
Iterating ...
  108         327000           3.854           9.059        0
Starting Fitness Calculation 06-Apr-2019 17:00:42
Fitness Calculated 06-Apr-2019 17:22:27
Iterating ...
  109         330000           4.064           9.021        1
Starting Fitness Calculation 06-Apr-2019 17:22:44
Fitness Calculated 06-Apr-2019 17:44:36
Iterating ...
  110         333000           4.119            9.01        2
Starting Fitness Calculation 06-Apr-2019 17:44:53
Fitness Calculated 06-Apr-2019 18:08:09
Iterating ...
  111         336000           4.227           9.066        3
Starting Fitness Calculation 06-Apr-2019 18:08:27
Fitness Calculated 06-Apr-2019 18:32:04
Iterating ...
  112         339000           4.195           9.112        0
Starting Fitness Calculation 06-Apr-2019 18:32:21
Fitness Calculated 06-Apr-2019 18:55:42
Iterating ...
  113         342000           3.939           9.053        0
Starting Fitness Calculation 06-Apr-2019 18:56:00
Fitness Calculated 06-Apr-2019 19:18:24
Iterating ...
  114         345000           4.218           9.091        1
Starting Fitness Calculation 06-Apr-2019 19:18:42
Fitness Calculated 06-Apr-2019 19:44:57
Iterating ...
  115         348000           3.784           9.077        0
Starting Fitness Calculation 06-Apr-2019 19:45:15
Fitness Calculated 06-Apr-2019 20:06:24
Iterating ...
  116         351000           4.144           9.071        1
Starting Fitness Calculation 06-Apr-2019 20:06:43
Fitness Calculated 06-Apr-2019 20:28:54
Iterating ...
  117         354000           4.181           9.052        2
Starting Fitness Calculation 06-Apr-2019 20:29:13
Fitness Calculated 06-Apr-2019 20:54:09
Iterating ...
  118         357000           3.584             9.1        0
Starting Fitness Calculation 06-Apr-2019 20:54:28
Fitness Calculated 06-Apr-2019 21:17:16
Iterating ...
  119         360000           4.038           9.118        1
Starting Fitness Calculation 06-Apr-2019 21:17:35
Fitness Calculated 06-Apr-2019 21:43:13
Iterating ...
  120         363000           3.938           9.146        0

                               Best           Mean      Stall
Generation      f-count        f(x)           f(x)    Generations
Starting Fitness Calculation 06-Apr-2019 21:43:32
Fitness Calculated 06-Apr-2019 22:08:21
Iterating ...
  121         366000            3.86           9.146        0
Starting Fitness Calculation 06-Apr-2019 22:08:40
Fitness Calculated 06-Apr-2019 22:34:13
Iterating ...
  122         369000           2.844            9.19        0
Starting Fitness Calculation 06-Apr-2019 22:34:33
Fitness Calculated 06-Apr-2019 23:01:33
Iterating ...
  123         372000           2.713           9.242        0
Starting Fitness Calculation 06-Apr-2019 23:01:53
Fitness Calculated 06-Apr-2019 23:25:29
Iterating ...
  124         375000           2.868           9.298        1
Starting Fitness Calculation 06-Apr-2019 23:25:48
Fitness Calculated 06-Apr-2019 23:50:30
Iterating ...
  125         378000           2.819           9.346        0
Starting Fitness Calculation 06-Apr-2019 23:50:50
Fitness Calculated 07-Apr-2019 00:16:55
Iterating ...
  126         381000           2.624           9.387        0
Starting Fitness Calculation 07-Apr-2019 00:17:15
Fitness Calculated 07-Apr-2019 00:47:04
Iterating ...
  127         384000           2.567           9.437        0
Starting Fitness Calculation 07-Apr-2019 00:47:24
Fitness Calculated 07-Apr-2019 01:15:56
Iterating ...
  128         387000           2.661           9.394        1
Starting Fitness Calculation 07-Apr-2019 01:16:16
Fitness Calculated 07-Apr-2019 01:46:42
Iterating ...
  129         390000           2.724           9.313        2
Starting Fitness Calculation 07-Apr-2019 01:47:02
Fitness Calculated 07-Apr-2019 02:17:30
Iterating ...
  130         393000           2.515           9.216        0
Starting Fitness Calculation 07-Apr-2019 02:17:51
Fitness Calculated 07-Apr-2019 02:48:36
Iterating ...
  131         396000           2.205           9.062        0
Starting Fitness Calculation 07-Apr-2019 02:48:57
Fitness Calculated 07-Apr-2019 03:21:53
Iterating ...
  132         399000            2.45           8.971        1
Starting Fitness Calculation 07-Apr-2019 03:22:13
Fitness Calculated 07-Apr-2019 03:55:44
Iterating ...
  133         402000           2.416            8.93        0
Starting Fitness Calculation 07-Apr-2019 03:56:04
Fitness Calculated 07-Apr-2019 04:30:05
Iterating ...
  134         405000           2.456           8.833        1
Starting Fitness Calculation 07-Apr-2019 04:30:27
Fitness Calculated 07-Apr-2019 05:04:00
Iterating ...
  135         408000           2.334           8.668        0
Starting Fitness Calculation 07-Apr-2019 05:04:22
Fitness Calculated 07-Apr-2019 05:38:21
Iterating ...
  136         411000           2.384           8.681        1
Starting Fitness Calculation 07-Apr-2019 05:38:42
Fitness Calculated 07-Apr-2019 06:13:38
Iterating ...
  137         414000           2.437           8.683        2
Starting Fitness Calculation 07-Apr-2019 06:14:00
Fitness Calculated 07-Apr-2019 06:47:49
Iterating ...
  138         417000           2.318           8.719        0
Starting Fitness Calculation 07-Apr-2019 06:48:11
Fitness Calculated 07-Apr-2019 07:21:18
Iterating ...
  139         420000           2.222           8.676        0
Starting Fitness Calculation 07-Apr-2019 07:21:41
Fitness Calculated 07-Apr-2019 08:00:44
Iterating ...
  140         423000           2.302           8.644        1
Starting Fitness Calculation 07-Apr-2019 08:01:05
Fitness Calculated 07-Apr-2019 08:34:43
Iterating ...
  141         426000           2.183           8.602        0
Starting Fitness Calculation 07-Apr-2019 08:35:05
Fitness Calculated 07-Apr-2019 09:12:14
Iterating ...
  142         429000           2.148           8.539        0
Starting Fitness Calculation 07-Apr-2019 09:12:36
Fitness Calculated 07-Apr-2019 09:48:08
Iterating ...
  143         432000           2.203            8.51        1
Starting Fitness Calculation 07-Apr-2019 09:48:31
Fitness Calculated 07-Apr-2019 10:24:17
Iterating ...
  144         435000           2.146           8.542        0
Starting Fitness Calculation 07-Apr-2019 10:24:39
Fitness Calculated 07-Apr-2019 11:01:01
Iterating ...
  145         438000           2.112           8.409        0
Starting Fitness Calculation 07-Apr-2019 11:01:24
Fitness Calculated 07-Apr-2019 11:36:32
Iterating ...
  146         441000           1.978           8.489        0
Starting Fitness Calculation 07-Apr-2019 11:36:55
Fitness Calculated 07-Apr-2019 12:16:34
Iterating ...
  147         444000           2.002           8.451        1
Starting Fitness Calculation 07-Apr-2019 12:16:57
Fitness Calculated 07-Apr-2019 12:51:09
Iterating ...
  148         447000           2.065           8.475        2
Starting Fitness Calculation 07-Apr-2019 12:51:32
Fitness Calculated 07-Apr-2019 13:29:44
Iterating ...
  149         450000           2.028           8.365        0
Starting Fitness Calculation 07-Apr-2019 13:30:07
Fitness Calculated 07-Apr-2019 14:06:15
Iterating ...
  150         453000           2.069           8.403        1
Optimization terminated: maximum number of generations exceeded.
Performing final task
Parallel pool using the 'ClusterPandora' profile is shutting down.
Starting parallel pool (parpool) using the 'ClusterPandora' profile ... connected to 40 workers.
Starting Fitness Calculation 07-Apr-2019 14:07:11
Analyzing and transferring files to the workers ...done.
Fitness Calculated 07-Apr-2019 14:17:02
Starting the algorithm

                               Best           Mean      Stall
Generation      f-count        f(x)           f(x)    Generations
Starting Fitness Calculation 07-Apr-2019 14:17:02
Fitness Calculated 07-Apr-2019 14:26:52
Iterating ...
    1          6000           8.258           12.17        0
Starting Fitness Calculation 07-Apr-2019 14:26:53
Fitness Calculated 07-Apr-2019 14:36:54
Iterating ...
    2          9000           7.856           11.99        0
Starting Fitness Calculation 07-Apr-2019 14:36:55
Fitness Calculated 07-Apr-2019 14:48:20
Iterating ...
    3         12000           7.914           11.67        1
Starting Fitness Calculation 07-Apr-2019 14:48:22
Fitness Calculated 07-Apr-2019 15:02:11
Iterating ...
    4         15000           7.411           11.34        0
Starting Fitness Calculation 07-Apr-2019 15:02:14
Fitness Calculated 07-Apr-2019 15:16:32
Iterating ...
    5         18000           7.256           10.99        0
Starting Fitness Calculation 07-Apr-2019 15:16:35
Fitness Calculated 07-Apr-2019 15:32:11
Iterating ...
    6         21000           7.704           10.66        1
Starting Fitness Calculation 07-Apr-2019 15:32:15
Fitness Calculated 07-Apr-2019 15:47:29
Iterating ...
    7         24000           7.491           10.44        0
Starting Fitness Calculation 07-Apr-2019 15:47:32
Fitness Calculated 07-Apr-2019 16:03:02
Iterating ...
    8         27000            7.27           10.22        0
Starting Fitness Calculation 07-Apr-2019 16:03:05
Fitness Calculated 07-Apr-2019 16:18:48
Iterating ...
    9         30000           7.389           10.09        1
Starting Fitness Calculation 07-Apr-2019 16:18:52
Fitness Calculated 07-Apr-2019 16:34:51
Iterating ...
   10         33000           7.225           9.965        0
Starting Fitness Calculation 07-Apr-2019 16:34:55
Fitness Calculated 07-Apr-2019 16:50:59
Iterating ...
   11         36000            6.93           9.791        0
Starting Fitness Calculation 07-Apr-2019 16:51:03
Fitness Calculated 07-Apr-2019 17:06:01
Iterating ...
   12         39000           7.114           9.627        1
Starting Fitness Calculation 07-Apr-2019 17:06:06
Fitness Calculated 07-Apr-2019 17:20:41
Iterating ...
   13         42000            6.86            9.43        0
Starting Fitness Calculation 07-Apr-2019 17:20:46
Fitness Calculated 07-Apr-2019 17:35:13
Iterating ...
   14         45000           6.837           9.235        0
Starting Fitness Calculation 07-Apr-2019 17:35:19
Fitness Calculated 07-Apr-2019 17:49:27
Iterating ...
   15         48000           6.801           9.049        0
Starting Fitness Calculation 07-Apr-2019 17:49:32
Fitness Calculated 07-Apr-2019 18:03:25
Iterating ...
   16         51000           6.776           8.865        0
Starting Fitness Calculation 07-Apr-2019 18:03:31
Fitness Calculated 07-Apr-2019 18:17:35
Iterating ...
   17         54000           6.744            8.76        0
Starting Fitness Calculation 07-Apr-2019 18:17:41
Fitness Calculated 07-Apr-2019 18:31:29
Iterating ...
   18         57000           6.541            8.64        0
Starting Fitness Calculation 07-Apr-2019 18:31:35
Fitness Calculated 07-Apr-2019 18:45:31
Iterating ...
   19         60000           6.744           8.563        1
Starting Fitness Calculation 07-Apr-2019 18:45:38
Fitness Calculated 07-Apr-2019 18:59:26
Iterating ...
   20         63000           6.725           8.469        0
Starting Fitness Calculation 07-Apr-2019 18:59:33
Fitness Calculated 07-Apr-2019 19:13:28
Iterating ...
   21         66000           6.682           8.373        0
Starting Fitness Calculation 07-Apr-2019 19:13:35
Fitness Calculated 07-Apr-2019 19:27:47
Iterating ...
   22         69000           6.682           8.331        1
Starting Fitness Calculation 07-Apr-2019 19:27:54
Fitness Calculated 07-Apr-2019 19:41:54
Iterating ...
   23         72000           6.616           8.258        0
Starting Fitness Calculation 07-Apr-2019 19:42:01
Fitness Calculated 07-Apr-2019 19:56:07
Iterating ...
   24         75000           6.629           8.214        1
Starting Fitness Calculation 07-Apr-2019 19:56:15
Fitness Calculated 07-Apr-2019 20:10:34
Iterating ...
   25         78000           6.537           8.202        0
Starting Fitness Calculation 07-Apr-2019 20:10:42
Fitness Calculated 07-Apr-2019 20:24:55
Iterating ...
   26         81000           6.236           8.162        0
Starting Fitness Calculation 07-Apr-2019 20:25:03
Fitness Calculated 07-Apr-2019 20:39:25
Iterating ...
   27         84000           6.101           8.126        0
Starting Fitness Calculation 07-Apr-2019 20:39:34
Fitness Calculated 07-Apr-2019 20:54:12
Iterating ...
   28         87000           6.056           8.093        0
Starting Fitness Calculation 07-Apr-2019 20:54:21
Fitness Calculated 07-Apr-2019 21:09:50
Iterating ...
   29         90000           5.975           8.059        0
Starting Fitness Calculation 07-Apr-2019 21:09:59
Fitness Calculated 07-Apr-2019 21:26:14
Iterating ...
   30         93000           5.914           8.008        0

                               Best           Mean      Stall
Generation      f-count        f(x)           f(x)    Generations
Starting Fitness Calculation 07-Apr-2019 21:26:23
Fitness Calculated 07-Apr-2019 21:43:17
Iterating ...
   31         96000           5.942           7.944        1
Starting Fitness Calculation 07-Apr-2019 21:43:26
Fitness Calculated 07-Apr-2019 22:01:03
Iterating ...
   32         99000           5.919           7.885        0
Starting Fitness Calculation 07-Apr-2019 22:01:12
Fitness Calculated 07-Apr-2019 22:19:03
Iterating ...
   33         102000           5.938           7.888        1
Starting Fitness Calculation 07-Apr-2019 22:19:13
Fitness Calculated 07-Apr-2019 22:37:11
Iterating ...
   34         105000            5.92           7.856        0
Starting Fitness Calculation 07-Apr-2019 22:37:21
Fitness Calculated 07-Apr-2019 22:55:27
Iterating ...
   35         108000           5.829           7.802        0
Starting Fitness Calculation 07-Apr-2019 22:55:38
Fitness Calculated 07-Apr-2019 23:13:58
Iterating ...
   36         111000           5.849            7.82        1
Starting Fitness Calculation 07-Apr-2019 23:14:09
Fitness Calculated 07-Apr-2019 23:32:29
Iterating ...
   37         114000            5.81           7.826        0
Starting Fitness Calculation 07-Apr-2019 23:32:41
Fitness Calculated 07-Apr-2019 23:51:05
Iterating ...
   38         117000           5.815           7.787        1
Starting Fitness Calculation 07-Apr-2019 23:51:16
Fitness Calculated 08-Apr-2019 00:10:17
Iterating ...
   39         120000           5.783           7.757        0
Starting Fitness Calculation 08-Apr-2019 00:10:29
Fitness Calculated 08-Apr-2019 00:29:07
Iterating ...
   40         123000           5.779           7.746        0
Starting Fitness Calculation 08-Apr-2019 00:29:19
Fitness Calculated 08-Apr-2019 00:48:05
Iterating ...
   41         126000           5.779           7.702        0
Starting Fitness Calculation 08-Apr-2019 00:48:17
Fitness Calculated 08-Apr-2019 01:07:06
Iterating ...
   42         129000            5.74            7.72        0
Starting Fitness Calculation 08-Apr-2019 01:07:19
Fitness Calculated 08-Apr-2019 01:25:55
Iterating ...
   43         132000           5.749           7.695        1
Starting Fitness Calculation 08-Apr-2019 01:26:07
Fitness Calculated 08-Apr-2019 01:44:44
Iterating ...
   44         135000           5.768            7.73        2
Starting Fitness Calculation 08-Apr-2019 01:44:57
Fitness Calculated 08-Apr-2019 02:03:24
Iterating ...
   45         138000           5.752           7.724        0
Starting Fitness Calculation 08-Apr-2019 02:03:37
Fitness Calculated 08-Apr-2019 02:22:06
Iterating ...
   46         141000           5.759           7.725        1
Starting Fitness Calculation 08-Apr-2019 02:22:19
Fitness Calculated 08-Apr-2019 02:40:47
Iterating ...
   47         144000           5.744           7.704        0
Starting Fitness Calculation 08-Apr-2019 02:41:01
Fitness Calculated 08-Apr-2019 02:59:50
Iterating ...
   48         147000           5.768           7.594        1
Starting Fitness Calculation 08-Apr-2019 03:00:04
Fitness Calculated 08-Apr-2019 03:18:51
Iterating ...
   49         150000           5.717           7.579        0
Starting Fitness Calculation 08-Apr-2019 03:19:05
Fitness Calculated 08-Apr-2019 03:38:01
Iterating ...
   50         153000           5.744            7.66        1
Starting Fitness Calculation 08-Apr-2019 03:38:15
Fitness Calculated 08-Apr-2019 03:56:54
Iterating ...
   51         156000           5.744           7.644        2
Starting Fitness Calculation 08-Apr-2019 03:57:08
Fitness Calculated 08-Apr-2019 04:15:53
Iterating ...
   52         159000           5.735           7.655        0
Starting Fitness Calculation 08-Apr-2019 04:16:08
Fitness Calculated 08-Apr-2019 04:34:50
Iterating ...
   53         162000           5.724           7.648        0
Starting Fitness Calculation 08-Apr-2019 04:35:06
Fitness Calculated 08-Apr-2019 04:53:50
Iterating ...
   54         165000           5.745           7.667        1
Starting Fitness Calculation 08-Apr-2019 04:54:06
Fitness Calculated 08-Apr-2019 05:13:12
Iterating ...
   55         168000           5.715           7.653        0
Starting Fitness Calculation 08-Apr-2019 05:13:28
Fitness Calculated 08-Apr-2019 05:32:10
Iterating ...
   56         171000           5.722            7.69        1
Starting Fitness Calculation 08-Apr-2019 05:32:26
Fitness Calculated 08-Apr-2019 05:51:18
Iterating ...
   57         174000           5.742           7.666        2
Starting Fitness Calculation 08-Apr-2019 05:51:35
Fitness Calculated 08-Apr-2019 06:10:26
Iterating ...
   58         177000           5.719           7.646        0
Starting Fitness Calculation 08-Apr-2019 06:10:43
Fitness Calculated 08-Apr-2019 06:29:45
Iterating ...
   59         180000           5.727           7.652        1
Starting Fitness Calculation 08-Apr-2019 06:30:02
Fitness Calculated 08-Apr-2019 06:48:55
Iterating ...
   60         183000           5.718            7.64        0

                               Best           Mean      Stall
Generation      f-count        f(x)           f(x)    Generations
Starting Fitness Calculation 08-Apr-2019 06:49:12
Fitness Calculated 08-Apr-2019 07:08:16
Iterating ...
   61         186000           5.725           7.643        1
Starting Fitness Calculation 08-Apr-2019 07:08:33
Fitness Calculated 08-Apr-2019 07:27:24
Iterating ...
   62         189000           5.727           7.674        2
Starting Fitness Calculation 08-Apr-2019 07:27:42
Fitness Calculated 08-Apr-2019 07:46:34
Iterating ...
   63         192000           5.717           7.612        0
Starting Fitness Calculation 08-Apr-2019 07:46:53
Fitness Calculated 08-Apr-2019 08:05:54
Iterating ...
   64         195000           5.737           7.608        1
Starting Fitness Calculation 08-Apr-2019 08:06:12
Fitness Calculated 08-Apr-2019 08:24:53
Iterating ...
   65         198000           5.727           7.593        0
Starting Fitness Calculation 08-Apr-2019 08:25:13
Fitness Calculated 08-Apr-2019 08:44:22
Iterating ...
   66         201000           5.729           7.589        1
Starting Fitness Calculation 08-Apr-2019 08:44:41
Fitness Calculated 08-Apr-2019 09:03:53
Iterating ...
   67         204000           5.721           7.579        0
Starting Fitness Calculation 08-Apr-2019 09:04:12
Fitness Calculated 08-Apr-2019 09:23:14
Iterating ...
   68         207000           5.724           7.609        1
Starting Fitness Calculation 08-Apr-2019 09:23:34
Fitness Calculated 08-Apr-2019 09:42:33
Iterating ...
   69         210000           5.717           7.631        0
Starting Fitness Calculation 08-Apr-2019 09:42:53
Fitness Calculated 08-Apr-2019 10:01:54
Iterating ...
   70         213000           5.751           7.632        1
Starting Fitness Calculation 08-Apr-2019 10:02:14
Fitness Calculated 08-Apr-2019 10:21:08
Iterating ...
   71         216000           5.721           7.597        0
Starting Fitness Calculation 08-Apr-2019 10:21:29
Fitness Calculated 08-Apr-2019 10:40:37
Iterating ...
   72         219000           5.707           7.601        0
Starting Fitness Calculation 08-Apr-2019 10:40:58
Fitness Calculated 08-Apr-2019 11:00:02
Iterating ...
   73         222000           5.699           7.637        0
Starting Fitness Calculation 08-Apr-2019 11:00:23
Fitness Calculated 08-Apr-2019 11:19:39
Iterating ...
   74         225000           5.741             7.6        1
Starting Fitness Calculation 08-Apr-2019 11:20:01
Fitness Calculated 08-Apr-2019 11:38:50
Iterating ...
   75         228000           5.738           7.647        0
Starting Fitness Calculation 08-Apr-2019 11:39:12
Fitness Calculated 08-Apr-2019 11:58:20
Iterating ...
   76         231000           5.736           7.589        0
Starting Fitness Calculation 08-Apr-2019 11:58:42
Fitness Calculated 08-Apr-2019 12:17:47
Iterating ...
   77         234000           5.737           7.585        1
Starting Fitness Calculation 08-Apr-2019 12:18:09
Fitness Calculated 08-Apr-2019 12:37:14
Iterating ...
   78         237000           5.739           7.624        2
Starting Fitness Calculation 08-Apr-2019 12:37:37
Fitness Calculated 08-Apr-2019 12:56:52
Iterating ...
   79         240000           5.712           7.539        0
Starting Fitness Calculation 08-Apr-2019 12:57:15
Fitness Calculated 08-Apr-2019 13:16:21
Iterating ...
   80         243000           5.719           7.584        1
Starting Fitness Calculation 08-Apr-2019 13:16:44
Fitness Calculated 08-Apr-2019 13:35:43
Iterating ...
   81         246000           5.726           7.574        2
Starting Fitness Calculation 08-Apr-2019 13:36:07
Fitness Calculated 08-Apr-2019 13:54:56
Iterating ...
   82         249000           5.714           7.669        0
Starting Fitness Calculation 08-Apr-2019 13:55:19
Fitness Calculated 08-Apr-2019 14:14:14
Iterating ...
   83         252000           5.709           7.662        0
Starting Fitness Calculation 08-Apr-2019 14:14:38
Fitness Calculated 08-Apr-2019 14:33:20
Iterating ...
   84         255000           5.716           7.646        1
Starting Fitness Calculation 08-Apr-2019 14:33:44
Fitness Calculated 08-Apr-2019 14:52:43
Iterating ...
   85         258000           5.728           7.628        2
Starting Fitness Calculation 08-Apr-2019 14:53:08
Fitness Calculated 08-Apr-2019 15:11:59
Iterating ...
   86         261000           5.717           7.599        0
Starting Fitness Calculation 08-Apr-2019 15:12:24
Fitness Calculated 08-Apr-2019 15:31:12
Iterating ...
   87         264000           5.721            7.61        1
Starting Fitness Calculation 08-Apr-2019 15:31:38
Fitness Calculated 08-Apr-2019 15:50:47
Iterating ...
   88         267000           5.721           7.639        0
Starting Fitness Calculation 08-Apr-2019 15:51:13
Fitness Calculated 08-Apr-2019 16:10:17
Iterating ...
   89         270000           5.701           7.598        0
Starting Fitness Calculation 08-Apr-2019 16:10:43
Fitness Calculated 08-Apr-2019 16:29:43
Iterating ...
   90         273000           5.737           7.631        1

                               Best           Mean      Stall
Generation      f-count        f(x)           f(x)    Generations
Starting Fitness Calculation 08-Apr-2019 16:30:09
Fitness Calculated 08-Apr-2019 16:49:21
Iterating ...
   91         276000           5.727           7.648        0
Starting Fitness Calculation 08-Apr-2019 16:49:48
Fitness Calculated 08-Apr-2019 17:08:46
Iterating ...
   92         279000           5.718            7.62        0
Starting Fitness Calculation 08-Apr-2019 17:09:13
Fitness Calculated 08-Apr-2019 17:28:16
Iterating ...
   93         282000            5.71           7.633        0
Starting Fitness Calculation 08-Apr-2019 17:28:43
Fitness Calculated 08-Apr-2019 17:47:52
Iterating ...
   94         285000            5.73           7.593        1
Starting Fitness Calculation 08-Apr-2019 17:48:20
Fitness Calculated 08-Apr-2019 18:07:15
Iterating ...
   95         288000           5.735           7.584        2
Starting Fitness Calculation 08-Apr-2019 18:07:43
Fitness Calculated 08-Apr-2019 18:26:56
Iterating ...
   96         291000           5.713           7.598        0
Starting Fitness Calculation 08-Apr-2019 18:27:24
Fitness Calculated 08-Apr-2019 18:46:32
Iterating ...
   97         294000           5.724           7.656        1
Starting Fitness Calculation 08-Apr-2019 18:47:00
Fitness Calculated 08-Apr-2019 19:05:44
Iterating ...
   98         297000           5.707           7.616        0
Starting Fitness Calculation 08-Apr-2019 19:06:12
Fitness Calculated 08-Apr-2019 19:25:16
Iterating ...
   99         300000           5.727           7.563        1
Starting Fitness Calculation 08-Apr-2019 19:25:45
Fitness Calculated 08-Apr-2019 19:44:38
Iterating ...
  100         303000           5.717            7.56        0
Starting Fitness Calculation 08-Apr-2019 19:45:07
Fitness Calculated 08-Apr-2019 20:03:46
Iterating ...
  101         306000            5.69           7.621        0
Starting Fitness Calculation 08-Apr-2019 20:04:15
Fitness Calculated 08-Apr-2019 20:23:20
Iterating ...
  102         309000           5.699           7.579        1
Starting Fitness Calculation 08-Apr-2019 20:23:50
Fitness Calculated 08-Apr-2019 20:42:26
Iterating ...
  103         312000           5.676           7.598        0
Starting Fitness Calculation 08-Apr-2019 20:42:56
Fitness Calculated 08-Apr-2019 21:01:48
Iterating ...
  104         315000           5.669           7.584        0
Starting Fitness Calculation 08-Apr-2019 21:02:18
Fitness Calculated 08-Apr-2019 21:20:55
Iterating ...
  105         318000             5.7           7.605        1
Starting Fitness Calculation 08-Apr-2019 21:21:25
Fitness Calculated 08-Apr-2019 21:40:03
Iterating ...
  106         321000           5.713           7.554        2
Starting Fitness Calculation 08-Apr-2019 21:40:34
Fitness Calculated 08-Apr-2019 21:59:27
Iterating ...
  107         324000           5.697           7.539        0
Starting Fitness Calculation 08-Apr-2019 21:59:59
Fitness Calculated 08-Apr-2019 22:19:02
Iterating ...
  108         327000           5.717           7.579        1
Starting Fitness Calculation 08-Apr-2019 22:19:33
Fitness Calculated 08-Apr-2019 22:38:37
Iterating ...
  109         330000           5.703           7.643        0
Starting Fitness Calculation 08-Apr-2019 22:39:08
Fitness Calculated 08-Apr-2019 22:57:57
Iterating ...
  110         333000           5.714           7.613        1
Starting Fitness Calculation 08-Apr-2019 22:58:30
Fitness Calculated 08-Apr-2019 23:17:30
Iterating ...
  111         336000            5.69            7.65        0
Starting Fitness Calculation 08-Apr-2019 23:18:03
Fitness Calculated 08-Apr-2019 23:36:58
Iterating ...
  112         339000           5.689           7.616        0
Starting Fitness Calculation 08-Apr-2019 23:37:31
Fitness Calculated 08-Apr-2019 23:56:14
Iterating ...
  113         342000           5.711           7.583        1
Starting Fitness Calculation 08-Apr-2019 23:56:47
Fitness Calculated 09-Apr-2019 00:15:45
Iterating ...
  114         345000           5.717           7.606        2
Starting Fitness Calculation 09-Apr-2019 00:16:19
Fitness Calculated 09-Apr-2019 00:35:04
Iterating ...
  115         348000            5.69           7.586        0
Starting Fitness Calculation 09-Apr-2019 00:35:38
Fitness Calculated 09-Apr-2019 00:54:37
Iterating ...
  116         351000           5.688           7.634        0
Starting Fitness Calculation 09-Apr-2019 00:55:11
Fitness Calculated 09-Apr-2019 01:13:45
Iterating ...
  117         354000           5.658           7.575        0
Starting Fitness Calculation 09-Apr-2019 01:14:19
Fitness Calculated 09-Apr-2019 01:33:06
Iterating ...
  118         357000           5.514           7.541        0
Starting Fitness Calculation 09-Apr-2019 01:33:40
Fitness Calculated 09-Apr-2019 01:52:56
Iterating ...
  119         360000           5.314           7.563        0
Starting Fitness Calculation 09-Apr-2019 01:53:31
Fitness Calculated 09-Apr-2019 02:12:49
Iterating ...
  120         363000           5.304            7.63        0

                               Best           Mean      Stall
Generation      f-count        f(x)           f(x)    Generations
Starting Fitness Calculation 09-Apr-2019 02:13:24
Fitness Calculated 09-Apr-2019 02:34:05
Iterating ...
  121         366000           5.141           7.637        0
Starting Fitness Calculation 09-Apr-2019 02:34:41
Fitness Calculated 09-Apr-2019 03:03:23
Iterating ...
  122         369000           5.033           7.679        0
Starting Fitness Calculation 09-Apr-2019 03:03:59
Fitness Calculated 09-Apr-2019 03:32:55
Iterating ...
  123         372000           5.054           7.674        1
Starting Fitness Calculation 09-Apr-2019 03:33:31
Fitness Calculated 09-Apr-2019 04:07:32
Iterating ...
  124         375000           5.019           7.646        0
Starting Fitness Calculation 09-Apr-2019 04:08:09
Fitness Calculated 09-Apr-2019 04:39:45
Iterating ...
  125         378000           4.978           7.654        0
Starting Fitness Calculation 09-Apr-2019 04:40:22
Fitness Calculated 09-Apr-2019 05:11:40
Iterating ...
  126         381000           5.005           7.704        1
Starting Fitness Calculation 09-Apr-2019 05:12:18
Fitness Calculated 09-Apr-2019 05:43:55
Iterating ...
  127         384000           5.082           7.726        2
Starting Fitness Calculation 09-Apr-2019 05:44:32
Fitness Calculated 09-Apr-2019 06:18:03
Iterating ...
  128         387000           5.074           7.702        0
Starting Fitness Calculation 09-Apr-2019 06:18:41
Fitness Calculated 09-Apr-2019 06:50:33
Iterating ...
  129         390000           5.098           7.753        1
Starting Fitness Calculation 09-Apr-2019 06:51:10
Fitness Calculated 09-Apr-2019 07:23:33
Iterating ...
  130         393000           5.023            7.76        0
Starting Fitness Calculation 09-Apr-2019 07:24:12
Fitness Calculated 09-Apr-2019 07:57:04
Iterating ...
  131         396000            5.07           7.718        1
Starting Fitness Calculation 09-Apr-2019 07:57:43
Fitness Calculated 09-Apr-2019 08:30:57
Iterating ...
  132         399000           5.018           7.642        0
Starting Fitness Calculation 09-Apr-2019 08:31:36
Fitness Calculated 09-Apr-2019 09:04:54
Iterating ...
  133         402000           5.096            7.55        1
Starting Fitness Calculation 09-Apr-2019 09:05:32
Fitness Calculated 09-Apr-2019 09:39:06
Iterating ...
  134         405000             5.1           7.579        2
Starting Fitness Calculation 09-Apr-2019 09:39:46
Fitness Calculated 09-Apr-2019 10:13:27
Iterating ...
  135         408000           5.033           7.504        0
Starting Fitness Calculation 09-Apr-2019 10:14:07
Fitness Calculated 09-Apr-2019 10:47:38
Iterating ...
  136         411000           5.058           7.558        1
Starting Fitness Calculation 09-Apr-2019 10:48:17
Fitness Calculated 09-Apr-2019 11:21:51
Iterating ...
  137         414000           5.024           7.481        0
Starting Fitness Calculation 09-Apr-2019 11:22:30
Fitness Calculated 09-Apr-2019 11:56:50
Iterating ...
  138         417000           5.051           7.466        1
Starting Fitness Calculation 09-Apr-2019 11:57:30
Fitness Calculated 09-Apr-2019 12:31:27
Iterating ...
  139         420000             5.1            7.49        2
Starting Fitness Calculation 09-Apr-2019 12:32:08
Fitness Calculated 09-Apr-2019 13:05:58
Iterating ...
  140         423000           5.078           7.519        0
Starting Fitness Calculation 09-Apr-2019 13:06:38
Fitness Calculated 09-Apr-2019 13:40:42
Iterating ...
  141         426000            5.13           7.454        1
Starting Fitness Calculation 09-Apr-2019 13:41:23
Fitness Calculated 09-Apr-2019 14:15:58
Iterating ...
  142         429000           5.076           7.454        0
Starting Fitness Calculation 09-Apr-2019 14:16:39
Fitness Calculated 09-Apr-2019 14:50:21
Iterating ...
  143         432000           5.099           7.464        1
Starting Fitness Calculation 09-Apr-2019 14:51:02
Fitness Calculated 09-Apr-2019 15:24:48
Iterating ...
  144         435000           5.099           7.461        0
Starting Fitness Calculation 09-Apr-2019 15:25:29
Fitness Calculated 09-Apr-2019 15:58:57
Iterating ...
  145         438000           5.039           7.479        0
Starting Fitness Calculation 09-Apr-2019 15:59:39
Fitness Calculated 09-Apr-2019 16:32:57
Iterating ...
  146         441000           5.075           7.422        1
Starting Fitness Calculation 09-Apr-2019 16:33:39
Fitness Calculated 09-Apr-2019 17:07:02
Iterating ...
  147         444000           5.063           7.413        0
Starting Fitness Calculation 09-Apr-2019 17:07:45
Fitness Calculated 09-Apr-2019 17:41:09
Iterating ...
  148         447000           5.106           7.435        1
Starting Fitness Calculation 09-Apr-2019 17:41:52
Fitness Calculated 09-Apr-2019 18:15:36
Iterating ...
  149         450000           5.088           7.429        0
Starting Fitness Calculation 09-Apr-2019 18:16:20
