
                            < M A T L A B (R) >
                  Copyright 1984-2015 The MathWorks, Inc.
                   R2015a (8.5.0.197613) 64-bit (glnxa64)
                             February 12, 2015

 
To get started, type one of these: helpwin, helpdesk, or demo.
For product information, visit www.mathworks.com.
 
 
To get started, type one of these: helpwin, helpdesk, or demo.
For product information, visit www.mathworks.com.
 
Starting parallel pool (parpool) using the 'ClusterPandora' profile ... connected to 80 workers.
Starting Fitness Calculation 23-Mar-2019 22:23:45
Analyzing and transferring files to the workers ...done.
Fitness Calculated 23-Mar-2019 22:27:10
Starting the algorithm

                               Best           Mean      Stall
Generation      f-count        f(x)           f(x)    Generations
Starting Fitness Calculation 23-Mar-2019 22:27:11
Fitness Calculated 23-Mar-2019 22:30:25
Iterating ...
    1          6000           9.701           15.34        0
Starting Fitness Calculation 23-Mar-2019 22:30:25
Fitness Calculated 23-Mar-2019 22:33:48
Iterating ...
    2          9000            9.13           14.93        0
Starting Fitness Calculation 23-Mar-2019 22:33:48
Fitness Calculated 23-Mar-2019 22:37:08
Iterating ...
    3         12000           9.087           14.95        0
Starting Fitness Calculation 23-Mar-2019 22:37:09
Fitness Calculated 23-Mar-2019 22:40:41
Iterating ...
    4         15000           8.997           15.09        0
Starting Fitness Calculation 23-Mar-2019 22:40:42
Fitness Calculated 23-Mar-2019 22:44:10
Iterating ...
    5         18000           9.158           14.92        1
Starting Fitness Calculation 23-Mar-2019 22:44:11
Fitness Calculated 23-Mar-2019 22:48:02
Iterating ...
    6         21000           8.745           14.41        0
Starting Fitness Calculation 23-Mar-2019 22:48:03
Fitness Calculated 23-Mar-2019 22:51:57
Iterating ...
    7         24000           8.914           13.57        1
Starting Fitness Calculation 23-Mar-2019 22:51:58
Fitness Calculated 23-Mar-2019 22:56:11
Iterating ...
    8         27000           8.861           12.97        0
Starting Fitness Calculation 23-Mar-2019 22:56:12
Fitness Calculated 23-Mar-2019 23:00:25
Iterating ...
    9         30000           8.762           12.56        0
Starting Fitness Calculation 23-Mar-2019 23:00:26
Fitness Calculated 23-Mar-2019 23:04:27
Iterating ...
   10         33000           8.869           12.43        1
Starting Fitness Calculation 23-Mar-2019 23:04:29
Fitness Calculated 23-Mar-2019 23:08:42
Iterating ...
   11         36000           8.834           12.21        0
Starting Fitness Calculation 23-Mar-2019 23:08:44
Fitness Calculated 23-Mar-2019 23:13:05
Iterating ...
   12         39000           8.434           12.08        0
Starting Fitness Calculation 23-Mar-2019 23:13:07
Fitness Calculated 23-Mar-2019 23:17:37
Iterating ...
   13         42000           8.687           11.83        1
Starting Fitness Calculation 23-Mar-2019 23:17:39
Fitness Calculated 23-Mar-2019 23:22:24
Iterating ...
   14         45000           8.183            11.9        0
Starting Fitness Calculation 23-Mar-2019 23:22:26
Fitness Calculated 23-Mar-2019 23:26:48
Iterating ...
   15         48000           8.717            11.7        1
Starting Fitness Calculation 23-Mar-2019 23:26:50
Fitness Calculated 23-Mar-2019 23:31:26
Iterating ...
   16         51000           8.272           11.86        0
Starting Fitness Calculation 23-Mar-2019 23:31:28
Fitness Calculated 23-Mar-2019 23:35:44
Iterating ...
   17         54000           8.353           11.91        1
Starting Fitness Calculation 23-Mar-2019 23:35:46
Fitness Calculated 23-Mar-2019 23:40:09
Iterating ...
   18         57000           7.808           11.77        0
Starting Fitness Calculation 23-Mar-2019 23:40:11
Fitness Calculated 23-Mar-2019 23:44:37
Iterating ...
   19         60000           7.636           11.68        0
Starting Fitness Calculation 23-Mar-2019 23:44:39
Fitness Calculated 23-Mar-2019 23:50:01
Iterating ...
   20         63000           5.988           11.84        0
Starting Fitness Calculation 23-Mar-2019 23:50:03
Fitness Calculated 23-Mar-2019 23:55:38
Iterating ...
   21         66000           6.115            11.5        1
Starting Fitness Calculation 23-Mar-2019 23:55:41
Fitness Calculated 24-Mar-2019 00:03:03
Iterating ...
   22         69000           4.793           11.31        0
Starting Fitness Calculation 24-Mar-2019 00:03:06
Fitness Calculated 24-Mar-2019 00:12:41
Iterating ...
   23         72000           4.181           11.01        0
Starting Fitness Calculation 24-Mar-2019 00:12:43
Fitness Calculated 24-Mar-2019 00:25:19
Iterating ...
   24         75000           4.119           10.71        0
Starting Fitness Calculation 24-Mar-2019 00:25:21
Fitness Calculated 24-Mar-2019 00:41:52
Iterating ...
   25         78000             3.4           10.34        0
Starting Fitness Calculation 24-Mar-2019 00:41:55
Fitness Calculated 24-Mar-2019 01:00:27
Iterating ...
   26         81000           3.336           9.984        0
Starting Fitness Calculation 24-Mar-2019 01:00:30
Fitness Calculated 24-Mar-2019 01:19:00
Iterating ...
   27         84000           3.088           9.587        0
Starting Fitness Calculation 24-Mar-2019 01:19:03
Fitness Calculated 24-Mar-2019 01:38:56
Iterating ...
   28         87000           3.198           9.364        1
Starting Fitness Calculation 24-Mar-2019 01:38:59
Fitness Calculated 24-Mar-2019 01:58:54
Iterating ...
   29         90000           2.917           9.119        0
Starting Fitness Calculation 24-Mar-2019 01:58:58
Fitness Calculated 24-Mar-2019 02:18:41
Iterating ...
   30         93000           2.924            8.99        1

                               Best           Mean      Stall
Generation      f-count        f(x)           f(x)    Generations
Starting Fitness Calculation 24-Mar-2019 02:18:44
Fitness Calculated 24-Mar-2019 02:39:14
Iterating ...
   31         96000           2.992           8.916        2
Starting Fitness Calculation 24-Mar-2019 02:39:17
Fitness Calculated 24-Mar-2019 03:00:21
Iterating ...
   32         99000           2.953           8.874        0
Starting Fitness Calculation 24-Mar-2019 03:00:24
Fitness Calculated 24-Mar-2019 03:20:37
Iterating ...
   33         102000           2.833           8.846        0
Starting Fitness Calculation 24-Mar-2019 03:20:41
Fitness Calculated 24-Mar-2019 03:42:03
Iterating ...
   34         105000           2.865           8.686        1
Starting Fitness Calculation 24-Mar-2019 03:42:07
Fitness Calculated 24-Mar-2019 04:03:30
Iterating ...
   35         108000           2.903           8.662        2
Starting Fitness Calculation 24-Mar-2019 04:03:34
Fitness Calculated 24-Mar-2019 04:25:02
Iterating ...
   36         111000           2.846           8.649        0
Starting Fitness Calculation 24-Mar-2019 04:25:06
Fitness Calculated 24-Mar-2019 04:46:43
Iterating ...
   37         114000           2.871           8.674        1
Starting Fitness Calculation 24-Mar-2019 04:46:47
Fitness Calculated 24-Mar-2019 05:08:01
Iterating ...
   38         117000           2.898            8.66        2
Starting Fitness Calculation 24-Mar-2019 05:08:05
Fitness Calculated 24-Mar-2019 05:28:56
Iterating ...
   39         120000           2.867           8.692        0
Starting Fitness Calculation 24-Mar-2019 05:29:00
Fitness Calculated 24-Mar-2019 05:50:45
Iterating ...
   40         123000           2.803             8.6        0
Starting Fitness Calculation 24-Mar-2019 05:50:49
Fitness Calculated 24-Mar-2019 06:12:29
Iterating ...
   41         126000           2.809           8.598        1
Starting Fitness Calculation 24-Mar-2019 06:12:33
Fitness Calculated 24-Mar-2019 06:34:36
Iterating ...
   42         129000           2.811           8.577        2
Starting Fitness Calculation 24-Mar-2019 06:34:40
Fitness Calculated 24-Mar-2019 06:56:49
Iterating ...
   43         132000            2.84            8.44        3
Starting Fitness Calculation 24-Mar-2019 06:56:53
Fitness Calculated 24-Mar-2019 07:19:11
Iterating ...
   44         135000           2.808           8.474        0
Starting Fitness Calculation 24-Mar-2019 07:19:15
Fitness Calculated 24-Mar-2019 07:41:10
Iterating ...
   45         138000           2.757           8.426        0
Starting Fitness Calculation 24-Mar-2019 07:41:14
Fitness Calculated 24-Mar-2019 08:03:42
Iterating ...
   46         141000           2.778           8.445        1
Starting Fitness Calculation 24-Mar-2019 08:03:47
Fitness Calculated 24-Mar-2019 08:26:19
Iterating ...
   47         144000           2.756            8.57        0
Starting Fitness Calculation 24-Mar-2019 08:26:23
Fitness Calculated 24-Mar-2019 08:48:31
Iterating ...
   48         147000           2.749           8.518        0
Starting Fitness Calculation 24-Mar-2019 08:48:36
Fitness Calculated 24-Mar-2019 09:11:24
Iterating ...
   49         150000           2.785           8.487        1
Starting Fitness Calculation 24-Mar-2019 09:11:29
Fitness Calculated 24-Mar-2019 09:34:20
Iterating ...
   50         153000           2.759           8.563        0
Starting Fitness Calculation 24-Mar-2019 09:34:25
Fitness Calculated 24-Mar-2019 09:56:36
Iterating ...
   51         156000           2.727           8.431        0
Starting Fitness Calculation 24-Mar-2019 09:56:40
Fitness Calculated 24-Mar-2019 10:18:41
Iterating ...
   52         159000           2.754            8.45        1
Starting Fitness Calculation 24-Mar-2019 10:18:45
Fitness Calculated 24-Mar-2019 10:41:11
Iterating ...
   53         162000           2.713            8.36        0
Starting Fitness Calculation 24-Mar-2019 10:41:16
Fitness Calculated 24-Mar-2019 11:04:08
Iterating ...
   54         165000           2.744           8.549        1
Starting Fitness Calculation 24-Mar-2019 11:04:13
Fitness Calculated 24-Mar-2019 11:28:39
Iterating ...
   55         168000           2.664           8.465        0
Starting Fitness Calculation 24-Mar-2019 11:28:44
Fitness Calculated 24-Mar-2019 11:51:18
Iterating ...
   56         171000           2.668           8.543        1
Starting Fitness Calculation 24-Mar-2019 11:51:23
Fitness Calculated 24-Mar-2019 12:13:53
Iterating ...
   57         174000           2.732           8.564        2
Starting Fitness Calculation 24-Mar-2019 12:13:58
Fitness Calculated 24-Mar-2019 12:36:37
Iterating ...
   58         177000           2.721           8.566        0
Starting Fitness Calculation 24-Mar-2019 12:36:43
Fitness Calculated 24-Mar-2019 12:59:53
Iterating ...
   59         180000           2.727           8.517        1
Starting Fitness Calculation 24-Mar-2019 12:59:59
Fitness Calculated 24-Mar-2019 13:22:33
Iterating ...
   60         183000           2.664           8.519        0

                               Best           Mean      Stall
Generation      f-count        f(x)           f(x)    Generations
Starting Fitness Calculation 24-Mar-2019 13:22:38
Fitness Calculated 24-Mar-2019 13:45:44
Iterating ...
   61         186000           2.736           8.405        1
Starting Fitness Calculation 24-Mar-2019 13:45:50
Fitness Calculated 24-Mar-2019 14:08:47
Iterating ...
   62         189000           2.695           8.335        0
Starting Fitness Calculation 24-Mar-2019 14:08:52
Fitness Calculated 24-Mar-2019 14:31:44
Iterating ...
   63         192000           2.698           8.483        1
Starting Fitness Calculation 24-Mar-2019 14:31:50
Fitness Calculated 24-Mar-2019 14:55:17
Iterating ...
   64         195000            2.68           8.581        0
Starting Fitness Calculation 24-Mar-2019 14:55:23
Fitness Calculated 24-Mar-2019 15:17:45
Iterating ...
   65         198000            2.61           8.612        0
Starting Fitness Calculation 24-Mar-2019 15:17:51
Fitness Calculated 24-Mar-2019 15:40:36
Iterating ...
   66         201000           2.684           8.578        1
Starting Fitness Calculation 24-Mar-2019 15:40:42
Fitness Calculated 24-Mar-2019 16:05:13
Iterating ...
   67         204000           2.669           8.588        0
Starting Fitness Calculation 24-Mar-2019 16:05:20
Fitness Calculated 24-Mar-2019 16:28:09
Iterating ...
   68         207000           2.659           8.666        0
Starting Fitness Calculation 24-Mar-2019 16:28:15
Fitness Calculated 24-Mar-2019 16:50:44
Iterating ...
   69         210000           2.613           8.536        0
Starting Fitness Calculation 24-Mar-2019 16:50:51
Fitness Calculated 24-Mar-2019 17:13:46
Iterating ...
   70         213000            2.66           8.552        1
Starting Fitness Calculation 24-Mar-2019 17:13:53
Fitness Calculated 24-Mar-2019 17:36:52
Iterating ...
   71         216000           2.643           8.516        0
Starting Fitness Calculation 24-Mar-2019 17:36:58
Fitness Calculated 24-Mar-2019 17:59:38
Iterating ...
   72         219000           2.615           8.602        0
Starting Fitness Calculation 24-Mar-2019 17:59:45
Fitness Calculated 24-Mar-2019 18:22:29
Iterating ...
   73         222000           2.631           8.517        1
Starting Fitness Calculation 24-Mar-2019 18:22:35
Fitness Calculated 24-Mar-2019 18:45:35
Iterating ...
   74         225000           2.657           8.551        2
Starting Fitness Calculation 24-Mar-2019 18:45:42
Fitness Calculated 24-Mar-2019 19:09:14
Iterating ...
   75         228000           2.676           8.527        3
Starting Fitness Calculation 24-Mar-2019 19:09:21
Fitness Calculated 24-Mar-2019 19:33:09
Iterating ...
   76         231000           2.651           8.441        0
Starting Fitness Calculation 24-Mar-2019 19:33:15
Fitness Calculated 24-Mar-2019 19:55:46
Iterating ...
   77         234000            2.67           8.504        1
Starting Fitness Calculation 24-Mar-2019 19:55:53
Fitness Calculated 24-Mar-2019 20:18:55
Iterating ...
   78         237000           2.603           8.448        0
Starting Fitness Calculation 24-Mar-2019 20:19:02
Fitness Calculated 24-Mar-2019 20:41:21
Iterating ...
   79         240000           2.681           8.437        1
Starting Fitness Calculation 24-Mar-2019 20:41:28
Fitness Calculated 24-Mar-2019 21:04:34
Iterating ...
   80         243000           2.642           8.509        0
Starting Fitness Calculation 24-Mar-2019 21:04:41
Fitness Calculated 24-Mar-2019 21:26:51
Iterating ...
   81         246000           2.637           8.502        0
Starting Fitness Calculation 24-Mar-2019 21:26:59
Fitness Calculated 24-Mar-2019 21:49:25
Iterating ...
   82         249000           2.629           8.517        0
Starting Fitness Calculation 24-Mar-2019 21:49:32
Fitness Calculated 24-Mar-2019 22:11:43
Iterating ...
   83         252000           2.615           8.455        0
Starting Fitness Calculation 24-Mar-2019 22:11:50
Fitness Calculated 24-Mar-2019 22:34:55
Iterating ...
   84         255000           2.658           8.434        1
Starting Fitness Calculation 24-Mar-2019 22:35:03
Fitness Calculated 24-Mar-2019 22:57:52
Iterating ...
   85         258000           2.658           8.351        0
Starting Fitness Calculation 24-Mar-2019 22:58:00
Fitness Calculated 24-Mar-2019 23:24:13
Iterating ...
   86         261000           2.641            8.46        0
Starting Fitness Calculation 24-Mar-2019 23:24:21
Fitness Calculated 24-Mar-2019 23:47:15
Iterating ...
   87         264000           2.595           8.396        0
Starting Fitness Calculation 24-Mar-2019 23:47:23
Fitness Calculated 25-Mar-2019 00:09:58
Iterating ...
   88         267000           2.622           8.613        1
Starting Fitness Calculation 25-Mar-2019 00:10:06
Fitness Calculated 25-Mar-2019 00:32:59
Iterating ...
   89         270000           2.643           8.576        2
Starting Fitness Calculation 25-Mar-2019 00:33:07
Fitness Calculated 25-Mar-2019 00:56:07
Iterating ...
   90         273000           2.619           8.484        0

                               Best           Mean      Stall
Generation      f-count        f(x)           f(x)    Generations
Starting Fitness Calculation 25-Mar-2019 00:56:14
Fitness Calculated 25-Mar-2019 01:18:59
Iterating ...
   91         276000           2.577           8.474        0
Starting Fitness Calculation 25-Mar-2019 01:19:08
Fitness Calculated 25-Mar-2019 01:41:53
Iterating ...
   92         279000           2.281           8.479        0
Starting Fitness Calculation 25-Mar-2019 01:42:01
Fitness Calculated 25-Mar-2019 02:05:03
Iterating ...
   93         282000           2.634           8.489        1
Starting Fitness Calculation 25-Mar-2019 02:05:11
Fitness Calculated 25-Mar-2019 02:27:58
Iterating ...
   94         285000           2.519           8.394        0
Starting Fitness Calculation 25-Mar-2019 02:28:06
Fitness Calculated 25-Mar-2019 02:51:00
Iterating ...
   95         288000           2.588           8.409        1
Starting Fitness Calculation 25-Mar-2019 02:51:08
Fitness Calculated 25-Mar-2019 03:13:50
Iterating ...
   96         291000            2.58           8.458        0
Starting Fitness Calculation 25-Mar-2019 03:13:58
Fitness Calculated 25-Mar-2019 03:36:55
Iterating ...
   97         294000           2.592             8.4        1
Starting Fitness Calculation 25-Mar-2019 03:37:04
Fitness Calculated 25-Mar-2019 04:01:27
Iterating ...
   98         297000           2.528           8.379        0
Starting Fitness Calculation 25-Mar-2019 04:01:36
Fitness Calculated 25-Mar-2019 04:24:14
Iterating ...
   99         300000           2.583           8.493        1
Starting Fitness Calculation 25-Mar-2019 04:24:23
Fitness Calculated 25-Mar-2019 04:47:01
Iterating ...
  100         303000           2.609           8.454        2
Starting Fitness Calculation 25-Mar-2019 04:47:10
Fitness Calculated 25-Mar-2019 05:10:10
Iterating ...
  101         306000           2.558           8.416        0
Starting Fitness Calculation 25-Mar-2019 05:10:18
Fitness Calculated 25-Mar-2019 05:32:54
Iterating ...
  102         309000            2.59           8.488        1
Starting Fitness Calculation 25-Mar-2019 05:33:03
Fitness Calculated 25-Mar-2019 05:55:27
Iterating ...
  103         312000           2.575           8.481        0
Starting Fitness Calculation 25-Mar-2019 05:55:36
Fitness Calculated 25-Mar-2019 06:18:14
Iterating ...
  104         315000           2.544           8.561        0
Starting Fitness Calculation 25-Mar-2019 06:18:23
Fitness Calculated 25-Mar-2019 06:41:11
Iterating ...
  105         318000           2.542           8.517        0
Starting Fitness Calculation 25-Mar-2019 06:41:20
Fitness Calculated 25-Mar-2019 07:06:10
Iterating ...
  106         321000           2.565            8.34        1
Starting Fitness Calculation 25-Mar-2019 07:06:19
Fitness Calculated 25-Mar-2019 07:28:51
Iterating ...
  107         324000           2.582           8.431        2
Starting Fitness Calculation 25-Mar-2019 07:29:00
Fitness Calculated 25-Mar-2019 07:52:03
Iterating ...
  108         327000           2.603           8.411        3
Starting Fitness Calculation 25-Mar-2019 07:52:13
Fitness Calculated 25-Mar-2019 08:14:51
Iterating ...
  109         330000           2.618           8.332        4
Starting Fitness Calculation 25-Mar-2019 08:15:00
Fitness Calculated 25-Mar-2019 08:37:55
Iterating ...
  110         333000           2.582           8.398        0
Starting Fitness Calculation 25-Mar-2019 08:38:04
Fitness Calculated 25-Mar-2019 09:01:12
Iterating ...
  111         336000           2.601           8.386        1
Starting Fitness Calculation 25-Mar-2019 09:01:21
Fitness Calculated 25-Mar-2019 09:23:58
Iterating ...
  112         339000           2.585           8.413        0
Starting Fitness Calculation 25-Mar-2019 09:24:08
Fitness Calculated 25-Mar-2019 09:47:11
Iterating ...
  113         342000           2.548           8.496        0
Starting Fitness Calculation 25-Mar-2019 09:47:20
Fitness Calculated 25-Mar-2019 10:09:54
Iterating ...
  114         345000            2.59           8.368        1
Starting Fitness Calculation 25-Mar-2019 10:10:04
Fitness Calculated 25-Mar-2019 10:33:07
Iterating ...
  115         348000           2.568           8.296        0
Starting Fitness Calculation 25-Mar-2019 10:33:17
Fitness Calculated 25-Mar-2019 10:56:07
Iterating ...
  116         351000           2.577           8.393        1
Starting Fitness Calculation 25-Mar-2019 10:56:17
Fitness Calculated 25-Mar-2019 11:19:12
Iterating ...
  117         354000           2.571           8.396        0
Starting Fitness Calculation 25-Mar-2019 11:19:23
Fitness Calculated 25-Mar-2019 11:42:19
Iterating ...
  118         357000           2.589           8.329        1
Starting Fitness Calculation 25-Mar-2019 11:42:29
Fitness Calculated 25-Mar-2019 12:05:21
Iterating ...
  119         360000           2.562           8.386        0
Starting Fitness Calculation 25-Mar-2019 12:05:31
Fitness Calculated 25-Mar-2019 12:29:53
Iterating ...
  120         363000           2.591           8.284        1

                               Best           Mean      Stall
Generation      f-count        f(x)           f(x)    Generations
Starting Fitness Calculation 25-Mar-2019 12:30:04
Fitness Calculated 25-Mar-2019 12:53:07
Iterating ...
  121         366000           2.547           8.357        0
Starting Fitness Calculation 25-Mar-2019 12:53:17
Fitness Calculated 25-Mar-2019 13:16:51
Iterating ...
  122         369000           2.543           8.285        0
Starting Fitness Calculation 25-Mar-2019 13:17:01
Fitness Calculated 25-Mar-2019 13:39:29
Iterating ...
  123         372000            2.57           8.211        1
Starting Fitness Calculation 25-Mar-2019 13:39:39
Fitness Calculated 25-Mar-2019 14:02:22
Iterating ...
  124         375000           2.543           8.106        0
Starting Fitness Calculation 25-Mar-2019 14:02:33
Fitness Calculated 25-Mar-2019 14:25:40
Iterating ...
  125         378000           2.569           8.136        1
Starting Fitness Calculation 25-Mar-2019 14:25:51
Fitness Calculated 25-Mar-2019 14:48:32
Iterating ...
  126         381000           2.565           8.108        0
Starting Fitness Calculation 25-Mar-2019 14:48:43
Fitness Calculated 25-Mar-2019 15:11:45
Iterating ...
  127         384000            2.57           8.064        1
Starting Fitness Calculation 25-Mar-2019 15:11:56
Fitness Calculated 25-Mar-2019 15:35:30
Iterating ...
  128         387000           2.555            8.02        0
Starting Fitness Calculation 25-Mar-2019 15:35:42
Fitness Calculated 25-Mar-2019 15:58:42
Iterating ...
  129         390000           2.597           8.066        1
Starting Fitness Calculation 25-Mar-2019 15:58:53
Fitness Calculated 25-Mar-2019 16:21:26
Iterating ...
  130         393000           2.582           8.131        0
Starting Fitness Calculation 25-Mar-2019 16:21:37
Fitness Calculated 25-Mar-2019 16:44:25
Iterating ...
  131         396000           2.579           7.988        0
Starting Fitness Calculation 25-Mar-2019 16:44:36
Fitness Calculated 25-Mar-2019 17:07:37
Iterating ...
  132         399000           2.517           8.097        0
Starting Fitness Calculation 25-Mar-2019 17:07:49
Fitness Calculated 25-Mar-2019 17:30:10
Iterating ...
  133         402000           2.567           8.095        1
Starting Fitness Calculation 25-Mar-2019 17:30:22
Fitness Calculated 25-Mar-2019 17:53:05
Iterating ...
  134         405000           2.523           8.038        0
Starting Fitness Calculation 25-Mar-2019 17:53:16
Fitness Calculated 25-Mar-2019 18:16:57
Iterating ...
  135         408000           2.532           8.099        1
Starting Fitness Calculation 25-Mar-2019 18:17:08
Fitness Calculated 25-Mar-2019 18:39:35
Iterating ...
  136         411000           2.487           8.001        0
Starting Fitness Calculation 25-Mar-2019 18:39:47
Fitness Calculated 25-Mar-2019 19:03:54
Iterating ...
  137         414000           2.533           7.944        1
Starting Fitness Calculation 25-Mar-2019 19:04:06
Fitness Calculated 25-Mar-2019 19:26:38
Iterating ...
  138         417000           2.542           7.946        2
Starting Fitness Calculation 25-Mar-2019 19:26:50
Fitness Calculated 25-Mar-2019 19:49:34
Iterating ...
  139         420000           2.569           8.008        3
Starting Fitness Calculation 25-Mar-2019 19:49:46
Fitness Calculated 25-Mar-2019 20:12:48
Iterating ...
  140         423000            2.52            7.97        0
Starting Fitness Calculation 25-Mar-2019 20:13:00
Fitness Calculated 25-Mar-2019 20:35:19
Iterating ...
  141         426000           2.536           7.924        1
Starting Fitness Calculation 25-Mar-2019 20:35:32
Fitness Calculated 25-Mar-2019 20:58:16
Iterating ...
  142         429000           2.539           7.945        2
Starting Fitness Calculation 25-Mar-2019 20:58:28
Fitness Calculated 25-Mar-2019 21:21:37
Iterating ...
  143         432000           2.559           7.996        3
Starting Fitness Calculation 25-Mar-2019 21:21:50
Fitness Calculated 25-Mar-2019 21:44:37
Iterating ...
  144         435000           2.556           7.969        0
Starting Fitness Calculation 25-Mar-2019 21:44:49
Fitness Calculated 25-Mar-2019 22:08:07
Iterating ...
  145         438000           2.549           7.994        0
Starting Fitness Calculation 25-Mar-2019 22:08:20
Fitness Calculated 25-Mar-2019 22:31:25
Iterating ...
  146         441000           2.568           7.913        1
Starting Fitness Calculation 25-Mar-2019 22:31:38
Fitness Calculated 25-Mar-2019 22:54:19
Iterating ...
  147         444000           2.533           7.927        0
Starting Fitness Calculation 25-Mar-2019 22:54:32
Fitness Calculated 25-Mar-2019 23:17:45
Iterating ...
  148         447000           1.753           7.839        0
Starting Fitness Calculation 25-Mar-2019 23:17:58
Fitness Calculated 25-Mar-2019 23:41:06
Iterating ...
  149         450000           2.565           7.828        1
Starting Fitness Calculation 25-Mar-2019 23:41:19
Fitness Calculated 26-Mar-2019 00:04:24
Iterating ...
  150         453000           2.529           7.855        0
Optimization terminated: maximum number of generations exceeded.
Performing final task
Parallel pool using the 'ClusterPandora' profile is shutting down.
Starting parallel pool (parpool) using the 'ClusterPandora' profile ... connected to 80 workers.
Starting Fitness Calculation 26-Mar-2019 00:05:00
Analyzing and transferring files to the workers ...done.
Fitness Calculated 26-Mar-2019 00:07:37
Starting the algorithm

                               Best           Mean      Stall
Generation      f-count        f(x)           f(x)    Generations
Starting Fitness Calculation 26-Mar-2019 00:07:38
Fitness Calculated 26-Mar-2019 00:10:03
Iterating ...
    1          6000           9.677           12.11        0
Starting Fitness Calculation 26-Mar-2019 00:10:03
Fitness Calculated 26-Mar-2019 00:12:34
Iterating ...
    2          9000           9.142           11.98        0
Starting Fitness Calculation 26-Mar-2019 00:12:35
Fitness Calculated 26-Mar-2019 00:15:26
Iterating ...
    3         12000           7.483           11.83        0
Starting Fitness Calculation 26-Mar-2019 00:15:26
Fitness Calculated 26-Mar-2019 00:18:56
Iterating ...
    4         15000           6.185           11.64        0
Starting Fitness Calculation 26-Mar-2019 00:18:56
Fitness Calculated 26-Mar-2019 00:24:04
Iterating ...
    5         18000           6.473           11.43        1
Starting Fitness Calculation 26-Mar-2019 00:24:04
Fitness Calculated 26-Mar-2019 00:33:31
Iterating ...
    6         21000            5.48            11.2        0
Starting Fitness Calculation 26-Mar-2019 00:33:32
Fitness Calculated 26-Mar-2019 00:45:52
Iterating ...
    7         24000           5.296           10.88        0
Starting Fitness Calculation 26-Mar-2019 00:45:52
Fitness Calculated 26-Mar-2019 01:00:13
Iterating ...
    8         27000           3.972           10.46        0
Starting Fitness Calculation 26-Mar-2019 01:00:14
Fitness Calculated 26-Mar-2019 01:14:16
Iterating ...
    9         30000           4.005           9.998        1
Starting Fitness Calculation 26-Mar-2019 01:14:17
Fitness Calculated 26-Mar-2019 01:29:11
Iterating ...
   10         33000           3.998           9.551        0
Starting Fitness Calculation 26-Mar-2019 01:29:11
Fitness Calculated 26-Mar-2019 01:43:42
Iterating ...
   11         36000            3.78           9.246        0
Starting Fitness Calculation 26-Mar-2019 01:43:43
Fitness Calculated 26-Mar-2019 01:59:35
Iterating ...
   12         39000           3.834           8.953        1
Starting Fitness Calculation 26-Mar-2019 01:59:36
Fitness Calculated 26-Mar-2019 02:14:54
Iterating ...
   13         42000           3.817           8.689        0
Starting Fitness Calculation 26-Mar-2019 02:14:55
Fitness Calculated 26-Mar-2019 02:32:32
Iterating ...
   14         45000           3.526           8.523        0
Starting Fitness Calculation 26-Mar-2019 02:32:33
Fitness Calculated 26-Mar-2019 02:50:02
Iterating ...
   15         48000           3.511           8.464        0
Starting Fitness Calculation 26-Mar-2019 02:50:03
Fitness Calculated 26-Mar-2019 03:06:51
Iterating ...
   16         51000           3.282           8.333        0
Starting Fitness Calculation 26-Mar-2019 03:06:52
Fitness Calculated 26-Mar-2019 03:24:46
Iterating ...
   17         54000           3.251           8.268        0
Starting Fitness Calculation 26-Mar-2019 03:24:47
Fitness Calculated 26-Mar-2019 03:42:05
Iterating ...
   18         57000           3.236           8.221        0
Starting Fitness Calculation 26-Mar-2019 03:42:05
Fitness Calculated 26-Mar-2019 03:59:41
Iterating ...
   19         60000           3.217           8.172        0
Starting Fitness Calculation 26-Mar-2019 03:59:42
Fitness Calculated 26-Mar-2019 04:17:30
Iterating ...
   20         63000           3.285            8.07        1
Starting Fitness Calculation 26-Mar-2019 04:17:31
Fitness Calculated 26-Mar-2019 04:37:47
Iterating ...
   21         66000           3.092           7.937        0
Starting Fitness Calculation 26-Mar-2019 04:37:48
Fitness Calculated 26-Mar-2019 04:57:07
Iterating ...
   22         69000           3.054           7.806        0
Starting Fitness Calculation 26-Mar-2019 04:57:08
Fitness Calculated 26-Mar-2019 05:17:25
Iterating ...
   23         72000           2.982           7.831        0
Starting Fitness Calculation 26-Mar-2019 05:17:26
Fitness Calculated 26-Mar-2019 05:36:58
Iterating ...
   24         75000           3.006           7.772        1
Starting Fitness Calculation 26-Mar-2019 05:36:59
Fitness Calculated 26-Mar-2019 05:57:37
Iterating ...
   25         78000           2.885            7.66        0
Starting Fitness Calculation 26-Mar-2019 05:57:38
Fitness Calculated 26-Mar-2019 06:17:12
Iterating ...
   26         81000           2.987           7.667        1
Starting Fitness Calculation 26-Mar-2019 06:17:13
Fitness Calculated 26-Mar-2019 06:37:34
Iterating ...
   27         84000           2.865           7.479        0
Starting Fitness Calculation 26-Mar-2019 06:37:35
Fitness Calculated 26-Mar-2019 06:58:26
Iterating ...
   28         87000           2.859           7.426        0
Starting Fitness Calculation 26-Mar-2019 06:58:27
Fitness Calculated 26-Mar-2019 07:20:16
Iterating ...
   29         90000           2.763           7.359        0
Starting Fitness Calculation 26-Mar-2019 07:20:17
Fitness Calculated 26-Mar-2019 07:39:38
Iterating ...
   30         93000           2.729           7.415        0

                               Best           Mean      Stall
Generation      f-count        f(x)           f(x)    Generations
Starting Fitness Calculation 26-Mar-2019 07:39:39
Fitness Calculated 26-Mar-2019 08:00:35
Iterating ...
   31         96000           2.716           7.323        0
Starting Fitness Calculation 26-Mar-2019 08:00:36
Fitness Calculated 26-Mar-2019 08:20:07
Iterating ...
   32         99000           2.745           7.395        1
Starting Fitness Calculation 26-Mar-2019 08:20:08
Fitness Calculated 26-Mar-2019 08:39:43
Iterating ...
   33         102000            2.69           7.291        0
Starting Fitness Calculation 26-Mar-2019 08:39:44
Fitness Calculated 26-Mar-2019 09:02:19
Iterating ...
   34         105000           2.717           7.192        1
Starting Fitness Calculation 26-Mar-2019 09:02:20
Fitness Calculated 26-Mar-2019 09:23:38
Iterating ...
   35         108000           2.686           7.249        0
Starting Fitness Calculation 26-Mar-2019 09:23:40
Fitness Calculated 26-Mar-2019 09:46:56
Iterating ...
   36         111000           2.633           7.068        0
Starting Fitness Calculation 26-Mar-2019 09:46:58
Fitness Calculated 26-Mar-2019 10:08:13
Iterating ...
   37         114000            2.65           7.179        1
Starting Fitness Calculation 26-Mar-2019 10:08:15
Fitness Calculated 26-Mar-2019 10:32:09
Iterating ...
   38         117000           2.678           7.194        2
Starting Fitness Calculation 26-Mar-2019 10:32:10
Fitness Calculated 26-Mar-2019 10:55:19
Iterating ...
   39         120000           2.568           7.126        0
Starting Fitness Calculation 26-Mar-2019 10:55:20
Fitness Calculated 26-Mar-2019 11:14:41
Iterating ...
   40         123000           2.604           7.012        1
Starting Fitness Calculation 26-Mar-2019 11:14:42
Fitness Calculated 26-Mar-2019 11:35:34
Iterating ...
   41         126000           2.621           7.082        2
Starting Fitness Calculation 26-Mar-2019 11:35:35
Fitness Calculated 26-Mar-2019 11:56:34
Iterating ...
   42         129000           2.615           7.062        0
Starting Fitness Calculation 26-Mar-2019 11:56:36
Fitness Calculated 26-Mar-2019 12:16:01
Iterating ...
   43         132000           2.585           7.006        0
Starting Fitness Calculation 26-Mar-2019 12:16:02
Fitness Calculated 26-Mar-2019 12:36:34
Iterating ...
   44         135000           2.661           7.086        1
Starting Fitness Calculation 26-Mar-2019 12:36:36
Fitness Calculated 26-Mar-2019 12:59:13
Iterating ...
   45         138000           2.608           7.091        0
Starting Fitness Calculation 26-Mar-2019 12:59:15
Fitness Calculated 26-Mar-2019 13:20:22
Iterating ...
   46         141000           2.584            7.06        0
Starting Fitness Calculation 26-Mar-2019 13:20:23
Fitness Calculated 26-Mar-2019 13:45:02
Iterating ...
   47         144000           2.562           7.129        0
Starting Fitness Calculation 26-Mar-2019 13:45:04
Fitness Calculated 26-Mar-2019 14:05:09
Iterating ...
   48         147000           2.603            7.11        1
Starting Fitness Calculation 26-Mar-2019 14:05:10
Fitness Calculated 26-Mar-2019 14:24:37
Iterating ...
   49         150000           2.575           7.155        0
Starting Fitness Calculation 26-Mar-2019 14:24:39
Fitness Calculated 26-Mar-2019 14:47:09
Iterating ...
   50         153000           2.628           7.116        1
Starting Fitness Calculation 26-Mar-2019 14:47:11
Fitness Calculated 26-Mar-2019 15:06:54
Iterating ...
   51         156000           2.613           7.124        0
Starting Fitness Calculation 26-Mar-2019 15:06:56
Fitness Calculated 26-Mar-2019 15:28:13
Iterating ...
   52         159000           2.592             7.1        0
Starting Fitness Calculation 26-Mar-2019 15:28:14
Fitness Calculated 26-Mar-2019 15:50:22
Iterating ...
   53         162000           2.601           7.164        1
Starting Fitness Calculation 26-Mar-2019 15:50:24
Fitness Calculated 26-Mar-2019 16:09:56
Iterating ...
   54         165000           2.539           7.082        0
Starting Fitness Calculation 26-Mar-2019 16:09:58
Fitness Calculated 26-Mar-2019 16:33:14
Iterating ...
   55         168000           2.608           6.971        1
Starting Fitness Calculation 26-Mar-2019 16:33:16
Fitness Calculated 26-Mar-2019 16:53:43
Iterating ...
   56         171000           2.562           7.022        0
Starting Fitness Calculation 26-Mar-2019 16:53:45
Fitness Calculated 26-Mar-2019 17:15:41
Iterating ...
   57         174000           2.584           7.137        1
Starting Fitness Calculation 26-Mar-2019 17:15:43
Fitness Calculated 26-Mar-2019 17:37:36
Iterating ...
   58         177000           2.613            7.07        2
Starting Fitness Calculation 26-Mar-2019 17:37:38
Fitness Calculated 26-Mar-2019 18:04:48
Iterating ...
   59         180000           2.581           7.112        0
Starting Fitness Calculation 26-Mar-2019 18:04:50
Fitness Calculated 26-Mar-2019 18:26:08
Iterating ...
   60         183000           2.592           7.065        1

                               Best           Mean      Stall
Generation      f-count        f(x)           f(x)    Generations
Starting Fitness Calculation 26-Mar-2019 18:26:10
Fitness Calculated 26-Mar-2019 18:48:09
Iterating ...
   61         186000           2.598           7.021        2
Starting Fitness Calculation 26-Mar-2019 18:48:11
Fitness Calculated 26-Mar-2019 19:11:57
Iterating ...
   62         189000           2.554           6.992        0
Starting Fitness Calculation 26-Mar-2019 19:11:59
Fitness Calculated 26-Mar-2019 19:34:01
Iterating ...
   63         192000           2.523           7.102        0
Starting Fitness Calculation 26-Mar-2019 19:34:04
Fitness Calculated 26-Mar-2019 19:55:31
Iterating ...
   64         195000           2.566           7.084        1
Starting Fitness Calculation 26-Mar-2019 19:55:33
Fitness Calculated 26-Mar-2019 20:19:20
Iterating ...
   65         198000           2.576           6.943        2
Starting Fitness Calculation 26-Mar-2019 20:19:22
Fitness Calculated 26-Mar-2019 20:41:50
Iterating ...
   66         201000           2.581           6.983        3
Starting Fitness Calculation 26-Mar-2019 20:41:52
Fitness Calculated 26-Mar-2019 21:04:45
Iterating ...
   67         204000           2.557           7.005        0
Starting Fitness Calculation 26-Mar-2019 21:04:47
Fitness Calculated 26-Mar-2019 21:25:32
Iterating ...
   68         207000           2.564           6.979        1
Starting Fitness Calculation 26-Mar-2019 21:25:34
Fitness Calculated 26-Mar-2019 21:50:09
Iterating ...
   69         210000           2.557           6.956        0
Starting Fitness Calculation 26-Mar-2019 21:50:12
Fitness Calculated 26-Mar-2019 22:14:45
Iterating ...
   70         213000           2.513           6.962        0
Starting Fitness Calculation 26-Mar-2019 22:14:47
Fitness Calculated 26-Mar-2019 22:35:08
Iterating ...
   71         216000           2.571           6.944        1
Starting Fitness Calculation 26-Mar-2019 22:35:11
Fitness Calculated 26-Mar-2019 22:54:57
Iterating ...
   72         219000           2.498           6.942        0
Starting Fitness Calculation 26-Mar-2019 22:54:59
Fitness Calculated 26-Mar-2019 23:16:57
Iterating ...
   73         222000           2.518           6.865        1
Starting Fitness Calculation 26-Mar-2019 23:16:59
Fitness Calculated 26-Mar-2019 23:40:42
Iterating ...
   74         225000            2.53           6.927        2
Starting Fitness Calculation 26-Mar-2019 23:40:44
Fitness Calculated 27-Mar-2019 00:01:32
Iterating ...
   75         228000           2.513           6.911        0
Starting Fitness Calculation 27-Mar-2019 00:01:35
Fitness Calculated 27-Mar-2019 00:23:34
Iterating ...
   76         231000           2.536           6.929        1
Starting Fitness Calculation 27-Mar-2019 00:23:37
Fitness Calculated 27-Mar-2019 00:46:28
Iterating ...
   77         234000           2.506           6.984        0
Starting Fitness Calculation 27-Mar-2019 00:46:30
Fitness Calculated 27-Mar-2019 01:09:38
Iterating ...
   78         237000           2.495           6.958        0
Starting Fitness Calculation 27-Mar-2019 01:09:41
Fitness Calculated 27-Mar-2019 01:31:33
Iterating ...
   79         240000           2.504           6.944        1
Starting Fitness Calculation 27-Mar-2019 01:31:35
Fitness Calculated 27-Mar-2019 01:53:45
Iterating ...
   80         243000           2.487           6.886        0
Starting Fitness Calculation 27-Mar-2019 01:53:47
Fitness Calculated 27-Mar-2019 02:16:03
Iterating ...
   81         246000           2.497           6.922        1
Starting Fitness Calculation 27-Mar-2019 02:16:06
Fitness Calculated 27-Mar-2019 02:40:10
Iterating ...
   82         249000           2.516           6.945        2
Starting Fitness Calculation 27-Mar-2019 02:40:12
Fitness Calculated 27-Mar-2019 03:02:56
Iterating ...
   83         252000           2.473           6.878        0
Starting Fitness Calculation 27-Mar-2019 03:02:59
Fitness Calculated 27-Mar-2019 03:24:03
Iterating ...
   84         255000           2.528           7.025        1
Starting Fitness Calculation 27-Mar-2019 03:24:06
Fitness Calculated 27-Mar-2019 03:43:38
Iterating ...
   85         258000           2.521           6.984        0
Starting Fitness Calculation 27-Mar-2019 03:43:40
Fitness Calculated 27-Mar-2019 04:03:41
Iterating ...
   86         261000           2.479               7        0
Starting Fitness Calculation 27-Mar-2019 04:03:44
Fitness Calculated 27-Mar-2019 04:24:12
Iterating ...
   87         264000           2.487           6.973        1
Starting Fitness Calculation 27-Mar-2019 04:24:15
Fitness Calculated 27-Mar-2019 04:48:42
Iterating ...
   88         267000           2.456            7.05        0
Starting Fitness Calculation 27-Mar-2019 04:48:45
Fitness Calculated 27-Mar-2019 05:13:34
Iterating ...
   89         270000           2.558           6.999        1
Starting Fitness Calculation 27-Mar-2019 05:13:37
Fitness Calculated 27-Mar-2019 05:33:16
Iterating ...
   90         273000           2.517           6.972        0

                               Best           Mean      Stall
Generation      f-count        f(x)           f(x)    Generations
Starting Fitness Calculation 27-Mar-2019 05:33:19
Fitness Calculated 27-Mar-2019 05:55:32
Iterating ...
   91         276000           2.484           6.931        0
Starting Fitness Calculation 27-Mar-2019 05:55:35
Fitness Calculated 27-Mar-2019 06:19:00
Iterating ...
   92         279000           2.517           6.941        1
Starting Fitness Calculation 27-Mar-2019 06:19:03
Fitness Calculated 27-Mar-2019 06:40:02
Iterating ...
   93         282000           2.516           6.929        0
Starting Fitness Calculation 27-Mar-2019 06:40:05
Fitness Calculated 27-Mar-2019 07:02:14
Iterating ...
   94         285000           2.531           6.946        1
Starting Fitness Calculation 27-Mar-2019 07:02:17
Fitness Calculated 27-Mar-2019 07:27:32
Iterating ...
   95         288000           2.486           7.025        0
Starting Fitness Calculation 27-Mar-2019 07:27:35
Fitness Calculated 27-Mar-2019 07:49:56
Iterating ...
   96         291000           2.518           6.971        1
Starting Fitness Calculation 27-Mar-2019 07:49:59
Fitness Calculated 27-Mar-2019 08:14:09
Iterating ...
   97         294000            2.47           6.991        0
Starting Fitness Calculation 27-Mar-2019 08:14:12
Fitness Calculated 27-Mar-2019 08:33:55
Iterating ...
   98         297000           2.519           7.069        1
Starting Fitness Calculation 27-Mar-2019 08:33:58
Fitness Calculated 27-Mar-2019 08:53:57
Iterating ...
   99         300000           2.458           7.044        0
Starting Fitness Calculation 27-Mar-2019 08:54:00
Fitness Calculated 27-Mar-2019 09:16:25
Iterating ...
  100         303000           2.526           6.999        1
Starting Fitness Calculation 27-Mar-2019 09:16:28
Fitness Calculated 27-Mar-2019 09:39:00
Iterating ...
  101         306000            2.49           7.067        0
Starting Fitness Calculation 27-Mar-2019 09:39:04
Fitness Calculated 27-Mar-2019 09:58:47
Iterating ...
  102         309000           2.537            6.96        1
Starting Fitness Calculation 27-Mar-2019 09:58:50
Fitness Calculated 27-Mar-2019 10:22:07
Iterating ...
  103         312000           2.504           6.933        0
Starting Fitness Calculation 27-Mar-2019 10:22:10
Fitness Calculated 27-Mar-2019 10:43:34
Iterating ...
  104         315000           2.468            6.97        0
Starting Fitness Calculation 27-Mar-2019 10:43:37
Fitness Calculated 27-Mar-2019 11:03:18
Iterating ...
  105         318000           2.507           6.878        1
Starting Fitness Calculation 27-Mar-2019 11:03:21
Fitness Calculated 27-Mar-2019 11:26:20
Iterating ...
  106         321000            2.51           6.895        2
Starting Fitness Calculation 27-Mar-2019 11:26:23
Fitness Calculated 27-Mar-2019 11:49:43
Iterating ...
  107         324000           2.499           7.004        0
Starting Fitness Calculation 27-Mar-2019 11:49:47
Fitness Calculated 27-Mar-2019 12:10:13
Iterating ...
  108         327000           2.512           7.042        1
Starting Fitness Calculation 27-Mar-2019 12:10:16
Fitness Calculated 27-Mar-2019 12:32:41
Iterating ...
  109         330000           2.501           6.983        0
Starting Fitness Calculation 27-Mar-2019 12:32:44
Fitness Calculated 27-Mar-2019 12:55:32
Iterating ...
  110         333000           2.497           6.893        0
Starting Fitness Calculation 27-Mar-2019 12:55:36
Fitness Calculated 27-Mar-2019 13:15:29
Iterating ...
  111         336000           2.491           6.855        0
Starting Fitness Calculation 27-Mar-2019 13:15:33
Fitness Calculated 27-Mar-2019 13:38:18
Iterating ...
  112         339000           2.497           6.888        1
Starting Fitness Calculation 27-Mar-2019 13:38:22
Fitness Calculated 27-Mar-2019 13:59:18
Iterating ...
  113         342000           2.518           6.976        2
Starting Fitness Calculation 27-Mar-2019 13:59:22
Fitness Calculated 27-Mar-2019 14:23:32
Iterating ...
  114         345000           2.489           6.988        0
Starting Fitness Calculation 27-Mar-2019 14:23:35
Fitness Calculated 27-Mar-2019 14:44:14
Iterating ...
  115         348000             2.5           7.005        1
Starting Fitness Calculation 27-Mar-2019 14:44:18
Fitness Calculated 27-Mar-2019 15:08:20
Iterating ...
  116         351000           2.489            6.95        0
Starting Fitness Calculation 27-Mar-2019 15:08:24
Fitness Calculated 27-Mar-2019 15:29:49
Iterating ...
  117         354000           2.497           6.957        1
Starting Fitness Calculation 27-Mar-2019 15:29:53
Fitness Calculated 27-Mar-2019 15:53:23
Iterating ...
  118         357000           2.442           7.036        0
Starting Fitness Calculation 27-Mar-2019 15:53:27
Fitness Calculated 27-Mar-2019 16:16:19
Iterating ...
  119         360000           2.492           6.979        1
Starting Fitness Calculation 27-Mar-2019 16:16:22
Fitness Calculated 27-Mar-2019 16:39:06
Iterating ...
  120         363000            2.45           6.972        0

                               Best           Mean      Stall
Generation      f-count        f(x)           f(x)    Generations
Starting Fitness Calculation 27-Mar-2019 16:39:10
Fitness Calculated 27-Mar-2019 17:00:25
Iterating ...
  121         366000           2.476            6.92        1
Starting Fitness Calculation 27-Mar-2019 17:00:29
Fitness Calculated 27-Mar-2019 17:22:04
Iterating ...
  122         369000           2.493           6.915        2
Starting Fitness Calculation 27-Mar-2019 17:22:08
Fitness Calculated 27-Mar-2019 17:45:01
Iterating ...
  123         372000            2.48           6.924        0
Starting Fitness Calculation 27-Mar-2019 17:45:05
Fitness Calculated 27-Mar-2019 18:06:43
Iterating ...
  124         375000           2.478            7.01        0
Starting Fitness Calculation 27-Mar-2019 18:06:47
Fitness Calculated 27-Mar-2019 18:26:45
Iterating ...
  125         378000           2.498           6.922        1
Starting Fitness Calculation 27-Mar-2019 18:26:49
Fitness Calculated 27-Mar-2019 18:48:17
Iterating ...
  126         381000           2.478           6.906        0
Starting Fitness Calculation 27-Mar-2019 18:48:21
Fitness Calculated 27-Mar-2019 19:13:05
Iterating ...
  127         384000           2.517           7.013        1
Starting Fitness Calculation 27-Mar-2019 19:13:09
Fitness Calculated 27-Mar-2019 19:36:36
Iterating ...
  128         387000           2.479           6.917        0
Starting Fitness Calculation 27-Mar-2019 19:36:40
Fitness Calculated 27-Mar-2019 20:00:09
Iterating ...
  129         390000             2.5           6.953        1
Starting Fitness Calculation 27-Mar-2019 20:00:14
Fitness Calculated 27-Mar-2019 20:25:10
Iterating ...
  130         393000           2.479           6.955        0
Starting Fitness Calculation 27-Mar-2019 20:25:15
Fitness Calculated 27-Mar-2019 20:44:53
Iterating ...
  131         396000           2.487           6.906        1
Starting Fitness Calculation 27-Mar-2019 20:44:57
Fitness Calculated 27-Mar-2019 21:06:51
Iterating ...
  132         399000           2.468           6.988        0
Starting Fitness Calculation 27-Mar-2019 21:06:56
Fitness Calculated 27-Mar-2019 21:31:19
Iterating ...
  133         402000           2.496           7.004        1
Starting Fitness Calculation 27-Mar-2019 21:31:23
Fitness Calculated 27-Mar-2019 21:54:50
Iterating ...
  134         405000           2.473           6.961        0
Starting Fitness Calculation 27-Mar-2019 21:54:54
Fitness Calculated 27-Mar-2019 22:19:01
Iterating ...
  135         408000           2.489           6.906        1
Starting Fitness Calculation 27-Mar-2019 22:19:05
Fitness Calculated 27-Mar-2019 22:40:14
Iterating ...
  136         411000           2.507            6.92        2
Starting Fitness Calculation 27-Mar-2019 22:40:19
Fitness Calculated 27-Mar-2019 23:03:24
Iterating ...
  137         414000           2.518           6.914        3
Starting Fitness Calculation 27-Mar-2019 23:03:29
Fitness Calculated 27-Mar-2019 23:26:55
Iterating ...
  138         417000           2.479           6.958        0
Starting Fitness Calculation 27-Mar-2019 23:27:00
Fitness Calculated 27-Mar-2019 23:47:43
Iterating ...
  139         420000           2.475           6.935        0
Starting Fitness Calculation 27-Mar-2019 23:47:48
Fitness Calculated 28-Mar-2019 00:11:23
Iterating ...
  140         423000           2.491           6.966        1
Starting Fitness Calculation 28-Mar-2019 00:11:27
Fitness Calculated 28-Mar-2019 00:35:29
Iterating ...
  141         426000           2.475           6.927        0
Starting Fitness Calculation 28-Mar-2019 00:35:33
Fitness Calculated 28-Mar-2019 00:58:10
Iterating ...
  142         429000           2.493           6.891        1
Starting Fitness Calculation 28-Mar-2019 00:58:15
Fitness Calculated 28-Mar-2019 01:19:53
Iterating ...
  143         432000           2.482            6.92        0
Starting Fitness Calculation 28-Mar-2019 01:19:58
Fitness Calculated 28-Mar-2019 01:42:11
Iterating ...
  144         435000           2.467           6.919        0
Starting Fitness Calculation 28-Mar-2019 01:42:16
Fitness Calculated 28-Mar-2019 02:06:03
Iterating ...
  145         438000           2.502            6.92        1
Starting Fitness Calculation 28-Mar-2019 02:06:07
Fitness Calculated 28-Mar-2019 02:31:08
Iterating ...
  146         441000           2.492           6.935        0
Starting Fitness Calculation 28-Mar-2019 02:31:13
Fitness Calculated 28-Mar-2019 02:53:10
Iterating ...
  147         444000           2.487           6.983        0
Starting Fitness Calculation 28-Mar-2019 02:53:14
Fitness Calculated 28-Mar-2019 03:14:48
Iterating ...
  148         447000           2.515           7.002        1
Starting Fitness Calculation 28-Mar-2019 03:14:53
Fitness Calculated 28-Mar-2019 03:37:46
Iterating ...
  149         450000           2.487           6.946        0
Starting Fitness Calculation 28-Mar-2019 03:37:51
Fitness Calculated 28-Mar-2019 04:00:00
Iterating ...
  150         453000           2.444           6.893        0
Optimization terminated: maximum number of generations exceeded.
Performing final task
Parallel pool using the 'ClusterPandora' profile is shutting down.
Starting parallel pool (parpool) using the 'ClusterPandora' profile ... connected to 80 workers.
Starting Fitness Calculation 28-Mar-2019 04:00:19
Analyzing and transferring files to the workers ...done.
Fitness Calculated 28-Mar-2019 04:03:01
Starting the algorithm

                               Best           Mean      Stall
Generation      f-count        f(x)           f(x)    Generations
Starting Fitness Calculation 28-Mar-2019 04:03:02
Fitness Calculated 28-Mar-2019 04:05:33
Iterating ...
    1          6000           9.826           12.43        0
Starting Fitness Calculation 28-Mar-2019 04:05:34
Fitness Calculated 28-Mar-2019 04:08:08
Iterating ...
    2          9000           9.679           12.25        0
Starting Fitness Calculation 28-Mar-2019 04:08:08
Fitness Calculated 28-Mar-2019 04:10:55
Iterating ...
    3         12000            9.64            12.1        0
Starting Fitness Calculation 28-Mar-2019 04:10:56
Fitness Calculated 28-Mar-2019 04:13:48
Iterating ...
    4         15000           9.444           11.93        0
Starting Fitness Calculation 28-Mar-2019 04:13:49
Fitness Calculated 28-Mar-2019 04:16:53
Iterating ...
    5         18000           9.138            11.8        0
Starting Fitness Calculation 28-Mar-2019 04:16:54
Fitness Calculated 28-Mar-2019 04:20:15
Iterating ...
    6         21000           9.341           11.64        1
Starting Fitness Calculation 28-Mar-2019 04:20:16
Fitness Calculated 28-Mar-2019 04:23:37
Iterating ...
    7         24000           8.935           11.48        0
Starting Fitness Calculation 28-Mar-2019 04:23:38
Fitness Calculated 28-Mar-2019 04:27:33
Iterating ...
    8         27000           9.093           11.36        1
Starting Fitness Calculation 28-Mar-2019 04:27:33
Fitness Calculated 28-Mar-2019 04:31:43
Iterating ...
    9         30000           8.939           11.26        0
Starting Fitness Calculation 28-Mar-2019 04:31:44
Fitness Calculated 28-Mar-2019 04:35:35
Iterating ...
   10         33000           8.879           11.19        0
Starting Fitness Calculation 28-Mar-2019 04:35:36
Fitness Calculated 28-Mar-2019 04:39:52
Iterating ...
   11         36000           8.746           11.11        0
Starting Fitness Calculation 28-Mar-2019 04:39:53
Fitness Calculated 28-Mar-2019 04:43:48
Iterating ...
   12         39000           8.711           11.05        0
Starting Fitness Calculation 28-Mar-2019 04:43:49
Fitness Calculated 28-Mar-2019 04:48:27
Iterating ...
   13         42000           8.699           10.98        0
Starting Fitness Calculation 28-Mar-2019 04:48:28
Fitness Calculated 28-Mar-2019 04:53:25
Iterating ...
   14         45000           8.587           10.95        0
Starting Fitness Calculation 28-Mar-2019 04:53:26
Fitness Calculated 28-Mar-2019 04:58:05
Iterating ...
   15         48000           8.297           10.91        0
Starting Fitness Calculation 28-Mar-2019 04:58:06
Fitness Calculated 28-Mar-2019 05:03:07
Iterating ...
   16         51000           7.871           10.87        0
Starting Fitness Calculation 28-Mar-2019 05:03:08
Fitness Calculated 28-Mar-2019 05:07:35
Iterating ...
   17         54000           8.672           10.84        1
Starting Fitness Calculation 28-Mar-2019 05:07:37
Fitness Calculated 28-Mar-2019 05:12:14
Iterating ...
   18         57000           8.177           10.77        0
Starting Fitness Calculation 28-Mar-2019 05:12:15
Fitness Calculated 28-Mar-2019 05:16:53
Iterating ...
   19         60000           8.288           10.76        1
Starting Fitness Calculation 28-Mar-2019 05:16:55
Fitness Calculated 28-Mar-2019 05:21:41
Iterating ...
   20         63000           8.019           10.74        0
Starting Fitness Calculation 28-Mar-2019 05:21:43
Fitness Calculated 28-Mar-2019 05:27:11
Iterating ...
   21         66000           7.667           10.66        0
Starting Fitness Calculation 28-Mar-2019 05:27:12
Fitness Calculated 28-Mar-2019 05:34:52
Iterating ...
   22         69000           7.581            10.6        0
Starting Fitness Calculation 28-Mar-2019 05:34:53
Fitness Calculated 28-Mar-2019 05:43:23
Iterating ...
   23         72000           7.297           10.53        0
Starting Fitness Calculation 28-Mar-2019 05:43:24
Fitness Calculated 28-Mar-2019 05:51:57
Iterating ...
   24         75000           7.379           10.41        1
Starting Fitness Calculation 28-Mar-2019 05:51:59
Fitness Calculated 28-Mar-2019 06:00:40
Iterating ...
   25         78000           7.231           10.32        0
Starting Fitness Calculation 28-Mar-2019 06:00:42
Fitness Calculated 28-Mar-2019 06:10:18
Iterating ...
   26         81000           6.939           10.25        0
Starting Fitness Calculation 28-Mar-2019 06:10:19
Fitness Calculated 28-Mar-2019 06:19:27
Iterating ...
   27         84000           7.191           10.18        1
Starting Fitness Calculation 28-Mar-2019 06:19:29
Fitness Calculated 28-Mar-2019 06:29:07
Iterating ...
   28         87000           6.951           10.12        0
Starting Fitness Calculation 28-Mar-2019 06:29:08
Fitness Calculated 28-Mar-2019 06:40:19
Iterating ...
   29         90000            6.87           10.08        0
Starting Fitness Calculation 28-Mar-2019 06:40:20
Fitness Calculated 28-Mar-2019 06:52:58
Iterating ...
   30         93000           6.705           10.03        0

                               Best           Mean      Stall
Generation      f-count        f(x)           f(x)    Generations
Starting Fitness Calculation 28-Mar-2019 06:52:59
Fitness Calculated 28-Mar-2019 07:05:37
Iterating ...
   31         96000           6.903           9.991        1
Starting Fitness Calculation 28-Mar-2019 07:05:38
Fitness Calculated 28-Mar-2019 07:20:41
Iterating ...
   32         99000           6.992           9.926        2
Starting Fitness Calculation 28-Mar-2019 07:20:43
Fitness Calculated 28-Mar-2019 07:31:39
Iterating ...
   33         102000           6.795           9.946        0
Starting Fitness Calculation 28-Mar-2019 07:31:41
Fitness Calculated 28-Mar-2019 07:44:28
Iterating ...
   34         105000            6.72           9.912        0
Starting Fitness Calculation 28-Mar-2019 07:44:30
Fitness Calculated 28-Mar-2019 07:56:31
Iterating ...
   35         108000           6.818           9.906        1
Starting Fitness Calculation 28-Mar-2019 07:56:33
Fitness Calculated 28-Mar-2019 08:09:01
Iterating ...
   36         111000           6.578           9.857        0
Starting Fitness Calculation 28-Mar-2019 08:09:03
Fitness Calculated 28-Mar-2019 08:22:42
Iterating ...
   37         114000            6.74           9.847        1
Starting Fitness Calculation 28-Mar-2019 08:22:44
Fitness Calculated 28-Mar-2019 08:35:33
Iterating ...
   38         117000           6.469            9.81        0
Starting Fitness Calculation 28-Mar-2019 08:35:35
Fitness Calculated 28-Mar-2019 08:49:10
Iterating ...
   39         120000           6.407           9.766        0
Starting Fitness Calculation 28-Mar-2019 08:49:12
Fitness Calculated 28-Mar-2019 09:03:28
Iterating ...
   40         123000           6.348           9.732        0
Starting Fitness Calculation 28-Mar-2019 09:03:30
Fitness Calculated 28-Mar-2019 09:18:44
Iterating ...
   41         126000           6.618           9.643        1
Starting Fitness Calculation 28-Mar-2019 09:18:46
Fitness Calculated 28-Mar-2019 09:34:49
Iterating ...
   42         129000           6.281           9.636        0
Starting Fitness Calculation 28-Mar-2019 09:34:51
Fitness Calculated 28-Mar-2019 09:49:09
Iterating ...
   43         132000           6.263           9.641        0
Starting Fitness Calculation 28-Mar-2019 09:49:11
Fitness Calculated 28-Mar-2019 10:01:51
Iterating ...
   44         135000           6.208           9.597        0
Starting Fitness Calculation 28-Mar-2019 10:01:53
Fitness Calculated 28-Mar-2019 10:14:34
Iterating ...
   45         138000            6.24           9.543        1
Starting Fitness Calculation 28-Mar-2019 10:14:36
Fitness Calculated 28-Mar-2019 10:30:00
Iterating ...
   46         141000           6.191           9.537        0
Starting Fitness Calculation 28-Mar-2019 10:30:02
Fitness Calculated 28-Mar-2019 10:43:49
Iterating ...
   47         144000           6.206           9.476        1
Starting Fitness Calculation 28-Mar-2019 10:43:51
Fitness Calculated 28-Mar-2019 10:57:17
Iterating ...
   48         147000            6.01            9.46        0
Starting Fitness Calculation 28-Mar-2019 10:57:19
Fitness Calculated 28-Mar-2019 11:13:06
Iterating ...
   49         150000           5.911           9.368        0
Starting Fitness Calculation 28-Mar-2019 11:13:09
Fitness Calculated 28-Mar-2019 11:27:20
Iterating ...
   50         153000           5.798           9.353        0
Starting Fitness Calculation 28-Mar-2019 11:27:22
Fitness Calculated 28-Mar-2019 11:43:45
Iterating ...
   51         156000           5.892           9.347        1
Starting Fitness Calculation 28-Mar-2019 11:43:48
Fitness Calculated 28-Mar-2019 12:00:20
Iterating ...
   52         159000           5.875           9.305        0
Starting Fitness Calculation 28-Mar-2019 12:00:23
Fitness Calculated 28-Mar-2019 12:16:03
Iterating ...
   53         162000           5.934           9.331        1
Starting Fitness Calculation 28-Mar-2019 12:16:05
Fitness Calculated 28-Mar-2019 12:31:11
Iterating ...
   54         165000           5.809           9.257        0
Starting Fitness Calculation 28-Mar-2019 12:31:14
Fitness Calculated 28-Mar-2019 12:45:56
Iterating ...
   55         168000           5.862           9.212        1
Starting Fitness Calculation 28-Mar-2019 12:45:58
Fitness Calculated 28-Mar-2019 13:01:38
Iterating ...
   56         171000           5.542           9.198        0
Starting Fitness Calculation 28-Mar-2019 13:01:41
Fitness Calculated 28-Mar-2019 13:16:15
Iterating ...
   57         174000            5.86           9.223        1
Starting Fitness Calculation 28-Mar-2019 13:16:18
Fitness Calculated 28-Mar-2019 13:30:07
Iterating ...
   58         177000           5.543           9.243        0
Starting Fitness Calculation 28-Mar-2019 13:30:10
Fitness Calculated 28-Mar-2019 13:44:50
Iterating ...
   59         180000           5.541           9.191        0
Starting Fitness Calculation 28-Mar-2019 13:44:53
Fitness Calculated 28-Mar-2019 14:00:30
Iterating ...
   60         183000           5.563           9.128        1

                               Best           Mean      Stall
Generation      f-count        f(x)           f(x)    Generations
Starting Fitness Calculation 28-Mar-2019 14:00:33
Fitness Calculated 28-Mar-2019 14:14:36
Iterating ...
   61         186000           5.559           9.163        0
Starting Fitness Calculation 28-Mar-2019 14:14:39
Fitness Calculated 28-Mar-2019 14:30:38
Iterating ...
   62         189000           5.509           9.183        0
Starting Fitness Calculation 28-Mar-2019 14:30:41
Fitness Calculated 28-Mar-2019 14:46:45
Iterating ...
   63         192000           5.149           9.101        0
Starting Fitness Calculation 28-Mar-2019 14:46:49
Fitness Calculated 28-Mar-2019 15:00:20
Iterating ...
   64         195000           5.235           9.126        1
Starting Fitness Calculation 28-Mar-2019 15:00:23
Fitness Calculated 28-Mar-2019 15:14:28
Iterating ...
   65         198000           5.525           9.061        2
Starting Fitness Calculation 28-Mar-2019 15:14:31
Fitness Calculated 28-Mar-2019 15:30:35
Iterating ...
   66         201000            5.49           9.042        0
Starting Fitness Calculation 28-Mar-2019 15:30:38
Fitness Calculated 28-Mar-2019 15:46:27
Iterating ...
   67         204000           5.316            9.08        0
Starting Fitness Calculation 28-Mar-2019 15:46:30
Fitness Calculated 28-Mar-2019 16:01:48
Iterating ...
   68         207000           5.454           9.059        1
Starting Fitness Calculation 28-Mar-2019 16:01:51
Fitness Calculated 28-Mar-2019 16:16:56
Iterating ...
   69         210000           5.344           9.004        0
Starting Fitness Calculation 28-Mar-2019 16:16:59
Fitness Calculated 28-Mar-2019 16:33:27
Iterating ...
   70         213000           5.312           8.976        0
Starting Fitness Calculation 28-Mar-2019 16:33:30
Fitness Calculated 28-Mar-2019 16:49:23
Iterating ...
   71         216000           5.238           8.998        0
Starting Fitness Calculation 28-Mar-2019 16:49:26
Fitness Calculated 28-Mar-2019 17:04:27
Iterating ...
   72         219000            5.16           8.904        0
Starting Fitness Calculation 28-Mar-2019 17:04:30
Fitness Calculated 28-Mar-2019 17:18:03
Iterating ...
   73         222000           4.131           8.937        0
Starting Fitness Calculation 28-Mar-2019 17:18:07
Fitness Calculated 28-Mar-2019 17:32:03
Iterating ...
   74         225000            5.31           8.966        1
Starting Fitness Calculation 28-Mar-2019 17:32:06
Fitness Calculated 28-Mar-2019 17:47:12
Iterating ...
   75         228000           5.221           8.911        0
Starting Fitness Calculation 28-Mar-2019 17:47:16
Fitness Calculated 28-Mar-2019 18:01:17
Iterating ...
   76         231000           5.239            8.89        1
Starting Fitness Calculation 28-Mar-2019 18:01:21
Fitness Calculated 28-Mar-2019 18:14:55
Iterating ...
   77         234000           5.068           8.852        0
Starting Fitness Calculation 28-Mar-2019 18:14:59
Fitness Calculated 28-Mar-2019 18:32:13
Iterating ...
   78         237000           5.171           8.918        1
Starting Fitness Calculation 28-Mar-2019 18:32:17
Fitness Calculated 28-Mar-2019 18:48:15
Iterating ...
   79         240000           4.904           8.849        0
Starting Fitness Calculation 28-Mar-2019 18:48:18
Fitness Calculated 28-Mar-2019 19:03:07
Iterating ...
   80         243000           5.134            8.85        1
Starting Fitness Calculation 28-Mar-2019 19:03:11
Fitness Calculated 28-Mar-2019 19:19:11
Iterating ...
   81         246000           4.521           8.748        0
Starting Fitness Calculation 28-Mar-2019 19:19:15
Fitness Calculated 28-Mar-2019 19:34:18
Iterating ...
   82         249000            4.75           8.717        1
Starting Fitness Calculation 28-Mar-2019 19:34:22
Fitness Calculated 28-Mar-2019 19:49:18
Iterating ...
   83         252000           4.914           8.723        2
Starting Fitness Calculation 28-Mar-2019 19:49:22
Fitness Calculated 28-Mar-2019 20:07:43
Iterating ...
   84         255000           4.975           8.742        3
Starting Fitness Calculation 28-Mar-2019 20:07:47
Fitness Calculated 28-Mar-2019 20:21:43
Iterating ...
   85         258000           4.744            8.84        0
Starting Fitness Calculation 28-Mar-2019 20:21:47
Fitness Calculated 28-Mar-2019 20:36:32
Iterating ...
   86         261000           4.158           8.765        0
Starting Fitness Calculation 28-Mar-2019 20:36:36
Fitness Calculated 28-Mar-2019 20:52:59
Iterating ...
   87         264000           4.859           8.809        1
Starting Fitness Calculation 28-Mar-2019 20:53:03
Fitness Calculated 28-Mar-2019 21:08:56
Iterating ...
   88         267000           4.724           8.766        0
Starting Fitness Calculation 28-Mar-2019 21:09:00
Fitness Calculated 28-Mar-2019 21:25:33
Iterating ...
   89         270000           4.612           8.688        0
Starting Fitness Calculation 28-Mar-2019 21:25:37
Fitness Calculated 28-Mar-2019 21:42:11
Iterating ...
   90         273000           4.879           8.704        1

                               Best           Mean      Stall
Generation      f-count        f(x)           f(x)    Generations
Starting Fitness Calculation 28-Mar-2019 21:42:16
Fitness Calculated 28-Mar-2019 21:57:48
Iterating ...
   91         276000           4.318           8.662        0
Starting Fitness Calculation 28-Mar-2019 21:57:52
Fitness Calculated 28-Mar-2019 22:13:29
Iterating ...
   92         279000           4.735           8.616        1
Starting Fitness Calculation 28-Mar-2019 22:13:33
Fitness Calculated 28-Mar-2019 22:27:54
Iterating ...
   93         282000           4.664           8.635        0
Starting Fitness Calculation 28-Mar-2019 22:27:59
Fitness Calculated 28-Mar-2019 22:43:10
Iterating ...
   94         285000           4.774           8.597        1
Starting Fitness Calculation 28-Mar-2019 22:43:14
Fitness Calculated 28-Mar-2019 22:59:11
Iterating ...
   95         288000           4.655            8.59        0
Starting Fitness Calculation 28-Mar-2019 22:59:16
Fitness Calculated 28-Mar-2019 23:15:12
Iterating ...
   96         291000           4.461           8.636        0
Starting Fitness Calculation 28-Mar-2019 23:15:16
Fitness Calculated 28-Mar-2019 23:31:02
Iterating ...
   97         294000           4.659           8.618        1
Starting Fitness Calculation 28-Mar-2019 23:31:06
Fitness Calculated 28-Mar-2019 23:45:41
Iterating ...
   98         297000            4.63           8.543        0
Starting Fitness Calculation 28-Mar-2019 23:45:45
Fitness Calculated 29-Mar-2019 00:01:16
Iterating ...
   99         300000           4.423            8.58        0
Starting Fitness Calculation 29-Mar-2019 00:01:20
Fitness Calculated 29-Mar-2019 00:20:00
Iterating ...
  100         303000           4.137           8.568        0
Starting Fitness Calculation 29-Mar-2019 00:20:05
Fitness Calculated 29-Mar-2019 00:35:34
Iterating ...
  101         306000           4.552           8.551        1
Starting Fitness Calculation 29-Mar-2019 00:35:39
Fitness Calculated 29-Mar-2019 00:49:45
Iterating ...
  102         309000           3.889           8.511        0
Starting Fitness Calculation 29-Mar-2019 00:49:49
Fitness Calculated 29-Mar-2019 01:07:24
Iterating ...
  103         312000           4.552           8.551        1
Starting Fitness Calculation 29-Mar-2019 01:07:29
Fitness Calculated 29-Mar-2019 01:24:40
Iterating ...
  104         315000           4.481           8.533        0
Starting Fitness Calculation 29-Mar-2019 01:24:45
Fitness Calculated 29-Mar-2019 01:40:33
Iterating ...
  105         318000           4.581           8.617        1
Starting Fitness Calculation 29-Mar-2019 01:40:38
Fitness Calculated 29-Mar-2019 01:54:44
Iterating ...
  106         321000            4.02           8.596        0
Starting Fitness Calculation 29-Mar-2019 01:54:49
Fitness Calculated 29-Mar-2019 02:08:51
Iterating ...
  107         324000           4.595           8.536        1
Starting Fitness Calculation 29-Mar-2019 02:08:56
Fitness Calculated 29-Mar-2019 02:25:36
Iterating ...
  108         327000           3.873           8.552        0
Starting Fitness Calculation 29-Mar-2019 02:25:40
Fitness Calculated 29-Mar-2019 02:40:20
Iterating ...
  109         330000           3.911           8.506        1
Starting Fitness Calculation 29-Mar-2019 02:40:25
Fitness Calculated 29-Mar-2019 02:56:48
Iterating ...
  110         333000           3.927           8.537        2
Starting Fitness Calculation 29-Mar-2019 02:56:53
Fitness Calculated 29-Mar-2019 03:14:14
Iterating ...
  111         336000           4.477           8.504        3
Starting Fitness Calculation 29-Mar-2019 03:14:19
Fitness Calculated 29-Mar-2019 03:31:36
Iterating ...
  112         339000            4.49           8.542        4
Starting Fitness Calculation 29-Mar-2019 03:31:41
Fitness Calculated 29-Mar-2019 03:48:34
Iterating ...
  113         342000           4.232           8.499        0
Starting Fitness Calculation 29-Mar-2019 03:48:39
Fitness Calculated 29-Mar-2019 04:05:10
Iterating ...
  114         345000           3.884           8.452        0
Starting Fitness Calculation 29-Mar-2019 04:05:15
Fitness Calculated 29-Mar-2019 04:19:56
Iterating ...
  115         348000           3.916           8.512        1
Starting Fitness Calculation 29-Mar-2019 04:20:02
Fitness Calculated 29-Mar-2019 04:36:05
Iterating ...
  116         351000           3.647            8.43        0
Starting Fitness Calculation 29-Mar-2019 04:36:11
Fitness Calculated 29-Mar-2019 04:52:40
Iterating ...
  117         354000           4.288           8.409        1
Starting Fitness Calculation 29-Mar-2019 04:52:45
Fitness Calculated 29-Mar-2019 05:09:54
Iterating ...
  118         357000           4.008           8.451        0
Starting Fitness Calculation 29-Mar-2019 05:09:59
Fitness Calculated 29-Mar-2019 05:26:18
Iterating ...
  119         360000           3.692           8.428        0
Starting Fitness Calculation 29-Mar-2019 05:26:23
Fitness Calculated 29-Mar-2019 05:45:47
Iterating ...
  120         363000           3.658           8.415        0

                               Best           Mean      Stall
Generation      f-count        f(x)           f(x)    Generations
Starting Fitness Calculation 29-Mar-2019 05:45:53
Fitness Calculated 29-Mar-2019 06:01:41
Iterating ...
  121         366000           3.466           8.406        0
Starting Fitness Calculation 29-Mar-2019 06:01:47
Fitness Calculated 29-Mar-2019 06:19:56
Iterating ...
  122         369000           4.435           8.313        1
Starting Fitness Calculation 29-Mar-2019 06:20:02
Fitness Calculated 29-Mar-2019 06:38:13
Iterating ...
  123         372000           4.052           8.403        0
Starting Fitness Calculation 29-Mar-2019 06:38:18
Fitness Calculated 29-Mar-2019 06:55:16
Iterating ...
  124         375000           3.763           8.358        0
Starting Fitness Calculation 29-Mar-2019 06:55:22
Fitness Calculated 29-Mar-2019 07:13:49
Iterating ...
  125         378000           4.026           8.385        1
Starting Fitness Calculation 29-Mar-2019 07:13:55
Fitness Calculated 29-Mar-2019 07:28:49
Iterating ...
  126         381000           4.005           8.426        0
Starting Fitness Calculation 29-Mar-2019 07:28:55
Fitness Calculated 29-Mar-2019 07:45:36
Iterating ...
  127         384000            3.79            8.38        0
Starting Fitness Calculation 29-Mar-2019 07:45:42
Fitness Calculated 29-Mar-2019 08:00:49
Iterating ...
  128         387000           4.171           8.375        1
Starting Fitness Calculation 29-Mar-2019 08:00:55
Fitness Calculated 29-Mar-2019 08:15:36
Iterating ...
  129         390000           3.855           8.387        0
Starting Fitness Calculation 29-Mar-2019 08:15:42
Fitness Calculated 29-Mar-2019 08:31:17
Iterating ...
  130         393000           3.698           8.374        0
Starting Fitness Calculation 29-Mar-2019 08:31:22
Fitness Calculated 29-Mar-2019 08:46:05
Iterating ...
  131         396000           3.914           8.353        1
Starting Fitness Calculation 29-Mar-2019 08:46:11
Fitness Calculated 29-Mar-2019 09:02:11
Iterating ...
  132         399000           3.575           8.335        0
Starting Fitness Calculation 29-Mar-2019 09:02:17
Fitness Calculated 29-Mar-2019 09:17:57
Iterating ...
  133         402000           3.672           8.243        1
Starting Fitness Calculation 29-Mar-2019 09:18:03
Fitness Calculated 29-Mar-2019 09:33:15
Iterating ...
  134         405000           3.842           8.307        2
Starting Fitness Calculation 29-Mar-2019 09:33:21
Fitness Calculated 29-Mar-2019 09:51:36
Iterating ...
  135         408000           3.648           8.321        0
Starting Fitness Calculation 29-Mar-2019 09:51:43
Fitness Calculated 29-Mar-2019 10:08:49
Iterating ...
  136         411000           3.768           8.302        1
Starting Fitness Calculation 29-Mar-2019 10:08:56
Fitness Calculated 29-Mar-2019 10:26:48
Iterating ...
  137         414000           3.719            8.28        0
Starting Fitness Calculation 29-Mar-2019 10:26:55
Fitness Calculated 29-Mar-2019 10:46:00
Iterating ...
  138         417000           3.663            8.26        0
Starting Fitness Calculation 29-Mar-2019 10:46:07
Fitness Calculated 29-Mar-2019 11:00:40
Iterating ...
  139         420000           3.297           8.294        0
Starting Fitness Calculation 29-Mar-2019 11:00:46
Fitness Calculated 29-Mar-2019 11:17:47
Iterating ...
  140         423000           3.602           8.276        1
Starting Fitness Calculation 29-Mar-2019 11:17:53
Fitness Calculated 29-Mar-2019 11:33:41
Iterating ...
  141         426000           3.765           8.277        2
Starting Fitness Calculation 29-Mar-2019 11:33:48
Fitness Calculated 29-Mar-2019 11:49:08
Iterating ...
  142         429000           3.362           8.217        0
Starting Fitness Calculation 29-Mar-2019 11:49:14
Fitness Calculated 29-Mar-2019 12:05:13
Iterating ...
  143         432000           3.798           8.249        1
Starting Fitness Calculation 29-Mar-2019 12:05:19
Fitness Calculated 29-Mar-2019 12:22:14
Iterating ...
  144         435000           3.705           8.262        0
Starting Fitness Calculation 29-Mar-2019 12:22:20
Fitness Calculated 29-Mar-2019 12:38:48
Iterating ...
  145         438000           3.735           8.216        1
Starting Fitness Calculation 29-Mar-2019 12:38:54
Fitness Calculated 29-Mar-2019 12:55:32
Iterating ...
  146         441000           3.559           8.164        0
Starting Fitness Calculation 29-Mar-2019 12:55:38
Fitness Calculated 29-Mar-2019 13:11:45
Iterating ...
  147         444000           3.735           8.241        1
Starting Fitness Calculation 29-Mar-2019 13:11:52
Fitness Calculated 29-Mar-2019 13:27:59
Iterating ...
  148         447000           3.583           8.228        0
Starting Fitness Calculation 29-Mar-2019 13:28:06
Fitness Calculated 29-Mar-2019 13:43:18
Iterating ...
  149         450000           3.697           8.253        1
Starting Fitness Calculation 29-Mar-2019 13:43:25
Fitness Calculated 29-Mar-2019 14:01:21
Iterating ...
  150         453000           3.624           8.181        0
Optimization terminated: maximum number of generations exceeded.
Performing final task
Parallel pool using the 'ClusterPandora' profile is shutting down.
Starting parallel pool (parpool) using the 'ClusterPandora' profile ... connected to 80 workers.
Starting Fitness Calculation 29-Mar-2019 14:01:44
Analyzing and transferring files to the workers ...done.
Fitness Calculated 29-Mar-2019 14:04:24
Starting the algorithm

                               Best           Mean      Stall
Generation      f-count        f(x)           f(x)    Generations
Starting Fitness Calculation 29-Mar-2019 14:04:25
Fitness Calculated 29-Mar-2019 14:06:55
Iterating ...
    1          6000           9.013           12.93        0
Starting Fitness Calculation 29-Mar-2019 14:06:56
Fitness Calculated 29-Mar-2019 14:09:33
Iterating ...
    2          9000           9.188           12.67        1
Starting Fitness Calculation 29-Mar-2019 14:09:34
Fitness Calculated 29-Mar-2019 14:12:29
Iterating ...
    3         12000           8.938           12.42        0
Starting Fitness Calculation 29-Mar-2019 14:12:30
Fitness Calculated 29-Mar-2019 14:15:32
Iterating ...
    4         15000           9.045           12.22        1
Starting Fitness Calculation 29-Mar-2019 14:15:34
Fitness Calculated 29-Mar-2019 14:18:44
Iterating ...
    5         18000           8.397           12.03        0
Starting Fitness Calculation 29-Mar-2019 14:18:45
Fitness Calculated 29-Mar-2019 14:22:08
Iterating ...
    6         21000            8.06           11.82        0
Starting Fitness Calculation 29-Mar-2019 14:22:10
Fitness Calculated 29-Mar-2019 14:25:53
Iterating ...
    7         24000           8.037           11.66        0
Starting Fitness Calculation 29-Mar-2019 14:25:55
Fitness Calculated 29-Mar-2019 14:30:11
Iterating ...
    8         27000           7.647           11.49        0
Starting Fitness Calculation 29-Mar-2019 14:30:13
Fitness Calculated 29-Mar-2019 14:36:23
Iterating ...
    9         30000           7.143           11.26        0
Starting Fitness Calculation 29-Mar-2019 14:36:25
Fitness Calculated 29-Mar-2019 14:42:51
Iterating ...
   10         33000           7.042           11.04        0
Starting Fitness Calculation 29-Mar-2019 14:42:53
Fitness Calculated 29-Mar-2019 14:48:53
Iterating ...
   11         36000            7.25           10.89        1
Starting Fitness Calculation 29-Mar-2019 14:48:56
Fitness Calculated 29-Mar-2019 14:55:54
Iterating ...
   12         39000           7.038           10.74        0
Starting Fitness Calculation 29-Mar-2019 14:55:57
Fitness Calculated 29-Mar-2019 15:03:09
Iterating ...
   13         42000           6.941           10.67        0
Starting Fitness Calculation 29-Mar-2019 15:03:12
Fitness Calculated 29-Mar-2019 15:10:23
Iterating ...
   14         45000           6.554           10.56        0
Starting Fitness Calculation 29-Mar-2019 15:10:25
Fitness Calculated 29-Mar-2019 15:18:44
Iterating ...
   15         48000            6.69           10.58        1
Starting Fitness Calculation 29-Mar-2019 15:18:47
Fitness Calculated 29-Mar-2019 15:26:13
Iterating ...
   16         51000           6.795           10.48        2
Starting Fitness Calculation 29-Mar-2019 15:26:17
Fitness Calculated 29-Mar-2019 15:33:40
Iterating ...
   17         54000            6.47           10.44        0
Starting Fitness Calculation 29-Mar-2019 15:33:43
Fitness Calculated 29-Mar-2019 15:41:17
Iterating ...
   18         57000           6.756           10.41        1
Starting Fitness Calculation 29-Mar-2019 15:41:21
Fitness Calculated 29-Mar-2019 15:48:24
Iterating ...
   19         60000           6.861           10.39        2
Starting Fitness Calculation 29-Mar-2019 15:48:28
Fitness Calculated 29-Mar-2019 15:56:49
Iterating ...
   20         63000           6.785           10.38        0
Starting Fitness Calculation 29-Mar-2019 15:56:53
Fitness Calculated 29-Mar-2019 16:04:42
Iterating ...
   21         66000            6.72           10.38        0
Starting Fitness Calculation 29-Mar-2019 16:04:46
Fitness Calculated 29-Mar-2019 16:12:54
Iterating ...
   22         69000           6.546           10.36        0
Starting Fitness Calculation 29-Mar-2019 16:12:58
Fitness Calculated 29-Mar-2019 16:20:38
Iterating ...
   23         72000           6.491           10.32        0
Starting Fitness Calculation 29-Mar-2019 16:20:43
Fitness Calculated 29-Mar-2019 16:28:52
Iterating ...
   24         75000           6.876           10.36        1
Starting Fitness Calculation 29-Mar-2019 16:28:56
Fitness Calculated 29-Mar-2019 16:36:52
Iterating ...
   25         78000           6.628           10.31        0
Starting Fitness Calculation 29-Mar-2019 16:36:56
Fitness Calculated 29-Mar-2019 16:45:00
Iterating ...
   26         81000            6.68           10.38        1
Starting Fitness Calculation 29-Mar-2019 16:45:04
Fitness Calculated 29-Mar-2019 16:53:34
Iterating ...
   27         84000           6.578           10.31        0
Starting Fitness Calculation 29-Mar-2019 16:53:39
Fitness Calculated 29-Mar-2019 17:02:34
Iterating ...
   28         87000           6.652           10.31        1
Starting Fitness Calculation 29-Mar-2019 17:02:39
Fitness Calculated 29-Mar-2019 17:12:27
Iterating ...
   29         90000           6.652           10.32        2
Starting Fitness Calculation 29-Mar-2019 17:12:32
Fitness Calculated 29-Mar-2019 17:22:40
Iterating ...
   30         93000           6.672           10.31        3

                               Best           Mean      Stall
Generation      f-count        f(x)           f(x)    Generations
Starting Fitness Calculation 29-Mar-2019 17:22:45
Fitness Calculated 29-Mar-2019 17:31:12
Iterating ...
   31         96000           6.318           10.27        0
Starting Fitness Calculation 29-Mar-2019 17:31:17
Fitness Calculated 29-Mar-2019 17:40:12
Iterating ...
   32         99000           6.421           10.28        1
Starting Fitness Calculation 29-Mar-2019 17:40:17
Fitness Calculated 29-Mar-2019 17:48:35
Iterating ...
   33         102000             6.7           10.28        2
Starting Fitness Calculation 29-Mar-2019 17:48:41
Fitness Calculated 29-Mar-2019 17:58:54
Iterating ...
   34         105000           7.072           10.27        3
Starting Fitness Calculation 29-Mar-2019 17:59:00
Fitness Calculated 29-Mar-2019 18:07:04
Iterating ...
   35         108000            6.71           10.24        0
Starting Fitness Calculation 29-Mar-2019 18:07:09
Fitness Calculated 29-Mar-2019 18:15:59
Iterating ...
   36         111000           6.587           10.26        0
Starting Fitness Calculation 29-Mar-2019 18:16:05
Fitness Calculated 29-Mar-2019 18:23:54
Iterating ...
   37         114000           6.476           10.27        0
Starting Fitness Calculation 29-Mar-2019 18:24:00
Fitness Calculated 29-Mar-2019 18:31:56
Iterating ...
   38         117000           6.591            10.3        1
Starting Fitness Calculation 29-Mar-2019 18:32:02
Fitness Calculated 29-Mar-2019 18:40:49
Iterating ...
   39         120000           6.812           10.27        2
Starting Fitness Calculation 29-Mar-2019 18:40:56
Fitness Calculated 29-Mar-2019 18:49:22
Iterating ...
   40         123000           6.646           10.32        0
Starting Fitness Calculation 29-Mar-2019 18:49:29
Fitness Calculated 29-Mar-2019 18:57:48
Iterating ...
   41         126000           6.643            10.3        0
Starting Fitness Calculation 29-Mar-2019 18:57:55
Fitness Calculated 29-Mar-2019 19:06:18
Iterating ...
   42         129000           6.533           10.29        0
Starting Fitness Calculation 29-Mar-2019 19:06:25
Fitness Calculated 29-Mar-2019 19:14:52
Iterating ...
   43         132000           6.687           10.27        1
Starting Fitness Calculation 29-Mar-2019 19:14:59
Fitness Calculated 29-Mar-2019 19:23:47
Iterating ...
   44         135000           6.519           10.25        0
Starting Fitness Calculation 29-Mar-2019 19:23:54
Fitness Calculated 29-Mar-2019 19:32:33
Iterating ...
   45         138000           6.519           10.27        0
Starting Fitness Calculation 29-Mar-2019 19:32:40
Fitness Calculated 29-Mar-2019 19:42:00
Iterating ...
   46         141000            6.23           10.24        0
Starting Fitness Calculation 29-Mar-2019 19:42:07
Fitness Calculated 29-Mar-2019 19:50:40
Iterating ...
   47         144000           6.897           10.26        1
Starting Fitness Calculation 29-Mar-2019 19:50:48
Fitness Calculated 29-Mar-2019 19:59:33
Iterating ...
   48         147000           6.499           10.25        0
Starting Fitness Calculation 29-Mar-2019 19:59:41
Fitness Calculated 29-Mar-2019 20:08:25
Iterating ...
   49         150000           6.443           10.27        0
Starting Fitness Calculation 29-Mar-2019 20:08:33
Fitness Calculated 29-Mar-2019 20:16:57
Iterating ...
   50         153000           6.833           10.27        1
Starting Fitness Calculation 29-Mar-2019 20:17:05
Fitness Calculated 29-Mar-2019 20:26:10
Iterating ...
   51         156000           6.682           10.25        0
Starting Fitness Calculation 29-Mar-2019 20:26:18
Fitness Calculated 29-Mar-2019 20:35:05
Iterating ...
   52         159000           6.443           10.23        0
Starting Fitness Calculation 29-Mar-2019 20:35:13
Fitness Calculated 29-Mar-2019 20:43:44
Iterating ...
   53         162000            6.61           10.26        1
Starting Fitness Calculation 29-Mar-2019 20:43:53
Fitness Calculated 29-Mar-2019 20:52:40
Iterating ...
   54         165000            6.08           10.25        0
Starting Fitness Calculation 29-Mar-2019 20:52:48
Fitness Calculated 29-Mar-2019 21:01:32
Iterating ...
   55         168000           6.836           10.25        1
Starting Fitness Calculation 29-Mar-2019 21:01:41
Fitness Calculated 29-Mar-2019 21:11:11
Iterating ...
   56         171000           6.588           10.15        0
Starting Fitness Calculation 29-Mar-2019 21:11:20
Fitness Calculated 29-Mar-2019 21:20:13
Iterating ...
   57         174000             6.1           10.19        0
Starting Fitness Calculation 29-Mar-2019 21:20:22
Fitness Calculated 29-Mar-2019 21:29:13
Iterating ...
   58         177000           6.741            10.2        1
Starting Fitness Calculation 29-Mar-2019 21:29:23
Fitness Calculated 29-Mar-2019 21:38:12
Iterating ...
   59         180000           6.587           10.17        0
Starting Fitness Calculation 29-Mar-2019 21:38:21
Fitness Calculated 29-Mar-2019 21:46:30
Iterating ...
   60         183000           6.111           10.21        0

                               Best           Mean      Stall
Generation      f-count        f(x)           f(x)    Generations
Starting Fitness Calculation 29-Mar-2019 21:46:39
Fitness Calculated 29-Mar-2019 21:55:41
Iterating ...
   61         186000           6.381           10.18        1
Starting Fitness Calculation 29-Mar-2019 21:55:51
Fitness Calculated 29-Mar-2019 22:04:51
Iterating ...
   62         189000           6.648           10.21        2
Starting Fitness Calculation 29-Mar-2019 22:05:00
Fitness Calculated 29-Mar-2019 22:14:15
Iterating ...
   63         192000           6.699            10.2        3
Starting Fitness Calculation 29-Mar-2019 22:14:25
Fitness Calculated 29-Mar-2019 22:23:27
Iterating ...
   64         195000           6.182           10.22        0
Starting Fitness Calculation 29-Mar-2019 22:23:37
