
                            < M A T L A B (R) >
                  Copyright 1984-2015 The MathWorks, Inc.
                   R2015a (8.5.0.197613) 64-bit (glnxa64)
                             February 12, 2015

 
To get started, type one of these: helpwin, helpdesk, or demo.
For product information, visit www.mathworks.com.
 
 
To get started, type one of these: helpwin, helpdesk, or demo.
For product information, visit www.mathworks.com.
 
Starting parallel pool (parpool) using the 'ClusterPandora' profile ... connected to 80 workers.
Starting Fitness Calculation 02-Oct-2018 22:33:22
Analyzing and transferring files to the workers ...done.
Fitness Calculated 02-Oct-2018 22:35:50
Starting the algorithm

                               Best           Mean      Stall
Generation      f-count        f(x)           f(x)    Generations
Starting Fitness Calculation 02-Oct-2018 22:35:51
Fitness Calculated 02-Oct-2018 22:38:11
Iterating ...
    1          3000           8.908           12.62        0
Starting Fitness Calculation 02-Oct-2018 22:38:11
Fitness Calculated 02-Oct-2018 22:40:52
Iterating ...
    2          4500           8.985           12.43        1
Starting Fitness Calculation 02-Oct-2018 22:40:52
Fitness Calculated 02-Oct-2018 22:43:40
Iterating ...
    3          6000            8.93           12.16        0
Starting Fitness Calculation 02-Oct-2018 22:43:41
Fitness Calculated 02-Oct-2018 22:46:34
Iterating ...
    4          7500           8.725           11.72        0
Starting Fitness Calculation 02-Oct-2018 22:46:34
Fitness Calculated 02-Oct-2018 22:49:36
Iterating ...
    5          9000           8.725           11.25        1
Starting Fitness Calculation 02-Oct-2018 22:49:36
Fitness Calculated 02-Oct-2018 22:52:49
Iterating ...
    6         10500           8.551            10.9        0
Starting Fitness Calculation 02-Oct-2018 22:52:49
Fitness Calculated 02-Oct-2018 22:56:14
Iterating ...
    7         12000           7.095           10.67        0
Starting Fitness Calculation 02-Oct-2018 22:56:14
Fitness Calculated 02-Oct-2018 22:59:54
Iterating ...
    8         13500           7.095           10.48        1
Starting Fitness Calculation 02-Oct-2018 22:59:54
Fitness Calculated 02-Oct-2018 23:04:19
Iterating ...
    9         15000           6.311           10.34        0
Starting Fitness Calculation 02-Oct-2018 23:04:19
Fitness Calculated 02-Oct-2018 23:10:34
Iterating ...
   10         16500           6.195           10.16        0
Starting Fitness Calculation 02-Oct-2018 23:10:35
Fitness Calculated 02-Oct-2018 23:17:04
Iterating ...
   11         18000           6.138           10.02        0
Starting Fitness Calculation 02-Oct-2018 23:17:05
Fitness Calculated 02-Oct-2018 23:24:08
Iterating ...
   12         19500           5.693           9.748        0
Starting Fitness Calculation 02-Oct-2018 23:24:08
Fitness Calculated 02-Oct-2018 23:31:55
Iterating ...
   13         21000           4.264           9.478        0
Starting Fitness Calculation 02-Oct-2018 23:31:55
Fitness Calculated 02-Oct-2018 23:41:05
Iterating ...
   14         22500           3.103           9.316        0
Starting Fitness Calculation 02-Oct-2018 23:41:06
Fitness Calculated 02-Oct-2018 23:52:19
Iterating ...
   15         24000           3.017           9.095        0
Starting Fitness Calculation 02-Oct-2018 23:52:20
Fitness Calculated 03-Oct-2018 00:05:46
Iterating ...
   16         25500           3.001           8.829        0
Starting Fitness Calculation 03-Oct-2018 00:05:46
Fitness Calculated 03-Oct-2018 00:19:53
Iterating ...
   17         27000           2.991           8.571        0
Starting Fitness Calculation 03-Oct-2018 00:19:53
Fitness Calculated 03-Oct-2018 00:34:14
Iterating ...
   18         28500           2.991           8.265        1
Starting Fitness Calculation 03-Oct-2018 00:34:14
Fitness Calculated 03-Oct-2018 00:49:50
Iterating ...
   19         30000           2.974           8.033        0
Starting Fitness Calculation 03-Oct-2018 00:49:51
Fitness Calculated 03-Oct-2018 01:05:58
Iterating ...
   20         31500           2.974           7.837        1
Starting Fitness Calculation 03-Oct-2018 01:05:59
Fitness Calculated 03-Oct-2018 01:22:20
Iterating ...
   21         33000           2.974           7.824        2
Starting Fitness Calculation 03-Oct-2018 01:22:21
Fitness Calculated 03-Oct-2018 01:38:27
Iterating ...
   22         34500           2.957           7.843        0
Starting Fitness Calculation 03-Oct-2018 01:38:33
Fitness Calculated 03-Oct-2018 01:54:42
Iterating ...
   23         36000           2.957           7.806        1
Starting Fitness Calculation 03-Oct-2018 01:54:43
Fitness Calculated 03-Oct-2018 02:11:08
Iterating ...
   24         37500           2.928           7.667        0
Starting Fitness Calculation 03-Oct-2018 02:11:09
Fitness Calculated 03-Oct-2018 02:27:40
Iterating ...
   25         39000           2.928           7.509        1
Starting Fitness Calculation 03-Oct-2018 02:27:41
Fitness Calculated 03-Oct-2018 02:44:17
Iterating ...
   26         40500           2.905           7.384        0
Starting Fitness Calculation 03-Oct-2018 02:44:18
Fitness Calculated 03-Oct-2018 03:01:02
Iterating ...
   27         42000           2.905           7.388        1
Starting Fitness Calculation 03-Oct-2018 03:01:03
Fitness Calculated 03-Oct-2018 03:17:46
Iterating ...
   28         43500           2.898           7.428        0
Starting Fitness Calculation 03-Oct-2018 03:17:47
Fitness Calculated 03-Oct-2018 03:34:51
Iterating ...
   29         45000           2.896           7.419        0
Starting Fitness Calculation 03-Oct-2018 03:34:52
Fitness Calculated 03-Oct-2018 03:51:26
Iterating ...
   30         46500            2.87           7.427        0

                               Best           Mean      Stall
Generation      f-count        f(x)           f(x)    Generations
Starting Fitness Calculation 03-Oct-2018 03:51:27
Fitness Calculated 03-Oct-2018 04:07:55
Iterating ...
   31         48000            2.87           7.523        1
Starting Fitness Calculation 03-Oct-2018 04:07:56
Fitness Calculated 03-Oct-2018 04:25:07
Iterating ...
   32         49500           2.849           7.313        0
Starting Fitness Calculation 03-Oct-2018 04:25:08
Fitness Calculated 03-Oct-2018 04:42:03
Iterating ...
   33         51000           2.849           7.401        1
Starting Fitness Calculation 03-Oct-2018 04:42:05
Fitness Calculated 03-Oct-2018 04:59:14
Iterating ...
   34         52500           2.849           7.294        2
Starting Fitness Calculation 03-Oct-2018 04:59:15
Fitness Calculated 03-Oct-2018 05:15:58
Iterating ...
   35         54000           2.793           7.407        0
Starting Fitness Calculation 03-Oct-2018 05:16:00
Fitness Calculated 03-Oct-2018 05:33:09
Iterating ...
   36         55500            2.74           7.274        0
Starting Fitness Calculation 03-Oct-2018 05:33:11
Fitness Calculated 03-Oct-2018 05:50:18
Iterating ...
   37         57000            2.72           7.311        0
Starting Fitness Calculation 03-Oct-2018 05:50:20
Fitness Calculated 03-Oct-2018 06:08:06
Iterating ...
   38         58500           2.646           7.186        0
Starting Fitness Calculation 03-Oct-2018 06:08:07
Fitness Calculated 03-Oct-2018 06:24:39
Iterating ...
   39         60000           2.609            7.42        0
Starting Fitness Calculation 03-Oct-2018 06:24:41
Fitness Calculated 03-Oct-2018 06:41:46
Iterating ...
   40         61500           2.619           7.407        1
Starting Fitness Calculation 03-Oct-2018 06:41:48
Fitness Calculated 03-Oct-2018 06:58:39
Iterating ...
   41         63000           2.631           7.428        2
Starting Fitness Calculation 03-Oct-2018 06:58:40
Fitness Calculated 03-Oct-2018 07:15:07
Iterating ...
   42         64500           2.619           7.471        0
Starting Fitness Calculation 03-Oct-2018 07:15:08
Fitness Calculated 03-Oct-2018 07:31:48
Iterating ...
   43         66000           2.619           7.375        1
Starting Fitness Calculation 03-Oct-2018 07:31:49
Fitness Calculated 03-Oct-2018 07:48:43
Iterating ...
   44         67500           2.598           7.332        0
Starting Fitness Calculation 03-Oct-2018 07:48:45
Fitness Calculated 03-Oct-2018 08:06:04
Iterating ...
   45         69000           2.598           7.371        1
Starting Fitness Calculation 03-Oct-2018 08:06:06
Fitness Calculated 03-Oct-2018 08:22:50
Iterating ...
   46         70500           2.596           7.446        0
Starting Fitness Calculation 03-Oct-2018 08:22:52
Fitness Calculated 03-Oct-2018 08:39:51
Iterating ...
   47         72000           2.584           7.422        0
Starting Fitness Calculation 03-Oct-2018 08:39:52
Fitness Calculated 03-Oct-2018 08:56:27
Iterating ...
   48         73500           2.584           7.394        1
Starting Fitness Calculation 03-Oct-2018 08:56:28
Fitness Calculated 03-Oct-2018 09:13:10
Iterating ...
   49         75000           2.569           7.456        0
Starting Fitness Calculation 03-Oct-2018 09:13:11
Fitness Calculated 03-Oct-2018 09:29:26
Iterating ...
   50         76500           2.569           7.441        1
Starting Fitness Calculation 03-Oct-2018 09:29:28
Fitness Calculated 03-Oct-2018 09:46:12
Iterating ...
   51         78000           2.569           7.511        2
Starting Fitness Calculation 03-Oct-2018 09:46:14
Fitness Calculated 03-Oct-2018 10:03:09
Iterating ...
   52         79500           2.558           7.346        0
Starting Fitness Calculation 03-Oct-2018 10:03:11
Fitness Calculated 03-Oct-2018 10:20:25
Iterating ...
   53         81000           2.538           7.282        0
Starting Fitness Calculation 03-Oct-2018 10:20:27
Fitness Calculated 03-Oct-2018 10:37:33
Iterating ...
   54         82500           2.495           7.227        0
Starting Fitness Calculation 03-Oct-2018 10:37:35
Fitness Calculated 03-Oct-2018 10:54:12
Iterating ...
   55         84000           2.458           7.335        0
Starting Fitness Calculation 03-Oct-2018 10:54:14
Fitness Calculated 03-Oct-2018 11:11:16
Iterating ...
   56         85500           2.458           7.326        1
Starting Fitness Calculation 03-Oct-2018 11:11:18
Fitness Calculated 03-Oct-2018 11:28:42
Iterating ...
   57         87000           2.458           7.185        2
Starting Fitness Calculation 03-Oct-2018 11:28:44
Fitness Calculated 03-Oct-2018 11:45:53
Iterating ...
   58         88500           2.458           7.302        0
Starting Fitness Calculation 03-Oct-2018 11:45:55
Fitness Calculated 03-Oct-2018 12:02:37
Iterating ...
   59         90000           2.453           7.334        0
Starting Fitness Calculation 03-Oct-2018 12:02:39
Fitness Calculated 03-Oct-2018 12:19:29
Iterating ...
   60         91500           2.453            7.22        0

                               Best           Mean      Stall
Generation      f-count        f(x)           f(x)    Generations
Starting Fitness Calculation 03-Oct-2018 12:19:31
Fitness Calculated 03-Oct-2018 12:36:32
Iterating ...
   61         93000           2.453            7.23        1
Starting Fitness Calculation 03-Oct-2018 12:36:34
Fitness Calculated 03-Oct-2018 12:53:18
Iterating ...
   62         94500           2.451           7.154        0
Starting Fitness Calculation 03-Oct-2018 12:53:20
Fitness Calculated 03-Oct-2018 13:10:44
Iterating ...
   63         96000           2.432           7.107        0
Starting Fitness Calculation 03-Oct-2018 13:10:47
Fitness Calculated 03-Oct-2018 13:28:01
Iterating ...
   64         97500           2.432           7.177        1
Starting Fitness Calculation 03-Oct-2018 13:28:03
Fitness Calculated 03-Oct-2018 13:45:12
Iterating ...
   65         99000           2.432             7.2        2
Starting Fitness Calculation 03-Oct-2018 13:45:15
Fitness Calculated 03-Oct-2018 14:02:09
Iterating ...
   66         100500           2.421           7.096        0
Starting Fitness Calculation 03-Oct-2018 14:02:12
Fitness Calculated 03-Oct-2018 14:19:23
Iterating ...
   67         102000           2.421           7.164        0
Starting Fitness Calculation 03-Oct-2018 14:19:25
Fitness Calculated 03-Oct-2018 14:37:08
Iterating ...
   68         103500           2.421           7.094        1
Starting Fitness Calculation 03-Oct-2018 14:37:10
Fitness Calculated 03-Oct-2018 14:54:08
Iterating ...
   69         105000            2.42           7.089        0
Starting Fitness Calculation 03-Oct-2018 14:54:10
Fitness Calculated 03-Oct-2018 15:11:21
Iterating ...
   70         106500           2.414           7.063        0
Starting Fitness Calculation 03-Oct-2018 15:11:23
Fitness Calculated 03-Oct-2018 15:29:00
Iterating ...
   71         108000           2.411           7.015        0
Starting Fitness Calculation 03-Oct-2018 15:29:02
Fitness Calculated 03-Oct-2018 15:46:02
Iterating ...
   72         109500           2.411           7.112        1
Starting Fitness Calculation 03-Oct-2018 15:46:05
Fitness Calculated 03-Oct-2018 16:03:38
Iterating ...
   73         111000           2.411           7.096        2
Starting Fitness Calculation 03-Oct-2018 16:03:41
Fitness Calculated 03-Oct-2018 16:21:26
Iterating ...
   74         112500            2.41           7.101        0
Starting Fitness Calculation 03-Oct-2018 16:21:28
Fitness Calculated 03-Oct-2018 16:38:54
Iterating ...
   75         114000            2.41           7.076        1
Starting Fitness Calculation 03-Oct-2018 16:38:56
Fitness Calculated 03-Oct-2018 16:55:53
Iterating ...
   76         115500            2.41           7.189        2
Starting Fitness Calculation 03-Oct-2018 16:55:56
Fitness Calculated 03-Oct-2018 17:13:15
Iterating ...
   77         117000            2.41           7.139        3
Starting Fitness Calculation 03-Oct-2018 17:13:18
Fitness Calculated 03-Oct-2018 17:29:59
Iterating ...
   78         118500            2.41           7.242        4
Starting Fitness Calculation 03-Oct-2018 17:30:02
Fitness Calculated 03-Oct-2018 17:47:28
Iterating ...
   79         120000            2.41           7.114        5
Starting Fitness Calculation 03-Oct-2018 17:47:31
Fitness Calculated 03-Oct-2018 18:04:41
Iterating ...
   80         121500            2.41           7.158        6
Starting Fitness Calculation 03-Oct-2018 18:04:43
Fitness Calculated 03-Oct-2018 18:22:31
Iterating ...
   81         123000            2.41            7.11        7
Starting Fitness Calculation 03-Oct-2018 18:22:34
Fitness Calculated 03-Oct-2018 18:39:29
Iterating ...
   82         124500            2.41           7.201        8
Starting Fitness Calculation 03-Oct-2018 18:39:31
Fitness Calculated 03-Oct-2018 18:56:43
Iterating ...
   83         126000            2.41           7.137        9
Starting Fitness Calculation 03-Oct-2018 18:56:45
Fitness Calculated 03-Oct-2018 19:14:06
Iterating ...
   84         127500            2.41           7.103       10
Starting Fitness Calculation 03-Oct-2018 19:14:09
Fitness Calculated 03-Oct-2018 19:31:25
Iterating ...
   85         129000            2.41           7.151       11
Starting Fitness Calculation 03-Oct-2018 19:31:28
Fitness Calculated 03-Oct-2018 19:48:46
Iterating ...
   86         130500            2.41           7.094       12
Starting Fitness Calculation 03-Oct-2018 19:48:49
Fitness Calculated 03-Oct-2018 20:06:12
Iterating ...
   87         132000            2.41           7.053       13
Starting Fitness Calculation 03-Oct-2018 20:06:15
Fitness Calculated 03-Oct-2018 20:23:04
Iterating ...
   88         133500            2.41           7.162       14
Starting Fitness Calculation 03-Oct-2018 20:23:07
Fitness Calculated 03-Oct-2018 20:40:02
Iterating ...
   89         135000           2.405           7.141        0
Starting Fitness Calculation 03-Oct-2018 20:40:05
Fitness Calculated 03-Oct-2018 20:57:07
Iterating ...
   90         136500           2.377           7.081        0

                               Best           Mean      Stall
Generation      f-count        f(x)           f(x)    Generations
Starting Fitness Calculation 03-Oct-2018 20:57:10
Fitness Calculated 03-Oct-2018 21:14:26
Iterating ...
   91         138000           2.371           7.092        0
Starting Fitness Calculation 03-Oct-2018 21:14:29
Fitness Calculated 03-Oct-2018 21:31:42
Iterating ...
   92         139500            2.36            7.15        0
Starting Fitness Calculation 03-Oct-2018 21:31:45
Fitness Calculated 03-Oct-2018 21:49:27
Iterating ...
   93         141000           2.342           7.234        0
Starting Fitness Calculation 03-Oct-2018 21:49:31
Fitness Calculated 03-Oct-2018 22:06:09
Iterating ...
   94         142500           2.342           7.304        1
Starting Fitness Calculation 03-Oct-2018 22:06:12
Fitness Calculated 03-Oct-2018 22:23:07
Iterating ...
   95         144000           2.347           7.338        2
Starting Fitness Calculation 03-Oct-2018 22:23:10
Fitness Calculated 03-Oct-2018 22:39:57
Iterating ...
   96         145500           2.347           7.369        3
Starting Fitness Calculation 03-Oct-2018 22:40:01
Fitness Calculated 03-Oct-2018 22:56:36
Iterating ...
   97         147000           2.345           7.408        0
Starting Fitness Calculation 03-Oct-2018 22:56:40
Fitness Calculated 03-Oct-2018 23:13:16
Iterating ...
   98         148500           2.345           7.369        1
Starting Fitness Calculation 03-Oct-2018 23:13:20
Fitness Calculated 03-Oct-2018 23:29:53
Iterating ...
   99         150000           2.345           7.528        2
Starting Fitness Calculation 03-Oct-2018 23:29:56
Fitness Calculated 03-Oct-2018 23:46:59
Iterating ...
  100         151500           2.345           7.474        3
Starting Fitness Calculation 03-Oct-2018 23:47:02
Fitness Calculated 04-Oct-2018 00:03:23
Iterating ...
  101         153000           2.345           7.618        4
Starting Fitness Calculation 04-Oct-2018 00:03:26
Fitness Calculated 04-Oct-2018 00:19:32
Iterating ...
  102         154500           2.337           7.706        0
Starting Fitness Calculation 04-Oct-2018 00:19:36
Fitness Calculated 04-Oct-2018 00:35:51
Iterating ...
  103         156000           2.337           7.733        1
Starting Fitness Calculation 04-Oct-2018 00:35:54
Fitness Calculated 04-Oct-2018 00:52:44
Iterating ...
  104         157500           2.337            7.57        2
Starting Fitness Calculation 04-Oct-2018 00:52:47
Fitness Calculated 04-Oct-2018 01:09:07
Iterating ...
  105         159000           2.337           7.656        3
Starting Fitness Calculation 04-Oct-2018 01:09:11
Fitness Calculated 04-Oct-2018 01:25:33
Iterating ...
  106         160500           2.337           7.577        4
Starting Fitness Calculation 04-Oct-2018 01:25:36
Fitness Calculated 04-Oct-2018 01:42:13
Iterating ...
  107         162000           2.337           7.491        5
Starting Fitness Calculation 04-Oct-2018 01:42:16
Fitness Calculated 04-Oct-2018 01:58:43
Iterating ...
  108         163500           2.337           7.497        6
Starting Fitness Calculation 04-Oct-2018 01:58:46
Fitness Calculated 04-Oct-2018 02:15:43
Iterating ...
  109         165000           2.337            7.57        7
Starting Fitness Calculation 04-Oct-2018 02:15:46
Fitness Calculated 04-Oct-2018 02:31:42
Iterating ...
  110         166500           2.337           7.628        8
Starting Fitness Calculation 04-Oct-2018 02:31:46
Fitness Calculated 04-Oct-2018 02:48:28
Iterating ...
  111         168000           2.337           7.513        9
Starting Fitness Calculation 04-Oct-2018 02:48:32
Fitness Calculated 04-Oct-2018 03:05:24
Iterating ...
  112         169500           2.337           7.484       10
Starting Fitness Calculation 04-Oct-2018 03:05:28
Fitness Calculated 04-Oct-2018 03:21:54
Iterating ...
  113         171000           2.337           7.536       11
Starting Fitness Calculation 04-Oct-2018 03:21:58
Fitness Calculated 04-Oct-2018 03:38:22
Iterating ...
  114         172500           2.337           7.531       12
Starting Fitness Calculation 04-Oct-2018 03:38:25
Fitness Calculated 04-Oct-2018 03:55:09
Iterating ...
  115         174000           2.337           7.423       13
Starting Fitness Calculation 04-Oct-2018 03:55:13
Fitness Calculated 04-Oct-2018 04:12:22
Iterating ...
  116         175500           2.337           7.536       14
Starting Fitness Calculation 04-Oct-2018 04:12:26
Fitness Calculated 04-Oct-2018 04:28:54
Iterating ...
  117         177000           2.337           7.512       15
Starting Fitness Calculation 04-Oct-2018 04:28:58
Fitness Calculated 04-Oct-2018 04:45:31
Iterating ...
  118         178500           2.337           7.393        0
Starting Fitness Calculation 04-Oct-2018 04:45:35
Fitness Calculated 04-Oct-2018 05:02:21
Iterating ...
  119         180000           2.337           7.444        1
Starting Fitness Calculation 04-Oct-2018 05:02:25
Fitness Calculated 04-Oct-2018 05:19:04
Iterating ...
  120         181500           2.337           7.397        2

                               Best           Mean      Stall
Generation      f-count        f(x)           f(x)    Generations
Starting Fitness Calculation 04-Oct-2018 05:19:08
Fitness Calculated 04-Oct-2018 05:35:41
Iterating ...
  121         183000           2.337           7.432        3
Starting Fitness Calculation 04-Oct-2018 05:35:44
Fitness Calculated 04-Oct-2018 05:52:13
Iterating ...
  122         184500           2.337           7.475        4
Starting Fitness Calculation 04-Oct-2018 05:52:17
Fitness Calculated 04-Oct-2018 06:08:41
Iterating ...
  123         186000           2.337           7.449        5
Starting Fitness Calculation 04-Oct-2018 06:08:45
Fitness Calculated 04-Oct-2018 06:25:16
Iterating ...
  124         187500           2.337           7.535        6
Starting Fitness Calculation 04-Oct-2018 06:25:20
Fitness Calculated 04-Oct-2018 06:42:15
Iterating ...
  125         189000           2.337           7.531        7
Starting Fitness Calculation 04-Oct-2018 06:42:19
Fitness Calculated 04-Oct-2018 06:58:45
Iterating ...
  126         190500           2.337           7.542        8
Starting Fitness Calculation 04-Oct-2018 06:58:49
Fitness Calculated 04-Oct-2018 07:15:28
Iterating ...
  127         192000           2.337           7.566        9
Optimization terminated: average change in the fitness value less than options.TolFun.
Performing final task
Parallel pool using the 'ClusterPandora' profile is shutting down.
