
                            < M A T L A B (R) >
                  Copyright 1984-2015 The MathWorks, Inc.
                   R2015a (8.5.0.197613) 64-bit (glnxa64)
                             February 12, 2015

 
To get started, type one of these: helpwin, helpdesk, or demo.
For product information, visit www.mathworks.com.
 
 
To get started, type one of these: helpwin, helpdesk, or demo.
For product information, visit www.mathworks.com.
 
Starting parallel pool (parpool) using the 'ClusterPandora' profile ... connected to 80 workers.
Starting Fitness Calculation 11-Jun-2018 22:14:15
Analyzing and transferring files to the workers ...done.
Fitness Calculated 11-Jun-2018 22:40:34
Starting the algorithm

                               Best           Mean      Stall
Generation      f-count        f(x)           f(x)    Generations
Starting Fitness Calculation 11-Jun-2018 22:40:34
Fitness Calculated 11-Jun-2018 23:24:29
Iterating ...
    1          2000       6.805e+09       1.052e+11        0
Starting Fitness Calculation 11-Jun-2018 23:24:29
Fitness Calculated 12-Jun-2018 00:44:15
Iterating ...
    2          3000       6.805e+09       9.536e+10        1
Starting Fitness Calculation 12-Jun-2018 00:44:15
Fitness Calculated 12-Jun-2018 02:30:22
Iterating ...
    3          4000       6.805e+09       8.643e+10        0
Starting Fitness Calculation 12-Jun-2018 02:30:22
Fitness Calculated 12-Jun-2018 04:23:43
Iterating ...
    4          5000       6.388e+09       8.617e+10        0
Starting Fitness Calculation 12-Jun-2018 04:23:43
Fitness Calculated 12-Jun-2018 06:17:41
Iterating ...
    5          6000       5.328e+09       8.175e+10        0
Starting Fitness Calculation 12-Jun-2018 06:17:41
Fitness Calculated 12-Jun-2018 08:15:35
Iterating ...
    6          7000       4.413e+09        8.27e+10        0
Starting Fitness Calculation 12-Jun-2018 08:15:35
Fitness Calculated 12-Jun-2018 10:21:55
Iterating ...
    7          8000       4.153e+09       7.915e+10        0
Starting Fitness Calculation 12-Jun-2018 10:21:56
Fitness Calculated 12-Jun-2018 12:35:40
Iterating ...
    8          9000       3.891e+09       7.274e+10        0
Starting Fitness Calculation 12-Jun-2018 12:35:41
Fitness Calculated 12-Jun-2018 14:53:00
Iterating ...
    9         10000       3.831e+09       6.445e+10        0
Starting Fitness Calculation 12-Jun-2018 14:53:01
Fitness Calculated 12-Jun-2018 17:13:02
Iterating ...
   10         11000       3.796e+09       6.122e+10        0
Starting Fitness Calculation 12-Jun-2018 17:13:03
Fitness Calculated 12-Jun-2018 19:34:51
Iterating ...
   11         12000       3.766e+09       5.462e+10        0
Starting Fitness Calculation 12-Jun-2018 19:34:51
Fitness Calculated 12-Jun-2018 21:56:17
Iterating ...
   12         13000       3.748e+09       5.152e+10        0
Starting Fitness Calculation 12-Jun-2018 21:56:17
Fitness Calculated 13-Jun-2018 00:18:44
Iterating ...
   13         14000       3.677e+09       5.222e+10        0
Starting Fitness Calculation 13-Jun-2018 00:18:44
Fitness Calculated 13-Jun-2018 02:41:17
Iterating ...
   14         15000       3.631e+09       4.901e+10        0
Starting Fitness Calculation 13-Jun-2018 02:41:17
Fitness Calculated 13-Jun-2018 05:03:22
Iterating ...
   15         16000       3.464e+09       4.886e+10        0
Starting Fitness Calculation 13-Jun-2018 05:03:22
Fitness Calculated 13-Jun-2018 07:25:47
Iterating ...
   16         17000       3.174e+09       4.746e+10        0
Starting Fitness Calculation 13-Jun-2018 07:25:48
Fitness Calculated 13-Jun-2018 09:49:18
Iterating ...
   17         18000        2.85e+09       4.448e+10        0
Starting Fitness Calculation 13-Jun-2018 09:49:18
Fitness Calculated 13-Jun-2018 12:12:17
Iterating ...
   18         19000       2.765e+09       4.421e+10        0
Starting Fitness Calculation 13-Jun-2018 12:12:17
Fitness Calculated 13-Jun-2018 14:36:32
Iterating ...
   19         20000       2.717e+09       4.307e+10        0
Starting Fitness Calculation 13-Jun-2018 14:36:33
Fitness Calculated 13-Jun-2018 17:02:05
Iterating ...
   20         21000       2.409e+09       4.237e+10        0
Starting Fitness Calculation 13-Jun-2018 17:02:06
Fitness Calculated 13-Jun-2018 19:27:28
Iterating ...
   21         22000        2.24e+09       4.286e+10        0
Starting Fitness Calculation 13-Jun-2018 19:27:29
Fitness Calculated 13-Jun-2018 21:58:17
Iterating ...
   22         23000       2.048e+09       4.404e+10        0
Starting Fitness Calculation 13-Jun-2018 21:58:17
Fitness Calculated 14-Jun-2018 00:31:27
Iterating ...
   23         24000       2.043e+09       4.277e+10        0
Starting Fitness Calculation 14-Jun-2018 00:31:28
Fitness Calculated 14-Jun-2018 03:07:11
Iterating ...
   24         25000       1.914e+09       4.045e+10        0
Starting Fitness Calculation 14-Jun-2018 03:07:12
Fitness Calculated 14-Jun-2018 05:43:50
Iterating ...
   25         26000       1.832e+09       3.885e+10        0
Starting Fitness Calculation 14-Jun-2018 05:43:50
Fitness Calculated 14-Jun-2018 08:21:25
Iterating ...
   26         27000       1.832e+09       4.338e+10        0
Starting Fitness Calculation 14-Jun-2018 08:21:26
Fitness Calculated 14-Jun-2018 10:59:33
Iterating ...
   27         28000       1.469e+09       4.358e+10        0
Starting Fitness Calculation 14-Jun-2018 10:59:34
Fitness Calculated 14-Jun-2018 13:40:37
Iterating ...
   28         29000       1.469e+09         4.2e+10        1
Starting Fitness Calculation 14-Jun-2018 13:40:37
Fitness Calculated 14-Jun-2018 16:22:43
Iterating ...
   29         30000        1.01e+09       4.411e+10        0
Starting Fitness Calculation 14-Jun-2018 16:22:43
Fitness Calculated 14-Jun-2018 19:05:59
Iterating ...
   30         31000        1.01e+09       4.142e+10        1

                               Best           Mean      Stall
Generation      f-count        f(x)           f(x)    Generations
Starting Fitness Calculation 14-Jun-2018 19:05:59
Fitness Calculated 14-Jun-2018 21:51:25
Iterating ...
   31         32000       6.232e+08       4.046e+10        0
Starting Fitness Calculation 14-Jun-2018 21:51:25
Fitness Calculated 15-Jun-2018 00:40:07
Iterating ...
   32         33000       5.917e+08       4.159e+10        0
Starting Fitness Calculation 15-Jun-2018 00:40:07
Fitness Calculated 15-Jun-2018 03:30:11
Iterating ...
   33         34000        5.67e+08       4.079e+10        0
Starting Fitness Calculation 15-Jun-2018 03:30:12
Fitness Calculated 15-Jun-2018 06:21:05
Iterating ...
   34         35000       5.534e+08       3.976e+10        0
Starting Fitness Calculation 15-Jun-2018 06:21:05
Fitness Calculated 15-Jun-2018 09:11:40
Iterating ...
   35         36000       4.162e+08        4.16e+10        0
Starting Fitness Calculation 15-Jun-2018 09:11:41
Fitness Calculated 15-Jun-2018 12:03:34
Iterating ...
   36         37000       2.898e+08       3.953e+10        0
Starting Fitness Calculation 15-Jun-2018 12:03:35
Fitness Calculated 15-Jun-2018 14:55:39
Iterating ...
   37         38000       2.898e+08       4.258e+10        0
Starting Fitness Calculation 15-Jun-2018 14:55:40
Fitness Calculated 15-Jun-2018 17:48:45
Iterating ...
   38         39000       2.719e+08       3.857e+10        0
Starting Fitness Calculation 15-Jun-2018 17:48:45
Fitness Calculated 15-Jun-2018 20:42:37
Iterating ...
   39         40000       2.656e+08       4.038e+10        0
Starting Fitness Calculation 15-Jun-2018 20:42:37
Fitness Calculated 15-Jun-2018 23:36:45
Iterating ...
   40         41000        2.39e+08       4.051e+10        0
Starting Fitness Calculation 15-Jun-2018 23:36:46
Fitness Calculated 16-Jun-2018 02:31:08
Iterating ...
   41         42000        2.39e+08       4.003e+10        0
Starting Fitness Calculation 16-Jun-2018 02:31:09
Fitness Calculated 16-Jun-2018 05:25:47
Iterating ...
   42         43000        1.75e+08       3.839e+10        0
Starting Fitness Calculation 16-Jun-2018 05:25:47
Fitness Calculated 16-Jun-2018 08:20:24
Iterating ...
   43         44000       6.008e+07       3.741e+10        0
Starting Fitness Calculation 16-Jun-2018 08:20:25
Fitness Calculated 16-Jun-2018 11:17:29
Iterating ...
   44         45000        5.96e+07       3.785e+10        0
Starting Fitness Calculation 16-Jun-2018 11:17:30
Fitness Calculated 16-Jun-2018 14:14:41
Iterating ...
   45         46000       1.607e+07       3.897e+10        0
Starting Fitness Calculation 16-Jun-2018 14:14:42
Fitness Calculated 16-Jun-2018 17:13:42
Iterating ...
   46         47000       4.871e+04       3.679e+10        0
Starting Fitness Calculation 16-Jun-2018 17:13:43
Fitness Calculated 16-Jun-2018 20:14:33
Iterating ...
   47         48000       4.633e+04       3.879e+10        0
Starting Fitness Calculation 16-Jun-2018 20:14:34
Fitness Calculated 16-Jun-2018 23:15:37
Iterating ...
   48         49000       4.535e+04       3.739e+10        0
Starting Fitness Calculation 16-Jun-2018 23:15:38
Fitness Calculated 17-Jun-2018 02:16:17
Iterating ...
   49         50000       4.526e+04       3.712e+10        0
Starting Fitness Calculation 17-Jun-2018 02:16:17
Fitness Calculated 17-Jun-2018 05:17:01
Iterating ...
   50         51000       4.434e+04       3.721e+10        0
Starting Fitness Calculation 17-Jun-2018 05:17:02
Fitness Calculated 17-Jun-2018 08:18:37
Iterating ...
   51         52000       4.416e+04       3.638e+10        0
Starting Fitness Calculation 17-Jun-2018 08:18:38
Fitness Calculated 17-Jun-2018 11:19:31
Iterating ...
   52         53000       4.416e+04       3.942e+10        1
Starting Fitness Calculation 17-Jun-2018 11:19:32
Fitness Calculated 17-Jun-2018 14:20:25
Iterating ...
   53         54000       4.416e+04       3.837e+10        2
Starting Fitness Calculation 17-Jun-2018 14:20:25
Fitness Calculated 17-Jun-2018 17:20:46
Iterating ...
   54         55000       4.416e+04       3.683e+10        0
Starting Fitness Calculation 17-Jun-2018 17:20:47
Fitness Calculated 17-Jun-2018 20:21:43
Iterating ...
   55         56000       4.367e+04       3.689e+10        0
Starting Fitness Calculation 17-Jun-2018 20:21:43
Fitness Calculated 17-Jun-2018 23:21:54
Iterating ...
   56         57000       4.367e+04       3.864e+10        0
Starting Fitness Calculation 17-Jun-2018 23:21:54
Fitness Calculated 18-Jun-2018 02:22:54
Iterating ...
   57         58000       4.197e+04       3.765e+10        0
Starting Fitness Calculation 18-Jun-2018 02:22:55
Fitness Calculated 18-Jun-2018 05:24:47
Iterating ...
   58         59000       4.196e+04       3.742e+10        0
Starting Fitness Calculation 18-Jun-2018 05:24:48
Fitness Calculated 18-Jun-2018 08:25:26
Iterating ...
   59         60000       4.196e+04       3.672e+10        1
Starting Fitness Calculation 18-Jun-2018 08:25:27
Fitness Calculated 18-Jun-2018 11:25:54
Iterating ...
   60         61000       4.196e+04       3.765e+10        0

                               Best           Mean      Stall
Generation      f-count        f(x)           f(x)    Generations
Starting Fitness Calculation 18-Jun-2018 11:25:55
Fitness Calculated 18-Jun-2018 14:26:11
Iterating ...
   61         62000       4.196e+04       3.605e+10        1
Starting Fitness Calculation 18-Jun-2018 14:26:12
Fitness Calculated 18-Jun-2018 17:26:53
Iterating ...
   62         63000       4.196e+04       3.553e+10        2
Starting Fitness Calculation 18-Jun-2018 17:26:54
Fitness Calculated 18-Jun-2018 20:28:04
Iterating ...
   63         64000       4.196e+04       3.824e+10        3
Starting Fitness Calculation 18-Jun-2018 20:28:04
