
                            < M A T L A B (R) >
                  Copyright 1984-2015 The MathWorks, Inc.
                   R2015a (8.5.0.197613) 64-bit (glnxa64)
                             February 12, 2015

 
To get started, type one of these: helpwin, helpdesk, or demo.
For product information, visit www.mathworks.com.
 
 
To get started, type one of these: helpwin, helpdesk, or demo.
For product information, visit www.mathworks.com.
 
Starting parallel pool (parpool) using the 'ClusterPandora' profile ... connected to 80 workers.
RLQ-R Passive Modified - Starting Fitness Calculation 13-Dec-2018 17:17:03
Analyzing and transferring files to the workers ...done.
Fitness Calculated 13-Dec-2018 17:23:51
Starting the algorithm

                               Best           Mean      Stall
Generation      f-count        f(x)           f(x)    Generations
RLQ-R Passive Modified - Starting Fitness Calculation 13-Dec-2018 17:23:52
Fitness Calculated 13-Dec-2018 17:30:29
Iterating ...
    1          6000            2.11           27.34        0
RLQ-R Passive Modified - Starting Fitness Calculation 13-Dec-2018 17:30:30
Fitness Calculated 13-Dec-2018 17:42:31
Iterating ...
    2          9000           2.111           24.98        1
RLQ-R Passive Modified - Starting Fitness Calculation 13-Dec-2018 17:42:32
Fitness Calculated 13-Dec-2018 18:04:51
Iterating ...
    3         12000           2.082           24.25        0
RLQ-R Passive Modified - Starting Fitness Calculation 13-Dec-2018 18:04:52
