
                            < M A T L A B (R) >
                  Copyright 1984-2015 The MathWorks, Inc.
                   R2015a (8.5.0.197613) 64-bit (glnxa64)
                             February 12, 2015

 
To get started, type one of these: helpwin, helpdesk, or demo.
For product information, visit www.mathworks.com.
 
 
To get started, type one of these: helpwin, helpdesk, or demo.
For product information, visit www.mathworks.com.
 
Starting parallel pool (parpool) using the 'ClusterPandora' profile ... connected to 80 workers.
Starting Fitness Calculation 21-Jun-2018 20:30:54
Analyzing and transferring files to the workers ...done.
Fitness Calculated 21-Jun-2018 20:54:35
Starting the algorithm

                               Best           Mean      Stall
Generation      f-count        f(x)           f(x)    Generations
Starting Fitness Calculation 21-Jun-2018 20:54:35
Fitness Calculated 21-Jun-2018 21:19:01
Iterating ...
    1          2000           105.9           225.1        0
Starting Fitness Calculation 21-Jun-2018 21:19:01
Fitness Calculated 21-Jun-2018 22:09:26
Iterating ...
    2          3000           103.6           215.7        0
Starting Fitness Calculation 21-Jun-2018 22:09:27
Fitness Calculated 21-Jun-2018 23:23:47
Iterating ...
    3          4000           103.6           205.5        1
Starting Fitness Calculation 21-Jun-2018 23:23:48
Fitness Calculated 22-Jun-2018 00:41:33
Iterating ...
    4          5000           100.8           199.7        0
Starting Fitness Calculation 22-Jun-2018 00:41:34
Fitness Calculated 22-Jun-2018 02:04:10
Iterating ...
    5          6000           96.44           192.5        0
Starting Fitness Calculation 22-Jun-2018 02:04:10
Fitness Calculated 22-Jun-2018 03:35:30
Iterating ...
    6          7000           92.79           186.7        0
Starting Fitness Calculation 22-Jun-2018 03:35:30
Fitness Calculated 22-Jun-2018 05:13:20
Iterating ...
    7          8000           87.77           179.5        0
Starting Fitness Calculation 22-Jun-2018 05:13:20
Fitness Calculated 22-Jun-2018 07:01:26
Iterating ...
    8          9000           85.92           170.8        0
Starting Fitness Calculation 22-Jun-2018 07:01:26
Fitness Calculated 22-Jun-2018 08:51:19
Iterating ...
    9         10000            85.9           167.9        0
Starting Fitness Calculation 22-Jun-2018 08:51:20
Fitness Calculated 22-Jun-2018 10:48:10
Iterating ...
   10         11000           81.63           162.6        0
Starting Fitness Calculation 22-Jun-2018 10:48:10
Fitness Calculated 22-Jun-2018 12:48:21
Iterating ...
   11         12000           81.63           156.3        0
Starting Fitness Calculation 22-Jun-2018 12:48:21
Fitness Calculated 22-Jun-2018 14:50:37
Iterating ...
   12         13000           81.63           153.1        1
Starting Fitness Calculation 22-Jun-2018 14:50:37
Fitness Calculated 22-Jun-2018 16:54:22
Iterating ...
   13         14000           81.48           153.1        0
Starting Fitness Calculation 22-Jun-2018 16:54:22
Fitness Calculated 22-Jun-2018 19:02:49
Iterating ...
   14         15000           81.12           149.3        0
Starting Fitness Calculation 22-Jun-2018 19:02:49
Fitness Calculated 22-Jun-2018 21:12:10
Iterating ...
   15         16000           77.75           147.4        0
Starting Fitness Calculation 22-Jun-2018 21:12:10
Fitness Calculated 22-Jun-2018 23:19:41
Iterating ...
   16         17000           77.75           148.3        0
Starting Fitness Calculation 22-Jun-2018 23:19:42
Fitness Calculated 23-Jun-2018 01:33:00
Iterating ...
   17         18000           77.75           145.3        0
Starting Fitness Calculation 23-Jun-2018 01:33:00
Fitness Calculated 23-Jun-2018 03:46:10
Iterating ...
   18         19000           76.36           142.8        0
Starting Fitness Calculation 23-Jun-2018 03:46:10
Fitness Calculated 23-Jun-2018 05:57:39
Iterating ...
   19         20000           75.43           142.9        0
Starting Fitness Calculation 23-Jun-2018 05:57:40
Fitness Calculated 23-Jun-2018 08:14:29
Iterating ...
   20         21000           75.43           143.1        1
Starting Fitness Calculation 23-Jun-2018 08:14:29
Fitness Calculated 23-Jun-2018 10:29:03
Iterating ...
   21         22000           75.37           140.4        0
Starting Fitness Calculation 23-Jun-2018 10:29:03
Fitness Calculated 23-Jun-2018 12:41:19
Iterating ...
   22         23000           75.37           143.1        1
Starting Fitness Calculation 23-Jun-2018 12:41:19
Fitness Calculated 23-Jun-2018 14:56:07
Iterating ...
   23         24000           75.36           142.6        0
Starting Fitness Calculation 23-Jun-2018 14:56:08
Fitness Calculated 23-Jun-2018 17:06:20
Iterating ...
   24         25000           75.04           138.8        0
Starting Fitness Calculation 23-Jun-2018 17:06:20
Fitness Calculated 23-Jun-2018 19:21:49
Iterating ...
   25         26000           74.39           136.3        0
Starting Fitness Calculation 23-Jun-2018 19:21:50
Fitness Calculated 23-Jun-2018 21:39:18
Iterating ...
   26         27000           74.19           139.2        0
Starting Fitness Calculation 23-Jun-2018 21:39:19
Fitness Calculated 23-Jun-2018 23:50:13
Iterating ...
   27         28000           73.87             143        0
Starting Fitness Calculation 23-Jun-2018 23:50:14
Fitness Calculated 24-Jun-2018 02:01:42
Iterating ...
   28         29000           71.34           141.8        0
Starting Fitness Calculation 24-Jun-2018 02:01:43
Fitness Calculated 24-Jun-2018 04:19:27
Iterating ...
   29         30000           70.44           141.3        0
Starting Fitness Calculation 24-Jun-2018 04:19:28
Fitness Calculated 24-Jun-2018 06:36:50
Iterating ...
   30         31000           70.44           138.9        1

                               Best           Mean      Stall
Generation      f-count        f(x)           f(x)    Generations
Starting Fitness Calculation 24-Jun-2018 06:36:50
Fitness Calculated 24-Jun-2018 08:54:26
Iterating ...
   31         32000           69.66             138        0
Starting Fitness Calculation 24-Jun-2018 08:54:27
Fitness Calculated 24-Jun-2018 11:06:34
Iterating ...
   32         33000           69.66           139.8        0
Starting Fitness Calculation 24-Jun-2018 11:06:34
Fitness Calculated 24-Jun-2018 13:22:32
Iterating ...
   33         34000           69.07           142.6        0
Starting Fitness Calculation 24-Jun-2018 13:22:33
Fitness Calculated 24-Jun-2018 15:38:59
Iterating ...
   34         35000           69.02           143.3        0
Starting Fitness Calculation 24-Jun-2018 15:38:59
Fitness Calculated 24-Jun-2018 17:55:24
Iterating ...
   35         36000           68.82           142.8        0
Starting Fitness Calculation 24-Jun-2018 17:55:25
Fitness Calculated 24-Jun-2018 20:11:05
Iterating ...
   36         37000           68.82           140.4        1
Starting Fitness Calculation 24-Jun-2018 20:11:05
Fitness Calculated 24-Jun-2018 22:28:39
Iterating ...
   37         38000           68.62           142.1        0
Starting Fitness Calculation 24-Jun-2018 22:28:39
Fitness Calculated 25-Jun-2018 00:45:35
Iterating ...
   38         39000           68.52           140.5        0
Starting Fitness Calculation 25-Jun-2018 00:45:35
Fitness Calculated 25-Jun-2018 03:01:05
Iterating ...
   39         40000           68.43           139.3        0
Starting Fitness Calculation 25-Jun-2018 03:01:05
Fitness Calculated 25-Jun-2018 05:15:17
Iterating ...
   40         41000              68           136.2        0
Starting Fitness Calculation 25-Jun-2018 05:15:18
Fitness Calculated 25-Jun-2018 07:35:56
Iterating ...
   41         42000           67.76           134.5        0
Starting Fitness Calculation 25-Jun-2018 07:35:56
Fitness Calculated 25-Jun-2018 09:53:17
Iterating ...
   42         43000            67.6           133.4        0
Starting Fitness Calculation 25-Jun-2018 09:53:18
Fitness Calculated 25-Jun-2018 12:13:22
Iterating ...
   43         44000            67.6           135.1        1
Starting Fitness Calculation 25-Jun-2018 12:13:23
Fitness Calculated 25-Jun-2018 14:34:22
Iterating ...
   44         45000            67.6           135.3        0
Starting Fitness Calculation 25-Jun-2018 14:34:23
Fitness Calculated 25-Jun-2018 16:49:28
Iterating ...
   45         46000            67.6           138.8        1
Starting Fitness Calculation 25-Jun-2018 16:49:29
Fitness Calculated 25-Jun-2018 19:07:03
Iterating ...
   46         47000           67.51           137.6        0
Starting Fitness Calculation 25-Jun-2018 19:07:03
Fitness Calculated 25-Jun-2018 21:20:36
Iterating ...
   47         48000           67.51           140.7        1
Starting Fitness Calculation 25-Jun-2018 21:20:37
Fitness Calculated 25-Jun-2018 23:39:20
Iterating ...
   48         49000           67.45           136.8        0
Starting Fitness Calculation 25-Jun-2018 23:39:21
Fitness Calculated 26-Jun-2018 01:59:57
Iterating ...
   49         50000           67.24           136.5        0
Starting Fitness Calculation 26-Jun-2018 01:59:58
Fitness Calculated 26-Jun-2018 04:17:05
Iterating ...
   50         51000           67.24           138.2        1
Starting Fitness Calculation 26-Jun-2018 04:17:06
Fitness Calculated 26-Jun-2018 06:37:44
Iterating ...
   51         52000           67.24           137.7        2
Starting Fitness Calculation 26-Jun-2018 06:37:44
Fitness Calculated 26-Jun-2018 08:58:48
Iterating ...
   52         53000           67.24             138        3
Starting Fitness Calculation 26-Jun-2018 08:58:49
Fitness Calculated 26-Jun-2018 11:19:54
Iterating ...
   53         54000           67.18           140.4        0
Starting Fitness Calculation 26-Jun-2018 11:19:54
Fitness Calculated 26-Jun-2018 13:39:31
Iterating ...
   54         55000           67.14           139.7        0
Starting Fitness Calculation 26-Jun-2018 13:39:31
Fitness Calculated 26-Jun-2018 15:57:25
Iterating ...
   55         56000           67.14           138.3        0
Starting Fitness Calculation 26-Jun-2018 15:57:25
Fitness Calculated 26-Jun-2018 18:10:54
Iterating ...
   56         57000            67.1           137.9        0
Starting Fitness Calculation 26-Jun-2018 18:10:54
Fitness Calculated 26-Jun-2018 20:29:57
Iterating ...
   57         58000           66.87           135.1        0
Starting Fitness Calculation 26-Jun-2018 20:29:57
Fitness Calculated 26-Jun-2018 22:52:14
Iterating ...
   58         59000           66.82           135.3        0
Starting Fitness Calculation 26-Jun-2018 22:52:15
Fitness Calculated 27-Jun-2018 01:09:44
Iterating ...
   59         60000           66.77           136.3        0
Starting Fitness Calculation 27-Jun-2018 01:09:44
Fitness Calculated 27-Jun-2018 03:27:14
Iterating ...
   60         61000           66.77           135.3        0

                               Best           Mean      Stall
Generation      f-count        f(x)           f(x)    Generations
Starting Fitness Calculation 27-Jun-2018 03:27:15
Fitness Calculated 27-Jun-2018 05:43:30
Iterating ...
   61         62000           66.72             136        0
Starting Fitness Calculation 27-Jun-2018 05:43:30
