
                            < M A T L A B (R) >
                  Copyright 1984-2015 The MathWorks, Inc.
                   R2015a (8.5.0.197613) 64-bit (glnxa64)
                             February 12, 2015

 
To get started, type one of these: helpwin, helpdesk, or demo.
For product information, visit www.mathworks.com.
 
 
To get started, type one of these: helpwin, helpdesk, or demo.
For product information, visit www.mathworks.com.
 
Starting parallel pool (parpool) using the 'ClusterPandora' profile ... connected to 80 workers.
Starting Fitness Calculation 18-Jun-2018 22:38:58
Analyzing and transferring files to the workers ...done.
Fitness Calculated 18-Jun-2018 22:54:05
Starting the algorithm

                               Best           Mean      Stall
Generation      f-count        f(x)           f(x)    Generations
Starting Fitness Calculation 18-Jun-2018 22:54:06
Fitness Calculated 18-Jun-2018 23:14:39
Iterating ...
    1          2000           105.9           225.1        0
Starting Fitness Calculation 18-Jun-2018 23:14:39
Fitness Calculated 18-Jun-2018 23:48:28
Iterating ...
    2          3000           103.6           216.1        0
Starting Fitness Calculation 18-Jun-2018 23:48:28
Fitness Calculated 19-Jun-2018 00:51:58
Iterating ...
    3          4000           102.6           207.7        0
Starting Fitness Calculation 19-Jun-2018 00:51:58
Fitness Calculated 19-Jun-2018 02:32:54
Iterating ...
    4          5000           89.61           200.4        0
Starting Fitness Calculation 19-Jun-2018 02:32:54
Fitness Calculated 19-Jun-2018 04:16:17
Iterating ...
    5          6000           89.61           193.2        0
Starting Fitness Calculation 19-Jun-2018 04:16:17
Fitness Calculated 19-Jun-2018 06:00:52
Iterating ...
    6          7000           89.61           186.1        1
Starting Fitness Calculation 19-Jun-2018 06:00:52
Fitness Calculated 19-Jun-2018 07:58:57
Iterating ...
    7          8000           89.61           179.3        2
Starting Fitness Calculation 19-Jun-2018 07:58:57
Fitness Calculated 19-Jun-2018 10:02:04
Iterating ...
    8          9000           82.97           174.7        0
Starting Fitness Calculation 19-Jun-2018 10:02:04
Fitness Calculated 19-Jun-2018 12:04:59
Iterating ...
    9         10000            82.1             168        0
Starting Fitness Calculation 19-Jun-2018 12:05:00
Fitness Calculated 19-Jun-2018 14:08:08
Iterating ...
   10         11000            82.1           162.8        1
Starting Fitness Calculation 19-Jun-2018 14:08:09
Fitness Calculated 19-Jun-2018 16:21:27
Iterating ...
   11         12000           80.13             155        0
Starting Fitness Calculation 19-Jun-2018 16:21:28
Fitness Calculated 19-Jun-2018 18:35:09
Iterating ...
   12         13000           80.11           152.1        0
Starting Fitness Calculation 19-Jun-2018 18:35:09
Fitness Calculated 19-Jun-2018 20:49:59
Iterating ...
   13         14000           79.96           151.6        0
Starting Fitness Calculation 19-Jun-2018 20:50:00
Fitness Calculated 19-Jun-2018 23:04:14
Iterating ...
   14         15000           79.96           144.9        0
Starting Fitness Calculation 19-Jun-2018 23:04:14
Fitness Calculated 20-Jun-2018 01:18:25
Iterating ...
   15         16000           77.38           147.9        0
Starting Fitness Calculation 20-Jun-2018 01:18:25
Fitness Calculated 20-Jun-2018 03:32:50
Iterating ...
   16         17000           76.83           147.7        0
Starting Fitness Calculation 20-Jun-2018 03:32:50
Fitness Calculated 20-Jun-2018 05:47:10
Iterating ...
   17         18000           76.61             145        0
Starting Fitness Calculation 20-Jun-2018 05:47:10
Fitness Calculated 20-Jun-2018 08:07:15
Iterating ...
   18         19000           74.06             146        0
Starting Fitness Calculation 20-Jun-2018 08:07:16
Fitness Calculated 20-Jun-2018 10:27:18
Iterating ...
   19         20000           74.06           145.9        1
Starting Fitness Calculation 20-Jun-2018 10:27:18
Fitness Calculated 20-Jun-2018 12:46:53
Iterating ...
   20         21000           73.74           141.8        0
Starting Fitness Calculation 20-Jun-2018 12:46:54
Fitness Calculated 20-Jun-2018 15:10:10
Iterating ...
   21         22000           73.64           140.8        0
Starting Fitness Calculation 20-Jun-2018 15:10:10
Fitness Calculated 20-Jun-2018 17:33:17
Iterating ...
   22         23000           73.33           140.8        0
Starting Fitness Calculation 20-Jun-2018 17:33:18
Fitness Calculated 20-Jun-2018 19:57:41
Iterating ...
   23         24000           72.22           141.9        0
Starting Fitness Calculation 20-Jun-2018 19:57:41
