
                            < M A T L A B (R) >
                  Copyright 1984-2015 The MathWorks, Inc.
                   R2015a (8.5.0.197613) 64-bit (glnxa64)
                             February 12, 2015

 
To get started, type one of these: helpwin, helpdesk, or demo.
For product information, visit www.mathworks.com.
 
 
To get started, type one of these: helpwin, helpdesk, or demo.
For product information, visit www.mathworks.com.
 
Starting parallel pool (parpool) using the 'ClusterPandora' profile ... connected to 80 workers.
Starting Fitness Calculation 17-Sep-2018 22:53:47
Analyzing and transferring files to the workers ...done.
Fitness Calculated 17-Sep-2018 23:19:42
Starting the algorithm

                               Best           Mean      Stall
Generation      f-count        f(x)           f(x)    Generations
Starting Fitness Calculation 17-Sep-2018 23:19:42
Fitness Calculated 17-Sep-2018 23:46:26
Iterating ...
    1          2000           208.6           266.9        0
Starting Fitness Calculation 17-Sep-2018 23:46:26
Fitness Calculated 18-Sep-2018 00:15:56
Iterating ...
    2          3000           207.6           260.4        0
Starting Fitness Calculation 18-Sep-2018 00:15:57
Fitness Calculated 18-Sep-2018 00:47:23
Iterating ...
    3          4000           202.7           255.6        0
Starting Fitness Calculation 18-Sep-2018 00:47:23
Fitness Calculated 18-Sep-2018 01:19:26
Iterating ...
    4          5000           200.4           250.8        0
Starting Fitness Calculation 18-Sep-2018 01:19:27
Fitness Calculated 18-Sep-2018 01:53:34
Iterating ...
    5          6000           195.7           247.5        0
Starting Fitness Calculation 18-Sep-2018 01:53:34
Fitness Calculated 18-Sep-2018 02:28:34
Iterating ...
    6          7000           190.5           243.8        0
Starting Fitness Calculation 18-Sep-2018 02:28:35
Fitness Calculated 18-Sep-2018 03:05:46
Iterating ...
    7          8000           181.5           240.3        0
Starting Fitness Calculation 18-Sep-2018 03:05:47
Fitness Calculated 18-Sep-2018 03:45:29
Iterating ...
    8          9000           181.5           237.8        1
Starting Fitness Calculation 18-Sep-2018 03:45:30
Fitness Calculated 18-Sep-2018 04:27:17
Iterating ...
    9         10000           176.3           233.7        0
Starting Fitness Calculation 18-Sep-2018 04:27:18
Fitness Calculated 18-Sep-2018 05:09:16
Iterating ...
   10         11000           176.3           229.8        1
Starting Fitness Calculation 18-Sep-2018 05:09:17
Fitness Calculated 18-Sep-2018 05:51:43
Iterating ...
   11         12000           176.3           226.5        2
Starting Fitness Calculation 18-Sep-2018 05:51:44
Fitness Calculated 18-Sep-2018 06:34:36
Iterating ...
   12         13000           176.3           222.5        3
Starting Fitness Calculation 18-Sep-2018 06:34:36
Fitness Calculated 18-Sep-2018 07:16:37
Iterating ...
   13         14000           175.6           219.7        0
Starting Fitness Calculation 18-Sep-2018 07:16:38
Fitness Calculated 18-Sep-2018 08:00:54
Iterating ...
   14         15000           173.1           216.4        0
Starting Fitness Calculation 18-Sep-2018 08:00:55
Fitness Calculated 18-Sep-2018 08:45:35
Iterating ...
   15         16000           170.9           214.7        0
Starting Fitness Calculation 18-Sep-2018 08:45:36
Fitness Calculated 18-Sep-2018 09:30:42
Iterating ...
   16         17000             167           213.4        0
Starting Fitness Calculation 18-Sep-2018 09:30:43
Fitness Calculated 18-Sep-2018 10:14:15
Iterating ...
   17         18000           166.9           211.8        0
Starting Fitness Calculation 18-Sep-2018 10:14:16
Fitness Calculated 18-Sep-2018 10:57:44
Iterating ...
   18         19000           165.6           211.5        0
Starting Fitness Calculation 18-Sep-2018 10:57:46
Fitness Calculated 18-Sep-2018 11:42:39
Iterating ...
   19         20000           165.6           209.3        0
Starting Fitness Calculation 18-Sep-2018 11:42:40
Fitness Calculated 18-Sep-2018 12:27:48
Iterating ...
   20         21000           165.5           209.3        0
Starting Fitness Calculation 18-Sep-2018 12:27:50
Fitness Calculated 18-Sep-2018 13:13:46
Iterating ...
   21         22000           165.5             208        1
Starting Fitness Calculation 18-Sep-2018 13:13:48
Fitness Calculated 18-Sep-2018 13:58:02
Iterating ...
   22         23000           160.9           206.8        0
Starting Fitness Calculation 18-Sep-2018 13:58:03
Fitness Calculated 18-Sep-2018 14:43:17
Iterating ...
   23         24000           160.1           204.8        0
Starting Fitness Calculation 18-Sep-2018 14:43:18
Fitness Calculated 18-Sep-2018 15:28:36
Iterating ...
   24         25000           157.2           204.4        0
Starting Fitness Calculation 18-Sep-2018 15:28:38
Fitness Calculated 18-Sep-2018 16:13:24
Iterating ...
   25         26000             152           202.7        0
Starting Fitness Calculation 18-Sep-2018 16:13:25
Fitness Calculated 18-Sep-2018 16:59:43
Iterating ...
   26         27000             150           202.5        0
Starting Fitness Calculation 18-Sep-2018 16:59:44
Fitness Calculated 18-Sep-2018 17:45:58
Iterating ...
   27         28000           144.8           200.7        0
Starting Fitness Calculation 18-Sep-2018 17:45:59
Fitness Calculated 18-Sep-2018 18:32:32
Iterating ...
   28         29000           144.8           196.8        1
Starting Fitness Calculation 18-Sep-2018 18:32:33
Fitness Calculated 18-Sep-2018 19:21:36
Iterating ...
   29         30000             142           195.2        0
Starting Fitness Calculation 18-Sep-2018 19:21:38
Fitness Calculated 18-Sep-2018 20:09:35
Iterating ...
   30         31000           141.8           193.3        0

                               Best           Mean      Stall
Generation      f-count        f(x)           f(x)    Generations
Starting Fitness Calculation 18-Sep-2018 20:09:37
Fitness Calculated 18-Sep-2018 20:58:04
Iterating ...
   31         32000           141.8           190.9        1
Starting Fitness Calculation 18-Sep-2018 20:58:06
Fitness Calculated 18-Sep-2018 21:48:10
Iterating ...
   32         33000           141.8           190.5        2
Starting Fitness Calculation 18-Sep-2018 21:48:12
Fitness Calculated 18-Sep-2018 22:38:20
Iterating ...
   33         34000           141.8           189.9        3
Starting Fitness Calculation 18-Sep-2018 22:38:22
Fitness Calculated 18-Sep-2018 23:29:46
Iterating ...
   34         35000           141.8           189.1        4
Starting Fitness Calculation 18-Sep-2018 23:29:48
Fitness Calculated 19-Sep-2018 00:20:36
Iterating ...
   35         36000           141.2           189.8        0
Starting Fitness Calculation 19-Sep-2018 00:20:38
Fitness Calculated 19-Sep-2018 01:11:40
Iterating ...
   36         37000           141.2           190.8        1
Starting Fitness Calculation 19-Sep-2018 01:11:42
Fitness Calculated 19-Sep-2018 02:01:27
Iterating ...
   37         38000           141.1           191.9        0
Starting Fitness Calculation 19-Sep-2018 02:01:29
Fitness Calculated 19-Sep-2018 02:54:15
Iterating ...
   38         39000           140.5           191.3        0
Starting Fitness Calculation 19-Sep-2018 02:54:17
Fitness Calculated 19-Sep-2018 03:45:16
Iterating ...
   39         40000           138.5           190.9        0
Starting Fitness Calculation 19-Sep-2018 03:45:18
Fitness Calculated 19-Sep-2018 04:35:54
Iterating ...
   40         41000           137.6           191.9        0
Starting Fitness Calculation 19-Sep-2018 04:35:57
Fitness Calculated 19-Sep-2018 05:27:37
Iterating ...
   41         42000           137.6             193        1
Starting Fitness Calculation 19-Sep-2018 05:27:40
Fitness Calculated 19-Sep-2018 06:17:42
Iterating ...
   42         43000           137.6           192.4        2
Starting Fitness Calculation 19-Sep-2018 06:17:45
Fitness Calculated 19-Sep-2018 07:09:54
Iterating ...
   43         44000           137.6           191.3        3
Starting Fitness Calculation 19-Sep-2018 07:09:56
Fitness Calculated 19-Sep-2018 08:00:22
Iterating ...
   44         45000           137.3           191.3        0
Starting Fitness Calculation 19-Sep-2018 08:00:24
Fitness Calculated 19-Sep-2018 08:50:49
Iterating ...
   45         46000           137.2           191.8        0
Starting Fitness Calculation 19-Sep-2018 08:50:51
Fitness Calculated 19-Sep-2018 09:42:14
Iterating ...
   46         47000           136.8           190.9        0
Starting Fitness Calculation 19-Sep-2018 09:42:17
Fitness Calculated 19-Sep-2018 10:32:50
Iterating ...
   47         48000           135.8           191.3        0
Starting Fitness Calculation 19-Sep-2018 10:32:53
Fitness Calculated 19-Sep-2018 11:23:27
Iterating ...
   48         49000           135.8           190.5        1
Starting Fitness Calculation 19-Sep-2018 11:23:31
Fitness Calculated 19-Sep-2018 12:13:06
Iterating ...
   49         50000           134.9           190.2        0
Starting Fitness Calculation 19-Sep-2018 12:13:09
Fitness Calculated 19-Sep-2018 13:04:22
Iterating ...
   50         51000           134.9           190.9        1
Starting Fitness Calculation 19-Sep-2018 13:04:26
Fitness Calculated 19-Sep-2018 13:55:08
Iterating ...
   51         52000           134.9           190.8        2
Starting Fitness Calculation 19-Sep-2018 13:55:11
Fitness Calculated 19-Sep-2018 14:46:51
Iterating ...
   52         53000           134.9           191.2        3
Starting Fitness Calculation 19-Sep-2018 14:46:54
Fitness Calculated 19-Sep-2018 15:37:46
Iterating ...
   53         54000           134.9           191.2        4
Starting Fitness Calculation 19-Sep-2018 15:37:49
Fitness Calculated 19-Sep-2018 16:28:39
Iterating ...
   54         55000           134.9           190.5        5
Starting Fitness Calculation 19-Sep-2018 16:28:42
Fitness Calculated 19-Sep-2018 17:19:19
Iterating ...
   55         56000           134.9             190        6
Starting Fitness Calculation 19-Sep-2018 17:19:22
Fitness Calculated 19-Sep-2018 18:10:06
Iterating ...
   56         57000           134.9           188.2        0
Starting Fitness Calculation 19-Sep-2018 18:10:08
Fitness Calculated 19-Sep-2018 19:00:41
Iterating ...
   57         58000           134.9           188.8        1
Starting Fitness Calculation 19-Sep-2018 19:00:44
Fitness Calculated 19-Sep-2018 19:52:20
Iterating ...
   58         59000           134.9           188.1        2
Starting Fitness Calculation 19-Sep-2018 19:52:23
Fitness Calculated 19-Sep-2018 20:42:30
Iterating ...
   59         60000           134.9           187.5        0
Starting Fitness Calculation 19-Sep-2018 20:42:33
Fitness Calculated 19-Sep-2018 21:33:29
Iterating ...
   60         61000           134.9           187.3        1

                               Best           Mean      Stall
Generation      f-count        f(x)           f(x)    Generations
Starting Fitness Calculation 19-Sep-2018 21:33:32
Fitness Calculated 19-Sep-2018 22:24:58
Iterating ...
   61         62000           134.8           185.7        0
Starting Fitness Calculation 19-Sep-2018 22:25:01
Fitness Calculated 19-Sep-2018 23:15:49
Iterating ...
   62         63000           134.8           185.7        0
Starting Fitness Calculation 19-Sep-2018 23:15:52
Fitness Calculated 20-Sep-2018 00:05:51
Iterating ...
   63         64000           133.9           184.1        0
Starting Fitness Calculation 20-Sep-2018 00:05:54
Fitness Calculated 20-Sep-2018 00:56:08
Iterating ...
   64         65000           133.9           184.4        1
Starting Fitness Calculation 20-Sep-2018 00:56:11
Fitness Calculated 20-Sep-2018 01:46:19
Iterating ...
   65         66000           133.9           185.6        2
Starting Fitness Calculation 20-Sep-2018 01:46:22
Fitness Calculated 20-Sep-2018 02:37:04
Iterating ...
   66         67000           133.9             187        3
Starting Fitness Calculation 20-Sep-2018 02:37:07
Fitness Calculated 20-Sep-2018 03:26:30
Iterating ...
   67         68000           133.9           185.9        4
Starting Fitness Calculation 20-Sep-2018 03:26:34
Fitness Calculated 20-Sep-2018 04:15:40
Iterating ...
   68         69000           133.9             185        5
Starting Fitness Calculation 20-Sep-2018 04:15:44
Fitness Calculated 20-Sep-2018 05:05:13
Iterating ...
   69         70000           133.9           185.4        6
Starting Fitness Calculation 20-Sep-2018 05:05:17
Fitness Calculated 20-Sep-2018 05:55:17
Iterating ...
   70         71000           133.9           186.2        7
Starting Fitness Calculation 20-Sep-2018 05:55:21
Fitness Calculated 20-Sep-2018 06:45:05
Iterating ...
   71         72000           133.9           185.8        8
Starting Fitness Calculation 20-Sep-2018 06:45:09
Fitness Calculated 20-Sep-2018 07:35:00
Iterating ...
   72         73000           133.9           185.5        9
Starting Fitness Calculation 20-Sep-2018 07:35:04
Fitness Calculated 20-Sep-2018 08:24:40
Iterating ...
   73         74000           133.9             185       10
Starting Fitness Calculation 20-Sep-2018 08:24:44
Fitness Calculated 20-Sep-2018 09:15:29
Iterating ...
   74         75000           133.9           183.1       11
Starting Fitness Calculation 20-Sep-2018 09:15:33
Fitness Calculated 20-Sep-2018 10:05:36
Iterating ...
   75         76000           133.9           183.8       12
Starting Fitness Calculation 20-Sep-2018 10:05:40
Fitness Calculated 20-Sep-2018 10:55:38
Iterating ...
   76         77000           133.9           185.8       13
Starting Fitness Calculation 20-Sep-2018 10:55:41
Fitness Calculated 20-Sep-2018 11:45:32
Iterating ...
   77         78000           133.5           184.5        0
Starting Fitness Calculation 20-Sep-2018 11:45:35
Fitness Calculated 20-Sep-2018 12:36:09
Iterating ...
   78         79000           133.5           181.8        1
Starting Fitness Calculation 20-Sep-2018 12:36:13
Fitness Calculated 20-Sep-2018 13:27:31
Iterating ...
   79         80000           133.5           181.4        2
Starting Fitness Calculation 20-Sep-2018 13:27:35
Fitness Calculated 20-Sep-2018 14:18:55
Iterating ...
   80         81000           133.4           181.1        0
Starting Fitness Calculation 20-Sep-2018 14:18:59
Fitness Calculated 20-Sep-2018 15:10:21
Iterating ...
   81         82000           133.4           182.2        1
Starting Fitness Calculation 20-Sep-2018 15:10:25
Fitness Calculated 20-Sep-2018 16:00:57
Iterating ...
   82         83000           133.4           182.8        2
Starting Fitness Calculation 20-Sep-2018 16:01:00
Fitness Calculated 20-Sep-2018 16:51:58
Iterating ...
   83         84000           133.3           182.3        0
Starting Fitness Calculation 20-Sep-2018 16:52:02
Fitness Calculated 20-Sep-2018 17:43:46
Iterating ...
   84         85000           133.3           182.5        1
Starting Fitness Calculation 20-Sep-2018 17:43:50
Fitness Calculated 20-Sep-2018 18:35:47
Iterating ...
   85         86000           133.3           181.5        2
Starting Fitness Calculation 20-Sep-2018 18:35:51
Fitness Calculated 20-Sep-2018 19:28:06
Iterating ...
   86         87000           132.9           181.5        0
Starting Fitness Calculation 20-Sep-2018 19:28:10
Fitness Calculated 20-Sep-2018 20:19:37
Iterating ...
   87         88000           132.9           182.2        1
Starting Fitness Calculation 20-Sep-2018 20:19:41
Fitness Calculated 20-Sep-2018 21:10:36
Iterating ...
   88         89000           132.9           181.7        2
Starting Fitness Calculation 20-Sep-2018 21:10:40
Fitness Calculated 20-Sep-2018 22:02:03
Iterating ...
   89         90000           132.9           180.5        3
Starting Fitness Calculation 20-Sep-2018 22:02:07
Fitness Calculated 20-Sep-2018 22:53:38
Iterating ...
   90         91000           132.9           182.3        4

                               Best           Mean      Stall
Generation      f-count        f(x)           f(x)    Generations
Starting Fitness Calculation 20-Sep-2018 22:53:42
Fitness Calculated 20-Sep-2018 23:44:38
Iterating ...
   91         92000           132.9           180.1        5
Starting Fitness Calculation 20-Sep-2018 23:44:43
Fitness Calculated 21-Sep-2018 00:36:27
Iterating ...
   92         93000           132.9           179.6        6
Starting Fitness Calculation 21-Sep-2018 00:36:32
Fitness Calculated 21-Sep-2018 01:27:59
Iterating ...
   93         94000           132.7           180.3        0
Starting Fitness Calculation 21-Sep-2018 01:28:03
Fitness Calculated 21-Sep-2018 02:18:42
Iterating ...
   94         95000           132.7           181.6        1
Starting Fitness Calculation 21-Sep-2018 02:18:46
Fitness Calculated 21-Sep-2018 03:10:41
Iterating ...
   95         96000           132.7           181.5        2
Starting Fitness Calculation 21-Sep-2018 03:10:46
Fitness Calculated 21-Sep-2018 04:02:59
Iterating ...
   96         97000           132.7           181.2        3
Starting Fitness Calculation 21-Sep-2018 04:03:03
Fitness Calculated 21-Sep-2018 04:55:52
Iterating ...
   97         98000           132.7           180.5        4
Starting Fitness Calculation 21-Sep-2018 04:55:56
Fitness Calculated 21-Sep-2018 05:48:20
Iterating ...
   98         99000           132.6           180.5        0
Starting Fitness Calculation 21-Sep-2018 05:48:24
Fitness Calculated 21-Sep-2018 06:40:13
Iterating ...
   99         100000           132.4           180.4        0
Starting Fitness Calculation 21-Sep-2018 06:40:18
Fitness Calculated 21-Sep-2018 07:31:04
Iterating ...
  100         101000           132.4             180        1
Starting Fitness Calculation 21-Sep-2018 07:31:09
Fitness Calculated 21-Sep-2018 08:22:36
Iterating ...
  101         102000           132.4           179.3        2
Starting Fitness Calculation 21-Sep-2018 08:22:40
Fitness Calculated 21-Sep-2018 09:13:33
Iterating ...
  102         103000           132.4           179.4        3
Starting Fitness Calculation 21-Sep-2018 09:13:37
Fitness Calculated 21-Sep-2018 10:05:47
Iterating ...
  103         104000           132.4           179.2        4
Starting Fitness Calculation 21-Sep-2018 10:05:52
Fitness Calculated 21-Sep-2018 10:56:17
Iterating ...
  104         105000           132.4           179.8        5
Starting Fitness Calculation 21-Sep-2018 10:56:22
Fitness Calculated 21-Sep-2018 11:46:48
Iterating ...
  105         106000           132.4           180.7        0
Starting Fitness Calculation 21-Sep-2018 11:46:53
Fitness Calculated 21-Sep-2018 12:37:31
Iterating ...
  106         107000           132.4             182        1
Starting Fitness Calculation 21-Sep-2018 12:37:36
Fitness Calculated 21-Sep-2018 13:28:06
Iterating ...
  107         108000           132.3           181.2        0
Starting Fitness Calculation 21-Sep-2018 13:28:11
Fitness Calculated 21-Sep-2018 14:18:51
Iterating ...
  108         109000           132.3           181.7        1
Starting Fitness Calculation 21-Sep-2018 14:18:56
Fitness Calculated 21-Sep-2018 15:10:37
Iterating ...
  109         110000           132.3           182.1        0
Starting Fitness Calculation 21-Sep-2018 15:10:42
Fitness Calculated 21-Sep-2018 16:01:23
Iterating ...
  110         111000           132.3           182.2        0
Starting Fitness Calculation 21-Sep-2018 16:01:28
Fitness Calculated 21-Sep-2018 16:52:12
Iterating ...
  111         112000           132.3           181.7        0
Starting Fitness Calculation 21-Sep-2018 16:52:17
Fitness Calculated 21-Sep-2018 17:42:01
Iterating ...
  112         113000           132.3           181.7        1
Starting Fitness Calculation 21-Sep-2018 17:42:06
Fitness Calculated 21-Sep-2018 18:32:46
Iterating ...
  113         114000           132.3           180.6        2
Starting Fitness Calculation 21-Sep-2018 18:32:51
Fitness Calculated 21-Sep-2018 19:24:52
Iterating ...
  114         115000           132.3           180.1        3
Starting Fitness Calculation 21-Sep-2018 19:24:57
Fitness Calculated 21-Sep-2018 20:16:04
Iterating ...
  115         116000           132.3           180.5        0
Starting Fitness Calculation 21-Sep-2018 20:16:10
Fitness Calculated 21-Sep-2018 21:07:05
Iterating ...
  116         117000           132.3           179.9        0
Starting Fitness Calculation 21-Sep-2018 21:07:11
Fitness Calculated 21-Sep-2018 21:58:17
Iterating ...
  117         118000           132.3           180.8        0
Starting Fitness Calculation 21-Sep-2018 21:58:22
Fitness Calculated 21-Sep-2018 22:48:54
Iterating ...
  118         119000           132.3           180.1        1
Starting Fitness Calculation 21-Sep-2018 22:48:59
Fitness Calculated 21-Sep-2018 23:39:37
Iterating ...
  119         120000           132.2             181        0
Starting Fitness Calculation 21-Sep-2018 23:39:42
Fitness Calculated 22-Sep-2018 00:30:35
Iterating ...
  120         121000           132.2           181.8        0

                               Best           Mean      Stall
Generation      f-count        f(x)           f(x)    Generations
Starting Fitness Calculation 22-Sep-2018 00:30:41
Fitness Calculated 22-Sep-2018 01:21:33
Iterating ...
  121         122000           132.2           182.4        0
Starting Fitness Calculation 22-Sep-2018 01:21:38
Fitness Calculated 22-Sep-2018 02:12:25
Iterating ...
  122         123000           132.2           182.3        1
Starting Fitness Calculation 22-Sep-2018 02:12:30
Fitness Calculated 22-Sep-2018 03:03:16
Iterating ...
  123         124000           132.2           181.5        0
Starting Fitness Calculation 22-Sep-2018 03:03:21
Fitness Calculated 22-Sep-2018 03:54:47
Iterating ...
  124         125000           132.2           181.8        0
Starting Fitness Calculation 22-Sep-2018 03:54:53
Fitness Calculated 22-Sep-2018 04:45:25
Iterating ...
  125         126000           132.2           181.9        0
Starting Fitness Calculation 22-Sep-2018 04:45:30
Fitness Calculated 22-Sep-2018 05:37:12
Iterating ...
  126         127000           132.2           180.2        0
Starting Fitness Calculation 22-Sep-2018 05:37:18
Fitness Calculated 22-Sep-2018 06:28:13
Iterating ...
  127         128000           132.2           181.3        0
Starting Fitness Calculation 22-Sep-2018 06:28:18
Fitness Calculated 22-Sep-2018 07:19:39
Iterating ...
  128         129000           132.2           182.5        0
Starting Fitness Calculation 22-Sep-2018 07:19:45
Fitness Calculated 22-Sep-2018 08:09:43
Iterating ...
  129         130000           132.2           182.2        1
Starting Fitness Calculation 22-Sep-2018 08:09:49
Fitness Calculated 22-Sep-2018 08:59:57
Iterating ...
  130         131000           132.2           180.4        0
Starting Fitness Calculation 22-Sep-2018 09:00:03
Fitness Calculated 22-Sep-2018 09:51:22
Iterating ...
  131         132000           132.2           179.4        1
Starting Fitness Calculation 22-Sep-2018 09:51:28
Fitness Calculated 22-Sep-2018 10:42:05
Iterating ...
  132         133000           132.2           180.6        2
Starting Fitness Calculation 22-Sep-2018 10:42:11
Fitness Calculated 22-Sep-2018 11:32:47
Iterating ...
  133         134000           132.2           181.4        0
Starting Fitness Calculation 22-Sep-2018 11:32:53
Fitness Calculated 22-Sep-2018 12:23:05
Iterating ...
  134         135000           132.2           181.7        0
Starting Fitness Calculation 22-Sep-2018 12:23:11
Fitness Calculated 22-Sep-2018 13:14:05
Iterating ...
  135         136000           132.2           181.7        1
Starting Fitness Calculation 22-Sep-2018 13:14:11
Fitness Calculated 22-Sep-2018 14:03:31
Iterating ...
  136         137000           132.2           182.7        2
Starting Fitness Calculation 22-Sep-2018 14:03:37
Fitness Calculated 22-Sep-2018 14:54:12
Iterating ...
  137         138000           132.2           181.5        0
Starting Fitness Calculation 22-Sep-2018 14:54:18
Fitness Calculated 22-Sep-2018 15:44:35
Iterating ...
  138         139000           132.2           180.2        0
Starting Fitness Calculation 22-Sep-2018 15:44:41
Fitness Calculated 22-Sep-2018 16:34:54
Iterating ...
  139         140000           132.2           179.5        0
Starting Fitness Calculation 22-Sep-2018 16:35:00
Fitness Calculated 22-Sep-2018 17:25:06
Iterating ...
  140         141000           132.2             181        0
Starting Fitness Calculation 22-Sep-2018 17:25:12
Fitness Calculated 22-Sep-2018 18:16:08
Iterating ...
  141         142000           132.2           180.5        0
Starting Fitness Calculation 22-Sep-2018 18:16:14
Fitness Calculated 22-Sep-2018 19:06:42
Iterating ...
  142         143000           132.2           180.5        1
Starting Fitness Calculation 22-Sep-2018 19:06:48
Fitness Calculated 22-Sep-2018 19:57:45
Iterating ...
  143         144000           132.2           180.9        2
Starting Fitness Calculation 22-Sep-2018 19:57:52
Fitness Calculated 22-Sep-2018 20:48:36
Iterating ...
  144         145000           132.2           179.8        0
Starting Fitness Calculation 22-Sep-2018 20:48:42
Fitness Calculated 22-Sep-2018 21:39:22
Iterating ...
  145         146000           132.2           179.3        0
Starting Fitness Calculation 22-Sep-2018 21:39:29
Fitness Calculated 22-Sep-2018 22:30:05
Iterating ...
  146         147000           132.2           178.8        1
Starting Fitness Calculation 22-Sep-2018 22:30:11
Fitness Calculated 22-Sep-2018 23:20:45
Iterating ...
  147         148000           132.2           179.7        2
Starting Fitness Calculation 22-Sep-2018 23:20:52
Fitness Calculated 23-Sep-2018 00:13:28
Iterating ...
  148         149000           132.2           182.4        3
Starting Fitness Calculation 23-Sep-2018 00:13:34
Fitness Calculated 23-Sep-2018 01:04:51
Iterating ...
  149         150000           132.2           181.7        4
Starting Fitness Calculation 23-Sep-2018 01:04:58
Fitness Calculated 23-Sep-2018 01:56:26
Iterating ...
  150         151000           132.2           179.2        5

                               Best           Mean      Stall
Generation      f-count        f(x)           f(x)    Generations
Starting Fitness Calculation 23-Sep-2018 01:56:32
Fitness Calculated 23-Sep-2018 02:47:37
Iterating ...
  151         152000           132.2             180        6
Starting Fitness Calculation 23-Sep-2018 02:47:44
Fitness Calculated 23-Sep-2018 03:38:39
Iterating ...
  152         153000           132.2           180.3        7
Starting Fitness Calculation 23-Sep-2018 03:38:46
Fitness Calculated 23-Sep-2018 04:30:15
Iterating ...
  153         154000           132.2           179.3        8
Starting Fitness Calculation 23-Sep-2018 04:30:22
Fitness Calculated 23-Sep-2018 05:20:36
Iterating ...
  154         155000           132.2           180.5        9
Starting Fitness Calculation 23-Sep-2018 05:20:42
Fitness Calculated 23-Sep-2018 06:11:32
Iterating ...
  155         156000           132.2           179.1       10
Starting Fitness Calculation 23-Sep-2018 06:11:39
Fitness Calculated 23-Sep-2018 07:02:20
Iterating ...
  156         157000           132.2           180.8       11
Starting Fitness Calculation 23-Sep-2018 07:02:27
Fitness Calculated 23-Sep-2018 07:53:56
Iterating ...
  157         158000           132.2           179.5       12
Starting Fitness Calculation 23-Sep-2018 07:54:02
Fitness Calculated 23-Sep-2018 08:46:28
Iterating ...
  158         159000           132.2           179.8       13
Starting Fitness Calculation 23-Sep-2018 08:46:35
Fitness Calculated 23-Sep-2018 09:37:23
Iterating ...
  159         160000           132.2           180.6       14
Starting Fitness Calculation 23-Sep-2018 09:37:30
Fitness Calculated 23-Sep-2018 10:28:08
Iterating ...
  160         161000           132.2           180.9       15
Starting Fitness Calculation 23-Sep-2018 10:28:15
Fitness Calculated 23-Sep-2018 11:18:51
Iterating ...
  161         162000           132.2           180.8        0
Starting Fitness Calculation 23-Sep-2018 11:18:58
Fitness Calculated 23-Sep-2018 12:10:27
Iterating ...
  162         163000           132.2           180.9        1
Starting Fitness Calculation 23-Sep-2018 12:10:34
Fitness Calculated 23-Sep-2018 13:00:46
Iterating ...
  163         164000           132.1           180.4        0
Starting Fitness Calculation 23-Sep-2018 13:00:53
Fitness Calculated 23-Sep-2018 13:50:54
Iterating ...
  164         165000           132.1           179.4        1
Starting Fitness Calculation 23-Sep-2018 13:51:01
Fitness Calculated 23-Sep-2018 14:41:48
Iterating ...
  165         166000           132.1           178.8        2
Starting Fitness Calculation 23-Sep-2018 14:41:55
Fitness Calculated 23-Sep-2018 15:32:27
Iterating ...
  166         167000           132.1             180        3
Starting Fitness Calculation 23-Sep-2018 15:32:34
Fitness Calculated 23-Sep-2018 16:23:09
Iterating ...
  167         168000           132.1           181.3        4
Starting Fitness Calculation 23-Sep-2018 16:23:16
Fitness Calculated 23-Sep-2018 17:15:23
Iterating ...
  168         169000           131.9           181.2        0
Starting Fitness Calculation 23-Sep-2018 17:15:30
Fitness Calculated 23-Sep-2018 18:06:27
Iterating ...
  169         170000           131.9           180.5        1
Starting Fitness Calculation 23-Sep-2018 18:06:34
Fitness Calculated 23-Sep-2018 18:56:32
Iterating ...
  170         171000           131.9           181.6        2
Starting Fitness Calculation 23-Sep-2018 18:56:39
Fitness Calculated 23-Sep-2018 19:47:17
Iterating ...
  171         172000           131.9           182.3        3
Starting Fitness Calculation 23-Sep-2018 19:47:25
Fitness Calculated 23-Sep-2018 20:38:14
Iterating ...
  172         173000           131.9           182.9        4
Starting Fitness Calculation 23-Sep-2018 20:38:22
Fitness Calculated 23-Sep-2018 21:29:19
Iterating ...
  173         174000           131.9           182.7        0
Starting Fitness Calculation 23-Sep-2018 21:29:27
Fitness Calculated 23-Sep-2018 22:19:57
Iterating ...
  174         175000           131.9           181.4        0
Starting Fitness Calculation 23-Sep-2018 22:20:04
Fitness Calculated 23-Sep-2018 23:11:43
Iterating ...
  175         176000           131.9           180.1        1
Starting Fitness Calculation 23-Sep-2018 23:11:51
Fitness Calculated 24-Sep-2018 00:03:23
Iterating ...
  176         177000           131.5           179.3        0
Starting Fitness Calculation 24-Sep-2018 00:03:30
Fitness Calculated 24-Sep-2018 00:54:55
Iterating ...
  177         178000           131.5           180.4        1
Starting Fitness Calculation 24-Sep-2018 00:55:02
Fitness Calculated 24-Sep-2018 01:46:21
Iterating ...
  178         179000           131.5           179.9        2
Starting Fitness Calculation 24-Sep-2018 01:46:28
Fitness Calculated 24-Sep-2018 02:39:03
Iterating ...
  179         180000           131.5           181.9        0
Starting Fitness Calculation 24-Sep-2018 02:39:11
Fitness Calculated 24-Sep-2018 03:30:42
Iterating ...
  180         181000           131.5           180.8        1

                               Best           Mean      Stall
Generation      f-count        f(x)           f(x)    Generations
Starting Fitness Calculation 24-Sep-2018 03:30:49
Fitness Calculated 24-Sep-2018 04:23:07
Iterating ...
  181         182000           131.5           180.9        0
Starting Fitness Calculation 24-Sep-2018 04:23:15
Fitness Calculated 24-Sep-2018 05:15:10
Iterating ...
  182         183000           131.4           181.6        0
Starting Fitness Calculation 24-Sep-2018 05:15:17
Fitness Calculated 24-Sep-2018 06:06:49
Iterating ...
  183         184000           131.4           180.2        1
Starting Fitness Calculation 24-Sep-2018 06:06:57
Fitness Calculated 24-Sep-2018 06:58:00
Iterating ...
  184         185000           131.4           182.2        2
Starting Fitness Calculation 24-Sep-2018 06:58:08
Fitness Calculated 24-Sep-2018 07:49:21
Iterating ...
  185         186000           131.4           180.4        0
Starting Fitness Calculation 24-Sep-2018 07:49:28
Fitness Calculated 24-Sep-2018 08:39:58
Iterating ...
  186         187000           131.4           180.3        0
Starting Fitness Calculation 24-Sep-2018 08:40:05
Fitness Calculated 24-Sep-2018 09:32:09
Iterating ...
  187         188000             131           180.9        0
Starting Fitness Calculation 24-Sep-2018 09:32:17
Fitness Calculated 24-Sep-2018 10:23:20
Iterating ...
  188         189000             131           181.4        1
Starting Fitness Calculation 24-Sep-2018 10:23:28
Fitness Calculated 24-Sep-2018 11:15:08
Iterating ...
  189         190000             131           179.5        0
Starting Fitness Calculation 24-Sep-2018 11:15:16
Fitness Calculated 24-Sep-2018 12:06:33
Iterating ...
  190         191000           130.9             179        0
Starting Fitness Calculation 24-Sep-2018 12:06:41
Fitness Calculated 24-Sep-2018 12:58:32
Iterating ...
  191         192000           130.8           179.1        0
Starting Fitness Calculation 24-Sep-2018 12:58:39
Fitness Calculated 24-Sep-2018 13:49:46
Iterating ...
  192         193000           130.8             180        0
Starting Fitness Calculation 24-Sep-2018 13:49:54
Fitness Calculated 24-Sep-2018 14:42:00
Iterating ...
  193         194000           130.7           178.9        0
Starting Fitness Calculation 24-Sep-2018 14:42:08
Fitness Calculated 24-Sep-2018 15:35:02
Iterating ...
  194         195000           130.7           178.7        1
Starting Fitness Calculation 24-Sep-2018 15:35:10
Fitness Calculated 24-Sep-2018 16:26:40
Iterating ...
  195         196000           130.7           179.4        0
Starting Fitness Calculation 24-Sep-2018 16:26:48
Fitness Calculated 24-Sep-2018 17:17:38
Iterating ...
  196         197000           130.7           180.2        1
Starting Fitness Calculation 24-Sep-2018 17:17:46
Fitness Calculated 24-Sep-2018 18:09:11
Iterating ...
  197         198000           130.7           178.6        2
Starting Fitness Calculation 24-Sep-2018 18:09:20
Fitness Calculated 24-Sep-2018 19:00:14
Iterating ...
  198         199000           130.7           179.2        0
Starting Fitness Calculation 24-Sep-2018 19:00:22
Fitness Calculated 24-Sep-2018 19:51:05
Iterating ...
  199         200000           130.7           180.7        0
Starting Fitness Calculation 24-Sep-2018 19:51:13
Fitness Calculated 24-Sep-2018 20:42:44
Iterating ...
  200         201000           130.7           180.2        1
Optimization terminated: maximum number of generations exceeded.
Performing final task
Parallel pool using the 'ClusterPandora' profile is shutting down.
