
                            < M A T L A B (R) >
                  Copyright 1984-2015 The MathWorks, Inc.
                   R2015a (8.5.0.197613) 64-bit (glnxa64)
                             February 12, 2015

 
To get started, type one of these: helpwin, helpdesk, or demo.
For product information, visit www.mathworks.com.
 
 
To get started, type one of these: helpwin, helpdesk, or demo.
For product information, visit www.mathworks.com.
 
Starting parallel pool (parpool) using the 'ClusterPandora' profile ... connected to 80 workers.
Starting Fitness Calculation 15-Aug-2018 21:14:06
Analyzing and transferring files to the workers ...done.
Fitness Calculated 15-Aug-2018 21:28:51
Starting the algorithm

                               Best           Mean      Stall
Generation      f-count        f(x)           f(x)    Generations
Starting Fitness Calculation 15-Aug-2018 21:28:51
Fitness Calculated 15-Aug-2018 21:43:49
Iterating ...
    1          2000             238           256.9        0
Starting Fitness Calculation 15-Aug-2018 21:43:49
Fitness Calculated 15-Aug-2018 21:58:52
Iterating ...
    2          3000           237.8           252.4        0
Starting Fitness Calculation 15-Aug-2018 21:58:52
Fitness Calculated 15-Aug-2018 22:13:51
Iterating ...
    3          4000           237.6           248.6        0
Starting Fitness Calculation 15-Aug-2018 22:13:51
Fitness Calculated 15-Aug-2018 22:29:01
Iterating ...
    4          5000           237.1           246.4        0
Starting Fitness Calculation 15-Aug-2018 22:29:01
Fitness Calculated 15-Aug-2018 22:44:09
Iterating ...
    5          6000             237           244.6        0
Starting Fitness Calculation 15-Aug-2018 22:44:09
Fitness Calculated 15-Aug-2018 22:59:28
Iterating ...
    6          7000             237           243.6        0
Starting Fitness Calculation 15-Aug-2018 22:59:28
Fitness Calculated 15-Aug-2018 23:14:41
Iterating ...
    7          8000             237           242.5        0
Starting Fitness Calculation 15-Aug-2018 23:14:42
Fitness Calculated 15-Aug-2018 23:29:56
Iterating ...
    8          9000           236.7           242.1        0
Starting Fitness Calculation 15-Aug-2018 23:29:56
Fitness Calculated 15-Aug-2018 23:45:13
Iterating ...
    9         10000           236.7           241.7        1
Starting Fitness Calculation 15-Aug-2018 23:45:13
Fitness Calculated 16-Aug-2018 00:00:27
Iterating ...
   10         11000           236.7           241.8        0
Starting Fitness Calculation 16-Aug-2018 00:00:27
Fitness Calculated 16-Aug-2018 00:15:40
Iterating ...
   11         12000           236.7           241.6        1
Starting Fitness Calculation 16-Aug-2018 00:15:41
Fitness Calculated 16-Aug-2018 00:30:53
Iterating ...
   12         13000           236.7             241        0
Starting Fitness Calculation 16-Aug-2018 00:30:53
Fitness Calculated 16-Aug-2018 00:46:07
Iterating ...
   13         14000           235.9           240.9        0
Starting Fitness Calculation 16-Aug-2018 00:46:07
Fitness Calculated 16-Aug-2018 01:01:20
Iterating ...
   14         15000           235.8           240.7        0
Starting Fitness Calculation 16-Aug-2018 01:01:20
Fitness Calculated 16-Aug-2018 01:16:35
Iterating ...
   15         16000           235.8           240.8        1
Starting Fitness Calculation 16-Aug-2018 01:16:35
Fitness Calculated 16-Aug-2018 01:31:49
Iterating ...
   16         17000           235.8           240.8        0
Starting Fitness Calculation 16-Aug-2018 01:31:49
Fitness Calculated 16-Aug-2018 01:47:03
Iterating ...
   17         18000           235.8           240.7        1
Starting Fitness Calculation 16-Aug-2018 01:47:03
Fitness Calculated 16-Aug-2018 02:02:12
Iterating ...
   18         19000           235.8           240.3        0
Starting Fitness Calculation 16-Aug-2018 02:02:13
Fitness Calculated 16-Aug-2018 02:17:27
Iterating ...
   19         20000           235.8           240.4        1
Starting Fitness Calculation 16-Aug-2018 02:17:27
Fitness Calculated 16-Aug-2018 02:32:44
Iterating ...
   20         21000           235.8           240.5        0
Starting Fitness Calculation 16-Aug-2018 02:32:45
Fitness Calculated 16-Aug-2018 02:47:58
Iterating ...
   21         22000           235.8           240.3        0
Starting Fitness Calculation 16-Aug-2018 02:47:58
Fitness Calculated 16-Aug-2018 03:03:12
Iterating ...
   22         23000           235.8           240.5        0
Starting Fitness Calculation 16-Aug-2018 03:03:12
Fitness Calculated 16-Aug-2018 03:18:30
Iterating ...
   23         24000           235.8           240.3        0
Starting Fitness Calculation 16-Aug-2018 03:18:31
Fitness Calculated 16-Aug-2018 03:33:42
Iterating ...
   24         25000           235.8           239.9        0
Starting Fitness Calculation 16-Aug-2018 03:33:42
Fitness Calculated 16-Aug-2018 03:48:49
Iterating ...
   25         26000           235.8           239.6        0
Starting Fitness Calculation 16-Aug-2018 03:48:50
Fitness Calculated 16-Aug-2018 04:03:54
Iterating ...
   26         27000           235.8           239.8        0
Starting Fitness Calculation 16-Aug-2018 04:03:55
Fitness Calculated 16-Aug-2018 04:19:01
Iterating ...
   27         28000           235.7             240        0
Starting Fitness Calculation 16-Aug-2018 04:19:02
Fitness Calculated 16-Aug-2018 04:34:15
Iterating ...
   28         29000           235.7           240.2        0
Starting Fitness Calculation 16-Aug-2018 04:34:15
Fitness Calculated 16-Aug-2018 04:49:30
Iterating ...
   29         30000           235.7           240.2        1
Starting Fitness Calculation 16-Aug-2018 04:49:30
Fitness Calculated 16-Aug-2018 05:04:44
Iterating ...
   30         31000           235.7           240.1        2

                               Best           Mean      Stall
Generation      f-count        f(x)           f(x)    Generations
Starting Fitness Calculation 16-Aug-2018 05:04:44
Fitness Calculated 16-Aug-2018 05:19:52
Iterating ...
   31         32000           235.7           239.8        0
Starting Fitness Calculation 16-Aug-2018 05:19:53
Fitness Calculated 16-Aug-2018 05:35:06
Iterating ...
   32         33000           235.7           240.4        0
Starting Fitness Calculation 16-Aug-2018 05:35:07
Fitness Calculated 16-Aug-2018 05:50:15
Iterating ...
   33         34000           235.7           240.2        0
Starting Fitness Calculation 16-Aug-2018 05:50:16
Fitness Calculated 16-Aug-2018 06:05:27
Iterating ...
   34         35000           235.7           240.4        0
Starting Fitness Calculation 16-Aug-2018 06:05:27
Fitness Calculated 16-Aug-2018 06:20:39
Iterating ...
   35         36000           235.7           240.7        0
Starting Fitness Calculation 16-Aug-2018 06:20:39
Fitness Calculated 16-Aug-2018 06:35:45
Iterating ...
   36         37000           235.7           240.3        0
Starting Fitness Calculation 16-Aug-2018 06:35:46
Fitness Calculated 16-Aug-2018 06:50:52
Iterating ...
   37         38000           235.7           239.9        0
Starting Fitness Calculation 16-Aug-2018 06:50:52
Fitness Calculated 16-Aug-2018 07:06:00
Iterating ...
   38         39000           235.7           239.8        0
Starting Fitness Calculation 16-Aug-2018 07:06:01
Fitness Calculated 16-Aug-2018 07:21:10
Iterating ...
   39         40000           235.7             240        0
Starting Fitness Calculation 16-Aug-2018 07:21:10
Fitness Calculated 16-Aug-2018 07:36:20
Iterating ...
   40         41000           235.7           239.7        0
Starting Fitness Calculation 16-Aug-2018 07:36:21
Fitness Calculated 16-Aug-2018 07:51:35
Iterating ...
   41         42000           235.7           240.3        1
Starting Fitness Calculation 16-Aug-2018 07:51:35
Fitness Calculated 16-Aug-2018 08:06:46
Iterating ...
   42         43000           235.7           240.2        0
Starting Fitness Calculation 16-Aug-2018 08:06:47
Fitness Calculated 16-Aug-2018 08:21:58
Iterating ...
   43         44000           235.7           239.9        1
Starting Fitness Calculation 16-Aug-2018 08:21:59
Fitness Calculated 16-Aug-2018 08:37:08
Iterating ...
   44         45000           235.7           239.8        0
Starting Fitness Calculation 16-Aug-2018 08:37:09
Fitness Calculated 16-Aug-2018 08:52:21
Iterating ...
   45         46000           235.7           240.2        1
Starting Fitness Calculation 16-Aug-2018 08:52:21
Fitness Calculated 16-Aug-2018 09:07:26
Iterating ...
   46         47000           235.7           240.1        2
Starting Fitness Calculation 16-Aug-2018 09:07:27
Fitness Calculated 16-Aug-2018 09:22:36
Iterating ...
   47         48000           235.7           240.4        3
Starting Fitness Calculation 16-Aug-2018 09:22:37
Fitness Calculated 16-Aug-2018 09:37:48
Iterating ...
   48         49000           235.7             240        4
Starting Fitness Calculation 16-Aug-2018 09:37:49
Fitness Calculated 16-Aug-2018 09:52:59
Iterating ...
   49         50000           235.7           239.9        5
Starting Fitness Calculation 16-Aug-2018 09:52:59
Fitness Calculated 16-Aug-2018 10:08:09
Iterating ...
   50         51000           235.7             240        6
Starting Fitness Calculation 16-Aug-2018 10:08:10
Fitness Calculated 16-Aug-2018 10:23:20
Iterating ...
   51         52000           235.7           239.6        7
Starting Fitness Calculation 16-Aug-2018 10:23:20
Fitness Calculated 16-Aug-2018 10:38:28
Iterating ...
   52         53000           235.7           239.8        8
Starting Fitness Calculation 16-Aug-2018 10:38:29
Fitness Calculated 16-Aug-2018 10:53:35
Iterating ...
   53         54000           235.5           239.8        0
Starting Fitness Calculation 16-Aug-2018 10:53:35
Fitness Calculated 16-Aug-2018 11:08:44
Iterating ...
   54         55000           235.5           239.9        1
Starting Fitness Calculation 16-Aug-2018 11:08:44
Fitness Calculated 16-Aug-2018 11:23:54
Iterating ...
   55         56000           235.3           240.4        0
Starting Fitness Calculation 16-Aug-2018 11:23:55
Fitness Calculated 16-Aug-2018 11:38:59
Iterating ...
   56         57000           235.3           241.1        0
Starting Fitness Calculation 16-Aug-2018 11:39:00
Fitness Calculated 16-Aug-2018 11:54:08
Iterating ...
   57         58000           235.3           241.6        0
Starting Fitness Calculation 16-Aug-2018 11:54:09
