
                            < M A T L A B (R) >
                  Copyright 1984-2015 The MathWorks, Inc.
                   R2015a (8.5.0.197613) 64-bit (glnxa64)
                             February 12, 2015

 
To get started, type one of these: helpwin, helpdesk, or demo.
For product information, visit www.mathworks.com.
 
Starting parallel pool (parpool) using the 'ClusterPandora' profile ... connected to 68 workers.

foldername =

Evaluation_Adaptive Direct_None_Passive NMAC_23-Apr-2019 20:31:30_result


attitudeController =

Adaptive Direct


controlAllocator =

None


attitudeReference =

Passive NMAC

Adaptive Direct - Starting Controller evaluation 04-Jun-2019 01:01:23
N0 - Starting samples matrix 04-Jun-2019 01:01:30
Analyzing and transferring files to the workers ...done.
N0 - Finished samples matrix 04-Jun-2019 01:09:09
N1 - Starting samples matrix 04-Jun-2019 01:09:13
N1 - Finished samples matrix 04-Jun-2019 01:16:30
N1234567 - Starting samples matrix 04-Jun-2019 01:16:35
N1234567 - Finished samples matrix 04-Jun-2019 01:24:00
N2 - Starting samples matrix 04-Jun-2019 01:24:05
N2 - Finished samples matrix 04-Jun-2019 01:31:21
N3 - Starting samples matrix 04-Jun-2019 01:31:27
N3 - Finished samples matrix 04-Jun-2019 01:38:48
N4 - Starting samples matrix 04-Jun-2019 01:38:55
N4 - Finished samples matrix 04-Jun-2019 01:46:24
N5 - Starting samples matrix 04-Jun-2019 01:46:32
N5 - Finished samples matrix 04-Jun-2019 01:53:51
N6 - Starting samples matrix 04-Jun-2019 01:54:00
N6 - Finished samples matrix 04-Jun-2019 02:01:15
N7 - Starting samples matrix 04-Jun-2019 02:01:26
N7 - Finished samples matrix 04-Jun-2019 02:08:43

foldername =

Evaluation_Adaptive with PIDD_Passive NMAC_Passive NMAC_17-Apr-2019 23:47:55_iterations


attitudeController =

Adaptive with PIDD


controlAllocator =

Passive NMAC


attitudeReference =

Passive NMAC

Adaptive with PIDD - Starting Controller evaluation 04-Jun-2019 02:08:56
N0 - Starting samples matrix 04-Jun-2019 02:09:03
N0 - Finished samples matrix 04-Jun-2019 02:58:42
N1 - Starting samples matrix 04-Jun-2019 02:58:46
N1 - Finished samples matrix 04-Jun-2019 03:50:21
N1234567 - Starting samples matrix 04-Jun-2019 03:50:26
N1234567 - Finished samples matrix 04-Jun-2019 04:43:53
N2 - Starting samples matrix 04-Jun-2019 04:43:59
N2 - Finished samples matrix 04-Jun-2019 05:26:57
N3 - Starting samples matrix 04-Jun-2019 05:27:03
N3 - Finished samples matrix 04-Jun-2019 06:15:47
N4 - Starting samples matrix 04-Jun-2019 06:15:54
N4 - Finished samples matrix 04-Jun-2019 07:10:48
N5 - Starting samples matrix 04-Jun-2019 07:10:56
N5 - Finished samples matrix 04-Jun-2019 08:00:13
N6 - Starting samples matrix 04-Jun-2019 08:00:22
N6 - Finished samples matrix 04-Jun-2019 08:50:27
N7 - Starting samples matrix 04-Jun-2019 08:50:37
N7 - Finished samples matrix 04-Jun-2019 09:46:51

foldername =

Evaluation_Adaptive_Passive NMAC_Passive NMAC_15-Apr-2019 10:22:27_iterations


attitudeController =

Adaptive


controlAllocator =

Passive NMAC


attitudeReference =

Passive NMAC

Adaptive - Starting Controller evaluation 04-Jun-2019 09:47:03
N0 - Starting samples matrix 04-Jun-2019 09:47:11
N0 - Finished samples matrix 04-Jun-2019 10:30:18
N1 - Starting samples matrix 04-Jun-2019 10:30:22
N1 - Finished samples matrix 04-Jun-2019 11:11:49
N1234567 - Starting samples matrix 04-Jun-2019 11:11:54
N1234567 - Finished samples matrix 04-Jun-2019 11:54:03
N2 - Starting samples matrix 04-Jun-2019 11:54:09
N2 - Finished samples matrix 04-Jun-2019 12:33:35
N3 - Starting samples matrix 04-Jun-2019 12:33:41
N3 - Finished samples matrix 04-Jun-2019 13:16:54
N4 - Starting samples matrix 04-Jun-2019 13:17:02
N4 - Finished samples matrix 04-Jun-2019 13:57:58
N5 - Starting samples matrix 04-Jun-2019 13:58:06
N5 - Finished samples matrix 04-Jun-2019 14:40:52
N6 - Starting samples matrix 04-Jun-2019 14:41:01
N6 - Finished samples matrix 04-Jun-2019 15:24:55
N7 - Starting samples matrix 04-Jun-2019 15:25:05
N7 - Finished samples matrix 04-Jun-2019 16:07:39

foldername =

Evaluation_Markovian RLQ-R Active Modified_Active NMAC_Active NMAC_07-Apr-2019 14:07:06_iterations_light


attitudeController =

Markovian RLQ-R Active Modified


controlAllocator =

Active NMAC


attitudeReference =

Active NMAC

Markovian RLQ-R Active Modified - Starting Controller evaluation 04-Jun-2019 16:07:51
N0 - Starting samples matrix 04-Jun-2019 16:07:57
N0 - Finished samples matrix 04-Jun-2019 17:13:45
N1 - Starting samples matrix 04-Jun-2019 17:13:48
N1 - Finished samples matrix 04-Jun-2019 18:21:14
N1234567 - Starting samples matrix 04-Jun-2019 18:21:19
N1234567 - Finished samples matrix 04-Jun-2019 19:29:21
N2 - Starting samples matrix 04-Jun-2019 19:29:27
N2 - Finished samples matrix 04-Jun-2019 20:34:39
N3 - Starting samples matrix 04-Jun-2019 20:34:45
