
                            < M A T L A B (R) >
                  Copyright 1984-2015 The MathWorks, Inc.
                   R2015a (8.5.0.197613) 64-bit (glnxa64)
                             February 12, 2015

 
To get started, type one of these: helpwin, helpdesk, or demo.
For product information, visit www.mathworks.com.
 
 
To get started, type one of these: helpwin, helpdesk, or demo.
For product information, visit www.mathworks.com.
 
Starting parallel pool (parpool) using the 'ClusterPandora' profile ... connected to 80 workers.
Starting Fitness Calculation 08-Jun-2018 18:54:05
Analyzing and transferring files to the workers ...done.
Fitness Calculated 08-Jun-2018 19:16:24
Starting the algorithm

                               Best           Mean      Stall
Generation      f-count        f(x)           f(x)    Generations
Starting Fitness Calculation 08-Jun-2018 19:16:25
Fitness Calculated 08-Jun-2018 19:48:09
Iterating ...
    1          2000       4.891e+10       1.376e+11        0
Starting Fitness Calculation 08-Jun-2018 19:48:11
Fitness Calculated 08-Jun-2018 20:34:47
Iterating ...
    2          3000       1.772e+10       1.208e+11        0
Starting Fitness Calculation 08-Jun-2018 20:34:48
Fitness Calculated 08-Jun-2018 21:26:05
Iterating ...
    3          4000       1.561e+10       1.045e+11        0
Starting Fitness Calculation 08-Jun-2018 21:26:06
Fitness Calculated 08-Jun-2018 22:28:27
Iterating ...
    4          5000       1.325e+10       9.164e+10        0
Starting Fitness Calculation 08-Jun-2018 22:28:28
Fitness Calculated 08-Jun-2018 23:38:41
Iterating ...
    5          6000       1.311e+10       7.707e+10        0
Starting Fitness Calculation 08-Jun-2018 23:38:42
Fitness Calculated 09-Jun-2018 01:13:05
Iterating ...
    6          7000       1.238e+10       6.211e+10        0
Starting Fitness Calculation 09-Jun-2018 01:13:06
Fitness Calculated 09-Jun-2018 02:45:14
Iterating ...
    7          8000       1.113e+10        5.07e+10        0
Starting Fitness Calculation 09-Jun-2018 02:45:15
Fitness Calculated 09-Jun-2018 04:28:08
Iterating ...
    8          9000       1.009e+10       3.854e+10        0
Starting Fitness Calculation 09-Jun-2018 04:28:09
Fitness Calculated 09-Jun-2018 06:05:12
Iterating ...
    9         10000       9.933e+09       3.041e+10        0
Starting Fitness Calculation 09-Jun-2018 06:05:14
Fitness Calculated 09-Jun-2018 07:43:37
Iterating ...
   10         11000       8.753e+09       2.385e+10        0
Starting Fitness Calculation 09-Jun-2018 07:43:39
Fitness Calculated 09-Jun-2018 09:17:31
Iterating ...
   11         12000       8.526e+09        1.98e+10        0
Starting Fitness Calculation 09-Jun-2018 09:17:32
Fitness Calculated 09-Jun-2018 10:53:34
Iterating ...
   12         13000       8.454e+09       1.674e+10        0
Starting Fitness Calculation 09-Jun-2018 10:53:35
Fitness Calculated 09-Jun-2018 12:21:39
Iterating ...
   13         14000       8.302e+09       1.453e+10        0
Starting Fitness Calculation 09-Jun-2018 12:21:40
Fitness Calculated 09-Jun-2018 13:43:57
Iterating ...
   14         15000         8.2e+09       1.311e+10        0
Starting Fitness Calculation 09-Jun-2018 13:43:59
Fitness Calculated 09-Jun-2018 15:08:49
Iterating ...
   15         16000       8.013e+09       1.217e+10        0
Starting Fitness Calculation 09-Jun-2018 15:08:51
Fitness Calculated 09-Jun-2018 16:22:19
Iterating ...
   16         17000       8.013e+09       1.089e+10        1
Starting Fitness Calculation 09-Jun-2018 16:22:20
Fitness Calculated 09-Jun-2018 17:31:09
Iterating ...
   17         18000       7.921e+09       1.049e+10        0
Starting Fitness Calculation 09-Jun-2018 17:31:11
Fitness Calculated 09-Jun-2018 18:42:41
Iterating ...
   18         19000       7.839e+09       9.851e+09        0
Starting Fitness Calculation 09-Jun-2018 18:42:42
Fitness Calculated 09-Jun-2018 19:46:14
Iterating ...
   19         20000       7.839e+09       9.345e+09        0
Starting Fitness Calculation 09-Jun-2018 19:46:15
Fitness Calculated 09-Jun-2018 20:49:52
Iterating ...
   20         21000       7.789e+09       9.288e+09        0
Starting Fitness Calculation 09-Jun-2018 20:49:53
Fitness Calculated 09-Jun-2018 21:50:49
Iterating ...
   21         22000       7.771e+09       9.018e+09        0
Starting Fitness Calculation 09-Jun-2018 21:50:50
Fitness Calculated 09-Jun-2018 23:17:21
Iterating ...
   22         23000       7.765e+09       9.069e+09        0
Starting Fitness Calculation 09-Jun-2018 23:17:22
Fitness Calculated 10-Jun-2018 00:48:22
Iterating ...
   23         24000       7.739e+09       8.961e+09        0
Starting Fitness Calculation 10-Jun-2018 00:48:23
Fitness Calculated 10-Jun-2018 02:16:37
Iterating ...
   24         25000       7.735e+09       8.458e+09        0
Starting Fitness Calculation 10-Jun-2018 02:16:39
Fitness Calculated 10-Jun-2018 03:30:52
Iterating ...
   25         26000       7.733e+09       8.324e+09        0
Starting Fitness Calculation 10-Jun-2018 03:30:54
Fitness Calculated 10-Jun-2018 04:38:54
Iterating ...
   26         27000       7.727e+09       8.457e+09        0
Starting Fitness Calculation 10-Jun-2018 04:38:55
Fitness Calculated 10-Jun-2018 05:46:20
Iterating ...
   27         28000       7.726e+09       8.591e+09        0
Starting Fitness Calculation 10-Jun-2018 05:46:22
Fitness Calculated 10-Jun-2018 06:54:46
Iterating ...
   28         29000       7.722e+09       8.668e+09        0
Starting Fitness Calculation 10-Jun-2018 06:54:47
Fitness Calculated 10-Jun-2018 08:01:06
Iterating ...
   29         30000       7.722e+09       8.674e+09        1
Starting Fitness Calculation 10-Jun-2018 08:01:08
Fitness Calculated 10-Jun-2018 09:07:54
Iterating ...
   30         31000        7.72e+09       8.242e+09        0

                               Best           Mean      Stall
Generation      f-count        f(x)           f(x)    Generations
Starting Fitness Calculation 10-Jun-2018 09:07:56
Fitness Calculated 10-Jun-2018 10:17:49
Iterating ...
   31         32000       7.711e+09       8.098e+09        0
Starting Fitness Calculation 10-Jun-2018 10:17:51
Fitness Calculated 10-Jun-2018 11:23:16
Iterating ...
   32         33000       7.711e+09       8.243e+09        1
Starting Fitness Calculation 10-Jun-2018 11:23:17
Fitness Calculated 10-Jun-2018 12:30:45
Iterating ...
   33         34000       7.711e+09       8.072e+09        0
Starting Fitness Calculation 10-Jun-2018 12:30:47
Fitness Calculated 10-Jun-2018 13:35:23
Iterating ...
   34         35000       7.709e+09       8.184e+09        0
Starting Fitness Calculation 10-Jun-2018 13:35:24
Fitness Calculated 10-Jun-2018 14:40:15
Iterating ...
   35         36000       7.709e+09       8.449e+09        0
Starting Fitness Calculation 10-Jun-2018 14:40:16
Fitness Calculated 10-Jun-2018 15:43:39
Iterating ...
   36         37000       7.702e+09       8.341e+09        0
Starting Fitness Calculation 10-Jun-2018 15:43:41
Fitness Calculated 10-Jun-2018 16:47:41
Iterating ...
   37         38000       7.702e+09       8.198e+09        0
Starting Fitness Calculation 10-Jun-2018 16:47:43
Fitness Calculated 10-Jun-2018 17:56:49
Iterating ...
   38         39000         7.7e+09       8.005e+09        0
Starting Fitness Calculation 10-Jun-2018 17:56:51
Fitness Calculated 10-Jun-2018 19:00:31
Iterating ...
   39         40000       7.698e+09       7.964e+09        0
Starting Fitness Calculation 10-Jun-2018 19:00:33
Fitness Calculated 10-Jun-2018 20:04:11
Iterating ...
   40         41000       7.698e+09       8.225e+09        1
Starting Fitness Calculation 10-Jun-2018 20:04:13
Fitness Calculated 10-Jun-2018 21:08:04
Iterating ...
   41         42000       7.691e+09       8.439e+09        0
Starting Fitness Calculation 10-Jun-2018 21:08:06
Fitness Calculated 10-Jun-2018 22:11:32
Iterating ...
   42         43000        7.69e+09       8.412e+09        0
Starting Fitness Calculation 10-Jun-2018 22:11:33
Fitness Calculated 10-Jun-2018 23:14:09
Iterating ...
   43         44000        7.69e+09        8.43e+09        0
Starting Fitness Calculation 10-Jun-2018 23:14:11
Fitness Calculated 11-Jun-2018 00:17:39
Iterating ...
   44         45000       7.689e+09       8.302e+09        0
Starting Fitness Calculation 11-Jun-2018 00:17:41
Fitness Calculated 11-Jun-2018 01:21:39
Iterating ...
   45         46000       7.686e+09       7.987e+09        0
Starting Fitness Calculation 11-Jun-2018 01:21:41
Fitness Calculated 11-Jun-2018 02:25:54
Iterating ...
   46         47000        7.67e+09       7.942e+09        0
Starting Fitness Calculation 11-Jun-2018 02:25:56
Fitness Calculated 11-Jun-2018 03:29:51
Iterating ...
   47         48000        7.67e+09       8.343e+09        1
Starting Fitness Calculation 11-Jun-2018 03:29:53
Fitness Calculated 11-Jun-2018 04:33:57
Iterating ...
   48         49000       7.668e+09        8.65e+09        0
Starting Fitness Calculation 11-Jun-2018 04:33:58
Fitness Calculated 11-Jun-2018 05:37:48
Iterating ...
   49         50000       7.668e+09       8.614e+09        0
Starting Fitness Calculation 11-Jun-2018 05:37:50
Fitness Calculated 11-Jun-2018 06:41:38
Iterating ...
   50         51000       7.667e+09       8.321e+09        0
Starting Fitness Calculation 11-Jun-2018 06:41:39
Fitness Calculated 11-Jun-2018 07:45:09
Iterating ...
   51         52000       7.664e+09        8.32e+09        0
Starting Fitness Calculation 11-Jun-2018 07:45:11
Fitness Calculated 11-Jun-2018 08:48:36
Iterating ...
   52         53000       7.661e+09       8.098e+09        0
Starting Fitness Calculation 11-Jun-2018 08:48:38
Fitness Calculated 11-Jun-2018 09:54:33
Iterating ...
   53         54000       7.661e+09       8.256e+09        0
Starting Fitness Calculation 11-Jun-2018 09:54:35
Fitness Calculated 11-Jun-2018 11:00:38
Iterating ...
   54         55000       7.661e+09       8.202e+09        0
Starting Fitness Calculation 11-Jun-2018 11:00:40
Fitness Calculated 11-Jun-2018 12:08:33
Iterating ...
   55         56000        7.66e+09       8.037e+09        0
Starting Fitness Calculation 11-Jun-2018 12:08:35
Fitness Calculated 11-Jun-2018 13:17:00
Iterating ...
   56         57000       7.659e+09       7.927e+09        0
Starting Fitness Calculation 11-Jun-2018 13:17:02
Fitness Calculated 11-Jun-2018 14:26:34
Iterating ...
   57         58000       7.659e+09       8.004e+09        0
Starting Fitness Calculation 11-Jun-2018 14:26:36
Fitness Calculated 11-Jun-2018 15:32:03
Iterating ...
   58         59000       7.659e+09       8.023e+09        0
Starting Fitness Calculation 11-Jun-2018 15:32:05
Fitness Calculated 11-Jun-2018 16:36:08
Iterating ...
   59         60000       7.659e+09       7.982e+09        0
Starting Fitness Calculation 11-Jun-2018 16:36:10
Fitness Calculated 11-Jun-2018 17:41:35
Iterating ...
   60         61000       7.659e+09       8.423e+09        0

                               Best           Mean      Stall
Generation      f-count        f(x)           f(x)    Generations
Starting Fitness Calculation 11-Jun-2018 17:41:38
Fitness Calculated 11-Jun-2018 18:45:14
Iterating ...
   61         62000       7.659e+09       8.361e+09        0
Starting Fitness Calculation 11-Jun-2018 18:45:16
Fitness Calculated 11-Jun-2018 19:49:07
Iterating ...
   62         63000       7.659e+09       8.077e+09        0
Starting Fitness Calculation 11-Jun-2018 19:49:09
Fitness Calculated 11-Jun-2018 20:53:10
Iterating ...
   63         64000       7.659e+09       8.154e+09        0
Starting Fitness Calculation 11-Jun-2018 20:53:12
