
                            < M A T L A B (R) >
                  Copyright 1984-2015 The MathWorks, Inc.
                   R2015a (8.5.0.197613) 64-bit (glnxa64)
                             February 12, 2015

 
To get started, type one of these: helpwin, helpdesk, or demo.
For product information, visit www.mathworks.com.
 
 
To get started, type one of these: helpwin, helpdesk, or demo.
For product information, visit www.mathworks.com.
 
Starting parallel pool (parpool) using the 'ClusterPandora' profile ... connected to 80 workers.
Starting Fitness Calculation 28-Jun-2018 08:00:42
Analyzing and transferring files to the workers ...done.
Fitness Calculated 28-Jun-2018 10:15:39
Starting the algorithm

                               Best           Mean      Stall
Generation      f-count        f(x)           f(x)    Generations
Starting Fitness Calculation 28-Jun-2018 10:15:39
Fitness Calculated 28-Jun-2018 12:15:10
Iterating ...
    1          2000           66.71           137.1        0
Starting Fitness Calculation 28-Jun-2018 12:15:10
Fitness Calculated 28-Jun-2018 14:29:07
Iterating ...
    2          3000           66.69           139.4        0
Starting Fitness Calculation 28-Jun-2018 14:29:07
Fitness Calculated 28-Jun-2018 16:30:19
Iterating ...
    3          4000           66.68           139.4        0
Starting Fitness Calculation 28-Jun-2018 16:30:19
Fitness Calculated 28-Jun-2018 18:26:11
Iterating ...
    4          5000           66.68           138.8        1
Starting Fitness Calculation 28-Jun-2018 18:26:11
Fitness Calculated 28-Jun-2018 20:38:15
Iterating ...
    5          6000           66.57           138.4        0
Starting Fitness Calculation 28-Jun-2018 20:38:15
Fitness Calculated 28-Jun-2018 22:40:45
Iterating ...
    6          7000           66.57           143.1        0
Starting Fitness Calculation 28-Jun-2018 22:40:45
Fitness Calculated 29-Jun-2018 00:41:18
Iterating ...
    7          8000           66.57           141.3        0
Starting Fitness Calculation 29-Jun-2018 00:41:19
Fitness Calculated 29-Jun-2018 02:47:38
Iterating ...
    8          9000           66.57             140        0
Starting Fitness Calculation 29-Jun-2018 02:47:38
Fitness Calculated 29-Jun-2018 04:45:24
Iterating ...
    9         10000           66.54           139.7        0
Starting Fitness Calculation 29-Jun-2018 04:45:24
Fitness Calculated 29-Jun-2018 06:42:12
Iterating ...
   10         11000           66.54           137.8        0
Starting Fitness Calculation 29-Jun-2018 06:42:13
Fitness Calculated 29-Jun-2018 08:49:16
Iterating ...
   11         12000           66.54             138        1
Starting Fitness Calculation 29-Jun-2018 08:49:16
Fitness Calculated 29-Jun-2018 10:58:38
Iterating ...
   12         13000           66.54           136.7        0
Starting Fitness Calculation 29-Jun-2018 10:58:39
Fitness Calculated 29-Jun-2018 13:04:17
Iterating ...
   13         14000           66.54           134.9        1
Starting Fitness Calculation 29-Jun-2018 13:04:17
Fitness Calculated 29-Jun-2018 15:00:20
Iterating ...
   14         15000           66.45             140        0
Starting Fitness Calculation 29-Jun-2018 15:00:20
Fitness Calculated 29-Jun-2018 17:09:58
Iterating ...
   15         16000           66.45           135.6        0
Starting Fitness Calculation 29-Jun-2018 17:09:58
Fitness Calculated 29-Jun-2018 19:18:33
Iterating ...
   16         17000           66.31           136.6        0
Starting Fitness Calculation 29-Jun-2018 19:18:34
Fitness Calculated 29-Jun-2018 21:12:46
Iterating ...
   17         18000           65.97           139.2        0
Starting Fitness Calculation 29-Jun-2018 21:12:46
Fitness Calculated 29-Jun-2018 23:16:02
Iterating ...
   18         19000           65.97           139.5        1
Starting Fitness Calculation 29-Jun-2018 23:16:02
Fitness Calculated 30-Jun-2018 01:25:21
Iterating ...
   19         20000           65.94           139.2        0
Starting Fitness Calculation 30-Jun-2018 01:25:22
Fitness Calculated 30-Jun-2018 03:28:51
Iterating ...
   20         21000           65.94           137.4        0
Starting Fitness Calculation 30-Jun-2018 03:28:51
Fitness Calculated 30-Jun-2018 05:31:03
Iterating ...
   21         22000           65.94           135.5        1
Starting Fitness Calculation 30-Jun-2018 05:31:03
Fitness Calculated 30-Jun-2018 07:27:09
Iterating ...
   22         23000           65.94           135.7        2
Starting Fitness Calculation 30-Jun-2018 07:27:09
Fitness Calculated 30-Jun-2018 09:38:53
Iterating ...
   23         24000           65.94           139.1        3
Starting Fitness Calculation 30-Jun-2018 09:38:53
Fitness Calculated 30-Jun-2018 11:42:47
Iterating ...
   24         25000           65.94           136.8        4
Starting Fitness Calculation 30-Jun-2018 11:42:47
Fitness Calculated 30-Jun-2018 13:50:49
Iterating ...
   25         26000           65.94           136.6        0
Starting Fitness Calculation 30-Jun-2018 13:50:49
Fitness Calculated 30-Jun-2018 15:57:10
Iterating ...
   26         27000           65.94             136        0
Starting Fitness Calculation 30-Jun-2018 15:57:11
Fitness Calculated 30-Jun-2018 17:56:55
Iterating ...
   27         28000           65.94           138.1        1
Starting Fitness Calculation 30-Jun-2018 17:56:55
Fitness Calculated 30-Jun-2018 20:00:41
Iterating ...
   28         29000           65.94             139        0
Starting Fitness Calculation 30-Jun-2018 20:00:42
Fitness Calculated 30-Jun-2018 21:59:59
Iterating ...
   29         30000           65.94             135        0
Starting Fitness Calculation 30-Jun-2018 22:00:00
Fitness Calculated 01-Jul-2018 00:04:37
Iterating ...
   30         31000           65.94             138        1

                               Best           Mean      Stall
Generation      f-count        f(x)           f(x)    Generations
Starting Fitness Calculation 01-Jul-2018 00:04:38
Fitness Calculated 01-Jul-2018 02:02:10
Iterating ...
   31         32000           65.93           138.6        0
Starting Fitness Calculation 01-Jul-2018 02:02:11
Fitness Calculated 01-Jul-2018 04:01:22
Iterating ...
   32         33000           65.93           134.2        0
Starting Fitness Calculation 01-Jul-2018 04:01:22
Fitness Calculated 01-Jul-2018 05:56:23
Iterating ...
   33         34000           65.92           134.3        0
Starting Fitness Calculation 01-Jul-2018 05:56:23
Fitness Calculated 01-Jul-2018 08:01:34
Iterating ...
   34         35000           65.92           134.1        0
Starting Fitness Calculation 01-Jul-2018 08:01:35
Fitness Calculated 01-Jul-2018 09:59:07
Iterating ...
   35         36000           65.92           135.9        0
Starting Fitness Calculation 01-Jul-2018 09:59:07
Fitness Calculated 01-Jul-2018 12:06:29
Iterating ...
   36         37000           65.92           135.5        1
Starting Fitness Calculation 01-Jul-2018 12:06:30
Fitness Calculated 01-Jul-2018 14:23:38
Iterating ...
   37         38000           65.91             135        0
Starting Fitness Calculation 01-Jul-2018 14:23:38
Fitness Calculated 01-Jul-2018 16:24:30
Iterating ...
   38         39000           65.91             135        1
Starting Fitness Calculation 01-Jul-2018 16:24:31
Fitness Calculated 01-Jul-2018 18:31:10
Iterating ...
   39         40000           65.91           135.8        2
Starting Fitness Calculation 01-Jul-2018 18:31:11
Fitness Calculated 01-Jul-2018 20:32:59
Iterating ...
   40         41000            65.9           138.8        0
Starting Fitness Calculation 01-Jul-2018 20:33:00
Fitness Calculated 01-Jul-2018 22:39:14
Iterating ...
   41         42000           65.82           136.5        0
Starting Fitness Calculation 01-Jul-2018 22:39:15
Fitness Calculated 02-Jul-2018 00:47:41
Iterating ...
   42         43000           65.82           137.4        0
Starting Fitness Calculation 02-Jul-2018 00:47:41
Fitness Calculated 02-Jul-2018 02:43:14
Iterating ...
   43         44000           65.82           140.7        1
Starting Fitness Calculation 02-Jul-2018 02:43:14
Fitness Calculated 02-Jul-2018 04:42:38
Iterating ...
   44         45000           65.82             140        2
Starting Fitness Calculation 02-Jul-2018 04:42:39
Fitness Calculated 02-Jul-2018 06:42:03
Iterating ...
   45         46000           65.82           134.8        3
Starting Fitness Calculation 02-Jul-2018 06:42:04
Fitness Calculated 02-Jul-2018 08:45:31
Iterating ...
   46         47000           65.82           136.5        4
Starting Fitness Calculation 02-Jul-2018 08:45:32
Fitness Calculated 02-Jul-2018 10:56:45
Iterating ...
   47         48000           65.82           135.4        5
Starting Fitness Calculation 02-Jul-2018 10:56:45
Fitness Calculated 02-Jul-2018 12:57:11
Iterating ...
   48         49000           65.73           140.4        0
Starting Fitness Calculation 02-Jul-2018 12:57:12
Fitness Calculated 02-Jul-2018 14:57:03
Iterating ...
   49         50000           65.73           137.5        0
Starting Fitness Calculation 02-Jul-2018 14:57:04
Fitness Calculated 02-Jul-2018 17:07:46
Iterating ...
   50         51000           65.73           134.2        1
Starting Fitness Calculation 02-Jul-2018 17:07:46
Fitness Calculated 02-Jul-2018 19:13:47
Iterating ...
   51         52000           65.65           139.4        0
Starting Fitness Calculation 02-Jul-2018 19:13:47
Fitness Calculated 02-Jul-2018 21:12:40
Iterating ...
   52         53000           65.65           139.6        1
Starting Fitness Calculation 02-Jul-2018 21:12:40
Fitness Calculated 02-Jul-2018 23:15:52
Iterating ...
   53         54000           65.65           139.8        2
Starting Fitness Calculation 02-Jul-2018 23:15:52
Fitness Calculated 03-Jul-2018 01:19:01
Iterating ...
   54         55000           65.65           141.2        3
Starting Fitness Calculation 03-Jul-2018 01:19:01
Fitness Calculated 03-Jul-2018 03:12:22
Iterating ...
   55         56000           65.65           138.4        4
Starting Fitness Calculation 03-Jul-2018 03:12:23
Fitness Calculated 03-Jul-2018 05:21:58
Iterating ...
   56         57000           65.65           138.1        5
Starting Fitness Calculation 03-Jul-2018 05:21:58
Fitness Calculated 03-Jul-2018 07:08:42
Iterating ...
   57         58000           65.65           139.8        6
Starting Fitness Calculation 03-Jul-2018 07:08:43
Fitness Calculated 03-Jul-2018 09:19:18
Iterating ...
   58         59000           65.65           136.9        7
Starting Fitness Calculation 03-Jul-2018 09:19:19
Fitness Calculated 03-Jul-2018 11:25:34
Iterating ...
   59         60000           65.65           135.9        8
Starting Fitness Calculation 03-Jul-2018 11:25:35
Fitness Calculated 03-Jul-2018 13:32:40
Iterating ...
   60         61000           65.65           136.4        9

                               Best           Mean      Stall
Generation      f-count        f(x)           f(x)    Generations
Starting Fitness Calculation 03-Jul-2018 13:32:40
Fitness Calculated 03-Jul-2018 15:40:27
Iterating ...
   61         62000           65.65           135.3       10
Starting Fitness Calculation 03-Jul-2018 15:40:28
Fitness Calculated 03-Jul-2018 17:42:49
Iterating ...
   62         63000           65.65           136.3       11
Starting Fitness Calculation 03-Jul-2018 17:42:49
Fitness Calculated 03-Jul-2018 19:32:44
Iterating ...
   63         64000           65.65           135.2       12
Starting Fitness Calculation 03-Jul-2018 19:32:45
Fitness Calculated 03-Jul-2018 21:29:54
Iterating ...
   64         65000           65.65           135.2       13
Starting Fitness Calculation 03-Jul-2018 21:29:54
Fitness Calculated 03-Jul-2018 23:41:21
Iterating ...
   65         66000           65.65           136.5       14
Starting Fitness Calculation 03-Jul-2018 23:41:22
Fitness Calculated 04-Jul-2018 01:43:54
Iterating ...
   66         67000           65.65           135.8       15
Starting Fitness Calculation 04-Jul-2018 01:43:55
Fitness Calculated 04-Jul-2018 03:36:16
Iterating ...
   67         68000           65.65           139.7       16
Starting Fitness Calculation 04-Jul-2018 03:36:16
Fitness Calculated 04-Jul-2018 05:39:46
Iterating ...
   68         69000           65.65           137.7       17
Starting Fitness Calculation 04-Jul-2018 05:39:47
Fitness Calculated 04-Jul-2018 07:43:21
Iterating ...
   69         70000           65.65           137.6        0
Starting Fitness Calculation 04-Jul-2018 07:43:22
Fitness Calculated 04-Jul-2018 09:43:37
Iterating ...
   70         71000           65.65           136.8        1
Starting Fitness Calculation 04-Jul-2018 09:43:37
Fitness Calculated 04-Jul-2018 11:45:12
Iterating ...
   71         72000           65.65           136.5        2
Starting Fitness Calculation 04-Jul-2018 11:45:13
Fitness Calculated 04-Jul-2018 13:48:38
Iterating ...
   72         73000           65.65           135.9        3
Starting Fitness Calculation 04-Jul-2018 13:48:38
Fitness Calculated 04-Jul-2018 15:47:29
Iterating ...
   73         74000           65.65           136.2        4
Starting Fitness Calculation 04-Jul-2018 15:47:30
Fitness Calculated 04-Jul-2018 17:41:49
Iterating ...
   74         75000           65.65           138.5        5
Starting Fitness Calculation 04-Jul-2018 17:41:49
Fitness Calculated 04-Jul-2018 19:46:22
Iterating ...
   75         76000           65.64           139.1        0
Starting Fitness Calculation 04-Jul-2018 19:46:23
Fitness Calculated 04-Jul-2018 21:49:34
Iterating ...
   76         77000           65.64           139.6        1
Starting Fitness Calculation 04-Jul-2018 21:49:35
Fitness Calculated 04-Jul-2018 23:51:48
Iterating ...
   77         78000           65.64           140.6        2
Starting Fitness Calculation 04-Jul-2018 23:51:49
Fitness Calculated 05-Jul-2018 02:01:22
Iterating ...
   78         79000           65.64           136.1        3
Starting Fitness Calculation 05-Jul-2018 02:01:23
Fitness Calculated 05-Jul-2018 04:20:30
Iterating ...
   79         80000           65.64           137.5        4
Starting Fitness Calculation 05-Jul-2018 04:20:31
Fitness Calculated 05-Jul-2018 06:22:09
Iterating ...
   80         81000           65.59           139.1        0
Starting Fitness Calculation 05-Jul-2018 06:22:09
Fitness Calculated 05-Jul-2018 08:36:57
Iterating ...
   81         82000           65.59           138.3        1
Starting Fitness Calculation 05-Jul-2018 08:36:58
Fitness Calculated 05-Jul-2018 10:34:05
Iterating ...
   82         83000           65.59           140.7        2
Starting Fitness Calculation 05-Jul-2018 10:34:06
Fitness Calculated 05-Jul-2018 12:29:22
Iterating ...
   83         84000           65.59           141.1        3
Starting Fitness Calculation 05-Jul-2018 12:29:22
Fitness Calculated 05-Jul-2018 14:21:14
Iterating ...
   84         85000           65.59           139.5        4
Starting Fitness Calculation 05-Jul-2018 14:21:15
Fitness Calculated 05-Jul-2018 16:24:23
Iterating ...
   85         86000           65.59           139.2        0
Starting Fitness Calculation 05-Jul-2018 16:24:24
Fitness Calculated 05-Jul-2018 18:27:31
Iterating ...
   86         87000           65.59           138.9        0
Starting Fitness Calculation 05-Jul-2018 18:27:32
Fitness Calculated 05-Jul-2018 20:32:54
Iterating ...
   87         88000           65.59           141.2        1
Starting Fitness Calculation 05-Jul-2018 20:32:55
Fitness Calculated 05-Jul-2018 22:37:11
Iterating ...
   88         89000           65.59           140.8        2
Starting Fitness Calculation 05-Jul-2018 22:37:12
Fitness Calculated 06-Jul-2018 00:44:17
Iterating ...
   89         90000           65.59           137.1        3
Starting Fitness Calculation 06-Jul-2018 00:44:18
Fitness Calculated 06-Jul-2018 02:48:18
Iterating ...
   90         91000           65.59             137        4

                               Best           Mean      Stall
Generation      f-count        f(x)           f(x)    Generations
Starting Fitness Calculation 06-Jul-2018 02:48:19
Fitness Calculated 06-Jul-2018 04:52:01
Iterating ...
   91         92000           65.59           139.2        5
Starting Fitness Calculation 06-Jul-2018 04:52:02
Fitness Calculated 06-Jul-2018 07:01:44
Iterating ...
   92         93000           65.59           138.8        6
Starting Fitness Calculation 06-Jul-2018 07:01:45
Fitness Calculated 06-Jul-2018 09:10:38
Iterating ...
   93         94000           65.59           137.2        7
Starting Fitness Calculation 06-Jul-2018 09:10:39
Fitness Calculated 06-Jul-2018 11:22:52
Iterating ...
   94         95000           65.58           138.2        0
Starting Fitness Calculation 06-Jul-2018 11:22:53
Fitness Calculated 06-Jul-2018 13:28:16
Iterating ...
   95         96000           65.58           137.8        0
Starting Fitness Calculation 06-Jul-2018 13:28:17
Fitness Calculated 06-Jul-2018 15:31:16
Iterating ...
   96         97000           65.58           133.8        1
Starting Fitness Calculation 06-Jul-2018 15:31:17
Fitness Calculated 06-Jul-2018 17:36:04
Iterating ...
   97         98000           65.58           133.8        2
Starting Fitness Calculation 06-Jul-2018 17:36:05
Fitness Calculated 06-Jul-2018 19:36:22
Iterating ...
   98         99000           65.58           136.8        3
Starting Fitness Calculation 06-Jul-2018 19:36:23
Fitness Calculated 06-Jul-2018 21:48:30
Iterating ...
   99         100000           65.58           135.7        4
Starting Fitness Calculation 06-Jul-2018 21:48:31
Fitness Calculated 06-Jul-2018 23:57:13
Iterating ...
  100         101000           65.55           136.3        0
Starting Fitness Calculation 06-Jul-2018 23:57:14
Fitness Calculated 07-Jul-2018 01:58:47
Iterating ...
  101         102000           65.55           135.8        1
Starting Fitness Calculation 07-Jul-2018 01:58:48
Fitness Calculated 07-Jul-2018 03:56:08
Iterating ...
  102         103000           65.55           136.8        2
Starting Fitness Calculation 07-Jul-2018 03:56:09
Fitness Calculated 07-Jul-2018 05:58:01
Iterating ...
  103         104000           65.55             141        3
Starting Fitness Calculation 07-Jul-2018 05:58:02
Fitness Calculated 07-Jul-2018 08:02:46
Iterating ...
  104         105000           65.55           138.8        4
Starting Fitness Calculation 07-Jul-2018 08:02:47
Fitness Calculated 07-Jul-2018 10:04:15
Iterating ...
  105         106000           65.55           138.6        5
Starting Fitness Calculation 07-Jul-2018 10:04:16
Fitness Calculated 07-Jul-2018 11:59:29
Iterating ...
  106         107000           65.55           142.1        6
Starting Fitness Calculation 07-Jul-2018 11:59:30
Fitness Calculated 07-Jul-2018 13:56:16
Iterating ...
  107         108000           65.55           138.8        7
Starting Fitness Calculation 07-Jul-2018 13:56:18
Fitness Calculated 07-Jul-2018 15:52:32
Iterating ...
  108         109000           65.55           136.4        8
Starting Fitness Calculation 07-Jul-2018 15:52:33
Fitness Calculated 07-Jul-2018 17:55:02
Iterating ...
  109         110000           65.55           138.6        9
Starting Fitness Calculation 07-Jul-2018 17:55:04
Fitness Calculated 07-Jul-2018 19:56:11
Iterating ...
  110         111000           65.55           136.2       10
Starting Fitness Calculation 07-Jul-2018 19:56:12
Fitness Calculated 07-Jul-2018 22:02:37
Iterating ...
  111         112000           65.54           134.3        0
Starting Fitness Calculation 07-Jul-2018 22:02:38
Fitness Calculated 08-Jul-2018 00:16:59
Iterating ...
  112         113000           65.54           133.5        0
Starting Fitness Calculation 08-Jul-2018 00:17:00
Fitness Calculated 08-Jul-2018 02:20:57
Iterating ...
  113         114000           65.54           133.7        0
Starting Fitness Calculation 08-Jul-2018 02:20:58
Fitness Calculated 08-Jul-2018 04:24:45
Iterating ...
  114         115000           65.53           135.9        0
Starting Fitness Calculation 08-Jul-2018 04:24:46
Fitness Calculated 08-Jul-2018 06:27:44
Iterating ...
  115         116000           65.53           136.6        1
Starting Fitness Calculation 08-Jul-2018 06:27:45
Fitness Calculated 08-Jul-2018 08:31:39
Iterating ...
  116         117000           65.53           137.5        2
Starting Fitness Calculation 08-Jul-2018 08:31:40
Fitness Calculated 08-Jul-2018 10:45:33
Iterating ...
  117         118000           65.53           136.4        3
Starting Fitness Calculation 08-Jul-2018 10:45:34
Fitness Calculated 08-Jul-2018 12:53:43
Iterating ...
  118         119000           65.53             138        4
Starting Fitness Calculation 08-Jul-2018 12:53:44
Fitness Calculated 08-Jul-2018 14:47:18
Iterating ...
  119         120000           65.53           137.9        5
Starting Fitness Calculation 08-Jul-2018 14:47:20
Fitness Calculated 08-Jul-2018 16:49:18
Iterating ...
  120         121000           65.53           136.7        6

                               Best           Mean      Stall
Generation      f-count        f(x)           f(x)    Generations
Starting Fitness Calculation 08-Jul-2018 16:49:19
Fitness Calculated 08-Jul-2018 18:48:33
Iterating ...
  121         122000           65.53           138.8        7
Starting Fitness Calculation 08-Jul-2018 18:48:34
Fitness Calculated 08-Jul-2018 20:45:33
Iterating ...
  122         123000           65.53           137.8        8
Starting Fitness Calculation 08-Jul-2018 20:45:34
Fitness Calculated 08-Jul-2018 22:37:04
Iterating ...
  123         124000           65.53           135.1        9
Starting Fitness Calculation 08-Jul-2018 22:37:05
Fitness Calculated 09-Jul-2018 00:44:29
Iterating ...
  124         125000           65.53           137.5       10
Starting Fitness Calculation 09-Jul-2018 00:44:30
Fitness Calculated 09-Jul-2018 02:47:26
Iterating ...
  125         126000           65.53           136.2       11
Starting Fitness Calculation 09-Jul-2018 02:47:27
Fitness Calculated 09-Jul-2018 04:49:57
Iterating ...
  126         127000           65.53           136.8       12
Starting Fitness Calculation 09-Jul-2018 04:49:59
Fitness Calculated 09-Jul-2018 06:56:03
Iterating ...
  127         128000            65.5           136.6        0
Starting Fitness Calculation 09-Jul-2018 06:56:04
Fitness Calculated 09-Jul-2018 08:57:46
Iterating ...
  128         129000            65.5           137.3        0
Starting Fitness Calculation 09-Jul-2018 08:57:48
Fitness Calculated 09-Jul-2018 10:59:41
Iterating ...
  129         130000            65.5           135.8        0
Starting Fitness Calculation 09-Jul-2018 10:59:43
Fitness Calculated 09-Jul-2018 13:15:44
Iterating ...
  130         131000            65.5             137        1
Starting Fitness Calculation 09-Jul-2018 13:15:45
Fitness Calculated 09-Jul-2018 15:16:37
Iterating ...
  131         132000           65.48           135.9        0
Starting Fitness Calculation 09-Jul-2018 15:16:38
Fitness Calculated 09-Jul-2018 17:27:32
Iterating ...
  132         133000           65.47           133.1        0
Starting Fitness Calculation 09-Jul-2018 17:27:33
Fitness Calculated 09-Jul-2018 19:41:02
Iterating ...
  133         134000           65.47           133.7        0
Starting Fitness Calculation 09-Jul-2018 19:41:04
Fitness Calculated 09-Jul-2018 21:48:12
Iterating ...
  134         135000           65.42           134.5        0
Starting Fitness Calculation 09-Jul-2018 21:48:13
Fitness Calculated 09-Jul-2018 23:50:44
Iterating ...
  135         136000           65.42           136.3        1
Starting Fitness Calculation 09-Jul-2018 23:50:46
Fitness Calculated 10-Jul-2018 01:52:31
Iterating ...
  136         137000            65.4           136.7        0
Starting Fitness Calculation 10-Jul-2018 01:52:32
Fitness Calculated 10-Jul-2018 04:05:51
Iterating ...
  137         138000            65.4           139.6        1
Starting Fitness Calculation 10-Jul-2018 04:05:53
Fitness Calculated 10-Jul-2018 06:01:47
Iterating ...
  138         139000            65.4           139.9        2
Starting Fitness Calculation 10-Jul-2018 06:01:48
Fitness Calculated 10-Jul-2018 08:13:51
Iterating ...
  139         140000            65.4           137.8        3
Starting Fitness Calculation 10-Jul-2018 08:13:53
Fitness Calculated 10-Jul-2018 10:11:44
Iterating ...
  140         141000            65.4           138.3        4
Starting Fitness Calculation 10-Jul-2018 10:11:45
Fitness Calculated 10-Jul-2018 12:15:49
Iterating ...
  141         142000            65.4           137.1        5
Starting Fitness Calculation 10-Jul-2018 12:15:50
Fitness Calculated 10-Jul-2018 14:11:09
Iterating ...
  142         143000            65.4           136.6        6
Starting Fitness Calculation 10-Jul-2018 14:11:10
Fitness Calculated 10-Jul-2018 16:16:56
Iterating ...
  143         144000           65.39           137.2        0
Starting Fitness Calculation 10-Jul-2018 16:16:57
Fitness Calculated 10-Jul-2018 18:24:03
Iterating ...
  144         145000           65.39           136.7        1
Starting Fitness Calculation 10-Jul-2018 18:24:04
Fitness Calculated 10-Jul-2018 20:27:47
Iterating ...
  145         146000           65.36           137.5        0
Starting Fitness Calculation 10-Jul-2018 20:27:49
Fitness Calculated 10-Jul-2018 22:26:38
Iterating ...
  146         147000           65.36           136.7        0
Starting Fitness Calculation 10-Jul-2018 22:26:39
Fitness Calculated 11-Jul-2018 00:37:56
Iterating ...
  147         148000           65.36           140.6        1
Starting Fitness Calculation 11-Jul-2018 00:37:58
Fitness Calculated 11-Jul-2018 02:41:07
Iterating ...
  148         149000           65.36           137.3        0
Starting Fitness Calculation 11-Jul-2018 02:41:08
Fitness Calculated 11-Jul-2018 04:39:56
Iterating ...
  149         150000           65.36           136.4        1
Starting Fitness Calculation 11-Jul-2018 04:39:57
Fitness Calculated 11-Jul-2018 06:46:12
Iterating ...
  150         151000           65.36           137.5        0

                               Best           Mean      Stall
Generation      f-count        f(x)           f(x)    Generations
Starting Fitness Calculation 11-Jul-2018 06:46:13
Fitness Calculated 11-Jul-2018 08:54:32
Iterating ...
  151         152000           65.36           135.2        1
Starting Fitness Calculation 11-Jul-2018 08:54:33
Fitness Calculated 11-Jul-2018 10:57:32
Iterating ...
  152         153000           65.36           135.5        2
Starting Fitness Calculation 11-Jul-2018 10:57:34
Fitness Calculated 11-Jul-2018 13:04:22
Iterating ...
  153         154000           65.35           137.5        0
Starting Fitness Calculation 11-Jul-2018 13:04:23
Fitness Calculated 11-Jul-2018 15:07:31
Iterating ...
  154         155000           65.35           133.9        1
Starting Fitness Calculation 11-Jul-2018 15:07:32
Fitness Calculated 11-Jul-2018 17:19:29
Iterating ...
  155         156000           65.35           135.5        2
Starting Fitness Calculation 11-Jul-2018 17:19:31
Fitness Calculated 11-Jul-2018 19:21:26
Iterating ...
  156         157000           65.35           136.4        3
Starting Fitness Calculation 11-Jul-2018 19:21:27
Fitness Calculated 11-Jul-2018 21:25:35
Iterating ...
  157         158000           65.35           137.9        4
Starting Fitness Calculation 11-Jul-2018 21:25:36
Fitness Calculated 11-Jul-2018 23:17:37
Iterating ...
  158         159000           65.35           138.4        5
Starting Fitness Calculation 11-Jul-2018 23:17:39
Fitness Calculated 12-Jul-2018 01:20:34
Iterating ...
  159         160000           65.35           134.8        6
Starting Fitness Calculation 12-Jul-2018 01:20:36
Fitness Calculated 12-Jul-2018 03:14:04
Iterating ...
  160         161000           65.35             137        7
Starting Fitness Calculation 12-Jul-2018 03:14:06
Fitness Calculated 12-Jul-2018 05:27:30
Iterating ...
  161         162000           65.35           137.3        8
Starting Fitness Calculation 12-Jul-2018 05:27:32
Fitness Calculated 12-Jul-2018 07:40:59
Iterating ...
  162         163000           65.35           134.8        9
Starting Fitness Calculation 12-Jul-2018 07:41:01
Fitness Calculated 12-Jul-2018 09:50:39
Iterating ...
  163         164000           65.35           133.5       10
Starting Fitness Calculation 12-Jul-2018 09:50:41
Fitness Calculated 12-Jul-2018 11:59:07
Iterating ...
  164         165000           65.35           133.1       11
Starting Fitness Calculation 12-Jul-2018 11:59:09
Fitness Calculated 12-Jul-2018 14:01:23
Iterating ...
  165         166000           65.35           136.5       12
Starting Fitness Calculation 12-Jul-2018 14:01:24
Fitness Calculated 12-Jul-2018 15:57:41
Iterating ...
  166         167000           65.35           136.4       13
Starting Fitness Calculation 12-Jul-2018 15:57:43
Fitness Calculated 12-Jul-2018 18:02:27
Iterating ...
  167         168000           65.35           136.7       14
Starting Fitness Calculation 12-Jul-2018 18:02:29
Fitness Calculated 12-Jul-2018 19:59:02
Iterating ...
  168         169000           65.35             137       15
Starting Fitness Calculation 12-Jul-2018 19:59:04
Fitness Calculated 12-Jul-2018 21:58:07
Iterating ...
  169         170000           65.35           136.4       16
Starting Fitness Calculation 12-Jul-2018 21:58:09
Fitness Calculated 13-Jul-2018 00:07:44
Iterating ...
  170         171000           65.35           137.5       17
Starting Fitness Calculation 13-Jul-2018 00:07:46
Fitness Calculated 13-Jul-2018 02:16:15
Iterating ...
  171         172000           65.35           138.7       18
Starting Fitness Calculation 13-Jul-2018 02:16:17
Fitness Calculated 13-Jul-2018 04:09:22
Iterating ...
  172         173000           65.35           139.6       19
Starting Fitness Calculation 13-Jul-2018 04:09:23
Fitness Calculated 13-Jul-2018 06:24:52
Iterating ...
  173         174000           65.35           137.6       20
Starting Fitness Calculation 13-Jul-2018 06:24:54
Fitness Calculated 13-Jul-2018 08:29:07
Iterating ...
  174         175000           65.35           135.7       21
Starting Fitness Calculation 13-Jul-2018 08:29:09
Fitness Calculated 13-Jul-2018 10:36:51
Iterating ...
  175         176000           65.35           135.5       22
Starting Fitness Calculation 13-Jul-2018 10:36:53
Fitness Calculated 13-Jul-2018 12:34:56
Iterating ...
  176         177000           65.35           136.3       23
Starting Fitness Calculation 13-Jul-2018 12:34:58
Fitness Calculated 13-Jul-2018 14:37:23
Iterating ...
  177         178000           65.35           138.2       24
Starting Fitness Calculation 13-Jul-2018 14:37:24
Fitness Calculated 13-Jul-2018 16:43:42
Iterating ...
  178         179000           65.35           137.2       25
Starting Fitness Calculation 13-Jul-2018 16:43:44
Fitness Calculated 13-Jul-2018 18:35:53
Iterating ...
  179         180000           65.35           136.7       26
Starting Fitness Calculation 13-Jul-2018 18:35:55
Fitness Calculated 13-Jul-2018 20:41:04
Iterating ...
  180         181000           65.35           137.9       27

                               Best           Mean      Stall
Generation      f-count        f(x)           f(x)    Generations
Starting Fitness Calculation 13-Jul-2018 20:41:06
Fitness Calculated 13-Jul-2018 22:52:51
Iterating ...
  181         182000           65.35           138.3       28
Starting Fitness Calculation 13-Jul-2018 22:52:53
Fitness Calculated 14-Jul-2018 01:04:15
Iterating ...
  182         183000           65.35             137       29
Starting Fitness Calculation 14-Jul-2018 01:04:17
Fitness Calculated 14-Jul-2018 03:08:09
Iterating ...
  183         184000           65.35           133.7       30
Starting Fitness Calculation 14-Jul-2018 03:08:11
Fitness Calculated 14-Jul-2018 05:19:28
Iterating ...
  184         185000           65.35           135.1       31
Starting Fitness Calculation 14-Jul-2018 05:19:29
Fitness Calculated 14-Jul-2018 07:22:50
Iterating ...
  185         186000           65.35           137.5       32
Starting Fitness Calculation 14-Jul-2018 07:22:51
Fitness Calculated 14-Jul-2018 09:24:08
Iterating ...
  186         187000           65.35           138.6       33
Starting Fitness Calculation 14-Jul-2018 09:24:10
Fitness Calculated 14-Jul-2018 11:19:33
Iterating ...
  187         188000           65.35           138.1       34
Starting Fitness Calculation 14-Jul-2018 11:19:34
Fitness Calculated 14-Jul-2018 13:13:55
Iterating ...
  188         189000           65.35           138.5       35
Starting Fitness Calculation 14-Jul-2018 13:13:57
Fitness Calculated 14-Jul-2018 15:18:59
Iterating ...
  189         190000           65.35           137.1       36
Starting Fitness Calculation 14-Jul-2018 15:19:01
Fitness Calculated 14-Jul-2018 17:30:35
Iterating ...
  190         191000           65.35           139.3       37
Starting Fitness Calculation 14-Jul-2018 17:30:36
Fitness Calculated 14-Jul-2018 19:29:51
Iterating ...
  191         192000           65.35           137.1       38
Starting Fitness Calculation 14-Jul-2018 19:29:53
Fitness Calculated 14-Jul-2018 21:43:34
Iterating ...
  192         193000           65.35           135.4       39
Starting Fitness Calculation 14-Jul-2018 21:43:36
Fitness Calculated 14-Jul-2018 23:43:54
Iterating ...
  193         194000           65.35           133.5       40
Starting Fitness Calculation 14-Jul-2018 23:43:55
Fitness Calculated 15-Jul-2018 01:45:56
Iterating ...
  194         195000           65.35           135.3       41
Starting Fitness Calculation 15-Jul-2018 01:45:58
Fitness Calculated 15-Jul-2018 03:50:04
Iterating ...
  195         196000           65.35           136.3       42
Starting Fitness Calculation 15-Jul-2018 03:50:06
Fitness Calculated 15-Jul-2018 05:55:53
Iterating ...
  196         197000           65.35           140.7       43
Starting Fitness Calculation 15-Jul-2018 05:55:55
Fitness Calculated 15-Jul-2018 07:54:32
Iterating ...
  197         198000           65.35             140       44
Starting Fitness Calculation 15-Jul-2018 07:54:34
Fitness Calculated 15-Jul-2018 09:45:35
Iterating ...
  198         199000           65.35           139.1       45
Starting Fitness Calculation 15-Jul-2018 09:45:37
Fitness Calculated 15-Jul-2018 11:40:57
Iterating ...
  199         200000           65.35           136.6       46
Starting Fitness Calculation 15-Jul-2018 11:40:59
Fitness Calculated 15-Jul-2018 13:50:31
Iterating ...
  200         201000           65.35           133.7       47
Optimization terminated: maximum number of generations exceeded.
Performing final task
Parallel pool using the 'ClusterPandora' profile is shutting down.
