
                            < M A T L A B (R) >
                  Copyright 1984-2015 The MathWorks, Inc.
                   R2015a (8.5.0.197613) 64-bit (glnxa64)
                             February 12, 2015

 
To get started, type one of these: helpwin, helpdesk, or demo.
For product information, visit www.mathworks.com.
 
 
To get started, type one of these: helpwin, helpdesk, or demo.
For product information, visit www.mathworks.com.
 
Starting parallel pool (parpool) using the 'ClusterPandora' profile ... connected to 80 workers.
Starting Fitness Calculation 10-Oct-2018 22:47:49
Analyzing and transferring files to the workers ...done.
Fitness Calculated 10-Oct-2018 22:48:58
Starting the algorithm

                               Best           Mean      Stall
Generation      f-count        f(x)           f(x)    Generations
Starting Fitness Calculation 10-Oct-2018 22:48:59
Fitness Calculated 10-Oct-2018 22:49:54
Iterating ...
    1          3000            9.96           11.19        0
Starting Fitness Calculation 10-Oct-2018 22:49:54
Fitness Calculated 10-Oct-2018 22:51:16
Iterating ...
    2          4500           9.105           11.33        0
Starting Fitness Calculation 10-Oct-2018 22:51:16
Fitness Calculated 10-Oct-2018 22:53:00
Iterating ...
    3          6000           8.572           11.24        0
Starting Fitness Calculation 10-Oct-2018 22:53:00
Fitness Calculated 10-Oct-2018 22:55:00
Iterating ...
    4          7500           8.572           10.84        1
Starting Fitness Calculation 10-Oct-2018 22:55:00
Fitness Calculated 10-Oct-2018 22:57:09
Iterating ...
    5          9000           8.313           10.58        0
Starting Fitness Calculation 10-Oct-2018 22:57:09
Fitness Calculated 10-Oct-2018 22:59:30
Iterating ...
    6         10500           8.052           10.35        0
Starting Fitness Calculation 10-Oct-2018 22:59:30
Fitness Calculated 10-Oct-2018 23:01:55
Iterating ...
    7         12000           8.052            10.1        1
Starting Fitness Calculation 10-Oct-2018 23:01:56
Fitness Calculated 10-Oct-2018 23:04:33
Iterating ...
    8         13500           8.052           9.861        2
Starting Fitness Calculation 10-Oct-2018 23:04:33
Fitness Calculated 10-Oct-2018 23:07:11
Iterating ...
    9         15000           8.052           9.606        3
Starting Fitness Calculation 10-Oct-2018 23:07:11
Fitness Calculated 10-Oct-2018 23:10:17
Iterating ...
   10         16500           8.052           9.474        0
Starting Fitness Calculation 10-Oct-2018 23:10:17
Fitness Calculated 10-Oct-2018 23:13:28
Iterating ...
   11         18000           8.032           9.443        0
Starting Fitness Calculation 10-Oct-2018 23:13:29
Fitness Calculated 10-Oct-2018 23:16:39
Iterating ...
   12         19500           7.993           9.437        0
Starting Fitness Calculation 10-Oct-2018 23:16:39
Fitness Calculated 10-Oct-2018 23:19:59
Iterating ...
   13         21000           7.993           9.445        1
Starting Fitness Calculation 10-Oct-2018 23:19:59
Fitness Calculated 10-Oct-2018 23:23:21
Iterating ...
   14         22500           7.892           9.329        0
Starting Fitness Calculation 10-Oct-2018 23:23:21
Fitness Calculated 10-Oct-2018 23:26:46
Iterating ...
   15         24000           7.892           9.273        1
Starting Fitness Calculation 10-Oct-2018 23:26:46
Fitness Calculated 10-Oct-2018 23:30:15
Iterating ...
   16         25500           7.832             9.2        0
Starting Fitness Calculation 10-Oct-2018 23:30:16
Fitness Calculated 10-Oct-2018 23:33:50
Iterating ...
   17         27000           7.784             9.2        0
Starting Fitness Calculation 10-Oct-2018 23:33:50
Fitness Calculated 10-Oct-2018 23:37:34
Iterating ...
   18         28500           7.678           9.156        0
Starting Fitness Calculation 10-Oct-2018 23:37:35
Fitness Calculated 10-Oct-2018 23:41:17
Iterating ...
   19         30000           7.678           9.115        1
Starting Fitness Calculation 10-Oct-2018 23:41:17
Fitness Calculated 10-Oct-2018 23:45:08
Iterating ...
   20         31500           7.678           9.048        2
Starting Fitness Calculation 10-Oct-2018 23:45:09
Fitness Calculated 10-Oct-2018 23:48:54
Iterating ...
   21         33000           7.663           8.931        0
Starting Fitness Calculation 10-Oct-2018 23:48:55
Fitness Calculated 10-Oct-2018 23:52:40
Iterating ...
   22         34500           7.608           8.936        0
Starting Fitness Calculation 10-Oct-2018 23:52:41
Fitness Calculated 10-Oct-2018 23:56:31
Iterating ...
   23         36000           7.608           8.865        0
Starting Fitness Calculation 10-Oct-2018 23:56:32
Fitness Calculated 11-Oct-2018 00:00:23
Iterating ...
   24         37500           7.556           8.784        0
Starting Fitness Calculation 11-Oct-2018 00:00:24
Fitness Calculated 11-Oct-2018 00:04:15
Iterating ...
   25         39000           7.538           8.675        0
Starting Fitness Calculation 11-Oct-2018 00:04:16
Fitness Calculated 11-Oct-2018 00:08:14
Iterating ...
   26         40500           7.535           8.602        0
Starting Fitness Calculation 11-Oct-2018 00:08:15
Fitness Calculated 11-Oct-2018 00:12:18
Iterating ...
   27         42000           7.503            8.57        0
Starting Fitness Calculation 11-Oct-2018 00:12:19
Fitness Calculated 11-Oct-2018 00:16:14
Iterating ...
   28         43500           7.492            8.52        0
Starting Fitness Calculation 11-Oct-2018 00:16:14
Fitness Calculated 11-Oct-2018 00:20:18
Iterating ...
   29         45000           7.485           8.538        0
Starting Fitness Calculation 11-Oct-2018 00:20:19
Fitness Calculated 11-Oct-2018 00:24:23
Iterating ...
   30         46500           7.485           8.508        0

                               Best           Mean      Stall
Generation      f-count        f(x)           f(x)    Generations
Starting Fitness Calculation 11-Oct-2018 00:24:23
Fitness Calculated 11-Oct-2018 00:28:28
Iterating ...
   31         48000           7.485           8.499        0
Starting Fitness Calculation 11-Oct-2018 00:28:29
Fitness Calculated 11-Oct-2018 00:32:34
Iterating ...
   32         49500           7.484           8.435        0
Starting Fitness Calculation 11-Oct-2018 00:32:35
Fitness Calculated 11-Oct-2018 00:36:43
Iterating ...
   33         51000           7.484           8.383        0
Starting Fitness Calculation 11-Oct-2018 00:36:44
Fitness Calculated 11-Oct-2018 00:40:46
Iterating ...
   34         52500           7.484           8.352        0
Starting Fitness Calculation 11-Oct-2018 00:40:47
Fitness Calculated 11-Oct-2018 00:44:49
Iterating ...
   35         54000           7.468           8.362        0
Starting Fitness Calculation 11-Oct-2018 00:44:50
Fitness Calculated 11-Oct-2018 00:48:45
Iterating ...
   36         55500           7.468           8.341        1
Starting Fitness Calculation 11-Oct-2018 00:48:46
Fitness Calculated 11-Oct-2018 00:52:43
Iterating ...
   37         57000           7.468           8.334        0
Starting Fitness Calculation 11-Oct-2018 00:52:44
Fitness Calculated 11-Oct-2018 00:56:38
Iterating ...
   38         58500           7.467           8.293        0
Starting Fitness Calculation 11-Oct-2018 00:56:38
Fitness Calculated 11-Oct-2018 01:00:29
Iterating ...
   39         60000           7.467           8.336        0
Starting Fitness Calculation 11-Oct-2018 01:00:30
Fitness Calculated 11-Oct-2018 01:04:22
Iterating ...
   40         61500           7.443           8.302        0
Starting Fitness Calculation 11-Oct-2018 01:04:23
Fitness Calculated 11-Oct-2018 01:08:21
Iterating ...
   41         63000           7.442           8.339        0
Starting Fitness Calculation 11-Oct-2018 01:08:22
Fitness Calculated 11-Oct-2018 01:12:15
Iterating ...
   42         64500           7.442           8.324        0
Starting Fitness Calculation 11-Oct-2018 01:12:16
Fitness Calculated 11-Oct-2018 01:16:12
Iterating ...
   43         66000           7.441           8.316        0
Starting Fitness Calculation 11-Oct-2018 01:16:13
Fitness Calculated 11-Oct-2018 01:20:08
Iterating ...
   44         67500           7.436           8.342        0
Starting Fitness Calculation 11-Oct-2018 01:20:09
Fitness Calculated 11-Oct-2018 01:24:08
Iterating ...
   45         69000           7.432           8.338        0
Starting Fitness Calculation 11-Oct-2018 01:24:09
Fitness Calculated 11-Oct-2018 01:28:02
Iterating ...
   46         70500           7.424           8.294        0
Starting Fitness Calculation 11-Oct-2018 01:28:03
Fitness Calculated 11-Oct-2018 01:31:59
Iterating ...
   47         72000           7.424            8.28        0
Starting Fitness Calculation 11-Oct-2018 01:32:00
Fitness Calculated 11-Oct-2018 01:35:52
Iterating ...
   48         73500           7.423           8.241        0
Starting Fitness Calculation 11-Oct-2018 01:35:53
Fitness Calculated 11-Oct-2018 01:39:42
Iterating ...
   49         75000           7.423           8.208        0
Starting Fitness Calculation 11-Oct-2018 01:39:43
Fitness Calculated 11-Oct-2018 01:43:30
Iterating ...
   50         76500           7.423            8.19        0
Starting Fitness Calculation 11-Oct-2018 01:43:31
Fitness Calculated 11-Oct-2018 01:47:16
Iterating ...
   51         78000           7.422           8.246        0
Starting Fitness Calculation 11-Oct-2018 01:47:17
Fitness Calculated 11-Oct-2018 01:51:07
Iterating ...
   52         79500           7.421           8.278        0
Starting Fitness Calculation 11-Oct-2018 01:51:08
Fitness Calculated 11-Oct-2018 01:54:59
Iterating ...
   53         81000           7.409           8.338        0
Starting Fitness Calculation 11-Oct-2018 01:55:00
Fitness Calculated 11-Oct-2018 01:58:47
Iterating ...
   54         82500           7.409            8.31        1
Starting Fitness Calculation 11-Oct-2018 01:58:48
Fitness Calculated 11-Oct-2018 02:02:37
Iterating ...
   55         84000           7.408           8.259        0
Starting Fitness Calculation 11-Oct-2018 02:02:38
Fitness Calculated 11-Oct-2018 02:06:30
Iterating ...
   56         85500           7.385           8.234        0
Starting Fitness Calculation 11-Oct-2018 02:06:31
Fitness Calculated 11-Oct-2018 02:10:27
Iterating ...
   57         87000           7.384           8.297        0
Starting Fitness Calculation 11-Oct-2018 02:10:28
Fitness Calculated 11-Oct-2018 02:14:21
Iterating ...
   58         88500           7.373           8.248        0
Starting Fitness Calculation 11-Oct-2018 02:14:23
Fitness Calculated 11-Oct-2018 02:18:12
Iterating ...
   59         90000           7.373           8.261        0
Starting Fitness Calculation 11-Oct-2018 02:18:14
Fitness Calculated 11-Oct-2018 02:22:08
Iterating ...
   60         91500           7.372           8.259        0

                               Best           Mean      Stall
Generation      f-count        f(x)           f(x)    Generations
Starting Fitness Calculation 11-Oct-2018 02:22:09
Fitness Calculated 11-Oct-2018 02:26:03
Iterating ...
   61         93000           7.371           8.239        0
Starting Fitness Calculation 11-Oct-2018 02:26:04
Fitness Calculated 11-Oct-2018 02:29:53
Iterating ...
   62         94500           7.369           8.218        0
Starting Fitness Calculation 11-Oct-2018 02:29:55
Fitness Calculated 11-Oct-2018 02:33:47
Iterating ...
   63         96000           7.368           8.177        0
Starting Fitness Calculation 11-Oct-2018 02:33:48
Fitness Calculated 11-Oct-2018 02:37:41
Iterating ...
   64         97500           7.367           8.185        0
Starting Fitness Calculation 11-Oct-2018 02:37:43
Fitness Calculated 11-Oct-2018 02:41:35
Iterating ...
   65         99000           7.367           8.156        0
Starting Fitness Calculation 11-Oct-2018 02:41:37
Fitness Calculated 11-Oct-2018 02:45:26
Iterating ...
   66         100500           7.367           8.131        0
Starting Fitness Calculation 11-Oct-2018 02:45:28
Fitness Calculated 11-Oct-2018 02:49:17
Iterating ...
   67         102000           7.367           8.102        0
Starting Fitness Calculation 11-Oct-2018 02:49:18
Fitness Calculated 11-Oct-2018 02:53:08
Iterating ...
   68         103500           7.367           8.125        0
Starting Fitness Calculation 11-Oct-2018 02:53:10
Fitness Calculated 11-Oct-2018 02:56:58
Iterating ...
   69         105000           7.367           8.134        0
Starting Fitness Calculation 11-Oct-2018 02:57:00
Fitness Calculated 11-Oct-2018 03:00:48
Iterating ...
   70         106500           7.367           8.069        0
Starting Fitness Calculation 11-Oct-2018 03:00:49
Fitness Calculated 11-Oct-2018 03:04:41
Iterating ...
   71         108000           7.367           8.049        0
Starting Fitness Calculation 11-Oct-2018 03:04:42
Fitness Calculated 11-Oct-2018 03:08:37
Iterating ...
   72         109500           7.367           8.108        0
Starting Fitness Calculation 11-Oct-2018 03:08:38
Fitness Calculated 11-Oct-2018 03:12:30
Iterating ...
   73         111000           7.367            8.06        1
Starting Fitness Calculation 11-Oct-2018 03:12:32
Fitness Calculated 11-Oct-2018 03:16:21
Iterating ...
   74         112500           7.367           8.086        0
Starting Fitness Calculation 11-Oct-2018 03:16:23
Fitness Calculated 11-Oct-2018 03:20:17
Iterating ...
   75         114000           7.367           8.064        1
Starting Fitness Calculation 11-Oct-2018 03:20:18
Fitness Calculated 11-Oct-2018 03:24:08
Iterating ...
   76         115500           7.367           8.085        0
Starting Fitness Calculation 11-Oct-2018 03:24:09
Fitness Calculated 11-Oct-2018 03:28:00
Iterating ...
   77         117000           7.367           8.098        0
Starting Fitness Calculation 11-Oct-2018 03:28:01
Fitness Calculated 11-Oct-2018 03:31:53
Iterating ...
   78         118500           7.367           8.094        0
Starting Fitness Calculation 11-Oct-2018 03:31:55
Fitness Calculated 11-Oct-2018 03:35:47
Iterating ...
   79         120000           7.367           8.097        1
Starting Fitness Calculation 11-Oct-2018 03:35:49
Fitness Calculated 11-Oct-2018 03:39:40
Iterating ...
   80         121500           7.367           8.082        0
Starting Fitness Calculation 11-Oct-2018 03:39:42
Fitness Calculated 11-Oct-2018 03:43:32
Iterating ...
   81         123000           7.367           8.098        1
Starting Fitness Calculation 11-Oct-2018 03:43:34
Fitness Calculated 11-Oct-2018 03:47:25
Iterating ...
   82         124500           7.367           8.087        0
Starting Fitness Calculation 11-Oct-2018 03:47:27
Fitness Calculated 11-Oct-2018 03:51:19
Iterating ...
   83         126000           7.367           8.082        0
Starting Fitness Calculation 11-Oct-2018 03:51:21
Fitness Calculated 11-Oct-2018 03:55:13
Iterating ...
   84         127500           7.367           8.083        0
Starting Fitness Calculation 11-Oct-2018 03:55:14
Fitness Calculated 11-Oct-2018 03:59:01
Iterating ...
   85         129000           7.367           8.108        1
Starting Fitness Calculation 11-Oct-2018 03:59:02
Fitness Calculated 11-Oct-2018 04:02:56
Iterating ...
   86         130500           7.367           8.105        0
Starting Fitness Calculation 11-Oct-2018 04:02:58
Fitness Calculated 11-Oct-2018 04:06:45
Iterating ...
   87         132000           7.367           8.055        0
Starting Fitness Calculation 11-Oct-2018 04:06:47
Fitness Calculated 11-Oct-2018 04:10:37
Iterating ...
   88         133500           7.367           8.043        1
Starting Fitness Calculation 11-Oct-2018 04:10:39
Fitness Calculated 11-Oct-2018 04:14:31
Iterating ...
   89         135000           7.367           8.061        0
Starting Fitness Calculation 11-Oct-2018 04:14:32
Fitness Calculated 11-Oct-2018 04:18:20
Iterating ...
   90         136500           7.367           8.064        0
Optimization terminated: average change in the fitness value less than options.TolFun.
Performing final task
Parallel pool using the 'ClusterPandora' profile is shutting down.
