
                            < M A T L A B (R) >
                  Copyright 1984-2015 The MathWorks, Inc.
                   R2015a (8.5.0.197613) 64-bit (glnxa64)
                             February 12, 2015

 
To get started, type one of these: helpwin, helpdesk, or demo.
For product information, visit www.mathworks.com.
 
 
To get started, type one of these: helpwin, helpdesk, or demo.
For product information, visit www.mathworks.com.
 
Starting parallel pool (parpool) using the 'ClusterPandora' profile ... connected to 80 workers.
Starting Fitness Calculation 04-Oct-2018 20:38:53
Analyzing and transferring files to the workers ...done.
Fitness Calculated 04-Oct-2018 20:41:25
Starting the algorithm

                               Best           Mean      Stall
Generation      f-count        f(x)           f(x)    Generations
Starting Fitness Calculation 04-Oct-2018 20:41:25
Fitness Calculated 04-Oct-2018 20:43:45
Iterating ...
    1          3000           9.284           12.67        0
Starting Fitness Calculation 04-Oct-2018 20:43:45
Fitness Calculated 04-Oct-2018 20:46:08
Iterating ...
    2          4500           8.908           12.44        0
Starting Fitness Calculation 04-Oct-2018 20:46:08
Fitness Calculated 04-Oct-2018 20:48:52
Iterating ...
    3          6000           8.814           12.07        0
Starting Fitness Calculation 04-Oct-2018 20:48:52
Fitness Calculated 04-Oct-2018 20:51:48
Iterating ...
    4          7500           8.501           11.66        0
Starting Fitness Calculation 04-Oct-2018 20:51:48
Fitness Calculated 04-Oct-2018 20:54:51
Iterating ...
    5          9000           8.283           11.22        0
Starting Fitness Calculation 04-Oct-2018 20:54:51
Fitness Calculated 04-Oct-2018 20:58:14
Iterating ...
    6         10500           8.283           10.88        1
Starting Fitness Calculation 04-Oct-2018 20:58:14
Fitness Calculated 04-Oct-2018 21:01:35
Iterating ...
    7         12000           8.283           10.61        2
Starting Fitness Calculation 04-Oct-2018 21:01:35
Fitness Calculated 04-Oct-2018 21:05:05
Iterating ...
    8         13500           8.225           10.48        0
Starting Fitness Calculation 04-Oct-2018 21:05:05
Fitness Calculated 04-Oct-2018 21:08:31
Iterating ...
    9         15000           7.789           10.37        0
Starting Fitness Calculation 04-Oct-2018 21:08:31
Fitness Calculated 04-Oct-2018 21:12:09
Iterating ...
   10         16500           6.438           10.22        0
Starting Fitness Calculation 04-Oct-2018 21:12:09
Fitness Calculated 04-Oct-2018 21:15:49
Iterating ...
   11         18000           6.438           10.16        1
Starting Fitness Calculation 04-Oct-2018 21:15:50
Fitness Calculated 04-Oct-2018 21:20:32
Iterating ...
   12         19500           6.955           10.06        2
Starting Fitness Calculation 04-Oct-2018 21:20:33
Fitness Calculated 04-Oct-2018 21:25:37
Iterating ...
   13         21000           6.057           9.888        0
Starting Fitness Calculation 04-Oct-2018 21:25:37
Fitness Calculated 04-Oct-2018 21:31:23
Iterating ...
   14         22500           4.272           9.699        0
Starting Fitness Calculation 04-Oct-2018 21:31:24
Fitness Calculated 04-Oct-2018 21:37:42
Iterating ...
   15         24000           4.083           9.555        0
Starting Fitness Calculation 04-Oct-2018 21:37:43
Fitness Calculated 04-Oct-2018 21:45:34
Iterating ...
   16         25500           3.378           9.397        0
Starting Fitness Calculation 04-Oct-2018 21:45:35
Fitness Calculated 04-Oct-2018 21:54:31
Iterating ...
   17         27000            3.34           9.244        0
Starting Fitness Calculation 04-Oct-2018 21:54:31
Fitness Calculated 04-Oct-2018 22:04:10
Iterating ...
   18         28500           3.057           9.062        0
Starting Fitness Calculation 04-Oct-2018 22:04:11
Fitness Calculated 04-Oct-2018 22:17:21
Iterating ...
   19         30000            3.12           8.834        1
Starting Fitness Calculation 04-Oct-2018 22:17:21
Fitness Calculated 04-Oct-2018 22:31:38
Iterating ...
   20         31500           3.081           8.524        0
Starting Fitness Calculation 04-Oct-2018 22:31:39
Fitness Calculated 04-Oct-2018 22:46:53
Iterating ...
   21         33000           3.079           8.287        0
Starting Fitness Calculation 04-Oct-2018 22:46:54
Fitness Calculated 04-Oct-2018 23:02:17
Iterating ...
   22         34500           3.001           8.109        0
Starting Fitness Calculation 04-Oct-2018 23:02:18
Fitness Calculated 04-Oct-2018 23:18:03
Iterating ...
   23         36000            2.96           8.014        0
Starting Fitness Calculation 04-Oct-2018 23:18:04
Fitness Calculated 04-Oct-2018 23:34:03
Iterating ...
   24         37500           2.993           7.792        1
Starting Fitness Calculation 04-Oct-2018 23:34:04
Fitness Calculated 04-Oct-2018 23:50:54
Iterating ...
   25         39000           2.961            7.75        0
Starting Fitness Calculation 04-Oct-2018 23:50:55
Fitness Calculated 05-Oct-2018 00:07:27
Iterating ...
   26         40500           2.986           7.647        1
Starting Fitness Calculation 05-Oct-2018 00:07:28
Fitness Calculated 05-Oct-2018 00:23:49
Iterating ...
   27         42000           2.972           7.729        0
Starting Fitness Calculation 05-Oct-2018 00:23:50
Fitness Calculated 05-Oct-2018 00:39:51
Iterating ...
   28         43500           2.949           7.656        0
Starting Fitness Calculation 05-Oct-2018 00:39:53
Fitness Calculated 05-Oct-2018 00:56:25
Iterating ...
   29         45000           2.954           7.687        1
Starting Fitness Calculation 05-Oct-2018 00:56:26
Fitness Calculated 05-Oct-2018 01:13:03
Iterating ...
   30         46500           2.912           7.593        0

                               Best           Mean      Stall
Generation      f-count        f(x)           f(x)    Generations
Starting Fitness Calculation 05-Oct-2018 01:13:05
Fitness Calculated 05-Oct-2018 01:29:38
Iterating ...
   31         48000           2.901           7.678        0
Starting Fitness Calculation 05-Oct-2018 01:29:39
Fitness Calculated 05-Oct-2018 01:46:51
Iterating ...
   32         49500           2.889           7.537        0
Starting Fitness Calculation 05-Oct-2018 01:46:53
Fitness Calculated 05-Oct-2018 02:04:00
Iterating ...
   33         51000           2.885           7.464        0
Starting Fitness Calculation 05-Oct-2018 02:04:02
Fitness Calculated 05-Oct-2018 02:20:48
Iterating ...
   34         52500           2.875           7.493        0
Starting Fitness Calculation 05-Oct-2018 02:20:50
Fitness Calculated 05-Oct-2018 02:37:42
Iterating ...
   35         54000           2.878           7.445        1
Starting Fitness Calculation 05-Oct-2018 02:37:44
Fitness Calculated 05-Oct-2018 02:54:51
Iterating ...
   36         55500           2.843           7.387        0
Starting Fitness Calculation 05-Oct-2018 02:54:52
Fitness Calculated 05-Oct-2018 03:11:52
Iterating ...
   37         57000           2.831           7.406        0
Starting Fitness Calculation 05-Oct-2018 03:11:53
Fitness Calculated 05-Oct-2018 03:29:06
Iterating ...
   38         58500            2.83           7.297        0
Starting Fitness Calculation 05-Oct-2018 03:29:08
Fitness Calculated 05-Oct-2018 03:46:29
Iterating ...
   39         60000           2.787           7.355        0
Starting Fitness Calculation 05-Oct-2018 03:46:30
Fitness Calculated 05-Oct-2018 04:03:17
Iterating ...
   40         61500           2.773           7.431        0
Starting Fitness Calculation 05-Oct-2018 04:03:18
Fitness Calculated 05-Oct-2018 04:20:13
Iterating ...
   41         63000           2.732           7.497        0
Starting Fitness Calculation 05-Oct-2018 04:20:15
Fitness Calculated 05-Oct-2018 04:36:40
Iterating ...
   42         64500           2.699           7.529        0
Starting Fitness Calculation 05-Oct-2018 04:36:42
Fitness Calculated 05-Oct-2018 04:53:45
Iterating ...
   43         66000           2.629           7.393        0
Starting Fitness Calculation 05-Oct-2018 04:53:47
Fitness Calculated 05-Oct-2018 05:10:42
Iterating ...
   44         67500           2.629           7.419        1
Starting Fitness Calculation 05-Oct-2018 05:10:43
Fitness Calculated 05-Oct-2018 05:27:57
Iterating ...
   45         69000            2.63           7.372        2
Starting Fitness Calculation 05-Oct-2018 05:27:59
Fitness Calculated 05-Oct-2018 05:44:51
Iterating ...
   46         70500           2.573           7.467        0
Starting Fitness Calculation 05-Oct-2018 05:44:53
Fitness Calculated 05-Oct-2018 06:02:06
Iterating ...
   47         72000           2.604           7.387        1
Starting Fitness Calculation 05-Oct-2018 06:02:07
Fitness Calculated 05-Oct-2018 06:18:46
Iterating ...
   48         73500           2.607           7.474        2
Starting Fitness Calculation 05-Oct-2018 06:18:48
Fitness Calculated 05-Oct-2018 06:36:15
Iterating ...
   49         75000            2.57           7.425        0
Starting Fitness Calculation 05-Oct-2018 06:36:16
Fitness Calculated 05-Oct-2018 06:53:28
Iterating ...
   50         76500           2.563           7.326        0
Starting Fitness Calculation 05-Oct-2018 06:53:30
Fitness Calculated 05-Oct-2018 07:10:33
Iterating ...
   51         78000           2.568           7.342        1
Starting Fitness Calculation 05-Oct-2018 07:10:35
Fitness Calculated 05-Oct-2018 07:27:52
Iterating ...
   52         79500            2.55            7.22        0
Starting Fitness Calculation 05-Oct-2018 07:27:54
Fitness Calculated 05-Oct-2018 07:44:55
Iterating ...
   53         81000            2.55           7.265        1
Starting Fitness Calculation 05-Oct-2018 07:44:57
Fitness Calculated 05-Oct-2018 08:02:47
Iterating ...
   54         82500            2.55           7.238        2
Starting Fitness Calculation 05-Oct-2018 08:02:49
Fitness Calculated 05-Oct-2018 08:20:33
Iterating ...
   55         84000            2.55           7.341        3
Starting Fitness Calculation 05-Oct-2018 08:20:35
Fitness Calculated 05-Oct-2018 08:38:08
Iterating ...
   56         85500            2.55            7.26        4
Starting Fitness Calculation 05-Oct-2018 08:38:10
Fitness Calculated 05-Oct-2018 08:55:35
Iterating ...
   57         87000            2.55           7.207        5
Starting Fitness Calculation 05-Oct-2018 08:55:37
Fitness Calculated 05-Oct-2018 09:13:00
Iterating ...
   58         88500            2.55           7.157        6
Starting Fitness Calculation 05-Oct-2018 09:13:03
Fitness Calculated 05-Oct-2018 09:30:56
Iterating ...
   59         90000            2.55           7.242        7
Starting Fitness Calculation 05-Oct-2018 09:30:58
Fitness Calculated 05-Oct-2018 09:49:02
Iterating ...
   60         91500            2.55           7.159        8

                               Best           Mean      Stall
Generation      f-count        f(x)           f(x)    Generations
Starting Fitness Calculation 05-Oct-2018 09:49:04
Fitness Calculated 05-Oct-2018 10:06:46
Iterating ...
   61         93000            2.55           7.242        9
Starting Fitness Calculation 05-Oct-2018 10:06:49
Fitness Calculated 05-Oct-2018 10:24:09
Iterating ...
   62         94500            2.55           7.188       10
Starting Fitness Calculation 05-Oct-2018 10:24:11
Fitness Calculated 05-Oct-2018 10:42:03
Iterating ...
   63         96000           2.509           7.082        0
Starting Fitness Calculation 05-Oct-2018 10:42:05
Fitness Calculated 05-Oct-2018 10:59:35
Iterating ...
   64         97500           2.509           7.231        1
Starting Fitness Calculation 05-Oct-2018 10:59:37
Fitness Calculated 05-Oct-2018 11:17:16
Iterating ...
   65         99000             2.5           7.118        0
Starting Fitness Calculation 05-Oct-2018 11:17:18
Fitness Calculated 05-Oct-2018 11:35:07
Iterating ...
   66         100500            2.49           7.043        0
Starting Fitness Calculation 05-Oct-2018 11:35:10
Fitness Calculated 05-Oct-2018 11:52:10
Iterating ...
   67         102000            2.49           7.095        1
Starting Fitness Calculation 05-Oct-2018 11:52:12
Fitness Calculated 05-Oct-2018 12:09:51
Iterating ...
   68         103500           2.486           7.019        0
Starting Fitness Calculation 05-Oct-2018 12:09:53
Fitness Calculated 05-Oct-2018 12:27:05
Iterating ...
   69         105000            2.48           7.086        0
Starting Fitness Calculation 05-Oct-2018 12:27:08
Fitness Calculated 05-Oct-2018 12:44:58
Iterating ...
   70         106500            2.48           6.904        0
Starting Fitness Calculation 05-Oct-2018 12:45:00
Fitness Calculated 05-Oct-2018 13:03:28
Iterating ...
   71         108000           2.468           6.975        0
Starting Fitness Calculation 05-Oct-2018 13:03:31
Fitness Calculated 05-Oct-2018 13:21:30
Iterating ...
   72         109500           2.468           7.047        1
Starting Fitness Calculation 05-Oct-2018 13:21:33
Fitness Calculated 05-Oct-2018 13:39:38
Iterating ...
   73         111000           2.468           6.975        2
Starting Fitness Calculation 05-Oct-2018 13:39:41
Fitness Calculated 05-Oct-2018 13:57:36
Iterating ...
   74         112500           2.466           6.941        0
Starting Fitness Calculation 05-Oct-2018 13:57:39
Fitness Calculated 05-Oct-2018 14:15:08
Iterating ...
   75         114000           2.463           7.035        0
Starting Fitness Calculation 05-Oct-2018 14:15:11
Fitness Calculated 05-Oct-2018 14:32:27
Iterating ...
   76         115500            2.46           7.233        0
Starting Fitness Calculation 05-Oct-2018 14:32:30
Fitness Calculated 05-Oct-2018 14:50:32
Iterating ...
   77         117000            2.46           7.127        1
Starting Fitness Calculation 05-Oct-2018 14:50:35
Fitness Calculated 05-Oct-2018 15:08:41
Iterating ...
   78         118500           2.459           7.027        0
Starting Fitness Calculation 05-Oct-2018 15:08:44
Fitness Calculated 05-Oct-2018 15:26:56
Iterating ...
   79         120000           2.454           7.035        0
Starting Fitness Calculation 05-Oct-2018 15:26:59
Fitness Calculated 05-Oct-2018 15:45:02
Iterating ...
   80         121500           2.454           7.023        1
Starting Fitness Calculation 05-Oct-2018 15:45:04
Fitness Calculated 05-Oct-2018 16:02:54
Iterating ...
   81         123000           2.456           7.026        2
Starting Fitness Calculation 05-Oct-2018 16:02:56
Fitness Calculated 05-Oct-2018 16:20:53
Iterating ...
   82         124500            2.45           7.019        0
Starting Fitness Calculation 05-Oct-2018 16:20:56
Fitness Calculated 05-Oct-2018 16:38:18
Iterating ...
   83         126000           2.456           7.107        1
Starting Fitness Calculation 05-Oct-2018 16:38:20
Fitness Calculated 05-Oct-2018 16:56:09
Iterating ...
   84         127500           2.453           7.211        0
Starting Fitness Calculation 05-Oct-2018 16:56:12
Fitness Calculated 05-Oct-2018 17:13:35
Iterating ...
   85         129000           2.452           7.116        0
Starting Fitness Calculation 05-Oct-2018 17:13:38
Fitness Calculated 05-Oct-2018 17:31:34
Iterating ...
   86         130500           2.447           6.992        0
Starting Fitness Calculation 05-Oct-2018 17:31:37
Fitness Calculated 05-Oct-2018 17:48:23
Iterating ...
   87         132000           2.447           7.094        1
Starting Fitness Calculation 05-Oct-2018 17:48:26
Fitness Calculated 05-Oct-2018 18:05:52
Iterating ...
   88         133500           2.447           7.162        2
Starting Fitness Calculation 05-Oct-2018 18:05:55
Fitness Calculated 05-Oct-2018 18:23:28
Iterating ...
   89         135000           2.444           7.067        0
Starting Fitness Calculation 05-Oct-2018 18:23:31
Fitness Calculated 05-Oct-2018 18:41:27
Iterating ...
   90         136500           2.444           6.993        0

                               Best           Mean      Stall
Generation      f-count        f(x)           f(x)    Generations
Starting Fitness Calculation 05-Oct-2018 18:41:30
Fitness Calculated 05-Oct-2018 18:58:56
Iterating ...
   91         138000           2.444           6.995        1
Starting Fitness Calculation 05-Oct-2018 18:58:59
Fitness Calculated 05-Oct-2018 19:16:06
Iterating ...
   92         139500           2.444           7.103        2
Starting Fitness Calculation 05-Oct-2018 19:16:09
Fitness Calculated 05-Oct-2018 19:33:16
Iterating ...
   93         141000           2.441            7.24        0
Starting Fitness Calculation 05-Oct-2018 19:33:19
Fitness Calculated 05-Oct-2018 19:50:39
Iterating ...
   94         142500           2.444           7.233        1
Starting Fitness Calculation 05-Oct-2018 19:50:42
Fitness Calculated 05-Oct-2018 20:09:02
Iterating ...
   95         144000           2.444           7.079        2
Starting Fitness Calculation 05-Oct-2018 20:09:06
Fitness Calculated 05-Oct-2018 20:26:54
Iterating ...
   96         145500           2.444           7.073        3
Starting Fitness Calculation 05-Oct-2018 20:26:57
Fitness Calculated 05-Oct-2018 20:45:09
Iterating ...
   97         147000           2.444            7.08        4
Starting Fitness Calculation 05-Oct-2018 20:45:13
Fitness Calculated 05-Oct-2018 21:03:05
Iterating ...
   98         148500           2.444           6.999        5
Starting Fitness Calculation 05-Oct-2018 21:03:09
Fitness Calculated 05-Oct-2018 21:20:57
Iterating ...
   99         150000           2.444           7.089        6
Starting Fitness Calculation 05-Oct-2018 21:21:01
Fitness Calculated 05-Oct-2018 21:38:55
Iterating ...
  100         151500           2.444           7.016        7
Starting Fitness Calculation 05-Oct-2018 21:38:58
Fitness Calculated 05-Oct-2018 21:56:08
Iterating ...
  101         153000           2.442           7.181        0
Starting Fitness Calculation 05-Oct-2018 21:56:11
Fitness Calculated 05-Oct-2018 22:13:29
Iterating ...
  102         154500           2.442           7.264        1
Starting Fitness Calculation 05-Oct-2018 22:13:33
Fitness Calculated 05-Oct-2018 22:31:33
Iterating ...
  103         156000           2.444           7.113        2
Starting Fitness Calculation 05-Oct-2018 22:31:36
Fitness Calculated 05-Oct-2018 22:49:41
Iterating ...
  104         157500           2.444            7.08        3
Starting Fitness Calculation 05-Oct-2018 22:49:44
Fitness Calculated 05-Oct-2018 23:07:12
Iterating ...
  105         159000           2.444           7.115        4
Starting Fitness Calculation 05-Oct-2018 23:07:16
Fitness Calculated 05-Oct-2018 23:24:12
Iterating ...
  106         160500           2.444           7.114        5
Starting Fitness Calculation 05-Oct-2018 23:24:16
Fitness Calculated 05-Oct-2018 23:41:49
Iterating ...
  107         162000           2.444           7.048        6
Starting Fitness Calculation 05-Oct-2018 23:41:52
Fitness Calculated 05-Oct-2018 23:59:43
Iterating ...
  108         163500           2.444           7.029        7
Starting Fitness Calculation 05-Oct-2018 23:59:46
Fitness Calculated 06-Oct-2018 00:17:20
Iterating ...
  109         165000           2.444           6.931        8
Starting Fitness Calculation 06-Oct-2018 00:17:24
Fitness Calculated 06-Oct-2018 00:34:48
Iterating ...
  110         166500           2.444           7.068        9
Starting Fitness Calculation 06-Oct-2018 00:34:52
Fitness Calculated 06-Oct-2018 00:52:21
Iterating ...
  111         168000           2.444            7.12       10
Starting Fitness Calculation 06-Oct-2018 00:52:25
Fitness Calculated 06-Oct-2018 01:10:02
Iterating ...
  112         169500           2.444            7.18       11
Starting Fitness Calculation 06-Oct-2018 01:10:05
Fitness Calculated 06-Oct-2018 01:27:53
Iterating ...
  113         171000           2.444           7.136       12
Starting Fitness Calculation 06-Oct-2018 01:27:57
Fitness Calculated 06-Oct-2018 01:45:30
Iterating ...
  114         172500           2.441           6.964        0
Starting Fitness Calculation 06-Oct-2018 01:45:34
Fitness Calculated 06-Oct-2018 02:03:24
Iterating ...
  115         174000           2.444           7.105        1
Optimization terminated: average change in the fitness value less than options.TolFun.
Performing final task
Parallel pool using the 'ClusterPandora' profile is shutting down.
