
                            < M A T L A B (R) >
                  Copyright 1984-2015 The MathWorks, Inc.
                   R2015a (8.5.0.197613) 64-bit (glnxa64)
                             February 12, 2015

 
To get started, type one of these: helpwin, helpdesk, or demo.
For product information, visit www.mathworks.com.
 
Starting parallel pool (parpool) using the 'ClusterPandora' profile ... connected to 68 workers.

foldername =

Evaluation_Adaptive Direct_None_Passive NMAC_23-Apr-2019 20:31:30_result


attitudeController =

Adaptive Direct


controlAllocator =

None


attitudeReference =

Passive NMAC

Adaptive Direct - Starting Controller evaluation 11-Jun-2019 09:58:38
N0 - Starting samples matrix 11-Jun-2019 09:58:39
Analyzing and transferring files to the workers ...done.
N0 - Finished samples matrix 11-Jun-2019 10:03:31
N1 - Starting samples matrix 11-Jun-2019 10:03:31
N1 - Finished samples matrix 11-Jun-2019 10:07:43
N1234567 - Starting samples matrix 11-Jun-2019 10:07:44
N1234567 - Finished samples matrix 11-Jun-2019 10:12:34
N2 - Starting samples matrix 11-Jun-2019 10:12:35
N2 - Finished samples matrix 11-Jun-2019 10:17:27
N3 - Starting samples matrix 11-Jun-2019 10:17:29
N3 - Finished samples matrix 11-Jun-2019 10:21:47
N4 - Starting samples matrix 11-Jun-2019 10:21:49
N4 - Finished samples matrix 11-Jun-2019 10:26:09
N5 - Starting samples matrix 11-Jun-2019 10:26:11
N5 - Finished samples matrix 11-Jun-2019 10:30:29
N6 - Starting samples matrix 11-Jun-2019 10:30:31
N6 - Finished samples matrix 11-Jun-2019 10:34:55
N7 - Starting samples matrix 11-Jun-2019 10:34:57
N7 - Finished samples matrix 11-Jun-2019 10:39:46

foldername =

Evaluation_Adaptive with PIDD_Passive NMAC_Passive NMAC_17-Apr-2019 23:47:55_iterations


attitudeController =

Adaptive with PIDD


controlAllocator =

Passive NMAC


attitudeReference =

Passive NMAC

Adaptive with PIDD - Starting Controller evaluation 11-Jun-2019 10:39:49
N0 - Starting samples matrix 11-Jun-2019 10:39:50
N0 - Finished samples matrix 11-Jun-2019 11:17:52
N1 - Starting samples matrix 11-Jun-2019 11:17:53
N1 - Finished samples matrix 11-Jun-2019 11:56:58
N1234567 - Starting samples matrix 11-Jun-2019 11:56:59
N1234567 - Finished samples matrix 11-Jun-2019 12:36:29
N2 - Starting samples matrix 11-Jun-2019 12:36:30
N2 - Finished samples matrix 11-Jun-2019 13:23:51
N3 - Starting samples matrix 11-Jun-2019 13:23:52
N3 - Finished samples matrix 11-Jun-2019 14:01:09
N4 - Starting samples matrix 11-Jun-2019 14:01:11
N4 - Finished samples matrix 11-Jun-2019 14:35:02
N5 - Starting samples matrix 11-Jun-2019 14:35:04
N5 - Finished samples matrix 11-Jun-2019 15:13:03
N6 - Starting samples matrix 11-Jun-2019 15:13:05
N6 - Finished samples matrix 11-Jun-2019 15:52:46
N7 - Starting samples matrix 11-Jun-2019 15:52:48
N7 - Finished samples matrix 11-Jun-2019 16:26:59

foldername =

Evaluation_Adaptive_Passive NMAC_Passive NMAC_15-Apr-2019 10:22:27_iterations


attitudeController =

Adaptive


controlAllocator =

Passive NMAC


attitudeReference =

Passive NMAC

Adaptive - Starting Controller evaluation 11-Jun-2019 16:27:02
N0 - Starting samples matrix 11-Jun-2019 16:27:03
N0 - Finished samples matrix 11-Jun-2019 16:58:50
N1 - Starting samples matrix 11-Jun-2019 16:58:51
N1 - Finished samples matrix 11-Jun-2019 17:32:09
N1234567 - Starting samples matrix 11-Jun-2019 17:32:10
N1234567 - Finished samples matrix 11-Jun-2019 18:13:32
N2 - Starting samples matrix 11-Jun-2019 18:13:33
N2 - Finished samples matrix 11-Jun-2019 18:51:35
N3 - Starting samples matrix 11-Jun-2019 18:51:37
N3 - Finished samples matrix 11-Jun-2019 19:23:09
N4 - Starting samples matrix 11-Jun-2019 19:23:11
N4 - Finished samples matrix 11-Jun-2019 19:57:09
N5 - Starting samples matrix 11-Jun-2019 19:57:11
N5 - Finished samples matrix 11-Jun-2019 20:28:31
N6 - Starting samples matrix 11-Jun-2019 20:28:33
N6 - Finished samples matrix 11-Jun-2019 21:02:31
N7 - Starting samples matrix 11-Jun-2019 21:02:33
N7 - Finished samples matrix 11-Jun-2019 21:34:06

foldername =

Evaluation_Markovian RLQ-R Active Modified_Active NMAC_Active NMAC_07-Apr-2019 14:07:06_iterations_light


attitudeController =

Markovian RLQ-R Active Modified


controlAllocator =

Active NMAC


attitudeReference =

Active NMAC

Markovian RLQ-R Active Modified - Starting Controller evaluation 11-Jun-2019 21:34:08
N0 - Starting samples matrix 11-Jun-2019 21:34:09
N0 - Finished samples matrix 11-Jun-2019 22:02:53
N1 - Starting samples matrix 11-Jun-2019 22:02:54
N1 - Finished samples matrix 11-Jun-2019 22:30:07
N1234567 - Starting samples matrix 11-Jun-2019 22:30:08
N1234567 - Finished samples matrix 11-Jun-2019 22:57:49
N2 - Starting samples matrix 11-Jun-2019 22:57:50
N2 - Finished samples matrix 11-Jun-2019 23:27:56
N3 - Starting samples matrix 11-Jun-2019 23:27:57
N3 - Finished samples matrix 11-Jun-2019 23:57:01
N4 - Starting samples matrix 11-Jun-2019 23:57:02
N4 - Finished samples matrix 12-Jun-2019 00:25:20
N5 - Starting samples matrix 12-Jun-2019 00:25:22
N5 - Finished samples matrix 12-Jun-2019 00:53:23
N6 - Starting samples matrix 12-Jun-2019 00:53:25
N6 - Finished samples matrix 12-Jun-2019 01:22:49
N7 - Starting samples matrix 12-Jun-2019 01:22:51
N7 - Finished samples matrix 12-Jun-2019 01:51:31

foldername =

Evaluation_Markovian RLQ-R Passive Modified_Passive NMAC_Passive NMAC_24-Apr-2019 08:00:21_iterations


attitudeController =

Markovian RLQ-R Passive Modified


controlAllocator =

Passive NMAC


attitudeReference =

Passive NMAC

Markovian RLQ-R Passive Modified - Starting Controller evaluation 12-Jun-2019 01:51:35
N0 - Starting samples matrix 12-Jun-2019 01:51:36
N0 - Finished samples matrix 12-Jun-2019 02:43:29
N1 - Starting samples matrix 12-Jun-2019 02:43:30
N1 - Finished samples matrix 12-Jun-2019 03:33:57
N1234567 - Starting samples matrix 12-Jun-2019 03:33:59
N1234567 - Finished samples matrix 12-Jun-2019 04:30:08
N2 - Starting samples matrix 12-Jun-2019 04:30:09
N2 - Finished samples matrix 12-Jun-2019 05:24:34
N3 - Starting samples matrix 12-Jun-2019 05:24:35
N3 - Finished samples matrix 12-Jun-2019 06:14:31
N4 - Starting samples matrix 12-Jun-2019 06:14:33
N4 - Finished samples matrix 12-Jun-2019 07:05:14
N5 - Starting samples matrix 12-Jun-2019 07:05:15
N5 - Finished samples matrix 12-Jun-2019 07:58:51
N6 - Starting samples matrix 12-Jun-2019 07:58:53
N6 - Finished samples matrix 12-Jun-2019 08:48:14
N7 - Starting samples matrix 12-Jun-2019 08:48:15
N7 - Finished samples matrix 12-Jun-2019 09:40:36

foldername =

Evaluation_PID_Active NMAC_Active NMAC_21-Mar-2019 07:23:12_iterations


attitudeController =

PID


controlAllocator =

Active NMAC


attitudeReference =

Active NMAC

PID - Starting Controller evaluation 12-Jun-2019 09:40:38
N0 - Starting samples matrix 12-Jun-2019 09:40:39
N0 - Finished samples matrix 12-Jun-2019 11:11:07
N1 - Starting samples matrix 12-Jun-2019 11:11:07
N1 - Finished samples matrix 12-Jun-2019 12:41:52
N1234567 - Starting samples matrix 12-Jun-2019 12:41:53
N1234567 - Finished samples matrix 12-Jun-2019 14:16:06
N2 - Starting samples matrix 12-Jun-2019 14:16:07
N2 - Finished samples matrix 12-Jun-2019 15:54:02
N3 - Starting samples matrix 12-Jun-2019 15:54:03
N3 - Finished samples matrix 12-Jun-2019 17:22:57
N4 - Starting samples matrix 12-Jun-2019 17:22:59
N4 - Finished samples matrix 12-Jun-2019 18:55:33
N5 - Starting samples matrix 12-Jun-2019 18:55:35
N5 - Finished samples matrix 12-Jun-2019 20:25:43
N6 - Starting samples matrix 12-Jun-2019 20:25:44
N6 - Finished samples matrix 12-Jun-2019 22:00:51
N7 - Starting samples matrix 12-Jun-2019 22:00:53
N7 - Finished samples matrix 12-Jun-2019 23:30:12

foldername =

Evaluation_PID_Passive NMAC_Passive NMAC_30-Sep-2018 15:23:09_result


attitudeController =

PID


controlAllocator =

Passive NMAC


attitudeReference =

Passive NMAC

PID - Starting Controller evaluation 12-Jun-2019 23:30:14
N0 - Starting samples matrix 12-Jun-2019 23:30:15
N0 - Finished samples matrix 13-Jun-2019 00:49:52
N1 - Starting samples matrix 13-Jun-2019 00:49:53
N1 - Finished samples matrix 13-Jun-2019 02:10:40
N1234567 - Starting samples matrix 13-Jun-2019 02:10:41
N1234567 - Finished samples matrix 13-Jun-2019 03:41:40
N2 - Starting samples matrix 13-Jun-2019 03:41:41
N2 - Finished samples matrix 13-Jun-2019 05:12:52
N3 - Starting samples matrix 13-Jun-2019 05:12:54
N3 - Finished samples matrix 13-Jun-2019 06:37:50
N4 - Starting samples matrix 13-Jun-2019 06:37:51
N4 - Finished samples matrix 13-Jun-2019 07:59:25
N5 - Starting samples matrix 13-Jun-2019 07:59:27
N5 - Finished samples matrix 13-Jun-2019 09:19:54
N6 - Starting samples matrix 13-Jun-2019 09:19:55
N6 - Finished samples matrix 13-Jun-2019 10:39:58
N7 - Starting samples matrix 13-Jun-2019 10:40:00
N7 - Finished samples matrix 13-Jun-2019 11:58:31

foldername =

Evaluation_RLQ-R Active Modified with PIDD_Active NMAC_Active NMAC_23-Mar-2019 22:23:29_result


attitudeController =

RLQ-R Active Modified with PIDD


controlAllocator =

Active NMAC


attitudeReference =

Active NMAC

RLQ-R Active Modified with PIDD - Starting Controller evaluation 13-Jun-2019 11:58:34
N0 - Starting samples matrix 13-Jun-2019 11:58:34
N0 - Finished samples matrix 13-Jun-2019 13:00:06
N1 - Starting samples matrix 13-Jun-2019 13:00:07
N1 - Finished samples matrix 13-Jun-2019 14:11:33
N1234567 - Starting samples matrix 13-Jun-2019 14:11:34
N1234567 - Finished samples matrix 13-Jun-2019 15:16:54
N2 - Starting samples matrix 13-Jun-2019 15:16:55
N2 - Finished samples matrix 13-Jun-2019 16:22:17
N3 - Starting samples matrix 13-Jun-2019 16:22:19
N3 - Finished samples matrix 13-Jun-2019 17:25:34
N4 - Starting samples matrix 13-Jun-2019 17:25:36
N4 - Finished samples matrix 13-Jun-2019 18:33:28
N5 - Starting samples matrix 13-Jun-2019 18:33:30
N5 - Finished samples matrix 13-Jun-2019 19:31:49
N6 - Starting samples matrix 13-Jun-2019 19:31:50
N6 - Finished samples matrix 13-Jun-2019 20:31:25
N7 - Starting samples matrix 13-Jun-2019 20:31:27
N7 - Finished samples matrix 13-Jun-2019 21:33:25

foldername =

Evaluation_RLQ-R Active Modified_Active NMAC_Active NMAC_17-Mar-2019 06:30:51_iterations


attitudeController =

RLQ-R Active Modified


controlAllocator =

Active NMAC


attitudeReference =

Active NMAC

RLQ-R Active Modified - Starting Controller evaluation 13-Jun-2019 21:33:28
N0 - Starting samples matrix 13-Jun-2019 21:33:29
N0 - Finished samples matrix 13-Jun-2019 22:34:47
N1 - Starting samples matrix 13-Jun-2019 22:34:48
N1 - Finished samples matrix 13-Jun-2019 23:34:03
N1234567 - Starting samples matrix 13-Jun-2019 23:34:04
N1234567 - Finished samples matrix 14-Jun-2019 00:35:27
N2 - Starting samples matrix 14-Jun-2019 00:35:29
N2 - Finished samples matrix 14-Jun-2019 01:41:37
N3 - Starting samples matrix 14-Jun-2019 01:41:38
N3 - Finished samples matrix 14-Jun-2019 02:42:53
N4 - Starting samples matrix 14-Jun-2019 02:42:54
N4 - Finished samples matrix 14-Jun-2019 03:44:05
N5 - Starting samples matrix 14-Jun-2019 03:44:07
N5 - Finished samples matrix 14-Jun-2019 04:43:38
N6 - Starting samples matrix 14-Jun-2019 04:43:40
N6 - Finished samples matrix 14-Jun-2019 05:41:29
N7 - Starting samples matrix 14-Jun-2019 05:41:31
N7 - Finished samples matrix 14-Jun-2019 06:40:56

foldername =

Evaluation_RLQ-R Active_Active NMAC_Active NMAC_16-Mar-2019 16:15:05_result


attitudeController =

RLQ-R Active


controlAllocator =

Active NMAC


attitudeReference =

Active NMAC

RLQ-R Active - Starting Controller evaluation 14-Jun-2019 06:40:58
N0 - Starting samples matrix 14-Jun-2019 06:40:59
N0 - Finished samples matrix 14-Jun-2019 06:55:52
N1 - Starting samples matrix 14-Jun-2019 06:55:53
N1 - Finished samples matrix 14-Jun-2019 07:10:14
N1234567 - Starting samples matrix 14-Jun-2019 07:10:14
N1234567 - Finished samples matrix 14-Jun-2019 07:26:11
N2 - Starting samples matrix 14-Jun-2019 07:26:12
N2 - Finished samples matrix 14-Jun-2019 07:40:40
N3 - Starting samples matrix 14-Jun-2019 07:40:41
N3 - Finished samples matrix 14-Jun-2019 07:55:04
N4 - Starting samples matrix 14-Jun-2019 07:55:05
N4 - Finished samples matrix 14-Jun-2019 08:11:04
N5 - Starting samples matrix 14-Jun-2019 08:11:05
N5 - Finished samples matrix 14-Jun-2019 08:26:07
N6 - Starting samples matrix 14-Jun-2019 08:26:09
N6 - Finished samples matrix 14-Jun-2019 08:41:06
N7 - Starting samples matrix 14-Jun-2019 08:41:08
N7 - Finished samples matrix 14-Jun-2019 08:55:53

foldername =

Evaluation_RLQ-R Passive Modified with PIDD_Passive NMAC_Passive NMAC_06-Oct-2018 11:57:20_result


attitudeController =

RLQ-R Passive Modified with PIDD


controlAllocator =

Passive NMAC


attitudeReference =

Passive NMAC

RLQ-R Passive Modified with PIDD - Starting Controller evaluation 14-Jun-2019 08:55:55
N0 - Starting samples matrix 14-Jun-2019 08:55:56
N0 - Finished samples matrix 14-Jun-2019 09:24:12
N1 - Starting samples matrix 14-Jun-2019 09:24:13
N1 - Finished samples matrix 14-Jun-2019 09:52:11
N1234567 - Starting samples matrix 14-Jun-2019 09:52:12
N1234567 - Finished samples matrix 14-Jun-2019 10:21:28
N2 - Starting samples matrix 14-Jun-2019 10:21:29
N2 - Finished samples matrix 14-Jun-2019 10:56:39
N3 - Starting samples matrix 14-Jun-2019 10:56:40
N3 - Finished samples matrix 14-Jun-2019 11:26:27
N4 - Starting samples matrix 14-Jun-2019 11:26:29
N4 - Finished samples matrix 14-Jun-2019 11:58:10
N5 - Starting samples matrix 14-Jun-2019 11:58:11
N5 - Finished samples matrix 14-Jun-2019 12:27:25
N6 - Starting samples matrix 14-Jun-2019 12:27:27
N6 - Finished samples matrix 14-Jun-2019 13:05:04
N7 - Starting samples matrix 14-Jun-2019 13:05:06
N7 - Finished samples matrix 14-Jun-2019 13:35:50

foldername =

Evaluation_RLQ-R Passive Modified_Passive NMAC_Passive NMAC_02-Oct-2018 22:33:01_result


attitudeController =

RLQ-R Passive Modified


controlAllocator =

Passive NMAC


attitudeReference =

Passive NMAC

RLQ-R Passive Modified - Starting Controller evaluation 14-Jun-2019 13:35:52
N0 - Starting samples matrix 14-Jun-2019 13:35:53
N0 - Finished samples matrix 14-Jun-2019 14:24:35
N1 - Starting samples matrix 14-Jun-2019 14:24:36
N1 - Finished samples matrix 14-Jun-2019 15:09:32
N1234567 - Starting samples matrix 14-Jun-2019 15:09:33
N1234567 - Finished samples matrix 14-Jun-2019 15:49:35
N2 - Starting samples matrix 14-Jun-2019 15:49:36
N2 - Finished samples matrix 14-Jun-2019 16:39:44
N3 - Starting samples matrix 14-Jun-2019 16:39:45
N3 - Finished samples matrix 14-Jun-2019 17:26:37
N4 - Starting samples matrix 14-Jun-2019 17:26:38
N4 - Finished samples matrix 14-Jun-2019 18:12:21
N5 - Starting samples matrix 14-Jun-2019 18:12:23
N5 - Finished samples matrix 14-Jun-2019 18:53:12
N6 - Starting samples matrix 14-Jun-2019 18:53:14
N6 - Finished samples matrix 14-Jun-2019 19:36:47
N7 - Starting samples matrix 14-Jun-2019 19:36:49
N7 - Finished samples matrix 14-Jun-2019 20:28:18

foldername =

Evaluation_RLQ-R Passive_Passive NMAC_Passive NMAC_01-Oct-2018 23:02:15_result


attitudeController =

RLQ-R Passive


controlAllocator =

Passive NMAC


attitudeReference =

Passive NMAC

RLQ-R Passive - Starting Controller evaluation 14-Jun-2019 20:28:21
N0 - Starting samples matrix 14-Jun-2019 20:28:22
N0 - Finished samples matrix 14-Jun-2019 20:44:34
N1 - Starting samples matrix 14-Jun-2019 20:44:35
N1 - Finished samples matrix 14-Jun-2019 21:01:52
N1234567 - Starting samples matrix 14-Jun-2019 21:01:53
N1234567 - Finished samples matrix 14-Jun-2019 21:20:02
N2 - Starting samples matrix 14-Jun-2019 21:20:03
N2 - Finished samples matrix 14-Jun-2019 21:36:48
N3 - Starting samples matrix 14-Jun-2019 21:36:49
N3 - Finished samples matrix 14-Jun-2019 21:52:52
N4 - Starting samples matrix 14-Jun-2019 21:52:54
N4 - Finished samples matrix 14-Jun-2019 22:09:19
N5 - Starting samples matrix 14-Jun-2019 22:09:20
N5 - Finished samples matrix 14-Jun-2019 22:25:29
N6 - Starting samples matrix 14-Jun-2019 22:25:31
N6 - Finished samples matrix 14-Jun-2019 22:44:11
N7 - Starting samples matrix 14-Jun-2019 22:44:13
N7 - Finished samples matrix 14-Jun-2019 23:00:45

foldername =

Evaluation_SOSMC Active Direct_None_Active NMAC_05-Apr-2019 10:12:16_result


attitudeController =

SOSMC Active Direct


controlAllocator =

None


attitudeReference =

Active NMAC

SOSMC Active Direct - Starting Controller evaluation 14-Jun-2019 23:00:47
N0 - Starting samples matrix 14-Jun-2019 23:00:48
N0 - Finished samples matrix 14-Jun-2019 23:49:44
N1 - Starting samples matrix 14-Jun-2019 23:49:45
N1 - Finished samples matrix 15-Jun-2019 00:40:13
N1234567 - Starting samples matrix 15-Jun-2019 00:40:14
N1234567 - Finished samples matrix 15-Jun-2019 01:28:37
N2 - Starting samples matrix 15-Jun-2019 01:28:39
N2 - Finished samples matrix 15-Jun-2019 02:12:09
N3 - Starting samples matrix 15-Jun-2019 02:12:11
N3 - Finished samples matrix 15-Jun-2019 02:56:44
N4 - Starting samples matrix 15-Jun-2019 02:56:46
N4 - Finished samples matrix 15-Jun-2019 03:43:03
N5 - Starting samples matrix 15-Jun-2019 03:43:05
N5 - Finished samples matrix 15-Jun-2019 04:24:38
N6 - Starting samples matrix 15-Jun-2019 04:24:40
N6 - Finished samples matrix 15-Jun-2019 05:13:49
N7 - Starting samples matrix 15-Jun-2019 05:13:51
N7 - Finished samples matrix 15-Jun-2019 06:05:20

foldername =

Evaluation_SOSMC Active with PIDD_Active NMAC_Active NMAC_28-Mar-2019 04:00:13_result


attitudeController =

SOSMC Active with PIDD


controlAllocator =

Active NMAC


attitudeReference =

Active NMAC

SOSMC Active with PIDD - Starting Controller evaluation 15-Jun-2019 06:05:22
N0 - Starting samples matrix 15-Jun-2019 06:05:23
N0 - Finished samples matrix 15-Jun-2019 07:31:45
N1 - Starting samples matrix 15-Jun-2019 07:31:46
N1 - Finished samples matrix 15-Jun-2019 08:59:55
N1234567 - Starting samples matrix 15-Jun-2019 08:59:56
N1234567 - Finished samples matrix 15-Jun-2019 10:46:32
N2 - Starting samples matrix 15-Jun-2019 10:46:33
N2 - Finished samples matrix 15-Jun-2019 12:25:21
N3 - Starting samples matrix 15-Jun-2019 12:25:23
N3 - Finished samples matrix 15-Jun-2019 13:52:40
N4 - Starting samples matrix 15-Jun-2019 13:52:41
N4 - Finished samples matrix 15-Jun-2019 15:33:02
N5 - Starting samples matrix 15-Jun-2019 15:33:03
N5 - Finished samples matrix 15-Jun-2019 17:08:11
N6 - Starting samples matrix 15-Jun-2019 17:08:13
N6 - Finished samples matrix 15-Jun-2019 18:36:08
N7 - Starting samples matrix 15-Jun-2019 18:36:10
N7 - Finished samples matrix 15-Jun-2019 20:06:12

foldername =

Evaluation_SOSMC Active_Active NMAC_Active NMAC_26-Mar-2019 00:04:53_result


attitudeController =

SOSMC Active


controlAllocator =

Active NMAC


attitudeReference =

Active NMAC

SOSMC Active - Starting Controller evaluation 15-Jun-2019 20:06:14
N0 - Starting samples matrix 15-Jun-2019 20:06:15
N0 - Finished samples matrix 15-Jun-2019 20:51:48
N1 - Starting samples matrix 15-Jun-2019 20:51:49
N1 - Finished samples matrix 15-Jun-2019 21:45:10
N1234567 - Starting samples matrix 15-Jun-2019 21:45:11
N1234567 - Finished samples matrix 15-Jun-2019 22:35:07
N2 - Starting samples matrix 15-Jun-2019 22:35:09
N2 - Finished samples matrix 15-Jun-2019 23:26:52
N3 - Starting samples matrix 15-Jun-2019 23:26:54
N3 - Finished samples matrix 16-Jun-2019 00:16:07
N4 - Starting samples matrix 16-Jun-2019 00:16:08
N4 - Finished samples matrix 16-Jun-2019 01:04:59
N5 - Starting samples matrix 16-Jun-2019 01:05:01
N5 - Finished samples matrix 16-Jun-2019 01:48:22
N6 - Starting samples matrix 16-Jun-2019 01:48:24
N6 - Finished samples matrix 16-Jun-2019 02:40:25
N7 - Starting samples matrix 16-Jun-2019 02:40:27
N7 - Finished samples matrix 16-Jun-2019 03:25:42

foldername =

Evaluation_SOSMC Passive Direct_None_Passive NMAC_14-Apr-2019 04:43:00_result


attitudeController =

SOSMC Passive Direct


controlAllocator =

None


attitudeReference =

Passive NMAC

SOSMC Passive Direct - Starting Controller evaluation 16-Jun-2019 03:25:44
N0 - Starting samples matrix 16-Jun-2019 03:25:45
N0 - Finished samples matrix 16-Jun-2019 04:23:41
N1 - Starting samples matrix 16-Jun-2019 04:23:42
N1 - Finished samples matrix 16-Jun-2019 05:15:45
N1234567 - Starting samples matrix 16-Jun-2019 05:15:46
N1234567 - Finished samples matrix 16-Jun-2019 06:06:15
N2 - Starting samples matrix 16-Jun-2019 06:06:16
N2 - Finished samples matrix 16-Jun-2019 06:58:04
N3 - Starting samples matrix 16-Jun-2019 06:58:05
N3 - Finished samples matrix 16-Jun-2019 07:47:33
N4 - Starting samples matrix 16-Jun-2019 07:47:34
N4 - Finished samples matrix 16-Jun-2019 08:40:17
N5 - Starting samples matrix 16-Jun-2019 08:40:19
N5 - Finished samples matrix 16-Jun-2019 09:30:00
N6 - Starting samples matrix 16-Jun-2019 09:30:02
N6 - Finished samples matrix 16-Jun-2019 10:18:34
N7 - Starting samples matrix 16-Jun-2019 10:18:36
N7 - Finished samples matrix 16-Jun-2019 11:12:29

foldername =

Evaluation_SOSMC Passive with PIDD_Passive NMAC_Passive NMAC_12-Apr-2019 17:06:23_result


attitudeController =

SOSMC Passive with PIDD


controlAllocator =

Passive NMAC


attitudeReference =

Passive NMAC

SOSMC Passive with PIDD - Starting Controller evaluation 16-Jun-2019 11:12:31
N0 - Starting samples matrix 16-Jun-2019 11:12:32
N0 - Finished samples matrix 16-Jun-2019 12:11:05
N1 - Starting samples matrix 16-Jun-2019 12:11:06
N1 - Finished samples matrix 16-Jun-2019 13:16:20
N1234567 - Starting samples matrix 16-Jun-2019 13:16:21
N1234567 - Finished samples matrix 16-Jun-2019 14:18:48
N2 - Starting samples matrix 16-Jun-2019 14:18:49
N2 - Finished samples matrix 16-Jun-2019 15:32:50
N3 - Starting samples matrix 16-Jun-2019 15:32:51
N3 - Finished samples matrix 16-Jun-2019 16:36:47
N4 - Starting samples matrix 16-Jun-2019 16:36:48
N4 - Finished samples matrix 16-Jun-2019 17:38:44
N5 - Starting samples matrix 16-Jun-2019 17:38:45
N5 - Finished samples matrix 16-Jun-2019 18:36:28
N6 - Starting samples matrix 16-Jun-2019 18:36:30
N6 - Finished samples matrix 16-Jun-2019 19:37:24
N7 - Starting samples matrix 16-Jun-2019 19:37:26
N7 - Finished samples matrix 16-Jun-2019 20:36:34

foldername =

Evaluation_SOSMC Passive_Passive NMAC_Passive NMAC_09-Apr-2019 18:43:35_result


attitudeController =

SOSMC Passive


controlAllocator =

Passive NMAC


attitudeReference =

Passive NMAC

SOSMC Passive - Starting Controller evaluation 16-Jun-2019 20:36:36
N0 - Starting samples matrix 16-Jun-2019 20:36:37
N0 - Finished samples matrix 16-Jun-2019 21:01:18
N1 - Starting samples matrix 16-Jun-2019 21:01:19
N1 - Finished samples matrix 16-Jun-2019 21:26:33
N1234567 - Starting samples matrix 16-Jun-2019 21:26:34
N1234567 - Finished samples matrix 16-Jun-2019 21:55:19
N2 - Starting samples matrix 16-Jun-2019 21:55:20
N2 - Finished samples matrix 16-Jun-2019 22:22:29
N3 - Starting samples matrix 16-Jun-2019 22:22:31
N3 - Finished samples matrix 16-Jun-2019 22:52:02
N4 - Starting samples matrix 16-Jun-2019 22:52:04
N4 - Finished samples matrix 16-Jun-2019 23:16:31
N5 - Starting samples matrix 16-Jun-2019 23:16:33
N5 - Finished samples matrix 16-Jun-2019 23:42:46
N6 - Starting samples matrix 16-Jun-2019 23:42:48
N6 - Finished samples matrix 17-Jun-2019 00:07:31
N7 - Starting samples matrix 17-Jun-2019 00:07:33
N7 - Finished samples matrix 17-Jun-2019 00:30:56
