
                            < M A T L A B (R) >
                  Copyright 1984-2015 The MathWorks, Inc.
                   R2015a (8.5.0.197613) 64-bit (glnxa64)
                             February 12, 2015

 
To get started, type one of these: helpwin, helpdesk, or demo.
For product information, visit www.mathworks.com.
 
 
To get started, type one of these: helpwin, helpdesk, or demo.
For product information, visit www.mathworks.com.
 
Starting parallel pool (parpool) using the 'ClusterPandora' profile ... connected to 80 workers.
Starting Fitness Calculation 12-Oct-2018 09:56:55
Analyzing and transferring files to the workers ...done.
Fitness Calculated 12-Oct-2018 09:59:01
Starting the algorithm

                               Best           Mean      Stall
Generation      f-count        f(x)           f(x)    Generations
Starting Fitness Calculation 12-Oct-2018 09:59:01
Fitness Calculated 12-Oct-2018 10:01:12
Iterating ...
    1          3000           4.007           12.34        0
Starting Fitness Calculation 12-Oct-2018 10:01:12
Fitness Calculated 12-Oct-2018 10:04:44
Iterating ...
    2          4500           4.007           12.13        1
Starting Fitness Calculation 12-Oct-2018 10:04:44
Fitness Calculated 12-Oct-2018 10:12:01
Iterating ...
    3          6000           3.784           11.83        0
Starting Fitness Calculation 12-Oct-2018 10:12:01
Fitness Calculated 12-Oct-2018 10:20:53
Iterating ...
    4          7500           3.784           11.31        0
Starting Fitness Calculation 12-Oct-2018 10:20:53
Fitness Calculated 12-Oct-2018 10:31:38
Iterating ...
    5          9000           3.581           10.55        0
Starting Fitness Calculation 12-Oct-2018 10:31:38
Fitness Calculated 12-Oct-2018 10:43:30
Iterating ...
    6         10500           3.581             9.9        1
Starting Fitness Calculation 12-Oct-2018 10:43:30
Fitness Calculated 12-Oct-2018 10:56:27
Iterating ...
    7         12000           3.561           9.163        0
Starting Fitness Calculation 12-Oct-2018 10:56:27
Fitness Calculated 12-Oct-2018 11:09:48
Iterating ...
    8         13500           3.561            8.61        1
Starting Fitness Calculation 12-Oct-2018 11:09:49
Fitness Calculated 12-Oct-2018 11:24:34
Iterating ...
    9         15000           3.561           8.136        2
Starting Fitness Calculation 12-Oct-2018 11:24:34
Fitness Calculated 12-Oct-2018 11:39:26
Iterating ...
   10         16500           3.561           7.947        0
Starting Fitness Calculation 12-Oct-2018 11:39:26
Fitness Calculated 12-Oct-2018 11:54:00
Iterating ...
   11         18000           3.508           7.694        0
Starting Fitness Calculation 12-Oct-2018 11:54:01
Fitness Calculated 12-Oct-2018 12:09:13
Iterating ...
   12         19500           3.252           7.513        0
Starting Fitness Calculation 12-Oct-2018 12:09:13
Fitness Calculated 12-Oct-2018 12:24:34
Iterating ...
   13         21000           3.252             7.3        0
Starting Fitness Calculation 12-Oct-2018 12:24:34
Fitness Calculated 12-Oct-2018 12:40:42
Iterating ...
   14         22500           3.252           7.219        1
Starting Fitness Calculation 12-Oct-2018 12:40:43
Fitness Calculated 12-Oct-2018 12:56:30
Iterating ...
   15         24000           3.252           7.112        2
Starting Fitness Calculation 12-Oct-2018 12:56:30
Fitness Calculated 12-Oct-2018 13:12:33
Iterating ...
   16         25500           3.252            7.08        3
Starting Fitness Calculation 12-Oct-2018 13:12:33
Fitness Calculated 12-Oct-2018 13:28:27
Iterating ...
   17         27000           3.252           7.226        4
Starting Fitness Calculation 12-Oct-2018 13:28:28
Fitness Calculated 12-Oct-2018 13:43:44
Iterating ...
   18         28500           3.252           7.184        5
Starting Fitness Calculation 12-Oct-2018 13:43:45
Fitness Calculated 12-Oct-2018 13:59:14
Iterating ...
   19         30000           3.252           7.161        6
Starting Fitness Calculation 12-Oct-2018 13:59:15
Fitness Calculated 12-Oct-2018 14:15:04
Iterating ...
   20         31500           3.252           7.108        7
Starting Fitness Calculation 12-Oct-2018 14:15:04
Fitness Calculated 12-Oct-2018 14:30:57
Iterating ...
   21         33000           3.252           6.955        8
Starting Fitness Calculation 12-Oct-2018 14:30:58
Fitness Calculated 12-Oct-2018 14:46:51
Iterating ...
   22         34500           3.252           6.935        9
Starting Fitness Calculation 12-Oct-2018 14:46:52
Fitness Calculated 12-Oct-2018 15:02:50
Iterating ...
   23         36000           3.252            6.97       10
Starting Fitness Calculation 12-Oct-2018 15:02:51
Fitness Calculated 12-Oct-2018 15:19:02
Iterating ...
   24         37500           3.252           6.941       11
Starting Fitness Calculation 12-Oct-2018 15:19:02
Fitness Calculated 12-Oct-2018 15:34:32
Iterating ...
   25         39000           3.252           7.009       12
Starting Fitness Calculation 12-Oct-2018 15:34:33
Fitness Calculated 12-Oct-2018 15:50:20
Iterating ...
   26         40500           3.252           7.103       13
Starting Fitness Calculation 12-Oct-2018 15:50:21
Fitness Calculated 12-Oct-2018 16:06:19
Iterating ...
   27         42000           3.252           7.115       14
Starting Fitness Calculation 12-Oct-2018 16:06:19
Fitness Calculated 12-Oct-2018 16:22:13
Iterating ...
   28         43500           3.252           7.021       15
Starting Fitness Calculation 12-Oct-2018 16:22:14
Fitness Calculated 12-Oct-2018 16:38:21
Iterating ...
   29         45000           3.252           6.982       16
Starting Fitness Calculation 12-Oct-2018 16:38:22
Fitness Calculated 12-Oct-2018 16:54:33
Iterating ...
   30         46500           3.252           6.976       17

                               Best           Mean      Stall
Generation      f-count        f(x)           f(x)    Generations
Starting Fitness Calculation 12-Oct-2018 16:54:33
Fitness Calculated 12-Oct-2018 17:10:50
Iterating ...
   31         48000           3.252           6.973       18
Starting Fitness Calculation 12-Oct-2018 17:10:51
Fitness Calculated 12-Oct-2018 17:26:43
Iterating ...
   32         49500           3.252           6.872       19
Starting Fitness Calculation 12-Oct-2018 17:26:43
Fitness Calculated 12-Oct-2018 17:43:02
Iterating ...
   33         51000           3.252           6.891       20
Starting Fitness Calculation 12-Oct-2018 17:43:03
Fitness Calculated 12-Oct-2018 17:59:11
Iterating ...
   34         52500           3.252           6.908       21
Starting Fitness Calculation 12-Oct-2018 17:59:12
Fitness Calculated 12-Oct-2018 18:14:49
Iterating ...
   35         54000           3.252           6.986       22
Starting Fitness Calculation 12-Oct-2018 18:14:50
Fitness Calculated 12-Oct-2018 18:30:30
Iterating ...
   36         55500           3.252           6.926       23
Starting Fitness Calculation 12-Oct-2018 18:30:30
Fitness Calculated 12-Oct-2018 18:47:06
Iterating ...
   37         57000           3.252           6.911       24
Optimization terminated: average change in the fitness value less than options.TolFun.
Performing final task
Parallel pool using the 'ClusterPandora' profile is shutting down.
