
                            < M A T L A B (R) >
                  Copyright 1984-2015 The MathWorks, Inc.
                   R2015a (8.5.0.197613) 64-bit (glnxa64)
                             February 12, 2015

 
To get started, type one of these: helpwin, helpdesk, or demo.
For product information, visit www.mathworks.com.
 
 
To get started, type one of these: helpwin, helpdesk, or demo.
For product information, visit www.mathworks.com.
 
Starting parallel pool (parpool) using the 'ClusterPandora' profile ... connected to 80 workers.
Starting Fitness Calculation 25-Oct-2018 23:17:12
Analyzing and transferring files to the workers ...done.
Fitness Calculated 25-Oct-2018 23:19:04
Starting the algorithm

                               Best           Mean      Stall
Generation      f-count        f(x)           f(x)    Generations
Starting Fitness Calculation 25-Oct-2018 23:19:04
Fitness Calculated 25-Oct-2018 23:20:43
Iterating ...
    1          6000           30.37           36.17        0
Starting Fitness Calculation 25-Oct-2018 23:20:44
Fitness Calculated 25-Oct-2018 23:22:31
Iterating ...
    2          9000           29.74           35.76        0
Starting Fitness Calculation 25-Oct-2018 23:22:32
Fitness Calculated 25-Oct-2018 23:24:29
Iterating ...
    3         12000           28.67           35.49        0
Starting Fitness Calculation 25-Oct-2018 23:24:30
Fitness Calculated 25-Oct-2018 23:26:25
Iterating ...
    4         15000           27.97           35.23        0
Starting Fitness Calculation 25-Oct-2018 23:26:27
Fitness Calculated 25-Oct-2018 23:28:27
Iterating ...
    5         18000            20.1           34.77        0
Starting Fitness Calculation 25-Oct-2018 23:28:28
Fitness Calculated 25-Oct-2018 23:30:35
Iterating ...
    6         21000           11.63           34.17        0
Starting Fitness Calculation 25-Oct-2018 23:30:36
Fitness Calculated 25-Oct-2018 23:32:59
Iterating ...
    7         24000           11.23           33.23        0
Starting Fitness Calculation 25-Oct-2018 23:33:00
Fitness Calculated 25-Oct-2018 23:35:37
Iterating ...
    8         27000           11.04           31.49        0
Starting Fitness Calculation 25-Oct-2018 23:35:39
Fitness Calculated 25-Oct-2018 23:38:21
Iterating ...
    9         30000           10.36           29.03        0
Starting Fitness Calculation 25-Oct-2018 23:38:23
Fitness Calculated 25-Oct-2018 23:41:14
Iterating ...
   10         33000           10.09           27.02        0
Starting Fitness Calculation 25-Oct-2018 23:41:16
Fitness Calculated 25-Oct-2018 23:44:11
Iterating ...
   11         36000           9.555           25.17        0
Starting Fitness Calculation 25-Oct-2018 23:44:13
Fitness Calculated 25-Oct-2018 23:47:11
Iterating ...
   12         39000           8.525           23.66        0
Starting Fitness Calculation 25-Oct-2018 23:47:13
Fitness Calculated 25-Oct-2018 23:50:08
Iterating ...
   13         42000           7.837           22.42        0
Starting Fitness Calculation 25-Oct-2018 23:50:11
Fitness Calculated 25-Oct-2018 23:53:04
Iterating ...
   14         45000           7.795           21.45        0
Starting Fitness Calculation 25-Oct-2018 23:53:06
Fitness Calculated 25-Oct-2018 23:55:58
Iterating ...
   15         48000           7.795           20.93        1
Starting Fitness Calculation 25-Oct-2018 23:56:01
Fitness Calculated 25-Oct-2018 23:58:53
Iterating ...
   16         51000           7.663           20.45        0
Starting Fitness Calculation 25-Oct-2018 23:58:56
Fitness Calculated 26-Oct-2018 00:01:47
Iterating ...
   17         54000           7.466           19.72        0
Starting Fitness Calculation 26-Oct-2018 00:01:50
Fitness Calculated 26-Oct-2018 00:04:40
Iterating ...
   18         57000           7.466           19.29        1
Starting Fitness Calculation 26-Oct-2018 00:04:43
Fitness Calculated 26-Oct-2018 00:07:29
Iterating ...
   19         60000           7.303           18.72        0
Starting Fitness Calculation 26-Oct-2018 00:07:32
Fitness Calculated 26-Oct-2018 00:10:19
Iterating ...
   20         63000             7.3           18.36        0
Starting Fitness Calculation 26-Oct-2018 00:10:22
Fitness Calculated 26-Oct-2018 00:13:09
Iterating ...
   21         66000           7.299            18.2        0
Starting Fitness Calculation 26-Oct-2018 00:13:12
Fitness Calculated 26-Oct-2018 00:16:02
Iterating ...
   22         69000           7.262           18.09        0
Starting Fitness Calculation 26-Oct-2018 00:16:05
Fitness Calculated 26-Oct-2018 00:18:52
Iterating ...
   23         72000           7.244           18.26        0
Starting Fitness Calculation 26-Oct-2018 00:18:56
Fitness Calculated 26-Oct-2018 00:21:41
Iterating ...
   24         75000           7.227           18.44        0
Starting Fitness Calculation 26-Oct-2018 00:21:45
Fitness Calculated 26-Oct-2018 00:24:30
Iterating ...
   25         78000           7.199           18.37        0
Starting Fitness Calculation 26-Oct-2018 00:24:34
Fitness Calculated 26-Oct-2018 00:27:17
Iterating ...
   26         81000           7.179           18.47        0
Starting Fitness Calculation 26-Oct-2018 00:27:22
Fitness Calculated 26-Oct-2018 00:30:05
Iterating ...
   27         84000           7.172           18.32        0
Starting Fitness Calculation 26-Oct-2018 00:30:10
Fitness Calculated 26-Oct-2018 00:32:56
Iterating ...
   28         87000           7.165           18.34        0
Starting Fitness Calculation 26-Oct-2018 00:33:01
Fitness Calculated 26-Oct-2018 00:35:47
Iterating ...
   29         90000           7.131           18.19        0
Starting Fitness Calculation 26-Oct-2018 00:35:51
Fitness Calculated 26-Oct-2018 00:38:35
Iterating ...
   30         93000           7.131           17.95        0

                               Best           Mean      Stall
Generation      f-count        f(x)           f(x)    Generations
Starting Fitness Calculation 26-Oct-2018 00:38:40
Fitness Calculated 26-Oct-2018 00:41:25
Iterating ...
   31         96000            7.13           17.91        0
Starting Fitness Calculation 26-Oct-2018 00:41:30
Fitness Calculated 26-Oct-2018 00:44:14
Iterating ...
   32         99000           7.073           17.95        0
Starting Fitness Calculation 26-Oct-2018 00:44:18
Fitness Calculated 26-Oct-2018 00:47:07
Iterating ...
   33         102000           7.073           17.85        1
Starting Fitness Calculation 26-Oct-2018 00:47:12
Fitness Calculated 26-Oct-2018 00:49:57
Iterating ...
   34         105000           7.064           17.77        0
Starting Fitness Calculation 26-Oct-2018 00:50:02
Fitness Calculated 26-Oct-2018 00:52:47
Iterating ...
   35         108000           7.064           17.93        0
Starting Fitness Calculation 26-Oct-2018 00:52:52
Fitness Calculated 26-Oct-2018 00:55:40
Iterating ...
   36         111000            7.06           17.75        0
Starting Fitness Calculation 26-Oct-2018 00:55:45
Fitness Calculated 26-Oct-2018 00:58:32
Iterating ...
   37         114000           7.053           17.72        0
Starting Fitness Calculation 26-Oct-2018 00:58:38
Fitness Calculated 26-Oct-2018 01:01:23
Iterating ...
   38         117000           7.053           17.66        0
Starting Fitness Calculation 26-Oct-2018 01:01:28
Fitness Calculated 26-Oct-2018 01:04:17
Iterating ...
   39         120000           7.053           17.45        0
Starting Fitness Calculation 26-Oct-2018 01:04:23
Fitness Calculated 26-Oct-2018 01:07:11
Iterating ...
   40         123000           7.047           17.02        0
Starting Fitness Calculation 26-Oct-2018 01:07:17
Fitness Calculated 26-Oct-2018 01:10:07
Iterating ...
   41         126000           7.039           16.66        0
Starting Fitness Calculation 26-Oct-2018 01:10:13
Fitness Calculated 26-Oct-2018 01:13:00
Iterating ...
   42         129000           7.039           16.75        1
Starting Fitness Calculation 26-Oct-2018 01:13:06
Fitness Calculated 26-Oct-2018 01:15:53
Iterating ...
   43         132000           7.039            16.8        2
Starting Fitness Calculation 26-Oct-2018 01:15:59
Fitness Calculated 26-Oct-2018 01:18:48
Iterating ...
   44         135000           7.033            16.8        0
Starting Fitness Calculation 26-Oct-2018 01:18:54
Fitness Calculated 26-Oct-2018 01:21:43
Iterating ...
   45         138000            7.03           16.86        0
Starting Fitness Calculation 26-Oct-2018 01:21:49
Fitness Calculated 26-Oct-2018 01:24:41
Iterating ...
   46         141000           7.023           17.12        0
Starting Fitness Calculation 26-Oct-2018 01:24:48
Fitness Calculated 26-Oct-2018 01:27:34
Iterating ...
   47         144000           7.023            16.9        0
Starting Fitness Calculation 26-Oct-2018 01:27:41
Fitness Calculated 26-Oct-2018 01:30:31
Iterating ...
   48         147000            7.02            16.6        0
Starting Fitness Calculation 26-Oct-2018 01:30:37
Fitness Calculated 26-Oct-2018 01:33:24
Iterating ...
   49         150000            7.02           16.92        0
Starting Fitness Calculation 26-Oct-2018 01:33:30
Fitness Calculated 26-Oct-2018 01:36:20
Iterating ...
   50         153000           7.016           17.17        0
Starting Fitness Calculation 26-Oct-2018 01:36:27
Fitness Calculated 26-Oct-2018 01:39:14
Iterating ...
   51         156000           7.016           17.55        1
Starting Fitness Calculation 26-Oct-2018 01:39:21
Fitness Calculated 26-Oct-2018 01:42:11
Iterating ...
   52         159000           7.006           17.43        0
Starting Fitness Calculation 26-Oct-2018 01:42:18
Fitness Calculated 26-Oct-2018 01:45:06
Iterating ...
   53         162000           7.005           17.39        0
Starting Fitness Calculation 26-Oct-2018 01:45:13
Fitness Calculated 26-Oct-2018 01:48:01
Iterating ...
   54         165000           7.004           17.54        0
Starting Fitness Calculation 26-Oct-2018 01:48:09
Fitness Calculated 26-Oct-2018 01:50:55
Iterating ...
   55         168000           7.004           17.38        0
Starting Fitness Calculation 26-Oct-2018 01:51:02
Fitness Calculated 26-Oct-2018 01:53:48
Iterating ...
   56         171000           7.003           17.25        0
Starting Fitness Calculation 26-Oct-2018 01:53:55
Fitness Calculated 26-Oct-2018 01:56:44
Iterating ...
   57         174000           7.002           17.32        0
Starting Fitness Calculation 26-Oct-2018 01:56:51
Fitness Calculated 26-Oct-2018 01:59:37
Iterating ...
   58         177000           7.001           17.34        0
Starting Fitness Calculation 26-Oct-2018 01:59:44
Fitness Calculated 26-Oct-2018 02:02:32
Iterating ...
   59         180000               7            17.2        0
Starting Fitness Calculation 26-Oct-2018 02:02:40
Fitness Calculated 26-Oct-2018 02:05:26
Iterating ...
   60         183000           6.998           17.37        0

                               Best           Mean      Stall
Generation      f-count        f(x)           f(x)    Generations
Starting Fitness Calculation 26-Oct-2018 02:05:34
Fitness Calculated 26-Oct-2018 02:08:19
Iterating ...
   61         186000           6.998            17.6        1
Starting Fitness Calculation 26-Oct-2018 02:08:27
Fitness Calculated 26-Oct-2018 02:11:20
Iterating ...
   62         189000           6.996           17.38        0
Starting Fitness Calculation 26-Oct-2018 02:11:28
Fitness Calculated 26-Oct-2018 02:14:16
Iterating ...
   63         192000           6.995            17.4        0
Starting Fitness Calculation 26-Oct-2018 02:14:24
Fitness Calculated 26-Oct-2018 02:17:13
Iterating ...
   64         195000           6.995            17.9        0
Starting Fitness Calculation 26-Oct-2018 02:17:22
Fitness Calculated 26-Oct-2018 02:20:07
Iterating ...
   65         198000           6.994           18.11        0
Starting Fitness Calculation 26-Oct-2018 02:20:15
Fitness Calculated 26-Oct-2018 02:22:59
Iterating ...
   66         201000           6.994           18.62        1
Starting Fitness Calculation 26-Oct-2018 02:23:07
Fitness Calculated 26-Oct-2018 02:25:52
Iterating ...
   67         204000           6.994           19.06        0
Starting Fitness Calculation 26-Oct-2018 02:26:01
Fitness Calculated 26-Oct-2018 02:28:42
Iterating ...
   68         207000           6.994           19.35        0
Starting Fitness Calculation 26-Oct-2018 02:28:51
Fitness Calculated 26-Oct-2018 02:31:32
Iterating ...
   69         210000           6.994           19.57        1
Starting Fitness Calculation 26-Oct-2018 02:31:41
Fitness Calculated 26-Oct-2018 02:34:23
Iterating ...
   70         213000           6.994           19.96        0
Starting Fitness Calculation 26-Oct-2018 02:34:32
Fitness Calculated 26-Oct-2018 02:37:11
Iterating ...
   71         216000           6.994           19.95        0
Starting Fitness Calculation 26-Oct-2018 02:37:20
Fitness Calculated 26-Oct-2018 02:40:01
Iterating ...
   72         219000           6.993           20.47        0
Starting Fitness Calculation 26-Oct-2018 02:40:11
Fitness Calculated 26-Oct-2018 02:42:52
Iterating ...
   73         222000           6.993           20.47        0
Starting Fitness Calculation 26-Oct-2018 02:43:01
Fitness Calculated 26-Oct-2018 02:45:41
Iterating ...
   74         225000           6.993           20.56        0
Starting Fitness Calculation 26-Oct-2018 02:45:50
Fitness Calculated 26-Oct-2018 02:48:31
Iterating ...
   75         228000           6.993           20.37        1
Starting Fitness Calculation 26-Oct-2018 02:48:41
Fitness Calculated 26-Oct-2018 02:51:21
Iterating ...
   76         231000           6.993           20.25        0
Starting Fitness Calculation 26-Oct-2018 02:51:31
Fitness Calculated 26-Oct-2018 02:54:12
Iterating ...
   77         234000           6.992           20.41        0
Starting Fitness Calculation 26-Oct-2018 02:54:22
Fitness Calculated 26-Oct-2018 02:57:01
Iterating ...
   78         237000           6.992           20.19        1
Starting Fitness Calculation 26-Oct-2018 02:57:11
Fitness Calculated 26-Oct-2018 02:59:52
Iterating ...
   79         240000           6.992           20.14        0
Starting Fitness Calculation 26-Oct-2018 03:00:03
Fitness Calculated 26-Oct-2018 03:02:42
Iterating ...
   80         243000           6.992           20.21        0
Starting Fitness Calculation 26-Oct-2018 03:02:53
Fitness Calculated 26-Oct-2018 03:05:32
Iterating ...
   81         246000           6.992           20.45        0
Starting Fitness Calculation 26-Oct-2018 03:05:42
Fitness Calculated 26-Oct-2018 03:08:20
Iterating ...
   82         249000           6.992           20.59        0
Starting Fitness Calculation 26-Oct-2018 03:08:31
Fitness Calculated 26-Oct-2018 03:11:12
Iterating ...
   83         252000           6.992           20.58        1
Starting Fitness Calculation 26-Oct-2018 03:11:23
Fitness Calculated 26-Oct-2018 03:14:00
Iterating ...
   84         255000           6.992           20.76        0
Starting Fitness Calculation 26-Oct-2018 03:14:11
Fitness Calculated 26-Oct-2018 03:16:51
Iterating ...
   85         258000           6.992           20.78        0
Starting Fitness Calculation 26-Oct-2018 03:17:01
Fitness Calculated 26-Oct-2018 03:19:43
Iterating ...
   86         261000           6.992            20.5        0
Starting Fitness Calculation 26-Oct-2018 03:19:54
Fitness Calculated 26-Oct-2018 03:22:34
Iterating ...
   87         264000           6.992           20.56        1
Starting Fitness Calculation 26-Oct-2018 03:22:45
Fitness Calculated 26-Oct-2018 03:25:25
Iterating ...
   88         267000           6.992           20.72        0
Starting Fitness Calculation 26-Oct-2018 03:25:36
Fitness Calculated 26-Oct-2018 03:28:17
Iterating ...
   89         270000           6.992           20.39        0
Starting Fitness Calculation 26-Oct-2018 03:28:28
Fitness Calculated 26-Oct-2018 03:31:09
Iterating ...
   90         273000           6.992           20.53        0

                               Best           Mean      Stall
Generation      f-count        f(x)           f(x)    Generations
Starting Fitness Calculation 26-Oct-2018 03:31:20
Fitness Calculated 26-Oct-2018 03:34:03
Iterating ...
   91         276000           6.992           20.43        0
Starting Fitness Calculation 26-Oct-2018 03:34:15
Fitness Calculated 26-Oct-2018 03:36:57
Iterating ...
   92         279000           6.992           20.47        0
Starting Fitness Calculation 26-Oct-2018 03:37:09
Fitness Calculated 26-Oct-2018 03:39:47
Iterating ...
   93         282000           6.992           20.47        0
Starting Fitness Calculation 26-Oct-2018 03:39:59
Fitness Calculated 26-Oct-2018 03:42:40
Iterating ...
   94         285000           6.992           20.35        0
Starting Fitness Calculation 26-Oct-2018 03:42:52
Fitness Calculated 26-Oct-2018 03:45:33
Iterating ...
   95         288000           6.992           20.48        0
Starting Fitness Calculation 26-Oct-2018 03:45:45
Fitness Calculated 26-Oct-2018 03:48:25
Iterating ...
   96         291000           6.992            20.3        0
Starting Fitness Calculation 26-Oct-2018 03:48:37
Fitness Calculated 26-Oct-2018 03:51:17
Iterating ...
   97         294000           6.992           20.05        0
Starting Fitness Calculation 26-Oct-2018 03:51:29
Fitness Calculated 26-Oct-2018 03:54:09
Iterating ...
   98         297000           6.992           20.12        0
Starting Fitness Calculation 26-Oct-2018 03:54:21
Fitness Calculated 26-Oct-2018 03:57:02
Iterating ...
   99         300000           6.992           20.11        0
Starting Fitness Calculation 26-Oct-2018 03:57:14
Fitness Calculated 26-Oct-2018 03:59:57
Iterating ...
  100         303000           6.992            19.9        0
Starting Fitness Calculation 26-Oct-2018 04:00:10
Fitness Calculated 26-Oct-2018 04:02:52
Iterating ...
  101         306000           6.992           19.97        0
Starting Fitness Calculation 26-Oct-2018 04:03:04
Fitness Calculated 26-Oct-2018 04:05:42
Iterating ...
  102         309000           6.992           19.91        1
Starting Fitness Calculation 26-Oct-2018 04:05:55
Fitness Calculated 26-Oct-2018 04:08:34
Iterating ...
  103         312000           6.992           20.16        0
Starting Fitness Calculation 26-Oct-2018 04:08:47
Fitness Calculated 26-Oct-2018 04:11:24
Iterating ...
  104         315000           6.992            20.3        0
Starting Fitness Calculation 26-Oct-2018 04:11:37
Fitness Calculated 26-Oct-2018 04:14:15
Iterating ...
  105         318000           6.992           20.34        0
Starting Fitness Calculation 26-Oct-2018 04:14:28
Fitness Calculated 26-Oct-2018 04:17:06
Iterating ...
  106         321000           6.992           20.33        0
Starting Fitness Calculation 26-Oct-2018 04:17:19
Fitness Calculated 26-Oct-2018 04:20:00
Iterating ...
  107         324000           6.992           20.03        0
Starting Fitness Calculation 26-Oct-2018 04:20:13
Fitness Calculated 26-Oct-2018 04:22:54
Iterating ...
  108         327000           6.992            20.2        0
Starting Fitness Calculation 26-Oct-2018 04:23:07
Fitness Calculated 26-Oct-2018 04:25:46
Iterating ...
  109         330000           6.992           20.09        0
Starting Fitness Calculation 26-Oct-2018 04:26:00
Fitness Calculated 26-Oct-2018 04:28:39
Iterating ...
  110         333000           6.992           20.13        0
Starting Fitness Calculation 26-Oct-2018 04:28:53
Fitness Calculated 26-Oct-2018 04:31:33
Iterating ...
  111         336000           6.992           20.05        1
Starting Fitness Calculation 26-Oct-2018 04:31:46
Fitness Calculated 26-Oct-2018 04:34:24
Iterating ...
  112         339000           6.992           20.12        0
Starting Fitness Calculation 26-Oct-2018 04:34:38
Fitness Calculated 26-Oct-2018 04:37:18
Iterating ...
  113         342000           6.992           20.18        0
Starting Fitness Calculation 26-Oct-2018 04:37:32
Fitness Calculated 26-Oct-2018 04:40:12
Iterating ...
  114         345000           6.992           19.95        0
Starting Fitness Calculation 26-Oct-2018 04:40:26
Fitness Calculated 26-Oct-2018 04:43:06
Iterating ...
  115         348000           6.992           20.42        0
Starting Fitness Calculation 26-Oct-2018 04:43:21
Fitness Calculated 26-Oct-2018 04:46:00
Iterating ...
  116         351000           6.992           20.16        0
Starting Fitness Calculation 26-Oct-2018 04:46:15
Fitness Calculated 26-Oct-2018 04:48:54
Iterating ...
  117         354000           6.992           19.92        0
Starting Fitness Calculation 26-Oct-2018 04:49:08
Fitness Calculated 26-Oct-2018 04:51:46
Iterating ...
  118         357000           6.991            20.4        0
Starting Fitness Calculation 26-Oct-2018 04:52:04
Fitness Calculated 26-Oct-2018 04:54:44
Iterating ...
  119         360000           6.991           20.29        0
Starting Fitness Calculation 26-Oct-2018 04:54:58
Fitness Calculated 26-Oct-2018 04:57:40
Iterating ...
  120         363000           6.991           20.08        0

                               Best           Mean      Stall
Generation      f-count        f(x)           f(x)    Generations
Starting Fitness Calculation 26-Oct-2018 04:57:54
Fitness Calculated 26-Oct-2018 05:00:37
Iterating ...
  121         366000           6.991           19.74        1
Starting Fitness Calculation 26-Oct-2018 05:00:52
Fitness Calculated 26-Oct-2018 05:03:35
Iterating ...
  122         369000           6.991           19.94        0
Starting Fitness Calculation 26-Oct-2018 05:03:49
Fitness Calculated 26-Oct-2018 05:06:33
Iterating ...
  123         372000           6.991           19.99        0
Starting Fitness Calculation 26-Oct-2018 05:06:47
Fitness Calculated 26-Oct-2018 05:09:30
Iterating ...
  124         375000           6.991           20.22        0
Starting Fitness Calculation 26-Oct-2018 05:09:44
Fitness Calculated 26-Oct-2018 05:12:24
Iterating ...
  125         378000           6.991           20.57        0
Starting Fitness Calculation 26-Oct-2018 05:12:39
Fitness Calculated 26-Oct-2018 05:15:17
Iterating ...
  126         381000            6.99           20.52        0
Starting Fitness Calculation 26-Oct-2018 05:15:33
Fitness Calculated 26-Oct-2018 05:18:16
Iterating ...
  127         384000            6.99           20.46        1
Starting Fitness Calculation 26-Oct-2018 05:18:31
Fitness Calculated 26-Oct-2018 05:21:11
Iterating ...
  128         387000            6.99           20.35        0
Starting Fitness Calculation 26-Oct-2018 05:21:26
Fitness Calculated 26-Oct-2018 05:24:04
Iterating ...
  129         390000            6.99           20.62        1
Starting Fitness Calculation 26-Oct-2018 05:24:19
Fitness Calculated 26-Oct-2018 05:26:58
Iterating ...
  130         393000            6.99           20.85        0
Starting Fitness Calculation 26-Oct-2018 05:27:14
Fitness Calculated 26-Oct-2018 05:29:53
Iterating ...
  131         396000            6.99           20.42        0
Starting Fitness Calculation 26-Oct-2018 05:30:09
Fitness Calculated 26-Oct-2018 05:32:46
Iterating ...
  132         399000            6.99           20.51        0
Starting Fitness Calculation 26-Oct-2018 05:33:02
Fitness Calculated 26-Oct-2018 05:35:42
Iterating ...
  133         402000            6.99           20.42        0
Starting Fitness Calculation 26-Oct-2018 05:35:58
Fitness Calculated 26-Oct-2018 05:38:38
Iterating ...
  134         405000            6.99           20.47        0
Starting Fitness Calculation 26-Oct-2018 05:38:54
Fitness Calculated 26-Oct-2018 05:41:35
Iterating ...
  135         408000            6.99           20.25        0
Starting Fitness Calculation 26-Oct-2018 05:41:51
Fitness Calculated 26-Oct-2018 05:44:29
Iterating ...
  136         411000            6.99           20.43        1
Starting Fitness Calculation 26-Oct-2018 05:44:45
Fitness Calculated 26-Oct-2018 05:47:26
Iterating ...
  137         414000            6.99           20.55        0
Starting Fitness Calculation 26-Oct-2018 05:47:43
Fitness Calculated 26-Oct-2018 05:50:26
Iterating ...
  138         417000            6.99           20.66        0
Starting Fitness Calculation 26-Oct-2018 05:50:43
Fitness Calculated 26-Oct-2018 05:53:23
Iterating ...
  139         420000            6.99           20.57        0
Starting Fitness Calculation 26-Oct-2018 05:53:40
Fitness Calculated 26-Oct-2018 05:56:19
Iterating ...
  140         423000            6.99           20.71        0
Starting Fitness Calculation 26-Oct-2018 05:56:36
Fitness Calculated 26-Oct-2018 05:59:13
Iterating ...
  141         426000           6.989           20.52        0
Starting Fitness Calculation 26-Oct-2018 05:59:30
Fitness Calculated 26-Oct-2018 06:02:11
Iterating ...
  142         429000           6.989           20.47        1
Starting Fitness Calculation 26-Oct-2018 06:02:27
Fitness Calculated 26-Oct-2018 06:05:04
Iterating ...
  143         432000           6.989           20.42        0
Starting Fitness Calculation 26-Oct-2018 06:05:21
Fitness Calculated 26-Oct-2018 06:08:03
Iterating ...
  144         435000           6.989           20.53        1
Starting Fitness Calculation 26-Oct-2018 06:08:20
Fitness Calculated 26-Oct-2018 06:11:00
Iterating ...
  145         438000           6.989           20.53        0
Starting Fitness Calculation 26-Oct-2018 06:11:18
Fitness Calculated 26-Oct-2018 06:13:56
Iterating ...
  146         441000           6.989           20.48        0
Starting Fitness Calculation 26-Oct-2018 06:14:14
Fitness Calculated 26-Oct-2018 06:16:56
Iterating ...
  147         444000           6.989           20.41        0
Starting Fitness Calculation 26-Oct-2018 06:17:13
Fitness Calculated 26-Oct-2018 06:19:51
Iterating ...
  148         447000           6.989            20.2        0
Starting Fitness Calculation 26-Oct-2018 06:20:08
Fitness Calculated 26-Oct-2018 06:22:51
Iterating ...
  149         450000           6.989           20.39        0
Starting Fitness Calculation 26-Oct-2018 06:23:08
Fitness Calculated 26-Oct-2018 06:25:50
Iterating ...
  150         453000           6.989           20.66        1

                               Best           Mean      Stall
Generation      f-count        f(x)           f(x)    Generations
Starting Fitness Calculation 26-Oct-2018 06:26:07
Fitness Calculated 26-Oct-2018 06:28:44
Iterating ...
  151         456000           6.989           20.56        2
Starting Fitness Calculation 26-Oct-2018 06:29:02
Fitness Calculated 26-Oct-2018 06:31:42
Iterating ...
  152         459000           6.989           20.37        3
Starting Fitness Calculation 26-Oct-2018 06:32:00
Fitness Calculated 26-Oct-2018 06:34:42
Iterating ...
  153         462000           6.989            20.3        4
Starting Fitness Calculation 26-Oct-2018 06:35:00
Fitness Calculated 26-Oct-2018 06:37:44
Iterating ...
  154         465000           6.989           20.45        5
Starting Fitness Calculation 26-Oct-2018 06:38:02
Fitness Calculated 26-Oct-2018 06:40:42
Iterating ...
  155         468000           6.989           20.36        0
Starting Fitness Calculation 26-Oct-2018 06:41:01
Fitness Calculated 26-Oct-2018 06:43:40
Iterating ...
  156         471000           6.989           20.39        0
Starting Fitness Calculation 26-Oct-2018 06:43:58
Fitness Calculated 26-Oct-2018 06:46:38
Iterating ...
  157         474000           6.989           20.44        1
Starting Fitness Calculation 26-Oct-2018 06:46:56
Fitness Calculated 26-Oct-2018 06:49:37
Iterating ...
  158         477000           6.989           20.54        2
Starting Fitness Calculation 26-Oct-2018 06:49:55
Fitness Calculated 26-Oct-2018 06:52:36
Iterating ...
  159         480000           6.989           20.29        0
Starting Fitness Calculation 26-Oct-2018 06:52:54
Fitness Calculated 26-Oct-2018 06:55:34
Iterating ...
  160         483000           6.989           19.99        0
Starting Fitness Calculation 26-Oct-2018 06:55:53
Fitness Calculated 26-Oct-2018 06:58:34
Iterating ...
  161         486000           6.989           20.26        0
Starting Fitness Calculation 26-Oct-2018 06:58:53
Fitness Calculated 26-Oct-2018 07:01:35
Iterating ...
  162         489000           6.989           20.08        0
Starting Fitness Calculation 26-Oct-2018 07:01:54
Fitness Calculated 26-Oct-2018 07:04:36
Iterating ...
  163         492000           6.989           20.19        0
Optimization terminated: average change in the fitness value less than options.TolFun.
Performing final task
Parallel pool using the 'ClusterPandora' profile is shutting down.
