
                            < M A T L A B (R) >
                  Copyright 1984-2015 The MathWorks, Inc.
                   R2015a (8.5.0.197613) 64-bit (glnxa64)
                             February 12, 2015

 
To get started, type one of these: helpwin, helpdesk, or demo.
For product information, visit www.mathworks.com.
 
 
To get started, type one of these: helpwin, helpdesk, or demo.
For product information, visit www.mathworks.com.
 
Starting parallel pool (parpool) using the 'ClusterPandora' profile ... connected to 80 workers.
Starting Fitness Calculation 30-Sep-2018 15:23:50
Analyzing and transferring files to the workers ...done.
Fitness Calculated 30-Sep-2018 15:26:01
Starting the algorithm

                               Best           Mean      Stall
Generation      f-count        f(x)           f(x)    Generations
Starting Fitness Calculation 30-Sep-2018 15:26:01
Fitness Calculated 30-Sep-2018 15:28:03
Iterating ...
    1          2600           4.133            10.9        0
Starting Fitness Calculation 30-Sep-2018 15:28:03
Fitness Calculated 30-Sep-2018 15:31:09
Iterating ...
    2          3900           4.133           10.46        1
Starting Fitness Calculation 30-Sep-2018 15:31:09
Fitness Calculated 30-Sep-2018 15:36:58
Iterating ...
    3          5200           3.694              10        0
Starting Fitness Calculation 30-Sep-2018 15:36:58
Fitness Calculated 30-Sep-2018 15:43:42
Iterating ...
    4          6500           3.485            9.52        0
Starting Fitness Calculation 30-Sep-2018 15:43:43
Fitness Calculated 30-Sep-2018 15:51:07
Iterating ...
    5          7800           3.485           9.181        0
Starting Fitness Calculation 30-Sep-2018 15:51:07
Fitness Calculated 30-Sep-2018 15:59:57
Iterating ...
    6          9100           3.485            8.81        1
Starting Fitness Calculation 30-Sep-2018 15:59:57
Fitness Calculated 30-Sep-2018 16:09:47
Iterating ...
    7         10400           3.484           8.375        0
Starting Fitness Calculation 30-Sep-2018 16:09:47
Fitness Calculated 30-Sep-2018 16:20:08
Iterating ...
    8         11700           3.462           8.133        0
Starting Fitness Calculation 30-Sep-2018 16:20:08
Fitness Calculated 30-Sep-2018 16:31:03
Iterating ...
    9         13000           3.395           7.687        0
Starting Fitness Calculation 30-Sep-2018 16:31:03
Fitness Calculated 30-Sep-2018 16:42:33
Iterating ...
   10         14300           3.227           7.422        0
Starting Fitness Calculation 30-Sep-2018 16:42:33
Fitness Calculated 30-Sep-2018 16:54:12
Iterating ...
   11         15600           3.227           7.143        1
Starting Fitness Calculation 30-Sep-2018 16:54:12
Fitness Calculated 30-Sep-2018 17:06:03
Iterating ...
   12         16900           3.057           6.999        0
Starting Fitness Calculation 30-Sep-2018 17:06:04
Fitness Calculated 30-Sep-2018 17:17:49
Iterating ...
   13         18200           3.057           6.966        1
Starting Fitness Calculation 30-Sep-2018 17:17:49
Fitness Calculated 30-Sep-2018 17:29:50
Iterating ...
   14         19500           2.951           6.766        0
Starting Fitness Calculation 30-Sep-2018 17:29:50
Fitness Calculated 30-Sep-2018 17:42:24
Iterating ...
   15         20800           2.951           6.682        0
Starting Fitness Calculation 30-Sep-2018 17:42:24
Fitness Calculated 30-Sep-2018 17:54:52
Iterating ...
   16         22100           2.951           6.664        1
Starting Fitness Calculation 30-Sep-2018 17:54:52
Fitness Calculated 30-Sep-2018 18:07:38
Iterating ...
   17         23400           2.951           6.633        2
Starting Fitness Calculation 30-Sep-2018 18:07:39
Fitness Calculated 30-Sep-2018 18:19:52
Iterating ...
   18         24700           2.951           6.665        0
Starting Fitness Calculation 30-Sep-2018 18:19:52
Fitness Calculated 30-Sep-2018 18:32:36
Iterating ...
   19         26000           2.941            6.53        0
Starting Fitness Calculation 30-Sep-2018 18:32:36
Fitness Calculated 30-Sep-2018 18:45:12
Iterating ...
   20         27300           2.925           6.455        0
Starting Fitness Calculation 30-Sep-2018 18:45:13
Fitness Calculated 30-Sep-2018 18:57:53
Iterating ...
   21         28600           2.907           6.429        0
Starting Fitness Calculation 30-Sep-2018 18:57:53
Fitness Calculated 30-Sep-2018 19:10:42
Iterating ...
   22         29900           2.867           6.531        0
Starting Fitness Calculation 30-Sep-2018 19:10:42
Fitness Calculated 30-Sep-2018 19:24:06
Iterating ...
   23         31200           2.867           6.492        1
Starting Fitness Calculation 30-Sep-2018 19:24:06
Fitness Calculated 30-Sep-2018 19:37:27
Iterating ...
   24         32500           2.859           6.359        0
Starting Fitness Calculation 30-Sep-2018 19:37:28
Fitness Calculated 30-Sep-2018 19:50:27
Iterating ...
   25         33800           2.844           6.411        0
Starting Fitness Calculation 30-Sep-2018 19:50:27
Fitness Calculated 30-Sep-2018 20:03:35
Iterating ...
   26         35100           2.826           6.444        0
Starting Fitness Calculation 30-Sep-2018 20:03:36
Fitness Calculated 30-Sep-2018 20:16:52
Iterating ...
   27         36400           2.812           6.489        0
Starting Fitness Calculation 30-Sep-2018 20:16:53
Fitness Calculated 30-Sep-2018 20:29:59
Iterating ...
   28         37700           2.812             6.6        0
Starting Fitness Calculation 30-Sep-2018 20:29:59
Fitness Calculated 30-Sep-2018 20:42:40
Iterating ...
   29         39000           2.812            6.52        1
Starting Fitness Calculation 30-Sep-2018 20:42:41
Fitness Calculated 30-Sep-2018 20:55:31
Iterating ...
   30         40300           2.786           6.465        0

                               Best           Mean      Stall
Generation      f-count        f(x)           f(x)    Generations
Starting Fitness Calculation 30-Sep-2018 20:55:32
Fitness Calculated 30-Sep-2018 21:08:53
Iterating ...
   31         41600           2.781           6.529        0
Starting Fitness Calculation 30-Sep-2018 21:08:53
Fitness Calculated 30-Sep-2018 21:21:46
Iterating ...
   32         42900           2.753           6.426        0
Starting Fitness Calculation 30-Sep-2018 21:21:46
Fitness Calculated 30-Sep-2018 21:34:33
Iterating ...
   33         44200           2.704           6.463        0
Starting Fitness Calculation 30-Sep-2018 21:34:33
Fitness Calculated 30-Sep-2018 21:48:00
Iterating ...
   34         45500           2.704           6.269        1
Starting Fitness Calculation 30-Sep-2018 21:48:00
Fitness Calculated 30-Sep-2018 22:01:33
Iterating ...
   35         46800           2.704           6.284        2
Starting Fitness Calculation 30-Sep-2018 22:01:34
Fitness Calculated 30-Sep-2018 22:15:00
Iterating ...
   36         48100           2.704           6.305        3
Starting Fitness Calculation 30-Sep-2018 22:15:00
Fitness Calculated 30-Sep-2018 22:28:05
Iterating ...
   37         49400            2.69           6.374        0
Starting Fitness Calculation 30-Sep-2018 22:28:05
Fitness Calculated 30-Sep-2018 22:41:30
Iterating ...
   38         50700           2.661           6.288        0
Starting Fitness Calculation 30-Sep-2018 22:41:30
Fitness Calculated 30-Sep-2018 22:54:38
Iterating ...
   39         52000           2.655           6.334        0
Starting Fitness Calculation 30-Sep-2018 22:54:38
Fitness Calculated 30-Sep-2018 23:08:19
Iterating ...
   40         53300           2.652           6.209        0
Starting Fitness Calculation 30-Sep-2018 23:08:19
Fitness Calculated 30-Sep-2018 23:22:00
Iterating ...
   41         54600           2.624           6.163        0
Starting Fitness Calculation 30-Sep-2018 23:22:01
Fitness Calculated 30-Sep-2018 23:35:20
Iterating ...
   42         55900           2.616            6.29        0
Starting Fitness Calculation 30-Sep-2018 23:35:21
Fitness Calculated 30-Sep-2018 23:48:42
Iterating ...
   43         57200           2.602           6.295        0
Starting Fitness Calculation 30-Sep-2018 23:48:42
Fitness Calculated 01-Oct-2018 00:02:02
Iterating ...
   44         58500           2.602           6.226        0
Starting Fitness Calculation 01-Oct-2018 00:02:02
Fitness Calculated 01-Oct-2018 00:15:37
Iterating ...
   45         59800           2.602            6.25        1
Starting Fitness Calculation 01-Oct-2018 00:15:38
Fitness Calculated 01-Oct-2018 00:29:07
Iterating ...
   46         61100           2.602           6.221        2
Starting Fitness Calculation 01-Oct-2018 00:29:08
Fitness Calculated 01-Oct-2018 00:42:22
Iterating ...
   47         62400           2.602           6.179        3
Starting Fitness Calculation 01-Oct-2018 00:42:23
Fitness Calculated 01-Oct-2018 00:55:36
Iterating ...
   48         63700           2.602           6.322        4
Starting Fitness Calculation 01-Oct-2018 00:55:37
Fitness Calculated 01-Oct-2018 01:09:10
Iterating ...
   49         65000           2.601           6.352        0
Starting Fitness Calculation 01-Oct-2018 01:09:11
Fitness Calculated 01-Oct-2018 01:22:43
Iterating ...
   50         66300           2.514           6.145        0
Starting Fitness Calculation 01-Oct-2018 01:22:44
Fitness Calculated 01-Oct-2018 01:35:36
Iterating ...
   51         67600           2.514           6.147        1
Starting Fitness Calculation 01-Oct-2018 01:35:37
Fitness Calculated 01-Oct-2018 01:49:09
Iterating ...
   52         68900           2.513           6.201        0
Starting Fitness Calculation 01-Oct-2018 01:49:10
Fitness Calculated 01-Oct-2018 02:02:50
Iterating ...
   53         70200           2.506           6.088        0
Starting Fitness Calculation 01-Oct-2018 02:02:51
Fitness Calculated 01-Oct-2018 02:16:34
Iterating ...
   54         71500           2.505           6.064        0
Starting Fitness Calculation 01-Oct-2018 02:16:35
Fitness Calculated 01-Oct-2018 02:30:07
Iterating ...
   55         72800           2.504           6.147        0
Starting Fitness Calculation 01-Oct-2018 02:30:08
Fitness Calculated 01-Oct-2018 02:43:35
Iterating ...
   56         74100           2.497           6.216        0
Starting Fitness Calculation 01-Oct-2018 02:43:36
Fitness Calculated 01-Oct-2018 02:56:48
Iterating ...
   57         75400           2.497           6.266        1
Starting Fitness Calculation 01-Oct-2018 02:56:49
Fitness Calculated 01-Oct-2018 03:10:11
Iterating ...
   58         76700           2.497           6.261        2
Starting Fitness Calculation 01-Oct-2018 03:10:12
Fitness Calculated 01-Oct-2018 03:23:30
Iterating ...
   59         78000           2.497           6.162        3
Starting Fitness Calculation 01-Oct-2018 03:23:31
Fitness Calculated 01-Oct-2018 03:36:38
Iterating ...
   60         79300           2.497           6.137        4

                               Best           Mean      Stall
Generation      f-count        f(x)           f(x)    Generations
Starting Fitness Calculation 01-Oct-2018 03:36:38
Fitness Calculated 01-Oct-2018 03:50:18
Iterating ...
   61         80600           2.495           6.123        0
Starting Fitness Calculation 01-Oct-2018 03:50:19
Fitness Calculated 01-Oct-2018 04:03:52
Iterating ...
   62         81900           2.495           6.237        1
Starting Fitness Calculation 01-Oct-2018 04:03:53
Fitness Calculated 01-Oct-2018 04:17:08
Iterating ...
   63         83200           2.495           6.397        2
Starting Fitness Calculation 01-Oct-2018 04:17:09
Fitness Calculated 01-Oct-2018 04:30:24
Iterating ...
   64         84500           2.495           6.381        0
Starting Fitness Calculation 01-Oct-2018 04:30:25
Fitness Calculated 01-Oct-2018 04:43:24
Iterating ...
   65         85800           2.491           6.244        0
Starting Fitness Calculation 01-Oct-2018 04:43:25
Fitness Calculated 01-Oct-2018 04:57:12
Iterating ...
   66         87100           2.491           6.189        1
Starting Fitness Calculation 01-Oct-2018 04:57:13
Fitness Calculated 01-Oct-2018 05:10:52
Iterating ...
   67         88400            2.49           6.239        0
Starting Fitness Calculation 01-Oct-2018 05:10:53
Fitness Calculated 01-Oct-2018 05:23:41
Iterating ...
   68         89700            2.49           6.316        1
Starting Fitness Calculation 01-Oct-2018 05:23:42
Fitness Calculated 01-Oct-2018 05:37:03
Iterating ...
   69         91000            2.49           6.356        2
Starting Fitness Calculation 01-Oct-2018 05:37:04
Fitness Calculated 01-Oct-2018 05:49:58
Iterating ...
   70         92300            2.49           6.342        3
Starting Fitness Calculation 01-Oct-2018 05:49:59
Fitness Calculated 01-Oct-2018 06:03:10
Iterating ...
   71         93600            2.49           6.242        4
Starting Fitness Calculation 01-Oct-2018 06:03:11
Fitness Calculated 01-Oct-2018 06:16:02
Iterating ...
   72         94900            2.49           6.305        5
Starting Fitness Calculation 01-Oct-2018 06:16:03
Fitness Calculated 01-Oct-2018 06:29:50
Iterating ...
   73         96200           2.489           6.131        0
Starting Fitness Calculation 01-Oct-2018 06:29:51
Fitness Calculated 01-Oct-2018 06:43:25
Iterating ...
   74         97500           2.489           6.124        0
Starting Fitness Calculation 01-Oct-2018 06:43:26
Fitness Calculated 01-Oct-2018 06:56:41
Iterating ...
   75         98800           2.489           6.083        1
Starting Fitness Calculation 01-Oct-2018 06:56:42
Fitness Calculated 01-Oct-2018 07:09:48
Iterating ...
   76         100100           2.489           6.229        2
Starting Fitness Calculation 01-Oct-2018 07:09:49
Fitness Calculated 01-Oct-2018 07:23:00
Iterating ...
   77         101400           2.489           6.092        3
Starting Fitness Calculation 01-Oct-2018 07:23:01
Fitness Calculated 01-Oct-2018 07:36:45
Iterating ...
   78         102700           2.488           6.117        0
Starting Fitness Calculation 01-Oct-2018 07:36:46
Fitness Calculated 01-Oct-2018 07:50:16
Iterating ...
   79         104000           2.488           6.125        1
Starting Fitness Calculation 01-Oct-2018 07:50:17
Fitness Calculated 01-Oct-2018 08:04:07
Iterating ...
   80         105300           2.488           6.239        2
Starting Fitness Calculation 01-Oct-2018 08:04:08
Fitness Calculated 01-Oct-2018 08:17:49
Iterating ...
   81         106600           2.488           6.057        3
Starting Fitness Calculation 01-Oct-2018 08:17:50
Fitness Calculated 01-Oct-2018 08:31:10
Iterating ...
   82         107900           2.486           6.224        0
Starting Fitness Calculation 01-Oct-2018 08:31:11
Fitness Calculated 01-Oct-2018 08:44:09
Iterating ...
   83         109200           2.486           6.317        0
Starting Fitness Calculation 01-Oct-2018 08:44:10
Fitness Calculated 01-Oct-2018 08:57:29
Iterating ...
   84         110500           2.486           6.159        0
Starting Fitness Calculation 01-Oct-2018 08:57:30
Fitness Calculated 01-Oct-2018 09:10:25
Iterating ...
   85         111800           2.486           6.327        1
Starting Fitness Calculation 01-Oct-2018 09:10:26
Fitness Calculated 01-Oct-2018 09:23:59
Iterating ...
   86         113100           2.486           6.245        0
Starting Fitness Calculation 01-Oct-2018 09:24:00
Fitness Calculated 01-Oct-2018 09:37:44
Iterating ...
   87         114400           2.486           6.078        1
Starting Fitness Calculation 01-Oct-2018 09:37:45
Fitness Calculated 01-Oct-2018 09:51:17
Iterating ...
   88         115700           2.486           6.138        2
Starting Fitness Calculation 01-Oct-2018 09:51:18
Fitness Calculated 01-Oct-2018 10:04:56
Iterating ...
   89         117000           2.486           6.095        3
Starting Fitness Calculation 01-Oct-2018 10:04:57
Fitness Calculated 01-Oct-2018 10:18:50
Iterating ...
   90         118300           2.485           6.161        0

                               Best           Mean      Stall
Generation      f-count        f(x)           f(x)    Generations
Starting Fitness Calculation 01-Oct-2018 10:18:52
Fitness Calculated 01-Oct-2018 10:32:21
Iterating ...
   91         119600           2.485           6.221        0
Starting Fitness Calculation 01-Oct-2018 10:32:22
Fitness Calculated 01-Oct-2018 10:45:52
Iterating ...
   92         120900           2.485           6.239        0
Starting Fitness Calculation 01-Oct-2018 10:45:53
Fitness Calculated 01-Oct-2018 10:59:25
Iterating ...
   93         122200           2.485           6.184        0
Starting Fitness Calculation 01-Oct-2018 10:59:26
Fitness Calculated 01-Oct-2018 11:12:46
Iterating ...
   94         123500           2.485           6.279        0
Starting Fitness Calculation 01-Oct-2018 11:12:47
Fitness Calculated 01-Oct-2018 11:26:17
Iterating ...
   95         124800           2.484           6.152        0
Starting Fitness Calculation 01-Oct-2018 11:26:18
Fitness Calculated 01-Oct-2018 11:39:50
Iterating ...
   96         126100           2.484           6.112        0
Starting Fitness Calculation 01-Oct-2018 11:39:52
Fitness Calculated 01-Oct-2018 11:53:03
Iterating ...
   97         127400           2.484            6.08        1
Starting Fitness Calculation 01-Oct-2018 11:53:04
Fitness Calculated 01-Oct-2018 12:06:46
Iterating ...
   98         128700           2.484           6.215        2
Starting Fitness Calculation 01-Oct-2018 12:06:48
Fitness Calculated 01-Oct-2018 12:20:13
Iterating ...
   99         130000           2.484           6.231        3
Starting Fitness Calculation 01-Oct-2018 12:20:14
Fitness Calculated 01-Oct-2018 12:33:23
Iterating ...
  100         131300           2.484           6.308        0
Starting Fitness Calculation 01-Oct-2018 12:33:24
Fitness Calculated 01-Oct-2018 12:46:26
Iterating ...
  101         132600           2.484           6.111        0
Starting Fitness Calculation 01-Oct-2018 12:46:27
Fitness Calculated 01-Oct-2018 13:00:07
Iterating ...
  102         133900           2.484            6.19        0
Starting Fitness Calculation 01-Oct-2018 13:00:09
Fitness Calculated 01-Oct-2018 13:13:42
Iterating ...
  103         135200           2.484           6.234        0
Starting Fitness Calculation 01-Oct-2018 13:13:43
Fitness Calculated 01-Oct-2018 13:27:10
Iterating ...
  104         136500           2.484           6.358        1
Starting Fitness Calculation 01-Oct-2018 13:27:12
Fitness Calculated 01-Oct-2018 13:40:32
Iterating ...
  105         137800           2.484            6.13        2
Starting Fitness Calculation 01-Oct-2018 13:40:33
Fitness Calculated 01-Oct-2018 13:54:06
Iterating ...
  106         139100           2.484           6.086        3
Starting Fitness Calculation 01-Oct-2018 13:54:12
Fitness Calculated 01-Oct-2018 14:07:42
Iterating ...
  107         140400           2.484            6.12        4
Starting Fitness Calculation 01-Oct-2018 14:07:43
Fitness Calculated 01-Oct-2018 14:21:09
Iterating ...
  108         141700           2.484           6.055        5
Starting Fitness Calculation 01-Oct-2018 14:21:10
Fitness Calculated 01-Oct-2018 14:34:18
Iterating ...
  109         143000           2.484           6.142        6
Starting Fitness Calculation 01-Oct-2018 14:34:19
Fitness Calculated 01-Oct-2018 14:47:34
Iterating ...
  110         144300           2.484           6.253        7
Starting Fitness Calculation 01-Oct-2018 14:47:35
Fitness Calculated 01-Oct-2018 15:00:59
Iterating ...
  111         145600           2.484           6.223        8
Starting Fitness Calculation 01-Oct-2018 15:01:00
Fitness Calculated 01-Oct-2018 15:14:36
Iterating ...
  112         146900           2.484           6.337        0
Starting Fitness Calculation 01-Oct-2018 15:14:38
Fitness Calculated 01-Oct-2018 15:28:07
Iterating ...
  113         148200           2.484            6.12        0
Starting Fitness Calculation 01-Oct-2018 15:28:09
Fitness Calculated 01-Oct-2018 15:41:45
Iterating ...
  114         149500           2.484           6.179        1
Starting Fitness Calculation 01-Oct-2018 15:41:46
Fitness Calculated 01-Oct-2018 15:54:43
Iterating ...
  115         150800           2.484           6.172        2
Starting Fitness Calculation 01-Oct-2018 15:54:45
Fitness Calculated 01-Oct-2018 16:07:53
Iterating ...
  116         152100           2.484           6.175        3
Starting Fitness Calculation 01-Oct-2018 16:07:55
Fitness Calculated 01-Oct-2018 16:21:18
Iterating ...
  117         153400           2.484           6.176        0
Starting Fitness Calculation 01-Oct-2018 16:21:19
Fitness Calculated 01-Oct-2018 16:34:38
Iterating ...
  118         154700           2.484           6.189        1
Starting Fitness Calculation 01-Oct-2018 16:34:40
Fitness Calculated 01-Oct-2018 16:48:16
Iterating ...
  119         156000           2.484           6.187        2
Starting Fitness Calculation 01-Oct-2018 16:48:18
Fitness Calculated 01-Oct-2018 17:01:59
Iterating ...
  120         157300           2.484           6.219        3
Optimization terminated: average change in the fitness value less than options.TolFun.
Performing final task
Parallel pool using the 'ClusterPandora' profile is shutting down.
