
                            < M A T L A B (R) >
                  Copyright 1984-2015 The MathWorks, Inc.
                   R2015a (8.5.0.197613) 64-bit (glnxa64)
                             February 12, 2015

 
To get started, type one of these: helpwin, helpdesk, or demo.
For product information, visit www.mathworks.com.
 
 
To get started, type one of these: helpwin, helpdesk, or demo.
For product information, visit www.mathworks.com.
 
Starting parallel pool (parpool) using the 'ClusterPandora' profile ... connected to 80 workers.
Starting Fitness Calculation 17-Sep-2018 22:15:24
Analyzing and transferring files to the workers ...done.
Fitness Calculated 17-Sep-2018 22:16:05
Starting the algorithm

                               Best           Mean      Stall
Generation      f-count        f(x)           f(x)    Generations
Starting Fitness Calculation 17-Sep-2018 22:16:06
Fitness Calculated 17-Sep-2018 22:16:33
Iterating ...
    1          2000             420             420        0
Starting Fitness Calculation 17-Sep-2018 22:16:33
Fitness Calculated 17-Sep-2018 22:17:01
Iterating ...
    2          3000             420             420        1
Starting Fitness Calculation 17-Sep-2018 22:17:01
Fitness Calculated 17-Sep-2018 22:17:29
Iterating ...
    3          4000             420             420        2
Starting Fitness Calculation 17-Sep-2018 22:17:29
Fitness Calculated 17-Sep-2018 22:17:56
Iterating ...
    4          5000             420             420        3
Starting Fitness Calculation 17-Sep-2018 22:17:56
Fitness Calculated 17-Sep-2018 22:18:24
Iterating ...
    5          6000             420             420        4
Starting Fitness Calculation 17-Sep-2018 22:18:25
Fitness Calculated 17-Sep-2018 22:18:51
Iterating ...
    6          7000             420             420        5
Starting Fitness Calculation 17-Sep-2018 22:18:52
Fitness Calculated 17-Sep-2018 22:19:19
Iterating ...
    7          8000             420             420        6
Starting Fitness Calculation 17-Sep-2018 22:19:20
Fitness Calculated 17-Sep-2018 22:19:48
Iterating ...
    8          9000             420             420        7
Starting Fitness Calculation 17-Sep-2018 22:19:48
Fitness Calculated 17-Sep-2018 22:20:16
Iterating ...
    9         10000             420             420        8
Starting Fitness Calculation 17-Sep-2018 22:20:17
Fitness Calculated 17-Sep-2018 22:20:44
Iterating ...
   10         11000             420             420        9
Starting Fitness Calculation 17-Sep-2018 22:20:44
Fitness Calculated 17-Sep-2018 22:21:12
Iterating ...
   11         12000             420             420       10
Starting Fitness Calculation 17-Sep-2018 22:21:13
Fitness Calculated 17-Sep-2018 22:21:40
Iterating ...
   12         13000             420             420       11
Starting Fitness Calculation 17-Sep-2018 22:21:41
Fitness Calculated 17-Sep-2018 22:22:07
Iterating ...
   13         14000             420             420       12
Starting Fitness Calculation 17-Sep-2018 22:22:09
Fitness Calculated 17-Sep-2018 22:22:36
Iterating ...
   14         15000             420             420       13
Starting Fitness Calculation 17-Sep-2018 22:22:37
Fitness Calculated 17-Sep-2018 22:23:04
Iterating ...
   15         16000             420             420       14
Starting Fitness Calculation 17-Sep-2018 22:23:05
Fitness Calculated 17-Sep-2018 22:23:32
Iterating ...
   16         17000             420             420       15
Starting Fitness Calculation 17-Sep-2018 22:23:33
Fitness Calculated 17-Sep-2018 22:24:01
Iterating ...
   17         18000             420             420       16
Starting Fitness Calculation 17-Sep-2018 22:24:02
Fitness Calculated 17-Sep-2018 22:24:29
Iterating ...
   18         19000             420             420       17
Starting Fitness Calculation 17-Sep-2018 22:24:31
Fitness Calculated 17-Sep-2018 22:24:57
Iterating ...
   19         20000             420             420       18
Starting Fitness Calculation 17-Sep-2018 22:24:59
Fitness Calculated 17-Sep-2018 22:25:26
Iterating ...
   20         21000             420             420       19
Starting Fitness Calculation 17-Sep-2018 22:25:28
Fitness Calculated 17-Sep-2018 22:25:55
Iterating ...
   21         22000             420             420       20
Starting Fitness Calculation 17-Sep-2018 22:25:57
Fitness Calculated 17-Sep-2018 22:26:24
Iterating ...
   22         23000             420             420       21
Starting Fitness Calculation 17-Sep-2018 22:26:26
Fitness Calculated 17-Sep-2018 22:26:53
Iterating ...
   23         24000             420             420       22
Starting Fitness Calculation 17-Sep-2018 22:26:55
Fitness Calculated 17-Sep-2018 22:27:21
Iterating ...
   24         25000             420             420       23
Starting Fitness Calculation 17-Sep-2018 22:27:23
Fitness Calculated 17-Sep-2018 22:27:51
Iterating ...
   25         26000             420             420       24
Starting Fitness Calculation 17-Sep-2018 22:27:52
Fitness Calculated 17-Sep-2018 22:28:20
Iterating ...
   26         27000             420             420       25
Starting Fitness Calculation 17-Sep-2018 22:28:22
Fitness Calculated 17-Sep-2018 22:28:49
Iterating ...
   27         28000             420             420       26
Starting Fitness Calculation 17-Sep-2018 22:28:51
Fitness Calculated 17-Sep-2018 22:29:18
Iterating ...
   28         29000             420             420       27
Starting Fitness Calculation 17-Sep-2018 22:29:20
Fitness Calculated 17-Sep-2018 22:29:48
Iterating ...
   29         30000             420             420       28
Starting Fitness Calculation 17-Sep-2018 22:29:50
Fitness Calculated 17-Sep-2018 22:30:17
Iterating ...
   30         31000             420             420       29

                               Best           Mean      Stall
Generation      f-count        f(x)           f(x)    Generations
Starting Fitness Calculation 17-Sep-2018 22:30:19
Fitness Calculated 17-Sep-2018 22:30:47
Iterating ...
   31         32000             420             420       30
Starting Fitness Calculation 17-Sep-2018 22:30:49
Fitness Calculated 17-Sep-2018 22:31:17
Iterating ...
   32         33000             420             420       31
Starting Fitness Calculation 17-Sep-2018 22:31:19
Fitness Calculated 17-Sep-2018 22:31:46
Iterating ...
   33         34000             420             420       32
Starting Fitness Calculation 17-Sep-2018 22:31:49
Fitness Calculated 17-Sep-2018 22:32:16
Iterating ...
   34         35000             420             420       33
Starting Fitness Calculation 17-Sep-2018 22:32:18
Fitness Calculated 17-Sep-2018 22:32:46
Iterating ...
   35         36000             420             420       34
Starting Fitness Calculation 17-Sep-2018 22:32:49
Fitness Calculated 17-Sep-2018 22:33:16
Iterating ...
   36         37000             420             420       35
Starting Fitness Calculation 17-Sep-2018 22:33:18
Fitness Calculated 17-Sep-2018 22:33:46
Iterating ...
   37         38000             420             420       36
Starting Fitness Calculation 17-Sep-2018 22:33:49
Fitness Calculated 17-Sep-2018 22:34:15
Iterating ...
   38         39000             420             420       37
Starting Fitness Calculation 17-Sep-2018 22:34:18
Fitness Calculated 17-Sep-2018 22:34:45
Iterating ...
   39         40000             420             420       38
Starting Fitness Calculation 17-Sep-2018 22:34:48
Fitness Calculated 17-Sep-2018 22:35:16
Iterating ...
   40         41000             420             420       39
Starting Fitness Calculation 17-Sep-2018 22:35:19
Fitness Calculated 17-Sep-2018 22:35:46
Iterating ...
   41         42000             420             420       40
Starting Fitness Calculation 17-Sep-2018 22:35:49
Fitness Calculated 17-Sep-2018 22:36:17
Iterating ...
   42         43000             420             420       41
Starting Fitness Calculation 17-Sep-2018 22:36:20
Fitness Calculated 17-Sep-2018 22:36:47
Iterating ...
   43         44000             420             420       42
Starting Fitness Calculation 17-Sep-2018 22:36:49
Fitness Calculated 17-Sep-2018 22:37:18
Iterating ...
   44         45000             420             420       43
Starting Fitness Calculation 17-Sep-2018 22:37:21
Fitness Calculated 17-Sep-2018 22:37:48
Iterating ...
   45         46000             420             420       44
Starting Fitness Calculation 17-Sep-2018 22:37:51
Fitness Calculated 17-Sep-2018 22:38:19
Iterating ...
   46         47000             420             420       45
Starting Fitness Calculation 17-Sep-2018 22:38:22
Fitness Calculated 17-Sep-2018 22:38:50
Iterating ...
   47         48000             420             420       46
Starting Fitness Calculation 17-Sep-2018 22:38:53
Fitness Calculated 17-Sep-2018 22:39:21
Iterating ...
   48         49000             420             420       47
Starting Fitness Calculation 17-Sep-2018 22:39:24
Fitness Calculated 17-Sep-2018 22:39:52
Iterating ...
   49         50000             420             420       48
Starting Fitness Calculation 17-Sep-2018 22:39:55
Fitness Calculated 17-Sep-2018 22:40:24
Iterating ...
   50         51000             420             420       49
Starting Fitness Calculation 17-Sep-2018 22:40:27
Fitness Calculated 17-Sep-2018 22:40:55
Iterating ...
   51         52000             420             420       50
Optimization terminated: average change in the fitness value less than options.TolFun.
Performing final task
Parallel pool using the 'ClusterPandora' profile is shutting down.
